<?xml version="1.0" encoding="UTF-8"?>
<!-- Generated by org.testng.reporters.JUnitXMLReporter -->
<testsuite ignored="1" hostname="DSK-4052" failures="0" tests="19" name="Broker Business purchase LOU accept flow" time="632.604" errors="0" timestamp="2023-08-18T15:17:32 IST">
  <testcase classname="com.amt.test.broker.Acquisition_Quotes_Broker_HPNR_Test" name="aquisition_quotes_user_flow_broker_HPNR_OTR_calculation_test" time="95.449"/>
  <testcase classname="com.amt.test.broker.Acquisition_Quotes_Broker_HPNR_Test" name="aquisition_quotes_user_flow_broker_HPNR_after_discount_calculations_test" time="4.71"/>
  <testcase classname="com.amt.test.broker.Acquisition_Quotes_Broker_HPNR_Test" name="aquisition_quotes_user_flow_broker_HPNR_vehicle_profit_check_test" time="11.499"/>
  <testcase classname="com.amt.test.broker.Acquisition_Quotes_Broker_HPNR_Test" name="aquisition_quotes_user_flow_broker_HPNR_balance_to_finance_check_test" time="33.184"/>
  <testcase classname="com.amt.test.broker.Acquisition_Quotes_Broker_HPNR_Test" name="aquisition_quotes_user_flow_broker_HPNR_quote_summary_values_verification_test" time="37.501"/>
  <testcase classname="com.amt.test.LOU.LOU_broker_business_purchase_accept_flow_Test" name="L1_broker_create_lead_business" time="87.396"/>
  <testcase classname="com.amt.test.LOU.LOU_broker_business_purchase_accept_flow_Test" name="L2_broker_business_current_status_before_sending_to_proposal" time="13.079"/>
  <testcase classname="com.amt.test.LOU.LOU_broker_business_purchase_accept_flow_Test" name="L3_verify_table_values_on_opportunity_page_before_sending_proposal" time="3.999"/>
  <testcase classname="com.amt.test.LOU.LOU_broker_business_purchase_accept_flow_Test" name="L4_adding_proposal_on_opportunity_page_broker_business_flow" time="52.1"/>
  <testcase classname="com.amt.test.LOU.LOU_broker_business_purchase_accept_flow_Test" name="L5_verify_current_status_on_opportunity_page_after_sending_to_proposal_for_broker_business_flow" time="0.176"/>
  <testcase classname="com.amt.test.LOU.LOU_broker_business_purchase_accept_flow_Test" name="L6_broker_create_opportunity_business_sending_to_contract" time="117.552"/>
  <testcase classname="com.amt.test.LOU.LOU_broker_business_purchase_accept_flow_Test" name="L7_verify_current_status_on_opportunity_page_after_sending_contract_for_broker_business_flow" time="4.282"/>
  <testcase classname="com.amt.test.LOU.LOU_broker_business_purchase_accept_flow_Test" name="L8_verify_signed_contract_status_with_api_call" time="23.909"/>
  <testcase classname="com.amt.test.LOU.LOU_broker_business_purchase_accept_flow_Test" name="L9_verify_status_after_contract_signed" time="8.127"/>
  <testcase classname="com.amt.test.LOU.LOU_broker_business_purchase_accept_flow_Test" name="UW1_verify_underwriting_flow_ownbook_with_status" time="22.794"/>
  <testcase classname="com.amt.test.LOU.LOU_broker_business_purchase_accept_flow_Test" name="UW2_verify_status_after_sending_to_underwriting" time="1.099"/>
  <testcase classname="com.amt.test.LOU.LOU_broker_business_purchase_accept_flow_Test" name="UW3_verify_underwriting_lisitig_page" time="13.133"/>
  <testcase classname="com.amt.test.LOU.LOU_broker_business_purchase_accept_flow_Test" name="UW4_verify_underwriting_proposal_page_flow" time="26.282"/>
  <testcase classname="com.amt.test.LOU.LOU_broker_business_purchase_accept_flow_Test" name="UW5_verify_underwriting_proposal_decision_with_accept" time="40.875"/>
  <testcase classname="com.amt.testBase.TestBase" name="@BeforeTest start_info" time="0.0">
    <ignored/>
  </testcase> <!-- @BeforeTest start_info -->
</testsuite> <!-- Broker Business purchase LOU accept flow -->
