<html>
<head>
<title>TestNG:  Broker Business purchase LOU accept flow</title>
<link href="../testng.css" rel="stylesheet" type="text/css" />
<link href="../my-testng.css" rel="stylesheet" type="text/css" />

<style type="text/css">
.log { display: none;} 
.stack-trace { display: none;} 
</style>
<script type="text/javascript">
<!--
function flip(e) {
  current = e.style.display;
  if (current == 'block') {
    e.style.display = 'none';
    return 0;
  }
  else {
    e.style.display = 'block';
    return 1;
  }
}

function toggleBox(szDivId, elem, msg1, msg2)
{
  var res = -1;  if (document.getElementById) {
    res = flip(document.getElementById(szDivId));
  }
  else if (document.all) {
    // this is the way old msie versions work
    res = flip(document.all[szDivId]);
  }
  if(elem) {
    if(res == 0) elem.innerHTML = msg1; else elem.innerHTML = msg2;
  }

}

function toggleAllBoxes() {
  if (document.getElementsByTagName) {
    d = document.getElementsByTagName('div');
    for (i = 0; i < d.length; i++) {
      if (d[i].className == 'log') {
        flip(d[i]);
      }
    }
  }
}

// -->
</script>

</head>
<body>
<h2 align='center'>Broker Business purchase LOU accept flow</h2><table border='1' align="center">
<tr>
<td>Tests passed/Failed/Skipped:</td><td>5/1/13</td>
</tr><tr>
<td>Started on:</td><td>Sun Mar 03 22:03:25 IST 2024</td>
</tr>
<tr><td>Total time:</td><td>268 seconds (268212 ms)</td>
</tr><tr>
<td>Included groups:</td><td></td>
</tr><tr>
<td>Excluded groups:</td><td></td>
</tr>
</table><p/>
<small><i>(Hover the method name to see the test class name)</i></small><p/>
<table width='100%' border='1' class='invocation-failed'>
<tr><td colspan='4' align='center'><b>FAILED TESTS</b></td></tr>
<tr><td><b>Test method</b></td>
<td width="30%"><b>Exception</b></td>
<td width="10%"><b>Time (seconds)</b></td>
<td><b>Instance</b></td>
</tr>
<tr>
<td title='com.amt.test.LOU.LOU_broker_business_purchase_accept_flow_Test.L1_broker_create_lead_business()'><b>L1_broker_create_lead_business</b><br>Test class: com.amt.test.LOU.LOU_broker_business_purchase_accept_flow_Test<br/>
<a href="#Output-15549711" onClick='toggleBox("Output-15549711", this, "Show output", "Hide output");'>Show output</a>

<a href="#Output-15549711" onClick="toggleAllBoxes();">Show all outputs</a>
<div class='log' id="Output-15549711">
<b>Clicked on Leads on Side Menu</b> <br /><br/>
<b>Clicked on add lead</b> <br /><br/>
<b>Lead is assigned</b> <br /><br/>
<b>Added data in General Notes</b> <br /><br/>
<b>Customer type - Business selected</b> <br /><br/>
<b>Clicked on Add new vehicle request</b> <br /><br/>
<b>Clicked on broker channel</b> <br /><br/>
<b>Vehicle request for broker has been saved</b> <br /><br/>
<b>Click on Map New Quote icon</b> <br /><br/>
<br>----------Screenshot---------<br><br/>
<img src="D:\LOU\AMT_LOU\target\surefire-reports\html\failure_screenshots\L1_broker_create_lead_business_03_03_2024_10_07_53.png" height="800" width="1000"><br/>
</div>
</td>
<td><div><pre>org.openqa.selenium.ElementClickInterceptedException: element click intercepted: Element &lt;span _ngcontent-byn-c14=&quot;&quot; class=&quot;ng-star-inserted&quot;&gt;...&lt;/span&gt; is not clickable at point (816, 652). Other element would receive the click: &lt;div _ngcontent-byn-c0=&quot;&quot; class=&quot;loader_div&quot;&gt;...&lt;/div&gt;
  (Session info: chrome=122.0.6261.95)
Build info: version: &apos;4.10.0&apos;, revision: &apos;c14d967899&apos;
System info: os.name: &apos;Windows 10&apos;, os.arch: &apos;amd64&apos;, os.version: &apos;10.0&apos;, java.version: &apos;19.0.1&apos;
Driver info: org.openqa.selenium.chrome.ChromeDriver
Command: [72375da945218e2c67f505d915265ab3, clickElement {id=E6554049DBDA7F6CF6BD0833FAD13E81_element_955}]
Capabilities {acceptInsecureCerts: false, browserName: chrome, browserVersion: 122.0.6261.95, chrome: {chromedriverVersion: 121.0.6167.85 (3f98d690ad7e..., userDataDir: C:\Users\NITEIN~1.KUR\AppDa...}, fedcm:accounts: true, goog:chromeOptions: {debuggerAddress: localhost:52994}, javascriptEnabled: true, networkConnectionEnabled: false, pageLoadStrategy: normal, platform: windows, platformName: windows, proxy: Proxy(), se:cdp: ws://localhost:52994/devtoo..., se:cdpVersion: 122.0.6261.95, setWindowRect: true, strictFileInteractability: false, timeouts: {implicit: 0, pageLoad: 300000, script: 30000}, unhandledPromptBehavior: dismiss and notify, webauthn:extension:credBlob: true, webauthn:extension:largeBlob: true, webauthn:extension:minPinLength: true, webauthn:extension:prf: true, webauthn:virtualAuthenticators: true}
Element: [[ChromeDriver: chrome on windows (72375da945218e2c67f505d915265ab3)] -&gt; xpath: //*[@placeholder=&apos;Select Acquisition contract&apos;]//span//span[1]]
Session ID: 72375da945218e2c67f505d915265ab3
	at org.openqa.selenium.remote.codec.w3c.W3CHttpResponseCodec.createException(W3CHttpResponseCodec.java:200)
	at org.openqa.selenium.remote.codec.w3c.W3CHttpResponseCodec.decode(W3CHttpResponseCodec.java:133)
	at org.openqa.selenium.remote.codec.w3c.W3CHttpResponseCodec.decode(W3CHttpResponseCodec.java:53)
	at org.openqa.selenium.remote.HttpCommandExecutor.execute(HttpCommandExecutor.java:184)
	at org.openqa.selenium.remote.service.DriverCommandExecutor.invokeExecute(DriverCommandExecutor.java:164)
	at org.openqa.selenium.remote.service.DriverCommandExecutor.execute(DriverCommandExecutor.java:139)
	at org.openqa.selenium.remote.RemoteWebDriver.execute(RemoteWebDriver.java:559)
	at org.openqa.selenium.remote.RemoteWebElement.execute(RemoteWebElement.java:251)
	at org.openqa.selenium.remote.RemoteWebElement.click(RemoteWebElement.java:77)
	at org.openqa.selenium.support.pagefactory.internal.LocatingElementHandler.invoke(LocatingElementHandler.java:52)
	at jdk.proxy2/jdk.proxy2.$Proxy18.click(Unknown Source)
	at com.amt.testUtil.Click.on(Click.java:18)
	at com.amt.pages.Leads.lead_map_new_quote(Leads.java:1064)
	at com.amt.test.LOU.LOU_broker_business_purchase_accept_flow_Test.L1_broker_create_lead_business(LOU_broker_business_purchase_accept_flow_Test.java:41)
	at java.base/java.util.ArrayList.forEach(ArrayList.java:1511)
... Removed 30 stack frames</pre></div><a href='#' onClick='toggleBox("stack-trace15549711", this, "Click to show all stack frames", "Click to hide stack frames")'>Click to show all stack frames</a>
<div class='stack-trace' id='stack-trace15549711'><pre>org.openqa.selenium.ElementClickInterceptedException: element click intercepted: Element &lt;span _ngcontent-byn-c14=&quot;&quot; class=&quot;ng-star-inserted&quot;&gt;...&lt;/span&gt; is not clickable at point (816, 652). Other element would receive the click: &lt;div _ngcontent-byn-c0=&quot;&quot; class=&quot;loader_div&quot;&gt;...&lt;/div&gt;
  (Session info: chrome=122.0.6261.95)
Build info: version: &apos;4.10.0&apos;, revision: &apos;c14d967899&apos;
System info: os.name: &apos;Windows 10&apos;, os.arch: &apos;amd64&apos;, os.version: &apos;10.0&apos;, java.version: &apos;19.0.1&apos;
Driver info: org.openqa.selenium.chrome.ChromeDriver
Command: [72375da945218e2c67f505d915265ab3, clickElement {id=E6554049DBDA7F6CF6BD0833FAD13E81_element_955}]
Capabilities {acceptInsecureCerts: false, browserName: chrome, browserVersion: 122.0.6261.95, chrome: {chromedriverVersion: 121.0.6167.85 (3f98d690ad7e..., userDataDir: C:\Users\NITEIN~1.KUR\AppDa...}, fedcm:accounts: true, goog:chromeOptions: {debuggerAddress: localhost:52994}, javascriptEnabled: true, networkConnectionEnabled: false, pageLoadStrategy: normal, platform: windows, platformName: windows, proxy: Proxy(), se:cdp: ws://localhost:52994/devtoo..., se:cdpVersion: 122.0.6261.95, setWindowRect: true, strictFileInteractability: false, timeouts: {implicit: 0, pageLoad: 300000, script: 30000}, unhandledPromptBehavior: dismiss and notify, webauthn:extension:credBlob: true, webauthn:extension:largeBlob: true, webauthn:extension:minPinLength: true, webauthn:extension:prf: true, webauthn:virtualAuthenticators: true}
Element: [[ChromeDriver: chrome on windows (72375da945218e2c67f505d915265ab3)] -&gt; xpath: //*[@placeholder=&apos;Select Acquisition contract&apos;]//span//span[1]]
Session ID: 72375da945218e2c67f505d915265ab3
	at java.base/jdk.internal.reflect.DirectConstructorHandleAccessor.newInstance(DirectConstructorHandleAccessor.java:67)
	at java.base/java.lang.reflect.Constructor.newInstanceWithCaller(Constructor.java:500)
	at java.base/java.lang.reflect.Constructor.newInstance(Constructor.java:484)
	at org.openqa.selenium.remote.codec.w3c.W3CHttpResponseCodec.createException(W3CHttpResponseCodec.java:200)
	at org.openqa.selenium.remote.codec.w3c.W3CHttpResponseCodec.decode(W3CHttpResponseCodec.java:133)
	at org.openqa.selenium.remote.codec.w3c.W3CHttpResponseCodec.decode(W3CHttpResponseCodec.java:53)
	at org.openqa.selenium.remote.HttpCommandExecutor.execute(HttpCommandExecutor.java:184)
	at org.openqa.selenium.remote.service.DriverCommandExecutor.invokeExecute(DriverCommandExecutor.java:164)
	at org.openqa.selenium.remote.service.DriverCommandExecutor.execute(DriverCommandExecutor.java:139)
	at org.openqa.selenium.remote.RemoteWebDriver.execute(RemoteWebDriver.java:559)
	at org.openqa.selenium.remote.RemoteWebElement.execute(RemoteWebElement.java:251)
	at org.openqa.selenium.remote.RemoteWebElement.click(RemoteWebElement.java:77)
	at java.base/jdk.internal.reflect.DirectMethodHandleAccessor.invoke(DirectMethodHandleAccessor.java:104)
	at java.base/java.lang.reflect.Method.invoke(Method.java:578)
	at org.openqa.selenium.support.pagefactory.internal.LocatingElementHandler.invoke(LocatingElementHandler.java:52)
	at jdk.proxy2/jdk.proxy2.$Proxy18.click(Unknown Source)
	at com.amt.testUtil.Click.on(Click.java:18)
	at com.amt.pages.Leads.lead_map_new_quote(Leads.java:1064)
	at com.amt.test.LOU.LOU_broker_business_purchase_accept_flow_Test.L1_broker_create_lead_business(LOU_broker_business_purchase_accept_flow_Test.java:41)
	at java.base/jdk.internal.reflect.DirectMethodHandleAccessor.invoke(DirectMethodHandleAccessor.java:104)
	at java.base/java.lang.reflect.Method.invoke(Method.java:578)
	at org.testng.internal.MethodInvocationHelper.invokeMethod(MethodInvocationHelper.java:133)
	at org.testng.internal.TestInvoker.invokeMethod(TestInvoker.java:598)
	at org.testng.internal.TestInvoker.invokeTestMethod(TestInvoker.java:173)
	at org.testng.internal.MethodRunner.runInSequence(MethodRunner.java:46)
	at org.testng.internal.TestInvoker$MethodInvocationAgent.invoke(TestInvoker.java:824)
	at org.testng.internal.TestInvoker.invokeTestMethods(TestInvoker.java:146)
	at org.testng.internal.TestMethodWorker.invokeTestMethods(TestMethodWorker.java:146)
	at org.testng.internal.TestMethodWorker.run(TestMethodWorker.java:128)
	at java.base/java.util.ArrayList.forEach(ArrayList.java:1511)
	at org.testng.TestRunner.privateRun(TestRunner.java:794)
	at org.testng.TestRunner.run(TestRunner.java:596)
	at org.testng.SuiteRunner.runTest(SuiteRunner.java:377)
	at org.testng.SuiteRunner.runSequentially(SuiteRunner.java:371)
	at org.testng.SuiteRunner.privateRun(SuiteRunner.java:332)
	at org.testng.SuiteRunner.run(SuiteRunner.java:276)
	at org.testng.SuiteRunnerWorker.runSuite(SuiteRunnerWorker.java:53)
	at org.testng.SuiteRunnerWorker.run(SuiteRunnerWorker.java:96)
	at org.testng.TestNG.runSuitesSequentially(TestNG.java:1212)
	at org.testng.TestNG.runSuitesLocally(TestNG.java:1134)
	at org.testng.TestNG.runSuites(TestNG.java:1063)
	at org.testng.TestNG.run(TestNG.java:1031)
	at org.testng.remote.AbstractRemoteTestNG.run(AbstractRemoteTestNG.java:115)
	at org.testng.remote.RemoteTestNG.initAndRun(RemoteTestNG.java:251)
	at org.testng.remote.RemoteTestNG.main(RemoteTestNG.java:77)
</pre></div></td>
<td>51</td>
<td>com.amt.test.LOU.LOU_broker_business_purchase_accept_flow_Test@d86a6f</td></tr>
</table><p>
<table width='100%' border='1' class='invocation-passed'>
<tr><td colspan='4' align='center'><b>PASSED TESTS</b></td></tr>
<tr><td><b>Test method</b></td>
<td width="30%"><b>Exception</b></td>
<td width="10%"><b>Time (seconds)</b></td>
<td><b>Instance</b></td>
</tr>
<tr>
<td title='com.amt.test.broker.Acquisition_Quotes_Broker_HPNR_Test.aquisition_quotes_user_flow_broker_HPNR_after_discount_calculations_test()'><b>aquisition_quotes_user_flow_broker_HPNR_after_discount_calculations_test</b><br>Test class: com.amt.test.broker.Acquisition_Quotes_Broker_HPNR_Test<br>Parameters: AUDI, A7, 1200, 20, REF001, 05/12/24, 12, 5000, 3000, 900, 20, , 2000, 1000, 100, Yes, 1, 5, 1000, 600, 200, Formula1-BCH<br/>
<a href="#Output-1282329502" onClick='toggleBox("Output-1282329502", this, "Show output", "Hide output");'>Show output</a>

<a href="#Output-1282329502" onClick="toggleAllBoxes();">Show all outputs</a>
<div class='log' id="Output-1282329502">
<b>*********Calculations for On Road Price has been started***********</b> <br /><br/>
<b>Started getting On screen values from after discount table </b> <br /><br/>
<b>Manufacture_delivery_charges =550.0</b> <br /><br/>
<b>Road_tax_first_year =585.0</b> <br /><br/>
<b>First_registration_fee =65.0</b> <br /><br/>
<b>Rebate =0.0</b> <br /><br/>
<b>Writing After discount values to excel has been started</b> <br /><br/>
<b>Writing After discount values to excel has been completed</b> <br /><br/>
<b>Reading On Road Price for invoice from excel has been Started</b> <br /><br/>
<b>Reading On Road Price for invoice from excel has been completed</b> <br /><br/>
<b>Expected on the road price from excel is =58535.0</b> <br /><br/>
<b>Actual on the road price from screen is =58535.00</b> <br /><br/>
</div>
</td>
<td></td>
<td>4</td>
<td>com.amt.test.broker.Acquisition_Quotes_Broker_HPNR_Test@368247b9</td></tr>
<tr>
<td title='com.amt.test.broker.Acquisition_Quotes_Broker_HPNR_Test.aquisition_quotes_user_flow_broker_HPNR_balance_to_finance_check_test()'><b>aquisition_quotes_user_flow_broker_HPNR_balance_to_finance_check_test</b><br>Test class: com.amt.test.broker.Acquisition_Quotes_Broker_HPNR_Test<br>Parameters: AUDI, A7, 1200, 20, REF001, 05/12/24, 12, 5000, 3000, 900, 20, , 2000, 1000, 100, Yes, 1, 5, 1000, 600, 200, Formula1-BCH<br/>
<a href="#Output-548968858" onClick='toggleBox("Output-548968858", this, "Show output", "Hide output");'>Show output</a>

<a href="#Output-548968858" onClick="toggleAllBoxes();">Show all outputs</a>
<div class='log' id="Output-548968858">
<b></b> <br /><br/>
<b>Adding Funder Quote Values to Screen</b> <br /><br/>
<b>Funder Quote Added Successfully</b> <br /><br/>
<b></b> <br /><br/>
<b>Entering Part Exchange Values to screen</b> <br /><br/>
<b></b> <br /><br/>
<b>Started verifying Balance To Finance Value</b> <br /><br/>
<b>Clicked on Part Exchange panel</b> <br /><br/>
<b></b> <br /><br/>
<b>Started verifying Balance To Finance</b> <br /><br/>
<b>Balance To Finance Expected is =58675.0</b> <br /><br/>
<b>Balance To Finance Actual From Screen is =58675.0</b> <br /><br/>
<b>Balance to finance value from customer quote summary - verified</b> <br /><br/>
</div>
</td>
<td></td>
<td>34</td>
<td>com.amt.test.broker.Acquisition_Quotes_Broker_HPNR_Test@368247b9</td></tr>
<tr>
<td title='com.amt.test.broker.Acquisition_Quotes_Broker_HPNR_Test.aquisition_quotes_user_flow_broker_HPNR_OTR_calculation_test()'><b>aquisition_quotes_user_flow_broker_HPNR_OTR_calculation_test</b><br>Test class: com.amt.test.broker.Acquisition_Quotes_Broker_HPNR_Test<br>Parameters: AUDI, A7, 1200, 20, REF001, 05/12/24, 12, 5000, 3000, 900, 20, , 2000, 1000, 100, Yes, 1, 5, 1000, 600, 200, Formula1-BCH<br/>
<a href="#Output-355920448" onClick='toggleBox("Output-355920448", this, "Show output", "Hide output");'>Show output</a>

<a href="#Output-355920448" onClick="toggleAllBoxes();">Show all outputs</a>
<div class='log' id="Output-355920448">
<b>Clicked on Quote button </b> <br /><br/>
<b>Manufacture =AUDI has been selected</b> <br /><br/>
<b>Model range =A7 has been selected</b> <br /><br/>
<b>Vehicle has been selected</b> <br /><br/>
<b>Paint option has been selected</b> <br /><br/>
<b>Interior option has been selected</b> <br /><br/>
<b>Acquisition Contract type option selected = Broker </b> <br /><br/>
<b>Customer Contract type option selected =  Hire Purchase Non Regulated(HPNR)</b> <br /><br/>
<b>Getting Basic Price- Vehicle value is  =46854.17</b> <br /><br/>
<b>Getting Basic Price - Paint  value is  =0.00</b> <br /><br/>
<b>Getting  Basic Price - Options value is   =833.33</b> <br /><br/>
<b>Getting Discount- Vehicle value is  =0.00</b> <br /><br/>
<b>Getting   Discount - Paint value is   =0.00</b> <br /><br/>
<b>Getting  Discount- Options value is   =0.00</b> <br /><br/>
<b>Getting Additional Discount- Vehicle value is  =0.00</b> <br /><br/>
<b>Getting  Additional Discount - paint value is  =0.00</b> <br /><br/>
<b>Getting  Additional Discount - Options value is  =0.00</b> <br /><br/>
<b>Writing OTR table values to excel sheet -Started </b> <br /><br/>
<b>Writing OTR table values to excel sheet -Completed </b> <br /><br/>
<b>Reading Subtotal After Discount from excel sheet -Started </b> <br /><br/>
<b>Reading Subtotal After Discount from excel sheet -Started </b> <br /><br/>
<b>Subtotal After Discount from excel sheet is =47687.5</b> <br /><br/>
<b>Subtotal after discount actual value from screen =Â£ 47,687.50</b> <br /><br/>
</div>
</td>
<td></td>
<td>93</td>
<td>com.amt.test.broker.Acquisition_Quotes_Broker_HPNR_Test@368247b9</td></tr>
<tr>
<td title='com.amt.test.broker.Acquisition_Quotes_Broker_HPNR_Test.aquisition_quotes_user_flow_broker_HPNR_quote_summary_values_verification_test()'><b>aquisition_quotes_user_flow_broker_HPNR_quote_summary_values_verification_test</b><br>Test class: com.amt.test.broker.Acquisition_Quotes_Broker_HPNR_Test<br>Parameters: AUDI, A7, 1200, 20, REF001, 05/12/24, 12, 5000, 3000, 900, 20, , 2000, 1000, 100, Yes, 1, 5, 1000, 600, 200, Formula1-BCH<br/>
<a href="#Output-1587495575" onClick='toggleBox("Output-1587495575", this, "Show output", "Hide output");'>Show output</a>

<a href="#Output-1587495575" onClick="toggleAllBoxes();">Show all outputs</a>
<div class='log' id="Output-1587495575">
<b>*************Calculations for Quote Summary page gas been started************</b> <br /><br/>
<b>Quote Summary Data collected and sent to Quote save Excel</b> <br /><br/>
</div>
</td>
<td></td>
<td>13</td>
<td>com.amt.test.broker.Acquisition_Quotes_Broker_HPNR_Test@368247b9</td></tr>
<tr>
<td title='com.amt.test.broker.Acquisition_Quotes_Broker_HPNR_Test.aquisition_quotes_user_flow_broker_HPNR_vehicle_profit_check_test()'><b>aquisition_quotes_user_flow_broker_HPNR_vehicle_profit_check_test</b><br>Test class: com.amt.test.broker.Acquisition_Quotes_Broker_HPNR_Test<br>Parameters: AUDI, A7, 1200, 20, REF001, 05/12/24, 12, 5000, 3000, 900, 20, , 2000, 1000, 100, Yes, 1, 5, 1000, 600, 200, Formula1-BCH<br/>
<a href="#Output-1674260305" onClick='toggleBox("Output-1674260305", this, "Show output", "Hide output");'>Show output</a>

<a href="#Output-1674260305" onClick="toggleAllBoxes();">Show all outputs</a>
<div class='log' id="Output-1674260305">
<b>Vehicle profit from test data 1200.0 added to otr cost price 58535.0</b> <br /><br/>
<b>After adding profit to cost price 58535.0 sales price is shown as (considering VAT%) 59975.0</b> <br /><br/>
<b>Vehicle profit verified</b> <br /><br/>
</div>
</td>
<td></td>
<td>8</td>
<td>com.amt.test.broker.Acquisition_Quotes_Broker_HPNR_Test@368247b9</td></tr>
</table><p>
<table width='100%' border='1' class='invocation-skipped'>
<tr><td colspan='4' align='center'><b>SKIPPED TESTS</b></td></tr>
<tr><td><b>Test method</b></td>
<td width="30%"><b>Exception</b></td>
<td width="10%"><b>Time (seconds)</b></td>
<td><b>Instance</b></td>
</tr>
<tr>
<td title='com.amt.test.LOU.LOU_broker_business_purchase_accept_flow_Test.L3_verify_table_values_on_opportunity_page_before_sending_proposal()'><b>L3_verify_table_values_on_opportunity_page_before_sending_proposal</b><br>Test class: com.amt.test.LOU.LOU_broker_business_purchase_accept_flow_Test</td>
<td><div><pre>java.lang.Throwable: Method LOU_broker_business_purchase_accept_flow_Test.L3_verify_table_values_on_opportunity_page_before_sending_proposal()[pri:3, instance:com.amt.test.LOU.LOU_broker_business_purchase_accept_flow_Test@d86a6f] depends on not successfully finished methods
	at java.base/java.util.ArrayList.forEach(ArrayList.java:1511)
... Removed 18 stack frames</pre></div><a href='#' onClick='toggleBox("stack-trace34906679", this, "Click to show all stack frames", "Click to hide stack frames")'>Click to show all stack frames</a>
<div class='stack-trace' id='stack-trace34906679'><pre>java.lang.Throwable: Method LOU_broker_business_purchase_accept_flow_Test.L3_verify_table_values_on_opportunity_page_before_sending_proposal()[pri:3, instance:com.amt.test.LOU.LOU_broker_business_purchase_accept_flow_Test@d86a6f] depends on not successfully finished methods
	at org.testng.internal.TestInvoker.invokeTestMethods(TestInvoker.java:102)
	at org.testng.internal.TestMethodWorker.invokeTestMethods(TestMethodWorker.java:146)
	at org.testng.internal.TestMethodWorker.run(TestMethodWorker.java:128)
	at java.base/java.util.ArrayList.forEach(ArrayList.java:1511)
	at org.testng.TestRunner.privateRun(TestRunner.java:794)
	at org.testng.TestRunner.run(TestRunner.java:596)
	at org.testng.SuiteRunner.runTest(SuiteRunner.java:377)
	at org.testng.SuiteRunner.runSequentially(SuiteRunner.java:371)
	at org.testng.SuiteRunner.privateRun(SuiteRunner.java:332)
	at org.testng.SuiteRunner.run(SuiteRunner.java:276)
	at org.testng.SuiteRunnerWorker.runSuite(SuiteRunnerWorker.java:53)
	at org.testng.SuiteRunnerWorker.run(SuiteRunnerWorker.java:96)
	at org.testng.TestNG.runSuitesSequentially(TestNG.java:1212)
	at org.testng.TestNG.runSuitesLocally(TestNG.java:1134)
	at org.testng.TestNG.runSuites(TestNG.java:1063)
	at org.testng.TestNG.run(TestNG.java:1031)
	at org.testng.remote.AbstractRemoteTestNG.run(AbstractRemoteTestNG.java:115)
	at org.testng.remote.RemoteTestNG.initAndRun(RemoteTestNG.java:251)
	at org.testng.remote.RemoteTestNG.main(RemoteTestNG.java:77)
</pre></div></td>
<td>0</td>
<td>com.amt.test.LOU.LOU_broker_business_purchase_accept_flow_Test@d86a6f</td></tr>
<tr>
<td title='com.amt.test.LOU.LOU_broker_business_purchase_accept_flow_Test.L8_verify_signed_contract_status_with_api_call()'><b>L8_verify_signed_contract_status_with_api_call</b><br>Test class: com.amt.test.LOU.LOU_broker_business_purchase_accept_flow_Test</td>
<td><div><pre>java.lang.Throwable: Method LOU_broker_business_purchase_accept_flow_Test.L8_verify_signed_contract_status_with_api_call()[pri:8, instance:com.amt.test.LOU.LOU_broker_business_purchase_accept_flow_Test@d86a6f] depends on not successfully finished methods
	at java.base/java.util.ArrayList.forEach(ArrayList.java:1511)
... Removed 18 stack frames</pre></div><a href='#' onClick='toggleBox("stack-trace744191647", this, "Click to show all stack frames", "Click to hide stack frames")'>Click to show all stack frames</a>
<div class='stack-trace' id='stack-trace744191647'><pre>java.lang.Throwable: Method LOU_broker_business_purchase_accept_flow_Test.L8_verify_signed_contract_status_with_api_call()[pri:8, instance:com.amt.test.LOU.LOU_broker_business_purchase_accept_flow_Test@d86a6f] depends on not successfully finished methods
	at org.testng.internal.TestInvoker.invokeTestMethods(TestInvoker.java:102)
	at org.testng.internal.TestMethodWorker.invokeTestMethods(TestMethodWorker.java:146)
	at org.testng.internal.TestMethodWorker.run(TestMethodWorker.java:128)
	at java.base/java.util.ArrayList.forEach(ArrayList.java:1511)
	at org.testng.TestRunner.privateRun(TestRunner.java:794)
	at org.testng.TestRunner.run(TestRunner.java:596)
	at org.testng.SuiteRunner.runTest(SuiteRunner.java:377)
	at org.testng.SuiteRunner.runSequentially(SuiteRunner.java:371)
	at org.testng.SuiteRunner.privateRun(SuiteRunner.java:332)
	at org.testng.SuiteRunner.run(SuiteRunner.java:276)
	at org.testng.SuiteRunnerWorker.runSuite(SuiteRunnerWorker.java:53)
	at org.testng.SuiteRunnerWorker.run(SuiteRunnerWorker.java:96)
	at org.testng.TestNG.runSuitesSequentially(TestNG.java:1212)
	at org.testng.TestNG.runSuitesLocally(TestNG.java:1134)
	at org.testng.TestNG.runSuites(TestNG.java:1063)
	at org.testng.TestNG.run(TestNG.java:1031)
	at org.testng.remote.AbstractRemoteTestNG.run(AbstractRemoteTestNG.java:115)
	at org.testng.remote.RemoteTestNG.initAndRun(RemoteTestNG.java:251)
	at org.testng.remote.RemoteTestNG.main(RemoteTestNG.java:77)
</pre></div></td>
<td>0</td>
<td>com.amt.test.LOU.LOU_broker_business_purchase_accept_flow_Test@d86a6f</td></tr>
<tr>
<td title='com.amt.test.LOU.LOU_broker_business_purchase_accept_flow_Test.UW4_verify_underwriting_proposal_page_flow()'><b>UW4_verify_underwriting_proposal_page_flow</b><br>Test class: com.amt.test.LOU.LOU_broker_business_purchase_accept_flow_Test</td>
<td><div><pre>java.lang.Throwable: Method LOU_broker_business_purchase_accept_flow_Test.UW4_verify_underwriting_proposal_page_flow()[pri:13, instance:com.amt.test.LOU.LOU_broker_business_purchase_accept_flow_Test@d86a6f] depends on not successfully finished methods
	at java.base/java.util.ArrayList.forEach(ArrayList.java:1511)
... Removed 18 stack frames</pre></div><a href='#' onClick='toggleBox("stack-trace494159772", this, "Click to show all stack frames", "Click to hide stack frames")'>Click to show all stack frames</a>
<div class='stack-trace' id='stack-trace494159772'><pre>java.lang.Throwable: Method LOU_broker_business_purchase_accept_flow_Test.UW4_verify_underwriting_proposal_page_flow()[pri:13, instance:com.amt.test.LOU.LOU_broker_business_purchase_accept_flow_Test@d86a6f] depends on not successfully finished methods
	at org.testng.internal.TestInvoker.invokeTestMethods(TestInvoker.java:102)
	at org.testng.internal.TestMethodWorker.invokeTestMethods(TestMethodWorker.java:146)
	at org.testng.internal.TestMethodWorker.run(TestMethodWorker.java:128)
	at java.base/java.util.ArrayList.forEach(ArrayList.java:1511)
	at org.testng.TestRunner.privateRun(TestRunner.java:794)
	at org.testng.TestRunner.run(TestRunner.java:596)
	at org.testng.SuiteRunner.runTest(SuiteRunner.java:377)
	at org.testng.SuiteRunner.runSequentially(SuiteRunner.java:371)
	at org.testng.SuiteRunner.privateRun(SuiteRunner.java:332)
	at org.testng.SuiteRunner.run(SuiteRunner.java:276)
	at org.testng.SuiteRunnerWorker.runSuite(SuiteRunnerWorker.java:53)
	at org.testng.SuiteRunnerWorker.run(SuiteRunnerWorker.java:96)
	at org.testng.TestNG.runSuitesSequentially(TestNG.java:1212)
	at org.testng.TestNG.runSuitesLocally(TestNG.java:1134)
	at org.testng.TestNG.runSuites(TestNG.java:1063)
	at org.testng.TestNG.run(TestNG.java:1031)
	at org.testng.remote.AbstractRemoteTestNG.run(AbstractRemoteTestNG.java:115)
	at org.testng.remote.RemoteTestNG.initAndRun(RemoteTestNG.java:251)
	at org.testng.remote.RemoteTestNG.main(RemoteTestNG.java:77)
</pre></div></td>
<td>0</td>
<td>com.amt.test.LOU.LOU_broker_business_purchase_accept_flow_Test@d86a6f</td></tr>
<tr>
<td title='com.amt.test.LOU.LOU_broker_business_purchase_accept_flow_Test.UW3_verify_underwriting_lisitig_page()'><b>UW3_verify_underwriting_lisitig_page</b><br>Test class: com.amt.test.LOU.LOU_broker_business_purchase_accept_flow_Test</td>
<td><div><pre>java.lang.Throwable: Method LOU_broker_business_purchase_accept_flow_Test.UW3_verify_underwriting_lisitig_page()[pri:12, instance:com.amt.test.LOU.LOU_broker_business_purchase_accept_flow_Test@d86a6f] depends on not successfully finished methods
	at java.base/java.util.ArrayList.forEach(ArrayList.java:1511)
... Removed 18 stack frames</pre></div><a href='#' onClick='toggleBox("stack-trace2005917252", this, "Click to show all stack frames", "Click to hide stack frames")'>Click to show all stack frames</a>
<div class='stack-trace' id='stack-trace2005917252'><pre>java.lang.Throwable: Method LOU_broker_business_purchase_accept_flow_Test.UW3_verify_underwriting_lisitig_page()[pri:12, instance:com.amt.test.LOU.LOU_broker_business_purchase_accept_flow_Test@d86a6f] depends on not successfully finished methods
	at org.testng.internal.TestInvoker.invokeTestMethods(TestInvoker.java:102)
	at org.testng.internal.TestMethodWorker.invokeTestMethods(TestMethodWorker.java:146)
	at org.testng.internal.TestMethodWorker.run(TestMethodWorker.java:128)
	at java.base/java.util.ArrayList.forEach(ArrayList.java:1511)
	at org.testng.TestRunner.privateRun(TestRunner.java:794)
	at org.testng.TestRunner.run(TestRunner.java:596)
	at org.testng.SuiteRunner.runTest(SuiteRunner.java:377)
	at org.testng.SuiteRunner.runSequentially(SuiteRunner.java:371)
	at org.testng.SuiteRunner.privateRun(SuiteRunner.java:332)
	at org.testng.SuiteRunner.run(SuiteRunner.java:276)
	at org.testng.SuiteRunnerWorker.runSuite(SuiteRunnerWorker.java:53)
	at org.testng.SuiteRunnerWorker.run(SuiteRunnerWorker.java:96)
	at org.testng.TestNG.runSuitesSequentially(TestNG.java:1212)
	at org.testng.TestNG.runSuitesLocally(TestNG.java:1134)
	at org.testng.TestNG.runSuites(TestNG.java:1063)
	at org.testng.TestNG.run(TestNG.java:1031)
	at org.testng.remote.AbstractRemoteTestNG.run(AbstractRemoteTestNG.java:115)
	at org.testng.remote.RemoteTestNG.initAndRun(RemoteTestNG.java:251)
	at org.testng.remote.RemoteTestNG.main(RemoteTestNG.java:77)
</pre></div></td>
<td>0</td>
<td>com.amt.test.LOU.LOU_broker_business_purchase_accept_flow_Test@d86a6f</td></tr>
<tr>
<td title='com.amt.test.LOU.LOU_broker_business_purchase_accept_flow_Test.UW2_verify_status_after_sending_to_underwriting()'><b>UW2_verify_status_after_sending_to_underwriting</b><br>Test class: com.amt.test.LOU.LOU_broker_business_purchase_accept_flow_Test</td>
<td><div><pre>java.lang.Throwable: Method LOU_broker_business_purchase_accept_flow_Test.UW2_verify_status_after_sending_to_underwriting()[pri:11, instance:com.amt.test.LOU.LOU_broker_business_purchase_accept_flow_Test@d86a6f] depends on not successfully finished methods
	at java.base/java.util.ArrayList.forEach(ArrayList.java:1511)
... Removed 18 stack frames</pre></div><a href='#' onClick='toggleBox("stack-trace1134815948", this, "Click to show all stack frames", "Click to hide stack frames")'>Click to show all stack frames</a>
<div class='stack-trace' id='stack-trace1134815948'><pre>java.lang.Throwable: Method LOU_broker_business_purchase_accept_flow_Test.UW2_verify_status_after_sending_to_underwriting()[pri:11, instance:com.amt.test.LOU.LOU_broker_business_purchase_accept_flow_Test@d86a6f] depends on not successfully finished methods
	at org.testng.internal.TestInvoker.invokeTestMethods(TestInvoker.java:102)
	at org.testng.internal.TestMethodWorker.invokeTestMethods(TestMethodWorker.java:146)
	at org.testng.internal.TestMethodWorker.run(TestMethodWorker.java:128)
	at java.base/java.util.ArrayList.forEach(ArrayList.java:1511)
	at org.testng.TestRunner.privateRun(TestRunner.java:794)
	at org.testng.TestRunner.run(TestRunner.java:596)
	at org.testng.SuiteRunner.runTest(SuiteRunner.java:377)
	at org.testng.SuiteRunner.runSequentially(SuiteRunner.java:371)
	at org.testng.SuiteRunner.privateRun(SuiteRunner.java:332)
	at org.testng.SuiteRunner.run(SuiteRunner.java:276)
	at org.testng.SuiteRunnerWorker.runSuite(SuiteRunnerWorker.java:53)
	at org.testng.SuiteRunnerWorker.run(SuiteRunnerWorker.java:96)
	at org.testng.TestNG.runSuitesSequentially(TestNG.java:1212)
	at org.testng.TestNG.runSuitesLocally(TestNG.java:1134)
	at org.testng.TestNG.runSuites(TestNG.java:1063)
	at org.testng.TestNG.run(TestNG.java:1031)
	at org.testng.remote.AbstractRemoteTestNG.run(AbstractRemoteTestNG.java:115)
	at org.testng.remote.RemoteTestNG.initAndRun(RemoteTestNG.java:251)
	at org.testng.remote.RemoteTestNG.main(RemoteTestNG.java:77)
</pre></div></td>
<td>0</td>
<td>com.amt.test.LOU.LOU_broker_business_purchase_accept_flow_Test@d86a6f</td></tr>
<tr>
<td title='com.amt.test.LOU.LOU_broker_business_purchase_accept_flow_Test.L6_broker_create_opportunity_business_sending_to_contract()'><b>L6_broker_create_opportunity_business_sending_to_contract</b><br>Test class: com.amt.test.LOU.LOU_broker_business_purchase_accept_flow_Test</td>
<td><div><pre>java.lang.Throwable: Method LOU_broker_business_purchase_accept_flow_Test.L6_broker_create_opportunity_business_sending_to_contract()[pri:6, instance:com.amt.test.LOU.LOU_broker_business_purchase_accept_flow_Test@d86a6f] depends on not successfully finished methods
	at java.base/java.util.ArrayList.forEach(ArrayList.java:1511)
... Removed 18 stack frames</pre></div><a href='#' onClick='toggleBox("stack-trace1181055701", this, "Click to show all stack frames", "Click to hide stack frames")'>Click to show all stack frames</a>
<div class='stack-trace' id='stack-trace1181055701'><pre>java.lang.Throwable: Method LOU_broker_business_purchase_accept_flow_Test.L6_broker_create_opportunity_business_sending_to_contract()[pri:6, instance:com.amt.test.LOU.LOU_broker_business_purchase_accept_flow_Test@d86a6f] depends on not successfully finished methods
	at org.testng.internal.TestInvoker.invokeTestMethods(TestInvoker.java:102)
	at org.testng.internal.TestMethodWorker.invokeTestMethods(TestMethodWorker.java:146)
	at org.testng.internal.TestMethodWorker.run(TestMethodWorker.java:128)
	at java.base/java.util.ArrayList.forEach(ArrayList.java:1511)
	at org.testng.TestRunner.privateRun(TestRunner.java:794)
	at org.testng.TestRunner.run(TestRunner.java:596)
	at org.testng.SuiteRunner.runTest(SuiteRunner.java:377)
	at org.testng.SuiteRunner.runSequentially(SuiteRunner.java:371)
	at org.testng.SuiteRunner.privateRun(SuiteRunner.java:332)
	at org.testng.SuiteRunner.run(SuiteRunner.java:276)
	at org.testng.SuiteRunnerWorker.runSuite(SuiteRunnerWorker.java:53)
	at org.testng.SuiteRunnerWorker.run(SuiteRunnerWorker.java:96)
	at org.testng.TestNG.runSuitesSequentially(TestNG.java:1212)
	at org.testng.TestNG.runSuitesLocally(TestNG.java:1134)
	at org.testng.TestNG.runSuites(TestNG.java:1063)
	at org.testng.TestNG.run(TestNG.java:1031)
	at org.testng.remote.AbstractRemoteTestNG.run(AbstractRemoteTestNG.java:115)
	at org.testng.remote.RemoteTestNG.initAndRun(RemoteTestNG.java:251)
	at org.testng.remote.RemoteTestNG.main(RemoteTestNG.java:77)
</pre></div></td>
<td>0</td>
<td>com.amt.test.LOU.LOU_broker_business_purchase_accept_flow_Test@d86a6f</td></tr>
<tr>
<td title='com.amt.test.LOU.LOU_broker_business_purchase_accept_flow_Test.UW1_verify_underwriting_flow_ownbook_with_status()'><b>UW1_verify_underwriting_flow_ownbook_with_status</b><br>Test class: com.amt.test.LOU.LOU_broker_business_purchase_accept_flow_Test</td>
<td><div><pre>java.lang.Throwable: Method LOU_broker_business_purchase_accept_flow_Test.UW1_verify_underwriting_flow_ownbook_with_status()[pri:10, instance:com.amt.test.LOU.LOU_broker_business_purchase_accept_flow_Test@d86a6f] depends on not successfully finished methods
	at java.base/java.util.ArrayList.forEach(ArrayList.java:1511)
... Removed 18 stack frames</pre></div><a href='#' onClick='toggleBox("stack-trace2145244494", this, "Click to show all stack frames", "Click to hide stack frames")'>Click to show all stack frames</a>
<div class='stack-trace' id='stack-trace2145244494'><pre>java.lang.Throwable: Method LOU_broker_business_purchase_accept_flow_Test.UW1_verify_underwriting_flow_ownbook_with_status()[pri:10, instance:com.amt.test.LOU.LOU_broker_business_purchase_accept_flow_Test@d86a6f] depends on not successfully finished methods
	at org.testng.internal.TestInvoker.invokeTestMethods(TestInvoker.java:102)
	at org.testng.internal.TestMethodWorker.invokeTestMethods(TestMethodWorker.java:146)
	at org.testng.internal.TestMethodWorker.run(TestMethodWorker.java:128)
	at java.base/java.util.ArrayList.forEach(ArrayList.java:1511)
	at org.testng.TestRunner.privateRun(TestRunner.java:794)
	at org.testng.TestRunner.run(TestRunner.java:596)
	at org.testng.SuiteRunner.runTest(SuiteRunner.java:377)
	at org.testng.SuiteRunner.runSequentially(SuiteRunner.java:371)
	at org.testng.SuiteRunner.privateRun(SuiteRunner.java:332)
	at org.testng.SuiteRunner.run(SuiteRunner.java:276)
	at org.testng.SuiteRunnerWorker.runSuite(SuiteRunnerWorker.java:53)
	at org.testng.SuiteRunnerWorker.run(SuiteRunnerWorker.java:96)
	at org.testng.TestNG.runSuitesSequentially(TestNG.java:1212)
	at org.testng.TestNG.runSuitesLocally(TestNG.java:1134)
	at org.testng.TestNG.runSuites(TestNG.java:1063)
	at org.testng.TestNG.run(TestNG.java:1031)
	at org.testng.remote.AbstractRemoteTestNG.run(AbstractRemoteTestNG.java:115)
	at org.testng.remote.RemoteTestNG.initAndRun(RemoteTestNG.java:251)
	at org.testng.remote.RemoteTestNG.main(RemoteTestNG.java:77)
</pre></div></td>
<td>0</td>
<td>com.amt.test.LOU.LOU_broker_business_purchase_accept_flow_Test@d86a6f</td></tr>
<tr>
<td title='com.amt.test.LOU.LOU_broker_business_purchase_accept_flow_Test.L5_verify_current_status_on_opportunity_page_after_sending_to_proposal_for_broker_business_flow()'><b>L5_verify_current_status_on_opportunity_page_after_sending_to_proposal_for_broker_business_flow</b><br>Test class: com.amt.test.LOU.LOU_broker_business_purchase_accept_flow_Test</td>
<td><div><pre>java.lang.Throwable: Method LOU_broker_business_purchase_accept_flow_Test.L5_verify_current_status_on_opportunity_page_after_sending_to_proposal_for_broker_business_flow()[pri:5, instance:com.amt.test.LOU.LOU_broker_business_purchase_accept_flow_Test@d86a6f] depends on not successfully finished methods
	at java.base/java.util.ArrayList.forEach(ArrayList.java:1511)
... Removed 18 stack frames</pre></div><a href='#' onClick='toggleBox("stack-trace396292970", this, "Click to show all stack frames", "Click to hide stack frames")'>Click to show all stack frames</a>
<div class='stack-trace' id='stack-trace396292970'><pre>java.lang.Throwable: Method LOU_broker_business_purchase_accept_flow_Test.L5_verify_current_status_on_opportunity_page_after_sending_to_proposal_for_broker_business_flow()[pri:5, instance:com.amt.test.LOU.LOU_broker_business_purchase_accept_flow_Test@d86a6f] depends on not successfully finished methods
	at org.testng.internal.TestInvoker.invokeTestMethods(TestInvoker.java:102)
	at org.testng.internal.TestMethodWorker.invokeTestMethods(TestMethodWorker.java:146)
	at org.testng.internal.TestMethodWorker.run(TestMethodWorker.java:128)
	at java.base/java.util.ArrayList.forEach(ArrayList.java:1511)
	at org.testng.TestRunner.privateRun(TestRunner.java:794)
	at org.testng.TestRunner.run(TestRunner.java:596)
	at org.testng.SuiteRunner.runTest(SuiteRunner.java:377)
	at org.testng.SuiteRunner.runSequentially(SuiteRunner.java:371)
	at org.testng.SuiteRunner.privateRun(SuiteRunner.java:332)
	at org.testng.SuiteRunner.run(SuiteRunner.java:276)
	at org.testng.SuiteRunnerWorker.runSuite(SuiteRunnerWorker.java:53)
	at org.testng.SuiteRunnerWorker.run(SuiteRunnerWorker.java:96)
	at org.testng.TestNG.runSuitesSequentially(TestNG.java:1212)
	at org.testng.TestNG.runSuitesLocally(TestNG.java:1134)
	at org.testng.TestNG.runSuites(TestNG.java:1063)
	at org.testng.TestNG.run(TestNG.java:1031)
	at org.testng.remote.AbstractRemoteTestNG.run(AbstractRemoteTestNG.java:115)
	at org.testng.remote.RemoteTestNG.initAndRun(RemoteTestNG.java:251)
	at org.testng.remote.RemoteTestNG.main(RemoteTestNG.java:77)
</pre></div></td>
<td>0</td>
<td>com.amt.test.LOU.LOU_broker_business_purchase_accept_flow_Test@d86a6f</td></tr>
<tr>
<td title='com.amt.test.LOU.LOU_broker_business_purchase_accept_flow_Test.L7_verify_current_status_on_opportunity_page_after_sending_contract_for_broker_business_flow()'><b>L7_verify_current_status_on_opportunity_page_after_sending_contract_for_broker_business_flow</b><br>Test class: com.amt.test.LOU.LOU_broker_business_purchase_accept_flow_Test</td>
<td><div><pre>java.lang.Throwable: Method LOU_broker_business_purchase_accept_flow_Test.L7_verify_current_status_on_opportunity_page_after_sending_contract_for_broker_business_flow()[pri:7, instance:com.amt.test.LOU.LOU_broker_business_purchase_accept_flow_Test@d86a6f] depends on not successfully finished methods
	at java.base/java.util.ArrayList.forEach(ArrayList.java:1511)
... Removed 18 stack frames</pre></div><a href='#' onClick='toggleBox("stack-trace1907966529", this, "Click to show all stack frames", "Click to hide stack frames")'>Click to show all stack frames</a>
<div class='stack-trace' id='stack-trace1907966529'><pre>java.lang.Throwable: Method LOU_broker_business_purchase_accept_flow_Test.L7_verify_current_status_on_opportunity_page_after_sending_contract_for_broker_business_flow()[pri:7, instance:com.amt.test.LOU.LOU_broker_business_purchase_accept_flow_Test@d86a6f] depends on not successfully finished methods
	at org.testng.internal.TestInvoker.invokeTestMethods(TestInvoker.java:102)
	at org.testng.internal.TestMethodWorker.invokeTestMethods(TestMethodWorker.java:146)
	at org.testng.internal.TestMethodWorker.run(TestMethodWorker.java:128)
	at java.base/java.util.ArrayList.forEach(ArrayList.java:1511)
	at org.testng.TestRunner.privateRun(TestRunner.java:794)
	at org.testng.TestRunner.run(TestRunner.java:596)
	at org.testng.SuiteRunner.runTest(SuiteRunner.java:377)
	at org.testng.SuiteRunner.runSequentially(SuiteRunner.java:371)
	at org.testng.SuiteRunner.privateRun(SuiteRunner.java:332)
	at org.testng.SuiteRunner.run(SuiteRunner.java:276)
	at org.testng.SuiteRunnerWorker.runSuite(SuiteRunnerWorker.java:53)
	at org.testng.SuiteRunnerWorker.run(SuiteRunnerWorker.java:96)
	at org.testng.TestNG.runSuitesSequentially(TestNG.java:1212)
	at org.testng.TestNG.runSuitesLocally(TestNG.java:1134)
	at org.testng.TestNG.runSuites(TestNG.java:1063)
	at org.testng.TestNG.run(TestNG.java:1031)
	at org.testng.remote.AbstractRemoteTestNG.run(AbstractRemoteTestNG.java:115)
	at org.testng.remote.RemoteTestNG.initAndRun(RemoteTestNG.java:251)
	at org.testng.remote.RemoteTestNG.main(RemoteTestNG.java:77)
</pre></div></td>
<td>0</td>
<td>com.amt.test.LOU.LOU_broker_business_purchase_accept_flow_Test@d86a6f</td></tr>
<tr>
<td title='com.amt.test.LOU.LOU_broker_business_purchase_accept_flow_Test.UW5_verify_underwriting_proposal_decision_with_accept()'><b>UW5_verify_underwriting_proposal_decision_with_accept</b><br>Test class: com.amt.test.LOU.LOU_broker_business_purchase_accept_flow_Test</td>
<td><div><pre>java.lang.Throwable: Method LOU_broker_business_purchase_accept_flow_Test.UW5_verify_underwriting_proposal_decision_with_accept()[pri:14, instance:com.amt.test.LOU.LOU_broker_business_purchase_accept_flow_Test@d86a6f] depends on not successfully finished methods
	at java.base/java.util.ArrayList.forEach(ArrayList.java:1511)
... Removed 18 stack frames</pre></div><a href='#' onClick='toggleBox("stack-trace985971484", this, "Click to show all stack frames", "Click to hide stack frames")'>Click to show all stack frames</a>
<div class='stack-trace' id='stack-trace985971484'><pre>java.lang.Throwable: Method LOU_broker_business_purchase_accept_flow_Test.UW5_verify_underwriting_proposal_decision_with_accept()[pri:14, instance:com.amt.test.LOU.LOU_broker_business_purchase_accept_flow_Test@d86a6f] depends on not successfully finished methods
	at org.testng.internal.TestInvoker.invokeTestMethods(TestInvoker.java:102)
	at org.testng.internal.TestMethodWorker.invokeTestMethods(TestMethodWorker.java:146)
	at org.testng.internal.TestMethodWorker.run(TestMethodWorker.java:128)
	at java.base/java.util.ArrayList.forEach(ArrayList.java:1511)
	at org.testng.TestRunner.privateRun(TestRunner.java:794)
	at org.testng.TestRunner.run(TestRunner.java:596)
	at org.testng.SuiteRunner.runTest(SuiteRunner.java:377)
	at org.testng.SuiteRunner.runSequentially(SuiteRunner.java:371)
	at org.testng.SuiteRunner.privateRun(SuiteRunner.java:332)
	at org.testng.SuiteRunner.run(SuiteRunner.java:276)
	at org.testng.SuiteRunnerWorker.runSuite(SuiteRunnerWorker.java:53)
	at org.testng.SuiteRunnerWorker.run(SuiteRunnerWorker.java:96)
	at org.testng.TestNG.runSuitesSequentially(TestNG.java:1212)
	at org.testng.TestNG.runSuitesLocally(TestNG.java:1134)
	at org.testng.TestNG.runSuites(TestNG.java:1063)
	at org.testng.TestNG.run(TestNG.java:1031)
	at org.testng.remote.AbstractRemoteTestNG.run(AbstractRemoteTestNG.java:115)
	at org.testng.remote.RemoteTestNG.initAndRun(RemoteTestNG.java:251)
	at org.testng.remote.RemoteTestNG.main(RemoteTestNG.java:77)
</pre></div></td>
<td>0</td>
<td>com.amt.test.LOU.LOU_broker_business_purchase_accept_flow_Test@d86a6f</td></tr>
<tr>
<td title='com.amt.test.LOU.LOU_broker_business_purchase_accept_flow_Test.L4_adding_proposal_on_opportunity_page_broker_business_flow()'><b>L4_adding_proposal_on_opportunity_page_broker_business_flow</b><br>Test class: com.amt.test.LOU.LOU_broker_business_purchase_accept_flow_Test</td>
<td><div><pre>java.lang.Throwable: Method LOU_broker_business_purchase_accept_flow_Test.L4_adding_proposal_on_opportunity_page_broker_business_flow()[pri:4, instance:com.amt.test.LOU.LOU_broker_business_purchase_accept_flow_Test@d86a6f] depends on not successfully finished methods
	at java.base/java.util.ArrayList.forEach(ArrayList.java:1511)
... Removed 18 stack frames</pre></div><a href='#' onClick='toggleBox("stack-trace1934948904", this, "Click to show all stack frames", "Click to hide stack frames")'>Click to show all stack frames</a>
<div class='stack-trace' id='stack-trace1934948904'><pre>java.lang.Throwable: Method LOU_broker_business_purchase_accept_flow_Test.L4_adding_proposal_on_opportunity_page_broker_business_flow()[pri:4, instance:com.amt.test.LOU.LOU_broker_business_purchase_accept_flow_Test@d86a6f] depends on not successfully finished methods
	at org.testng.internal.TestInvoker.invokeTestMethods(TestInvoker.java:102)
	at org.testng.internal.TestMethodWorker.invokeTestMethods(TestMethodWorker.java:146)
	at org.testng.internal.TestMethodWorker.run(TestMethodWorker.java:128)
	at java.base/java.util.ArrayList.forEach(ArrayList.java:1511)
	at org.testng.TestRunner.privateRun(TestRunner.java:794)
	at org.testng.TestRunner.run(TestRunner.java:596)
	at org.testng.SuiteRunner.runTest(SuiteRunner.java:377)
	at org.testng.SuiteRunner.runSequentially(SuiteRunner.java:371)
	at org.testng.SuiteRunner.privateRun(SuiteRunner.java:332)
	at org.testng.SuiteRunner.run(SuiteRunner.java:276)
	at org.testng.SuiteRunnerWorker.runSuite(SuiteRunnerWorker.java:53)
	at org.testng.SuiteRunnerWorker.run(SuiteRunnerWorker.java:96)
	at org.testng.TestNG.runSuitesSequentially(TestNG.java:1212)
	at org.testng.TestNG.runSuitesLocally(TestNG.java:1134)
	at org.testng.TestNG.runSuites(TestNG.java:1063)
	at org.testng.TestNG.run(TestNG.java:1031)
	at org.testng.remote.AbstractRemoteTestNG.run(AbstractRemoteTestNG.java:115)
	at org.testng.remote.RemoteTestNG.initAndRun(RemoteTestNG.java:251)
	at org.testng.remote.RemoteTestNG.main(RemoteTestNG.java:77)
</pre></div></td>
<td>0</td>
<td>com.amt.test.LOU.LOU_broker_business_purchase_accept_flow_Test@d86a6f</td></tr>
<tr>
<td title='com.amt.test.LOU.LOU_broker_business_purchase_accept_flow_Test.L2_broker_business_current_status_before_sending_to_proposal()'><b>L2_broker_business_current_status_before_sending_to_proposal</b><br>Test class: com.amt.test.LOU.LOU_broker_business_purchase_accept_flow_Test</td>
<td><div><pre>java.lang.Throwable: Method LOU_broker_business_purchase_accept_flow_Test.L2_broker_business_current_status_before_sending_to_proposal()[pri:2, instance:com.amt.test.LOU.LOU_broker_business_purchase_accept_flow_Test@d86a6f] depends on not successfully finished methods
	at java.base/java.util.ArrayList.forEach(ArrayList.java:1511)
... Removed 18 stack frames</pre></div><a href='#' onClick='toggleBox("stack-trace2115113324", this, "Click to show all stack frames", "Click to hide stack frames")'>Click to show all stack frames</a>
<div class='stack-trace' id='stack-trace2115113324'><pre>java.lang.Throwable: Method LOU_broker_business_purchase_accept_flow_Test.L2_broker_business_current_status_before_sending_to_proposal()[pri:2, instance:com.amt.test.LOU.LOU_broker_business_purchase_accept_flow_Test@d86a6f] depends on not successfully finished methods
	at org.testng.internal.TestInvoker.invokeTestMethods(TestInvoker.java:102)
	at org.testng.internal.TestMethodWorker.invokeTestMethods(TestMethodWorker.java:146)
	at org.testng.internal.TestMethodWorker.run(TestMethodWorker.java:128)
	at java.base/java.util.ArrayList.forEach(ArrayList.java:1511)
	at org.testng.TestRunner.privateRun(TestRunner.java:794)
	at org.testng.TestRunner.run(TestRunner.java:596)
	at org.testng.SuiteRunner.runTest(SuiteRunner.java:377)
	at org.testng.SuiteRunner.runSequentially(SuiteRunner.java:371)
	at org.testng.SuiteRunner.privateRun(SuiteRunner.java:332)
	at org.testng.SuiteRunner.run(SuiteRunner.java:276)
	at org.testng.SuiteRunnerWorker.runSuite(SuiteRunnerWorker.java:53)
	at org.testng.SuiteRunnerWorker.run(SuiteRunnerWorker.java:96)
	at org.testng.TestNG.runSuitesSequentially(TestNG.java:1212)
	at org.testng.TestNG.runSuitesLocally(TestNG.java:1134)
	at org.testng.TestNG.runSuites(TestNG.java:1063)
	at org.testng.TestNG.run(TestNG.java:1031)
	at org.testng.remote.AbstractRemoteTestNG.run(AbstractRemoteTestNG.java:115)
	at org.testng.remote.RemoteTestNG.initAndRun(RemoteTestNG.java:251)
	at org.testng.remote.RemoteTestNG.main(RemoteTestNG.java:77)
</pre></div></td>
<td>0</td>
<td>com.amt.test.LOU.LOU_broker_business_purchase_accept_flow_Test@d86a6f</td></tr>
<tr>
<td title='com.amt.test.LOU.LOU_broker_business_purchase_accept_flow_Test.L9_verify_status_after_contract_signed()'><b>L9_verify_status_after_contract_signed</b><br>Test class: com.amt.test.LOU.LOU_broker_business_purchase_accept_flow_Test</td>
<td><div><pre>java.lang.Throwable: Method LOU_broker_business_purchase_accept_flow_Test.L9_verify_status_after_contract_signed()[pri:9, instance:com.amt.test.LOU.LOU_broker_business_purchase_accept_flow_Test@d86a6f] depends on not successfully finished methods
	at java.base/java.util.ArrayList.forEach(ArrayList.java:1511)
... Removed 18 stack frames</pre></div><a href='#' onClick='toggleBox("stack-trace1641324170", this, "Click to show all stack frames", "Click to hide stack frames")'>Click to show all stack frames</a>
<div class='stack-trace' id='stack-trace1641324170'><pre>java.lang.Throwable: Method LOU_broker_business_purchase_accept_flow_Test.L9_verify_status_after_contract_signed()[pri:9, instance:com.amt.test.LOU.LOU_broker_business_purchase_accept_flow_Test@d86a6f] depends on not successfully finished methods
	at org.testng.internal.TestInvoker.invokeTestMethods(TestInvoker.java:102)
	at org.testng.internal.TestMethodWorker.invokeTestMethods(TestMethodWorker.java:146)
	at org.testng.internal.TestMethodWorker.run(TestMethodWorker.java:128)
	at java.base/java.util.ArrayList.forEach(ArrayList.java:1511)
	at org.testng.TestRunner.privateRun(TestRunner.java:794)
	at org.testng.TestRunner.run(TestRunner.java:596)
	at org.testng.SuiteRunner.runTest(SuiteRunner.java:377)
	at org.testng.SuiteRunner.runSequentially(SuiteRunner.java:371)
	at org.testng.SuiteRunner.privateRun(SuiteRunner.java:332)
	at org.testng.SuiteRunner.run(SuiteRunner.java:276)
	at org.testng.SuiteRunnerWorker.runSuite(SuiteRunnerWorker.java:53)
	at org.testng.SuiteRunnerWorker.run(SuiteRunnerWorker.java:96)
	at org.testng.TestNG.runSuitesSequentially(TestNG.java:1212)
	at org.testng.TestNG.runSuitesLocally(TestNG.java:1134)
	at org.testng.TestNG.runSuites(TestNG.java:1063)
	at org.testng.TestNG.run(TestNG.java:1031)
	at org.testng.remote.AbstractRemoteTestNG.run(AbstractRemoteTestNG.java:115)
	at org.testng.remote.RemoteTestNG.initAndRun(RemoteTestNG.java:251)
	at org.testng.remote.RemoteTestNG.main(RemoteTestNG.java:77)
</pre></div></td>
<td>0</td>
<td>com.amt.test.LOU.LOU_broker_business_purchase_accept_flow_Test@d86a6f</td></tr>
</table><p>
</body>
</html>