<html>
<head>
<title>TestNG:  Broker individual Hire - accept flow</title>
<link href="../testng.css" rel="stylesheet" type="text/css" />
<link href="../my-testng.css" rel="stylesheet" type="text/css" />

<style type="text/css">
.log { display: none;} 
.stack-trace { display: none;} 
</style>
<script type="text/javascript">
<!--
function flip(e) {
  current = e.style.display;
  if (current == 'block') {
    e.style.display = 'none';
    return 0;
  }
  else {
    e.style.display = 'block';
    return 1;
  }
}

function toggleBox(szDivId, elem, msg1, msg2)
{
  var res = -1;  if (document.getElementById) {
    res = flip(document.getElementById(szDivId));
  }
  else if (document.all) {
    // this is the way old msie versions work
    res = flip(document.all[szDivId]);
  }
  if(elem) {
    if(res == 0) elem.innerHTML = msg1; else elem.innerHTML = msg2;
  }

}

function toggleAllBoxes() {
  if (document.getElementsByTagName) {
    d = document.getElementsByTagName('div');
    for (i = 0; i < d.length; i++) {
      if (d[i].className == 'log') {
        flip(d[i]);
      }
    }
  }
}

// -->
</script>

</head>
<body>
<h2 align='center'>Broker individual Hire - accept flow</h2><table border='1' align="center">
<tr>
<td>Tests passed/Failed/Skipped:</td><td>16/2/0</td>
</tr><tr>
<td>Started on:</td><td>Thu Nov 30 20:10:21 IST 2023</td>
</tr>
<tr><td>Total time:</td><td>558 seconds (558050 ms)</td>
</tr><tr>
<td>Included groups:</td><td></td>
</tr><tr>
<td>Excluded groups:</td><td></td>
</tr>
</table><p/>
<small><i>(Hover the method name to see the test class name)</i></small><p/>
<table width='100%' border='1' class='invocation-failed'>
<tr><td colspan='4' align='center'><b>FAILED TESTS</b></td></tr>
<tr><td><b>Test method</b></td>
<td width="30%"><b>Exception</b></td>
<td width="10%"><b>Time (seconds)</b></td>
<td><b>Instance</b></td>
</tr>
<tr>
<td title='com.amt.test.LOU.LOU_broker_individual_hire_accept_flow_Test.UW5_verify_underwriting_proposal_decision_with_accept()'><b>UW5_verify_underwriting_proposal_decision_with_accept</b><br>Test class: com.amt.test.LOU.LOU_broker_individual_hire_accept_flow_Test<br/>
<a href="#Output-1212250103" onClick='toggleBox("Output-1212250103", this, "Show output", "Hide output");'>Show output</a>

<a href="#Output-1212250103" onClick="toggleAllBoxes();">Show all outputs</a>
<div class='log' id="Output-1212250103">
<br>----------Screenshot---------<br><br/>
<img src="D:\LOU\AMT_LOU\target\surefire-reports\html\failure_screenshots\UW5_verify_underwriting_proposal_decision_with_accept_30_11_2023_08_19_39.png" height="800" width="1000"><br/>
</div>
</td>
<td><div><pre>org.openqa.selenium.TimeoutException: Expected condition failed: waiting for visibility of Proxy element for: DefaultElementLocator &apos;By.xpath: //button[normalize-space()=&apos;Accept&apos;]&apos; (tried for 20 second(s) with 500 milliseconds interval)
	at org.openqa.selenium.support.ui.WebDriverWait.timeoutException(WebDriverWait.java:138)
	at org.openqa.selenium.support.ui.FluentWait.until(FluentWait.java:231)
	at com.amt.testUtil.ExplicitWait.visibleElement(ExplicitWait.java:24)
	at com.amt.pages.Underwriting.find_underwriting_tab_decision_page_accept_button(Underwriting.java:7708)
	at com.amt.test.LOU.LOU_broker_individual_hire_accept_flow_Test.UW5_verify_underwriting_proposal_decision_with_accept(LOU_broker_individual_hire_accept_flow_Test.java:342)
	at java.base/java.util.ArrayList.forEach(ArrayList.java:1511)
Caused by: org.openqa.selenium.NoSuchElementException: no such element: Unable to locate element: {&quot;method&quot;:&quot;xpath&quot;,&quot;selector&quot;:&quot;//button[normalize-space()=&apos;Accept&apos;]&quot;}
  (Session info: MicrosoftEdge=119.0.2151.93)
For documentation on this error, please visit: https://selenium.dev/exceptions/#no_such_element
Build info: version: &apos;4.1.0&apos;, revision: &apos;87802e897b&apos;
System info: host: &apos;DSK-4052&apos;, ip: &apos;172.16.1.80&apos;, os.name: &apos;Windows 10&apos;, os.arch: &apos;amd64&apos;, os.version: &apos;10.0&apos;, java.version: &apos;19.0.1&apos;
Driver info: org.openqa.selenium.edge.EdgeDriver
Command: [d9c8abcc06756e2312e4f6ea51e58483, findElement {using=xpath, value=//button[normalize-space()=&apos;Accept&apos;]}]
Capabilities {acceptInsecureCerts: false, browserName: msedge, browserVersion: 119.0.2151.93, fedcm:accounts: true, javascriptEnabled: true, ms:edgeOptions: {debuggerAddress: localhost:63457}, msedge: {msedgedriverVersion: 119.0.2151.44 (44557a29097a..., userDataDir: C:\Users\NITEIN~1.KUR\AppDa...}, networkConnectionEnabled: false, pageLoadStrategy: normal, platform: WINDOWS, platformName: WINDOWS, proxy: Proxy(), se:cdp: ws://localhost:63457/devtoo..., se:cdpVersion: 119.0.2151.93, setWindowRect: true, strictFileInteractability: false, timeouts: {implicit: 0, pageLoad: 300000, script: 30000}, unhandledPromptBehavior: dismiss and notify, webauthn:extension:credBlob: true, webauthn:extension:largeBlob: true, webauthn:extension:minPinLength: true, webauthn:extension:prf: true, webauthn:virtualAuthenticators: true}
Session ID: d9c8abcc06756e2312e4f6ea51e58483
	at org.openqa.selenium.remote.codec.w3c.W3CHttpResponseCodec.createException(W3CHttpResponseCodec.java:200)
	at org.openqa.selenium.remote.codec.w3c.W3CHttpResponseCodec.decode(W3CHttpResponseCodec.java:133)
	at org.openqa.selenium.remote.codec.w3c.W3CHttpResponseCodec.decode(W3CHttpResponseCodec.java:53)
	at org.openqa.selenium.remote.HttpCommandExecutor.execute(HttpCommandExecutor.java:184)
	at org.openqa.selenium.remote.service.DriverCommandExecutor.invokeExecute(DriverCommandExecutor.java:164)
	at org.openqa.selenium.remote.service.DriverCommandExecutor.execute(DriverCommandExecutor.java:139)
	at org.openqa.selenium.remote.RemoteWebDriver.execute(RemoteWebDriver.java:559)
	at org.openqa.selenium.remote.ElementLocation$ElementFinder$2.findElement(ElementLocation.java:162)
	at org.openqa.selenium.remote.ElementLocation.findElement(ElementLocation.java:60)
	at org.openqa.selenium.remote.RemoteWebDriver.findElement(RemoteWebDriver.java:383)
	at org.openqa.selenium.remote.RemoteWebDriver.findElement(RemoteWebDriver.java:375)
	at org.openqa.selenium.support.pagefactory.DefaultElementLocator.findElement(DefaultElementLocator.java:70)
	at org.openqa.selenium.support.pagefactory.internal.LocatingElementHandler.invoke(LocatingElementHandler.java:39)
	at jdk.proxy2/jdk.proxy2.$Proxy18.isDisplayed(Unknown Source)
	at org.openqa.selenium.support.ui.ExpectedConditions.elementIfVisible(ExpectedConditions.java:307)
	at org.openqa.selenium.support.ui.ExpectedConditions.access$000(ExpectedConditions.java:40)
	at org.openqa.selenium.support.ui.ExpectedConditions$10.apply(ExpectedConditions.java:293)
	at org.openqa.selenium.support.ui.ExpectedConditions$10.apply(ExpectedConditions.java:290)
	at org.openqa.selenium.support.ui.FluentWait.until(FluentWait.java:208)
	... 29 more
... Removed 28 stack frames</pre></div><a href='#' onClick='toggleBox("stack-trace1212250103", this, "Click to show all stack frames", "Click to hide stack frames")'>Click to show all stack frames</a>
<div class='stack-trace' id='stack-trace1212250103'><pre>org.openqa.selenium.TimeoutException: Expected condition failed: waiting for visibility of Proxy element for: DefaultElementLocator &apos;By.xpath: //button[normalize-space()=&apos;Accept&apos;]&apos; (tried for 20 second(s) with 500 milliseconds interval)
	at org.openqa.selenium.support.ui.WebDriverWait.timeoutException(WebDriverWait.java:138)
	at org.openqa.selenium.support.ui.FluentWait.until(FluentWait.java:231)
	at com.amt.testUtil.ExplicitWait.visibleElement(ExplicitWait.java:24)
	at com.amt.pages.Underwriting.find_underwriting_tab_decision_page_accept_button(Underwriting.java:7708)
	at com.amt.test.LOU.LOU_broker_individual_hire_accept_flow_Test.UW5_verify_underwriting_proposal_decision_with_accept(LOU_broker_individual_hire_accept_flow_Test.java:342)
	at java.base/jdk.internal.reflect.DirectMethodHandleAccessor.invoke(DirectMethodHandleAccessor.java:104)
	at java.base/java.lang.reflect.Method.invoke(Method.java:578)
	at org.testng.internal.MethodInvocationHelper.invokeMethod(MethodInvocationHelper.java:133)
	at org.testng.internal.TestInvoker.invokeMethod(TestInvoker.java:598)
	at org.testng.internal.TestInvoker.invokeTestMethod(TestInvoker.java:173)
	at org.testng.internal.MethodRunner.runInSequence(MethodRunner.java:46)
	at org.testng.internal.TestInvoker$MethodInvocationAgent.invoke(TestInvoker.java:824)
	at org.testng.internal.TestInvoker.invokeTestMethods(TestInvoker.java:146)
	at org.testng.internal.TestMethodWorker.invokeTestMethods(TestMethodWorker.java:146)
	at org.testng.internal.TestMethodWorker.run(TestMethodWorker.java:128)
	at java.base/java.util.ArrayList.forEach(ArrayList.java:1511)
	at org.testng.TestRunner.privateRun(TestRunner.java:794)
	at org.testng.TestRunner.run(TestRunner.java:596)
	at org.testng.SuiteRunner.runTest(SuiteRunner.java:377)
	at org.testng.SuiteRunner.runSequentially(SuiteRunner.java:371)
	at org.testng.SuiteRunner.privateRun(SuiteRunner.java:332)
	at org.testng.SuiteRunner.run(SuiteRunner.java:276)
	at org.testng.SuiteRunnerWorker.runSuite(SuiteRunnerWorker.java:53)
	at org.testng.SuiteRunnerWorker.run(SuiteRunnerWorker.java:96)
	at org.testng.TestNG.runSuitesSequentially(TestNG.java:1212)
	at org.testng.TestNG.runSuitesLocally(TestNG.java:1134)
	at org.testng.TestNG.runSuites(TestNG.java:1063)
	at org.testng.TestNG.run(TestNG.java:1031)
	at org.testng.remote.AbstractRemoteTestNG.run(AbstractRemoteTestNG.java:115)
	at org.testng.remote.RemoteTestNG.initAndRun(RemoteTestNG.java:251)
	at org.testng.remote.RemoteTestNG.main(RemoteTestNG.java:77)
Caused by: org.openqa.selenium.NoSuchElementException: no such element: Unable to locate element: {&quot;method&quot;:&quot;xpath&quot;,&quot;selector&quot;:&quot;//button[normalize-space()=&apos;Accept&apos;]&quot;}
  (Session info: MicrosoftEdge=119.0.2151.93)
For documentation on this error, please visit: https://selenium.dev/exceptions/#no_such_element
Build info: version: &apos;4.1.0&apos;, revision: &apos;87802e897b&apos;
System info: host: &apos;DSK-4052&apos;, ip: &apos;172.16.1.80&apos;, os.name: &apos;Windows 10&apos;, os.arch: &apos;amd64&apos;, os.version: &apos;10.0&apos;, java.version: &apos;19.0.1&apos;
Driver info: org.openqa.selenium.edge.EdgeDriver
Command: [d9c8abcc06756e2312e4f6ea51e58483, findElement {using=xpath, value=//button[normalize-space()=&apos;Accept&apos;]}]
Capabilities {acceptInsecureCerts: false, browserName: msedge, browserVersion: 119.0.2151.93, fedcm:accounts: true, javascriptEnabled: true, ms:edgeOptions: {debuggerAddress: localhost:63457}, msedge: {msedgedriverVersion: 119.0.2151.44 (44557a29097a..., userDataDir: C:\Users\NITEIN~1.KUR\AppDa...}, networkConnectionEnabled: false, pageLoadStrategy: normal, platform: WINDOWS, platformName: WINDOWS, proxy: Proxy(), se:cdp: ws://localhost:63457/devtoo..., se:cdpVersion: 119.0.2151.93, setWindowRect: true, strictFileInteractability: false, timeouts: {implicit: 0, pageLoad: 300000, script: 30000}, unhandledPromptBehavior: dismiss and notify, webauthn:extension:credBlob: true, webauthn:extension:largeBlob: true, webauthn:extension:minPinLength: true, webauthn:extension:prf: true, webauthn:virtualAuthenticators: true}
Session ID: d9c8abcc06756e2312e4f6ea51e58483
	at java.base/jdk.internal.reflect.DirectConstructorHandleAccessor.newInstance(DirectConstructorHandleAccessor.java:67)
	at java.base/java.lang.reflect.Constructor.newInstanceWithCaller(Constructor.java:500)
	at java.base/java.lang.reflect.Constructor.newInstance(Constructor.java:484)
	at org.openqa.selenium.remote.codec.w3c.W3CHttpResponseCodec.createException(W3CHttpResponseCodec.java:200)
	at org.openqa.selenium.remote.codec.w3c.W3CHttpResponseCodec.decode(W3CHttpResponseCodec.java:133)
	at org.openqa.selenium.remote.codec.w3c.W3CHttpResponseCodec.decode(W3CHttpResponseCodec.java:53)
	at org.openqa.selenium.remote.HttpCommandExecutor.execute(HttpCommandExecutor.java:184)
	at org.openqa.selenium.remote.service.DriverCommandExecutor.invokeExecute(DriverCommandExecutor.java:164)
	at org.openqa.selenium.remote.service.DriverCommandExecutor.execute(DriverCommandExecutor.java:139)
	at org.openqa.selenium.remote.RemoteWebDriver.execute(RemoteWebDriver.java:559)
	at org.openqa.selenium.remote.ElementLocation$ElementFinder$2.findElement(ElementLocation.java:162)
	at org.openqa.selenium.remote.ElementLocation.findElement(ElementLocation.java:60)
	at org.openqa.selenium.remote.RemoteWebDriver.findElement(RemoteWebDriver.java:383)
	at org.openqa.selenium.remote.RemoteWebDriver.findElement(RemoteWebDriver.java:375)
	at org.openqa.selenium.support.pagefactory.DefaultElementLocator.findElement(DefaultElementLocator.java:70)
	at org.openqa.selenium.support.pagefactory.internal.LocatingElementHandler.invoke(LocatingElementHandler.java:39)
	at jdk.proxy2/jdk.proxy2.$Proxy18.isDisplayed(Unknown Source)
	at org.openqa.selenium.support.ui.ExpectedConditions.elementIfVisible(ExpectedConditions.java:307)
	at org.openqa.selenium.support.ui.ExpectedConditions.access$000(ExpectedConditions.java:40)
	at org.openqa.selenium.support.ui.ExpectedConditions$10.apply(ExpectedConditions.java:293)
	at org.openqa.selenium.support.ui.ExpectedConditions$10.apply(ExpectedConditions.java:290)
	at org.openqa.selenium.support.ui.FluentWait.until(FluentWait.java:208)
	... 29 more
</pre></div></td>
<td>24</td>
<td>com.amt.test.LOU.LOU_broker_individual_hire_accept_flow_Test@3c77d488</td></tr>
<tr>
<td title='com.amt.test.LOU.LOU_broker_individual_hire_accept_flow_Test.UW4_verify_underwriting_proposal_page_flow()'><b>UW4_verify_underwriting_proposal_page_flow</b><br>Test class: com.amt.test.LOU.LOU_broker_individual_hire_accept_flow_Test<br/>
<a href="#Output-1762397235" onClick='toggleBox("Output-1762397235", this, "Show output", "Hide output");'>Show output</a>

<a href="#Output-1762397235" onClick="toggleAllBoxes();">Show all outputs</a>
<div class='log' id="Output-1762397235">
<b>Click on Underwriting detail page for proposal</b> <br /><br/>
<b>Clicked on Underwriting quote page</b> <br /><br/>
<b></b> <br /><br/>
<b>56135.0 = 56135.0</b> <br /><br/>
<b>Cost Otr Price compared and found ok</b> <br /><br/>
<b></b> <br /><br/>
<b>46237.5 = 46237.5</b> <br /><br/>
<b>Cost Otr Price compared and found ok</b> <br /><br/>
<b></b> <br /><br/>
<b>9247.5 = 9247.5</b> <br /><br/>
<b>Otr Vat compared and found ok</b> <br /><br/>
<b></b> <br /><br/>
<b>650.0 = 650.0</b> <br /><br/>
<b>Otr Rfl And Frf compared and found ok</b> <br /><br/>
<b></b> <br /><br/>
<b>CVY65071 = CVY65071</b> <br /><br/>
<b>Quote no. compared and found ok</b> <br /><br/>
<b></b> <br /><br/>
<b>AUDI A7 DIESEL SPORTBACK (2018 - Current) 40 TDI Quattro S Line 5dr S Tronic = AUDI A7 DIESEL SPORTBACK (2018 - Current) 40 TDI Quattro S Line 5dr S Tronic</b> <br /><br/>
<b>Vehicle name compared and found ok</b> <br /><br/>
<b></b> <br /><br/>
<b>Personal Contract Hire = Personal Contract Hire</b> <br /><br/>
<b>Contract type compared and found ok</b> <br /><br/>
<b></b> <br /><br/>
<b>2000.0 = 2000.0</b> <br /><br/>
<b>Monthly finance rental compared and found ok</b> <br /><br/>
<b></b> <br /><br/>
<b>5000.0 = 5000.0</b> <br /><br/>
<b>Mileage compared and found ok</b> <br /><br/>
<b></b> <br /><br/>
<b>13.0 = 13.0</b> <br /><br/>
<b>Terms compared and found ok</b> <br /><br/>
<b></b> <br /><br/>
<b>04/12/2023 = 04/12/2023</b> <br /><br/>
<b>Expiry date compared and found ok</b> <br /><br/>
<b></b> <br /><br/>
<b>Popular Fiat = Popular Fiat</b> <br /><br/>
<b>Funder name compared and found ok</b> <br /><br/>
<b></b> <br /><br/>
<b>REF001 = REF001</b> <br /><br/>
<b>Funder quote ref no. compared and found ok</b> <br /><br/>
<b></b> <br /><br/>
<b>Monthly in advance = Monthly in advance</b> <br /><br/>
<b>Payment profile compared and found ok</b> <br /><br/>
<b></b> <br /><br/>
<b>5417.0 = 5417.0</b> <br /><br/>
<b>Contract mileage compared and found ok</b> <br /><br/>
<b></b> <br /><br/>
<b>2000.0 = 2000.0</b> <br /><br/>
<b>Initial finance rental compared and found ok</b> <br /><br/>
<b></b> <br /><br/>
<b>2.00 p = 2.00 p</b> <br /><br/>
<b>Pense per excess mile finance compared and found ok</b> <br /><br/>
<b></b> <br /><br/>
<b>5.0 = 5.0</b> <br /><br/>
<b>commission compared and found ok</b> <br /><br/>
<br>----------Screenshot---------<br><br/>
<img src="D:\LOU\AMT_LOU\target\surefire-reports\html\failure_screenshots\UW4_verify_underwriting_proposal_page_flow_30_11_2023_08_19_14.png" height="800" width="1000"><br/>
</div>
</td>
<td><div><pre>org.openqa.selenium.ElementClickInterceptedException: element click intercepted: Element &lt;p _ngcontent-bql-c26=&quot;&quot; style=&quot; border: 1px solid white;&quot;&gt;...&lt;/p&gt; is not clickable at point (484, 99). Other element would receive the click: &lt;ul _ngcontent-bql-c26=&quot;&quot; class=&quot;nav nav-pills&quot;&gt;...&lt;/ul&gt;
  (Session info: MicrosoftEdge=119.0.2151.93)
Build info: version: &apos;4.1.0&apos;, revision: &apos;87802e897b&apos;
System info: host: &apos;DSK-4052&apos;, ip: &apos;172.16.1.80&apos;, os.name: &apos;Windows 10&apos;, os.arch: &apos;amd64&apos;, os.version: &apos;10.0&apos;, java.version: &apos;19.0.1&apos;
Driver info: org.openqa.selenium.edge.EdgeDriver
Command: [d9c8abcc06756e2312e4f6ea51e58483, clickElement {id=F6D6B94EC729C1FCF5DC5BBDD5B89C97_element_3788}]
Capabilities {acceptInsecureCerts: false, browserName: msedge, browserVersion: 119.0.2151.93, fedcm:accounts: true, javascriptEnabled: true, ms:edgeOptions: {debuggerAddress: localhost:63457}, msedge: {msedgedriverVersion: 119.0.2151.44 (44557a29097a..., userDataDir: C:\Users\NITEIN~1.KUR\AppDa...}, networkConnectionEnabled: false, pageLoadStrategy: normal, platform: WINDOWS, platformName: WINDOWS, proxy: Proxy(), se:cdp: ws://localhost:63457/devtoo..., se:cdpVersion: 119.0.2151.93, setWindowRect: true, strictFileInteractability: false, timeouts: {implicit: 0, pageLoad: 300000, script: 30000}, unhandledPromptBehavior: dismiss and notify, webauthn:extension:credBlob: true, webauthn:extension:largeBlob: true, webauthn:extension:minPinLength: true, webauthn:extension:prf: true, webauthn:virtualAuthenticators: true}
Element: [[EdgeDriver: msedge on WINDOWS (d9c8abcc06756e2312e4f6ea51e58483)] -&gt; xpath: (//p[normalize-space()=&apos;Decision&apos;])[1]]
Session ID: d9c8abcc06756e2312e4f6ea51e58483
	at org.openqa.selenium.remote.codec.w3c.W3CHttpResponseCodec.createException(W3CHttpResponseCodec.java:200)
	at org.openqa.selenium.remote.codec.w3c.W3CHttpResponseCodec.decode(W3CHttpResponseCodec.java:133)
	at org.openqa.selenium.remote.codec.w3c.W3CHttpResponseCodec.decode(W3CHttpResponseCodec.java:53)
	at org.openqa.selenium.remote.HttpCommandExecutor.execute(HttpCommandExecutor.java:184)
	at org.openqa.selenium.remote.service.DriverCommandExecutor.invokeExecute(DriverCommandExecutor.java:164)
	at org.openqa.selenium.remote.service.DriverCommandExecutor.execute(DriverCommandExecutor.java:139)
	at org.openqa.selenium.remote.RemoteWebDriver.execute(RemoteWebDriver.java:559)
	at org.openqa.selenium.remote.RemoteWebElement.execute(RemoteWebElement.java:251)
	at org.openqa.selenium.remote.RemoteWebElement.click(RemoteWebElement.java:77)
	at org.openqa.selenium.support.pagefactory.internal.LocatingElementHandler.invoke(LocatingElementHandler.java:52)
	at jdk.proxy2/jdk.proxy2.$Proxy18.click(Unknown Source)
	at com.amt.testUtil.Click.on(Click.java:18)
	at com.amt.pages.Underwriting.find_underwriting_tab_decision_page(Underwriting.java:7698)
	at com.amt.test.LOU.LOU_broker_individual_hire_accept_flow_Test.UW4_verify_underwriting_proposal_page_flow(LOU_broker_individual_hire_accept_flow_Test.java:306)
	at java.base/java.util.ArrayList.forEach(ArrayList.java:1511)
... Removed 30 stack frames</pre></div><a href='#' onClick='toggleBox("stack-trace1762397235", this, "Click to show all stack frames", "Click to hide stack frames")'>Click to show all stack frames</a>
<div class='stack-trace' id='stack-trace1762397235'><pre>org.openqa.selenium.ElementClickInterceptedException: element click intercepted: Element &lt;p _ngcontent-bql-c26=&quot;&quot; style=&quot; border: 1px solid white;&quot;&gt;...&lt;/p&gt; is not clickable at point (484, 99). Other element would receive the click: &lt;ul _ngcontent-bql-c26=&quot;&quot; class=&quot;nav nav-pills&quot;&gt;...&lt;/ul&gt;
  (Session info: MicrosoftEdge=119.0.2151.93)
Build info: version: &apos;4.1.0&apos;, revision: &apos;87802e897b&apos;
System info: host: &apos;DSK-4052&apos;, ip: &apos;172.16.1.80&apos;, os.name: &apos;Windows 10&apos;, os.arch: &apos;amd64&apos;, os.version: &apos;10.0&apos;, java.version: &apos;19.0.1&apos;
Driver info: org.openqa.selenium.edge.EdgeDriver
Command: [d9c8abcc06756e2312e4f6ea51e58483, clickElement {id=F6D6B94EC729C1FCF5DC5BBDD5B89C97_element_3788}]
Capabilities {acceptInsecureCerts: false, browserName: msedge, browserVersion: 119.0.2151.93, fedcm:accounts: true, javascriptEnabled: true, ms:edgeOptions: {debuggerAddress: localhost:63457}, msedge: {msedgedriverVersion: 119.0.2151.44 (44557a29097a..., userDataDir: C:\Users\NITEIN~1.KUR\AppDa...}, networkConnectionEnabled: false, pageLoadStrategy: normal, platform: WINDOWS, platformName: WINDOWS, proxy: Proxy(), se:cdp: ws://localhost:63457/devtoo..., se:cdpVersion: 119.0.2151.93, setWindowRect: true, strictFileInteractability: false, timeouts: {implicit: 0, pageLoad: 300000, script: 30000}, unhandledPromptBehavior: dismiss and notify, webauthn:extension:credBlob: true, webauthn:extension:largeBlob: true, webauthn:extension:minPinLength: true, webauthn:extension:prf: true, webauthn:virtualAuthenticators: true}
Element: [[EdgeDriver: msedge on WINDOWS (d9c8abcc06756e2312e4f6ea51e58483)] -&gt; xpath: (//p[normalize-space()=&apos;Decision&apos;])[1]]
Session ID: d9c8abcc06756e2312e4f6ea51e58483
	at java.base/jdk.internal.reflect.DirectConstructorHandleAccessor.newInstance(DirectConstructorHandleAccessor.java:67)
	at java.base/java.lang.reflect.Constructor.newInstanceWithCaller(Constructor.java:500)
	at java.base/java.lang.reflect.Constructor.newInstance(Constructor.java:484)
	at org.openqa.selenium.remote.codec.w3c.W3CHttpResponseCodec.createException(W3CHttpResponseCodec.java:200)
	at org.openqa.selenium.remote.codec.w3c.W3CHttpResponseCodec.decode(W3CHttpResponseCodec.java:133)
	at org.openqa.selenium.remote.codec.w3c.W3CHttpResponseCodec.decode(W3CHttpResponseCodec.java:53)
	at org.openqa.selenium.remote.HttpCommandExecutor.execute(HttpCommandExecutor.java:184)
	at org.openqa.selenium.remote.service.DriverCommandExecutor.invokeExecute(DriverCommandExecutor.java:164)
	at org.openqa.selenium.remote.service.DriverCommandExecutor.execute(DriverCommandExecutor.java:139)
	at org.openqa.selenium.remote.RemoteWebDriver.execute(RemoteWebDriver.java:559)
	at org.openqa.selenium.remote.RemoteWebElement.execute(RemoteWebElement.java:251)
	at org.openqa.selenium.remote.RemoteWebElement.click(RemoteWebElement.java:77)
	at java.base/jdk.internal.reflect.DirectMethodHandleAccessor.invoke(DirectMethodHandleAccessor.java:104)
	at java.base/java.lang.reflect.Method.invoke(Method.java:578)
	at org.openqa.selenium.support.pagefactory.internal.LocatingElementHandler.invoke(LocatingElementHandler.java:52)
	at jdk.proxy2/jdk.proxy2.$Proxy18.click(Unknown Source)
	at com.amt.testUtil.Click.on(Click.java:18)
	at com.amt.pages.Underwriting.find_underwriting_tab_decision_page(Underwriting.java:7698)
	at com.amt.test.LOU.LOU_broker_individual_hire_accept_flow_Test.UW4_verify_underwriting_proposal_page_flow(LOU_broker_individual_hire_accept_flow_Test.java:306)
	at java.base/jdk.internal.reflect.DirectMethodHandleAccessor.invoke(DirectMethodHandleAccessor.java:104)
	at java.base/java.lang.reflect.Method.invoke(Method.java:578)
	at org.testng.internal.MethodInvocationHelper.invokeMethod(MethodInvocationHelper.java:133)
	at org.testng.internal.TestInvoker.invokeMethod(TestInvoker.java:598)
	at org.testng.internal.TestInvoker.invokeTestMethod(TestInvoker.java:173)
	at org.testng.internal.MethodRunner.runInSequence(MethodRunner.java:46)
	at org.testng.internal.TestInvoker$MethodInvocationAgent.invoke(TestInvoker.java:824)
	at org.testng.internal.TestInvoker.invokeTestMethods(TestInvoker.java:146)
	at org.testng.internal.TestMethodWorker.invokeTestMethods(TestMethodWorker.java:146)
	at org.testng.internal.TestMethodWorker.run(TestMethodWorker.java:128)
	at java.base/java.util.ArrayList.forEach(ArrayList.java:1511)
	at org.testng.TestRunner.privateRun(TestRunner.java:794)
	at org.testng.TestRunner.run(TestRunner.java:596)
	at org.testng.SuiteRunner.runTest(SuiteRunner.java:377)
	at org.testng.SuiteRunner.runSequentially(SuiteRunner.java:371)
	at org.testng.SuiteRunner.privateRun(SuiteRunner.java:332)
	at org.testng.SuiteRunner.run(SuiteRunner.java:276)
	at org.testng.SuiteRunnerWorker.runSuite(SuiteRunnerWorker.java:53)
	at org.testng.SuiteRunnerWorker.run(SuiteRunnerWorker.java:96)
	at org.testng.TestNG.runSuitesSequentially(TestNG.java:1212)
	at org.testng.TestNG.runSuitesLocally(TestNG.java:1134)
	at org.testng.TestNG.runSuites(TestNG.java:1063)
	at org.testng.TestNG.run(TestNG.java:1031)
	at org.testng.remote.AbstractRemoteTestNG.run(AbstractRemoteTestNG.java:115)
	at org.testng.remote.RemoteTestNG.initAndRun(RemoteTestNG.java:251)
	at org.testng.remote.RemoteTestNG.main(RemoteTestNG.java:77)
</pre></div></td>
<td>27</td>
<td>com.amt.test.LOU.LOU_broker_individual_hire_accept_flow_Test@3c77d488</td></tr>
</table><p>
<table width='100%' border='1' class='invocation-passed'>
<tr><td colspan='4' align='center'><b>PASSED TESTS</b></td></tr>
<tr><td><b>Test method</b></td>
<td width="30%"><b>Exception</b></td>
<td width="10%"><b>Time (seconds)</b></td>
<td><b>Instance</b></td>
</tr>
<tr>
<td title='com.amt.test.LOU.LOU_broker_individual_hire_accept_flow_Test.L4_verify_current_status_on_opportunity_page_before_sending_to_proposal_for_broker_individual_flow()'><b>L4_verify_current_status_on_opportunity_page_before_sending_to_proposal_for_broker_individual_flow</b><br>Test class: com.amt.test.LOU.LOU_broker_individual_hire_accept_flow_Test<br/>
<a href="#Output-1102511255" onClick='toggleBox("Output-1102511255", this, "Show output", "Hide output");'>Show output</a>

<a href="#Output-1102511255" onClick="toggleAllBoxes();">Show all outputs</a>
<div class='log' id="Output-1102511255">
<b>Current Status of Opportunity Status value is = Open</b> <br /><br/>
<b>Current Status of Proposal value is = Proposal Required</b> <br /><br/>
<b>Current Status of Channel value is =  Draft</b> <br /><br/>
<b>Current Status of  Quote ref is = Draft</b> <br /><br/>
<b>Status Verified : Before sending the proposal</b> <br /><br/>
</div>
</td>
<td></td>
<td>0</td>
<td>com.amt.test.LOU.LOU_broker_individual_hire_accept_flow_Test@3c77d488</td></tr>
<tr>
<td title='com.amt.test.LOU.LOU_broker_individual_hire_accept_flow_Test.broker_business_sending_contract()'><b>broker_business_sending_contract</b><br>Test class: com.amt.test.LOU.LOU_broker_individual_hire_accept_flow_Test<br/>
<a href="#Output-912715812" onClick='toggleBox("Output-912715812", this, "Show output", "Hide output");'>Show output</a>

<a href="#Output-912715812" onClick="toggleAllBoxes();">Show all outputs</a>
<div class='log' id="Output-912715812">
<b>click on Send_Contract icon</b> <br /><br/>
<b>Current Status of Proposal value is = Proposal Received</b> <br /><br/>
<b>Current Status of Channel value is =  Sent to customer</b> <br /><br/>
<b>Current Status of  Quote ref is = Sent to customer</b> <br /><br/>
<b>Status Verified : Sent to customer</b> <br /><br/>
</div>
</td>
<td></td>
<td>31</td>
<td>com.amt.test.LOU.LOU_broker_individual_hire_accept_flow_Test@3c77d488</td></tr>
<tr>
<td title='com.amt.test.broker.Acquisition_Quotes_Broker_PCH_without_maintenance_Test.aquisition_quotes_user_flow_broker_pch_OTR_calculations_without_maintenance_test()'><b>aquisition_quotes_user_flow_broker_pch_OTR_calculations_without_maintenance_test</b><br>Test class: com.amt.test.broker.Acquisition_Quotes_Broker_PCH_without_maintenance_Test<br>Parameters: AUDI, A7, REF001, 05/12/23, 12, 5000, 1000, 2000, 2, 5, 1000, 600, 200, 500, Formula1-PCH<br/>
<a href="#Output-847372226" onClick='toggleBox("Output-847372226", this, "Show output", "Hide output");'>Show output</a>

<a href="#Output-847372226" onClick="toggleAllBoxes();">Show all outputs</a>
<div class='log' id="Output-847372226">
<b>Clicked on Quote button </b> <br /><br/>
<b>Manufacture =AUDI has been selected</b> <br /><br/>
<b>Model range =A7 has been selected</b> <br /><br/>
<b>Vehicle has been selected</b> <br /><br/>
<b>Paint option has been selected</b> <br /><br/>
<b>Interior option has been selected</b> <br /><br/>
<b>Acquisition Contract type option selected = Broker </b> <br /><br/>
<b>Customer Contract type option selected = Personal Contract Hire(PCH)</b> <br /><br/>
<b>Getting Basic Price- Vehicle value is  =44854.17</b> <br /><br/>
<b>Getting Basic Price - Paint  value is  =0.00</b> <br /><br/>
<b>Getting  Basic Price - Options value is   =833.33</b> <br /><br/>
<b>Getting Discount- Vehicle value is  =0.00</b> <br /><br/>
<b>Getting   Discount - Paint value is   =0.00</b> <br /><br/>
<b>Getting  Discount- Options value is   =0.00</b> <br /><br/>
<b>Getting Additional Discount- Vehicle value is  =0.00</b> <br /><br/>
<b>Getting  Additional Discount - paint value is  =0.00</b> <br /><br/>
<b>Getting  Additional Discount - Options value is  =0.00</b> <br /><br/>
<b>Writing OTR table values to excel sheet -Started </b> <br /><br/>
<b>Writing OTR table values to excel sheet -Completed </b> <br /><br/>
<b>Reading Subtotal After Discount from excel sheet -Started </b> <br /><br/>
<b>Reading Subtotal After Discount from excel sheet -Started </b> <br /><br/>
<b>Subtotal After Discount from excel sheet is =45687.5</b> <br /><br/>
<b>Subtotal after discount actual value from screen =Â£ 45,687.50</b> <br /><br/>
</div>
</td>
<td></td>
<td>114</td>
<td>com.amt.test.broker.Acquisition_Quotes_Broker_PCH_without_maintenance_Test@60099951</td></tr>
<tr>
<td title='com.amt.test.LOU.LOU_broker_individual_hire_accept_flow_Test.L1_create_lead_for_broker_individual()'><b>L1_create_lead_for_broker_individual</b><br>Test class: com.amt.test.LOU.LOU_broker_individual_hire_accept_flow_Test<br/>
<a href="#Output-24077868" onClick='toggleBox("Output-24077868", this, "Show output", "Hide output");'>Show output</a>

<a href="#Output-24077868" onClick="toggleAllBoxes();">Show all outputs</a>
<div class='log' id="Output-24077868">
<b>Clicked on Leads on Side Menu</b> <br /><br/>
<b>Clicked on add lead</b> <br /><br/>
<b>Lead is assigned</b> <br /><br/>
<b>Added data in General Notes</b> <br /><br/>
<b>Customer type - Individual selected</b> <br /><br/>
<b>Clicked on Add new vehicle request</b> <br /><br/>
<b>Clicked on broker channel</b> <br /><br/>
<b>Vehicle request for broker has been saved</b> <br /><br/>
<b>Click on Map New Quote icon</b> <br /><br/>
<b>Click on acquisition contract type icon</b> <br /><br/>
<b>Click on customer contract type icon</b> <br /><br/>
<b>Click on search button</b> <br /><br/>
<b>Click on created date button 1st </b> <br /><br/>
<b>Click on created date button 2nd</b> <br /><br/>
<b>New Quote has been mapped with lead</b> <br /><br/>
<b>click ok button on Map  new quote </b> <br /><br/>
<b></b> <br /><br/>
<b>Started Verifying Table values</b> <br /><br/>
<b></b> <br /><br/>
<b>CVY65071 = CVY65071</b> <br /><br/>
<b>Quote no. compared and found ok</b> <br /><br/>
<b></b> <br /><br/>
<b>AUDI A7 DIESEL SPORTBACK (2018 - Current) 40 TDI Quattro S Line 5dr S Tronic = AUDI A7 DIESEL SPORTBACK (2018 - Current) 40 TDI Quattro S Line 5dr S Tronic</b> <br /><br/>
<b>Vehicle name compared and found ok</b> <br /><br/>
<b></b> <br /><br/>
<b>Personal Contract Hire = Personal Contract Hire</b> <br /><br/>
<b>Contract type compared and found ok</b> <br /><br/>
<b></b> <br /><br/>
<b>2000.0 = 2000.0</b> <br /><br/>
<b>Monthly finance rental compared and found ok</b> <br /><br/>
<b></b> <br /><br/>
<b>5000.0 = 5000.0</b> <br /><br/>
<b>Mileage compared and found ok</b> <br /><br/>
<b></b> <br /><br/>
<b>13.0 = 13.0</b> <br /><br/>
<b>Terms compared and found ok</b> <br /><br/>
<b></b> <br /><br/>
<b>05/12/2023 != 04/12/2023</b> <br /><br/>
<b>Expiry date compared but found not ok</b> <br /><br/>
<b>Click on Lead save and Convert button</b> <br /><br/>
<b></b> <br /><br/>
<b>Started Verifying Table values</b> <br /><br/>
<b></b> <br /><br/>
<b>CVY65071 = CVY65071</b> <br /><br/>
<b>Quote no. compared and found ok</b> <br /><br/>
<b></b> <br /><br/>
<b>AUDI A7 DIESEL SPORTBACK (2018 - Current) 40 TDI Quattro S Line 5dr S Tronic = AUDI A7 DIESEL SPORTBACK (2018 - Current) 40 TDI Quattro S Line 5dr S Tronic</b> <br /><br/>
<b>Vehicle name compared and found ok</b> <br /><br/>
<b></b> <br /><br/>
<b>Personal Contract Hire = Personal Contract Hire</b> <br /><br/>
<b>Contract type compared and found ok</b> <br /><br/>
<b></b> <br /><br/>
<b>2000.0 = 2000.0</b> <br /><br/>
<b>Monthly finance rental compared and found ok</b> <br /><br/>
<b></b> <br /><br/>
<b>5000.0 = 5000.0</b> <br /><br/>
<b>Mileage compared and found ok</b> <br /><br/>
<b></b> <br /><br/>
<b>13.0 = 13.0</b> <br /><br/>
<b>Terms compared and found ok</b> <br /><br/>
<b></b> <br /><br/>
<b>05/12/2023 != 04/12/2023</b> <br /><br/>
<b>Expiry date compared but found not ok</b> <br /><br/>
<b></b> <br /><br/>
<b>In Lead created Opportunity Id is =OE-9883</b> <br /><br/>
<b></b> <br /><br/>
</div>
</td>
<td></td>
<td>100</td>
<td>com.amt.test.LOU.LOU_broker_individual_hire_accept_flow_Test@3c77d488</td></tr>
<tr>
<td title='com.amt.test.broker.Acquisition_Quotes_Broker_PCH_without_maintenance_Test.aquisition_quotes_user_flow_broker_pch_funder_quote_addition_without_maintenance_test()'><b>aquisition_quotes_user_flow_broker_pch_funder_quote_addition_without_maintenance_test</b><br>Test class: com.amt.test.broker.Acquisition_Quotes_Broker_PCH_without_maintenance_Test<br>Parameters: AUDI, A7, REF001, 05/12/23, 12, 5000, 1000, 2000, 2, 5, 1000, 600, 200, 500, Formula1-PCH<br/>
<a href="#Output-770453835" onClick='toggleBox("Output-770453835", this, "Show output", "Hide output");'>Show output</a>

<a href="#Output-770453835" onClick="toggleAllBoxes();">Show all outputs</a>
<div class='log' id="Output-770453835">
<b>Funder quote added successfully</b> <br /><br/>
</div>
</td>
<td></td>
<td>16</td>
<td>com.amt.test.broker.Acquisition_Quotes_Broker_PCH_without_maintenance_Test@60099951</td></tr>
<tr>
<td title='com.amt.test.LOU.LOU_broker_individual_hire_accept_flow_Test.L8_ownbook_signed_contract_status_with_api_call()'><b>L8_ownbook_signed_contract_status_with_api_call</b><br>Test class: com.amt.test.LOU.LOU_broker_individual_hire_accept_flow_Test<br/>
<a href="#Output-1252878244" onClick='toggleBox("Output-1252878244", this, "Show output", "Hide output");'>Show output</a>

<a href="#Output-1252878244" onClick="toggleAllBoxes();">Show all outputs</a>
<div class='log' id="Output-1252878244">
<b>Status code 200 received </b> <br /><br/>
<b>Enter the Opportunity id in Search Text box</b> <br /><br/>
</div>
</td>
<td></td>
<td>27</td>
<td>com.amt.test.LOU.LOU_broker_individual_hire_accept_flow_Test@3c77d488</td></tr>
<tr>
<td title='com.amt.test.LOU.LOU_broker_individual_hire_accept_flow_Test.UW3_verify_underwriting_lisitig_page()'><b>UW3_verify_underwriting_lisitig_page</b><br>Test class: com.amt.test.LOU.LOU_broker_individual_hire_accept_flow_Test<br/>
<a href="#Output-1737047042" onClick='toggleBox("Output-1737047042", this, "Show output", "Hide output");'>Show output</a>

<a href="#Output-1737047042" onClick="toggleAllBoxes();">Show all outputs</a>
<div class='log' id="Output-1737047042">
<b>Click on Underwriting menu_link </b> <br /><br/>
<b>Click on Underwriting - broker tab </b> <br /><br/>
<b>Click on Search text box - broker tab</b> <br /><br/>
<b>Getting the  proposal id from excel sheet =DCZ8943</b> <br /><br/>
<b>Enter the proposal in search text box =DCZ8943</b> <br /><br/>
</div>
</td>
<td></td>
<td>13</td>
<td>com.amt.test.LOU.LOU_broker_individual_hire_accept_flow_Test@3c77d488</td></tr>
<tr>
<td title='com.amt.test.LOU.LOU_broker_individual_hire_accept_flow_Test.L3_verify_table_values_on_opportunity_page_before_sending_proposal()'><b>L3_verify_table_values_on_opportunity_page_before_sending_proposal</b><br>Test class: com.amt.test.LOU.LOU_broker_individual_hire_accept_flow_Test<br/>
<a href="#Output-1191201356" onClick='toggleBox("Output-1191201356", this, "Show output", "Hide output");'>Show output</a>

<a href="#Output-1191201356" onClick="toggleAllBoxes();">Show all outputs</a>
<div class='log' id="Output-1191201356">
<b></b> <br /><br/>
<b>Started Verifying Table values</b> <br /><br/>
<b></b> <br /><br/>
<b>CVY65071 = CVY65071</b> <br /><br/>
<b>Quote no. compared and found ok</b> <br /><br/>
<b></b> <br /><br/>
<b>AUDI A7 DIESEL SPORTBACK (2018 - Current) 40 TDI Quattro S Line 5dr S Tronic = AUDI A7 DIESEL SPORTBACK (2018 - Current) 40 TDI Quattro S Line 5dr S Tronic</b> <br /><br/>
<b>Vehicle name compared and found ok</b> <br /><br/>
<b></b> <br /><br/>
<b>Personal Contract Hire = Personal Contract Hire</b> <br /><br/>
<b>Contract type compared and found ok</b> <br /><br/>
<b></b> <br /><br/>
<b>2000.0 = 2000.0</b> <br /><br/>
<b>Monthly finance rental compared and found ok</b> <br /><br/>
<b></b> <br /><br/>
<b>5000.0 = 5000.0</b> <br /><br/>
<b>Mileage compared and found ok</b> <br /><br/>
<b></b> <br /><br/>
<b>13.0 = 13.0</b> <br /><br/>
<b>Terms compared and found ok</b> <br /><br/>
<b></b> <br /><br/>
<b>05/12/2023 != 04/12/2023</b> <br /><br/>
<b>Expiry date compared but found not ok</b> <br /><br/>
<b></b> <br /><br/>
<b>Table values verified Successfully</b> <br /><br/>
</div>
</td>
<td></td>
<td>4</td>
<td>com.amt.test.LOU.LOU_broker_individual_hire_accept_flow_Test@3c77d488</td></tr>
<tr>
<td title='com.amt.test.broker.Acquisition_Quotes_Broker_PCH_without_maintenance_Test.aquisition_quotes_user_flow_broker_pch_after_discount_calculations_without_maintenance_test()'><b>aquisition_quotes_user_flow_broker_pch_after_discount_calculations_without_maintenance_test</b><br>Test class: com.amt.test.broker.Acquisition_Quotes_Broker_PCH_without_maintenance_Test<br>Parameters: AUDI, A7, REF001, 05/12/23, 12, 5000, 1000, 2000, 2, 5, 1000, 600, 200, 500, Formula1-PCH<br/>
<a href="#Output-1886980948" onClick='toggleBox("Output-1886980948", this, "Show output", "Hide output");'>Show output</a>

<a href="#Output-1886980948" onClick="toggleAllBoxes();">Show all outputs</a>
<div class='log' id="Output-1886980948">
<b>*********Calculations for On Road Price has been started***********</b> <br /><br/>
<b>Started getting On screen values from after discount table </b> <br /><br/>
<b>Manufacture_delivery_charges =550.0</b> <br /><br/>
<b>Road_tax_first_year =585.0</b> <br /><br/>
<b>First_registration_fee =65.0</b> <br /><br/>
<b>Rebate =0.0</b> <br /><br/>
<b>Writing After discount values to excel has been started</b> <br /><br/>
<b>Writing After discount values to excel has been completed</b> <br /><br/>
<b>Reading On Road Price for invoice from excel has been Started</b> <br /><br/>
<b>Reading On Road Price for invoice from excel has been completed</b> <br /><br/>
<b>Expected on the road price from excel is =56135.0</b> <br /><br/>
<b>Actual on the road price from screen is =56135.00</b> <br /><br/>
</div>
</td>
<td></td>
<td>4</td>
<td>com.amt.test.broker.Acquisition_Quotes_Broker_PCH_without_maintenance_Test@60099951</td></tr>
<tr>
<td title='com.amt.test.LOU.LOU_broker_individual_hire_accept_flow_Test.UW1_verify_underwriting_flow_ownbook_with_status()'><b>UW1_verify_underwriting_flow_ownbook_with_status</b><br>Test class: com.amt.test.LOU.LOU_broker_individual_hire_accept_flow_Test<br/>
<a href="#Output-784890726" onClick='toggleBox("Output-784890726", this, "Show output", "Hide output");'>Show output</a>

<a href="#Output-784890726" onClick="toggleAllBoxes();">Show all outputs</a>
<div class='log' id="Output-784890726">
<b> Underwriting icon is available </b> <br /><br/>
<b>Underwriting pop up -quote ref no => Quote reference no.:
CVY65071</b> <br /><br/>
<b>Underwriting Popup Proposal Id is =DCZ8943</b> <br /><br/>
<b></b> <br /><br/>
<b>Started Verifying Summary values</b> <br /><br/>
<b></b> <br /><br/>
<b>Quote reference no.:
CVY65071 != CVY65071</b> <br /><br/>
<b>Quote no. compared but found not ok</b> <br /><br/>
<b></b> <br /><br/>
<b>AUDI A7 DIESEL SPORTBACK (2018 - Current) 40 TDI Quattro S Line 5dr S Tronic = AUDI A7 DIESEL SPORTBACK (2018 - Current) 40 TDI Quattro S Line 5dr S Tronic</b> <br /><br/>
<b>Vehicle name compared and found ok</b> <br /><br/>
<b></b> <br /><br/>
<b>Personal Contract Hire = Personal Contract Hire</b> <br /><br/>
<b>Contract type compared and found ok</b> <br /><br/>
<b></b> <br /><br/>
<b>2000.0 = 2000.0</b> <br /><br/>
<b>Monthly finance rental compared and found ok</b> <br /><br/>
<b></b> <br /><br/>
<b>5000.0 = 5000.0</b> <br /><br/>
<b>Mileage compared and found ok</b> <br /><br/>
<b></b> <br /><br/>
<b>13.0 = 13.0</b> <br /><br/>
<b>Terms compared and found ok</b> <br /><br/>
<b></b> <br /><br/>
<b>04/12/2023 = 04/12/2023</b> <br /><br/>
<b>Expiry date compared and found ok</b> <br /><br/>
<b></b> <br /><br/>
<b>Popular Fiat = Popular Fiat</b> <br /><br/>
<b>Funder name compared and found ok</b> <br /><br/>
<b></b> <br /><br/>
<b>REF001 = REF001</b> <br /><br/>
<b>Funder quote ref no. compared and found ok</b> <br /><br/>
<b></b> <br /><br/>
<b>Monthly in advance = Monthly in advance</b> <br /><br/>
<b>Payment profile compared and found ok</b> <br /><br/>
<b></b> <br /><br/>
<b>5417.0 = 5417.0</b> <br /><br/>
<b>Contract mileage compared and found ok</b> <br /><br/>
<b></b> <br /><br/>
<b>2000.0 = 2000.0</b> <br /><br/>
<b>Initial finance rental compared and found ok</b> <br /><br/>
<b></b> <br /><br/>
<b>2.00 p = 2.00 p</b> <br /><br/>
<b>Pense per excess mile finance compared and found ok</b> <br /><br/>
<b></b> <br /><br/>
<b>5.0 = 5.0</b> <br /><br/>
<b>commission compared and found ok</b> <br /><br/>
<b>click on underwriting_send_for_underwriting  button </b> <br /><br/>
</div>
</td>
<td></td>
<td>21</td>
<td>com.amt.test.LOU.LOU_broker_individual_hire_accept_flow_Test@3c77d488</td></tr>
<tr>
<td title='com.amt.test.LOU.LOU_broker_individual_hire_accept_flow_Test.L2_broker_individual_current_status_before_sending_to_proposal()'><b>L2_broker_individual_current_status_before_sending_to_proposal</b><br>Test class: com.amt.test.LOU.LOU_broker_individual_hire_accept_flow_Test<br/>
<a href="#Output-679416299" onClick='toggleBox("Output-679416299", this, "Show output", "Hide output");'>Show output</a>

<a href="#Output-679416299" onClick="toggleAllBoxes();">Show all outputs</a>
<div class='log' id="Output-679416299">
<b>Clicked on Opportunity link from Menu </b> <br /><br/>
<b>Enter the Opportunity id in Search Text box</b> <br /><br/>
<b>Current Status of Opportunity Status value is = Open</b> <br /><br/>
<b>Current Status of Proposal value is = Proposal Required</b> <br /><br/>
<b>Current Status of Channel value is =  Draft</b> <br /><br/>
<b>Current Status of  Quote ref is = Draft</b> <br /><br/>
<b>Status Verified : Before sending the proposal</b> <br /><br/>
</div>
</td>
<td></td>
<td>13</td>
<td>com.amt.test.LOU.LOU_broker_individual_hire_accept_flow_Test@3c77d488</td></tr>
<tr>
<td title='com.amt.test.LOU.LOU_broker_individual_hire_accept_flow_Test.L9_verify_status_after_contract_signed()'><b>L9_verify_status_after_contract_signed</b><br>Test class: com.amt.test.LOU.LOU_broker_individual_hire_accept_flow_Test<br/>
<a href="#Output-969886199" onClick='toggleBox("Output-969886199", this, "Show output", "Hide output");'>Show output</a>

<a href="#Output-969886199" onClick="toggleAllBoxes();">Show all outputs</a>
<div class='log' id="Output-969886199">
<b>Current Status of Proposal value is = Proposal Received</b> <br /><br/>
<b>Current Status of Channel value is =  Contract signed</b> <br /><br/>
<b>Current Status of  Quote ref is = Contract signed</b> <br /><br/>
<b>Status Verified : Contract Signed </b> <br /><br/>
</div>
</td>
<td></td>
<td>8</td>
<td>com.amt.test.LOU.LOU_broker_individual_hire_accept_flow_Test@3c77d488</td></tr>
<tr>
<td title='com.amt.test.LOU.LOU_broker_individual_hire_accept_flow_Test.UW2_verify_status_after_sending_to_underwriting()'><b>UW2_verify_status_after_sending_to_underwriting</b><br>Test class: com.amt.test.LOU.LOU_broker_individual_hire_accept_flow_Test<br/>
<a href="#Output-181450504" onClick='toggleBox("Output-181450504", this, "Show output", "Hide output");'>Show output</a>

<a href="#Output-181450504" onClick="toggleAllBoxes();">Show all outputs</a>
<div class='log' id="Output-181450504">
<b>Current Status of Proposal value is = Proposal Received</b> <br /><br/>
<b>Current Status of Channel value is =  Awaiting underwriting</b> <br /><br/>
<b>Current Status of  Quote ref is = Awaiting underwriting</b> <br /><br/>
<b>Status Verified : Awaiting Underwriting </b> <br /><br/>
</div>
</td>
<td></td>
<td>1</td>
<td>com.amt.test.LOU.LOU_broker_individual_hire_accept_flow_Test@3c77d488</td></tr>
<tr>
<td title='com.amt.test.LOU.LOU_broker_individual_hire_accept_flow_Test.L5_adding_proposal_on_opportunity_page_broker_individual_flow()'><b>L5_adding_proposal_on_opportunity_page_broker_individual_flow</b><br>Test class: com.amt.test.LOU.LOU_broker_individual_hire_accept_flow_Test<br/>
<a href="#Output-757103481" onClick='toggleBox("Output-757103481", this, "Show output", "Hide output");'>Show output</a>

<a href="#Output-757103481" onClick="toggleAllBoxes();">Show all outputs</a>
<div class='log' id="Output-757103481">
<b>click on Proposal icon</b> <br /><br/>
<b>Send proposal to customer pop up  will open</b> <br /><br/>
<b>Click on Manual fill radio button - Yes</b> <br /><br/>
<b>Click on manually submit behalf of customer link</b> <br /><br/>
<b></b> <br /><br/>
<b>Proposal Received Successfully</b> <br /><br/>
</div>
</td>
<td></td>
<td>52</td>
<td>com.amt.test.LOU.LOU_broker_individual_hire_accept_flow_Test@3c77d488</td></tr>
<tr>
<td title='com.amt.test.broker.Acquisition_Quotes_Broker_PCH_without_maintenance_Test.aquisition_quotes_user_flow_broker_pch_quote_summary_values_verification_without_maintenance_test()'><b>aquisition_quotes_user_flow_broker_pch_quote_summary_values_verification_without_maintenance_test</b><br>Test class: com.amt.test.broker.Acquisition_Quotes_Broker_PCH_without_maintenance_Test<br>Parameters: AUDI, A7, REF001, 05/12/23, 12, 5000, 1000, 2000, 2, 5, 1000, 600, 200, 500, Formula1-PCH<br/>
<a href="#Output-653970144" onClick='toggleBox("Output-653970144", this, "Show output", "Hide output");'>Show output</a>

<a href="#Output-653970144" onClick="toggleAllBoxes();">Show all outputs</a>
<div class='log' id="Output-653970144">
<b>*************Calculations for Quote Summary page gas been started************</b> <br /><br/>
<b>Quote Summary Data collected and sent to Quote save Excel</b> <br /><br/>
</div>
</td>
<td></td>
<td>25</td>
<td>com.amt.test.broker.Acquisition_Quotes_Broker_PCH_without_maintenance_Test@60099951</td></tr>
<tr>
<td title='com.amt.test.LOU.LOU_broker_individual_hire_accept_flow_Test.L6_verify_current_status_on_opportunity_page_after_sending_to_proposal_for_broker_individual_flow()'><b>L6_verify_current_status_on_opportunity_page_after_sending_to_proposal_for_broker_individual_flow</b><br>Test class: com.amt.test.LOU.LOU_broker_individual_hire_accept_flow_Test<br/>
<a href="#Output-1109943158" onClick='toggleBox("Output-1109943158", this, "Show output", "Hide output");'>Show output</a>

<a href="#Output-1109943158" onClick="toggleAllBoxes();">Show all outputs</a>
<div class='log' id="Output-1109943158">
<b>Current Status of Opportunity Status value is = Open</b> <br /><br/>
<b>Current Status of Proposal value is = Proposal Received</b> <br /><br/>
<b>Current Status of Channel value is =  Draft</b> <br /><br/>
<b>Current Status of  Quote ref is = Draft</b> <br /><br/>
<b>Status Verified : After sending the proposal</b> <br /><br/>
</div>
</td>
<td></td>
<td>0</td>
<td>com.amt.test.LOU.LOU_broker_individual_hire_accept_flow_Test@3c77d488</td></tr>
</table><p>
</body>
</html>