<?xml version="1.0" encoding="UTF-8"?>
<!-- Generated by org.testng.reporters.JUnitXMLReporter -->
<testsuite ignored="1" hostname="DSK-4052" failures="1" tests="19" name="Broker Business purchase LOU accept flow" time="650.352" errors="0" timestamp="2024-01-03T20:00:13 IST">
  <testcase classname="com.amt.test.broker.Acquisition_Quotes_Broker_HPNR_Test" name="aquisition_quotes_user_flow_broker_HPNR_OTR_calculation_test" time="95.924"/>
  <testcase classname="com.amt.test.broker.Acquisition_Quotes_Broker_HPNR_Test" name="aquisition_quotes_user_flow_broker_HPNR_after_discount_calculations_test" time="7.288"/>
  <testcase classname="com.amt.test.broker.Acquisition_Quotes_Broker_HPNR_Test" name="aquisition_quotes_user_flow_broker_HPNR_vehicle_profit_check_test" time="11.498"/>
  <testcase classname="com.amt.test.broker.Acquisition_Quotes_Broker_HPNR_Test" name="aquisition_quotes_user_flow_broker_HPNR_balance_to_finance_check_test" time="36.002"/>
  <testcase classname="com.amt.test.broker.Acquisition_Quotes_Broker_HPNR_Test" name="aquisition_quotes_user_flow_broker_HPNR_quote_summary_values_verification_test" time="21.449"/>
  <testcase classname="com.amt.test.LOU.LOU_broker_business_purchase_accept_flow_Test" name="L1_broker_create_lead_business" time="128.259"/>
  <testcase classname="com.amt.test.LOU.LOU_broker_business_purchase_accept_flow_Test" name="L2_broker_business_current_status_before_sending_to_proposal" time="20.607"/>
  <testcase classname="com.amt.test.LOU.LOU_broker_business_purchase_accept_flow_Test" name="L3_verify_table_values_on_opportunity_page_before_sending_proposal" time="4.042"/>
  <testcase classname="com.amt.test.LOU.LOU_broker_business_purchase_accept_flow_Test" name="L4_adding_proposal_on_opportunity_page_broker_business_flow" time="63.398"/>
  <testcase classname="com.amt.test.LOU.LOU_broker_business_purchase_accept_flow_Test" name="L5_verify_current_status_on_opportunity_page_after_sending_to_proposal_for_broker_business_flow" time="0.278"/>
  <testcase classname="com.amt.test.LOU.LOU_broker_business_purchase_accept_flow_Test" name="L6_broker_create_opportunity_business_sending_to_contract" time="16.769"/>
  <testcase classname="com.amt.test.LOU.LOU_broker_business_purchase_accept_flow_Test" name="L7_verify_current_status_on_opportunity_page_after_sending_contract_for_broker_business_flow" time="4.225"/>
  <testcase classname="com.amt.test.LOU.LOU_broker_business_purchase_accept_flow_Test" name="L8_verify_signed_contract_status_with_api_call" time="33.536"/>
  <testcase classname="com.amt.test.LOU.LOU_broker_business_purchase_accept_flow_Test" name="L9_verify_status_after_contract_signed" time="8.161"/>
  <testcase classname="com.amt.test.LOU.LOU_broker_business_purchase_accept_flow_Test" name="UW1_verify_underwriting_flow_ownbook_with_status" time="23.107"/>
  <testcase classname="com.amt.test.LOU.LOU_broker_business_purchase_accept_flow_Test" name="UW2_verify_status_after_sending_to_underwriting" time="1.114"/>
  <testcase classname="com.amt.test.LOU.LOU_broker_business_purchase_accept_flow_Test" name="UW3_verify_underwriting_lisitig_page" time="13.225"/>
  <testcase classname="com.amt.test.LOU.LOU_broker_business_purchase_accept_flow_Test" name="UW4_verify_underwriting_proposal_page_flow" time="26.834"/>
  <testcase classname="com.amt.test.LOU.LOU_broker_business_purchase_accept_flow_Test" name="UW5_verify_underwriting_proposal_decision_with_accept" time="74.883">
    <failure type="org.openqa.selenium.TimeoutException" message="Expected condition failed: waiting for visibility of Proxy element for: DefaultElementLocator &amp;apos;By.xpath: //*[@src=&amp;apos;/assets/images/view.svg&amp;apos;]&amp;apos; (tried for 60 second(s) with 500 milliseconds interval)">
      <![CDATA[org.openqa.selenium.TimeoutException: Expected condition failed: waiting for visibility of Proxy element for: DefaultElementLocator 'By.xpath: //*[@src='/assets/images/view.svg']' (tried for 60 second(s) with 500 milliseconds interval)
at org.openqa.selenium.support.ui.WebDriverWait.timeoutException(WebDriverWait.java:138)
at org.openqa.selenium.support.ui.FluentWait.until(FluentWait.java:231)
at com.amt.testUtil.ExplicitWait.visibleElement(ExplicitWait.java:24)
at com.amt.pages.Underwriting.verification_underwriting_tab_decision_page_view_icon(Underwriting.java:8316)
at com.amt.test.LOU.LOU_broker_business_purchase_accept_flow_Test.UW5_verify_underwriting_proposal_decision_with_accept(LOU_broker_business_purchase_accept_flow_Test.java:375)
at java.base/java.util.ArrayList.forEach(ArrayList.java:1511)
Caused by: org.openqa.selenium.NoSuchElementException: no such element: Unable to locate element: {"method":"xpath","selector":"//*[@src='/assets/images/view.svg']"}
  (Session info: MicrosoftEdge=120.0.2210.91)
For documentation on this error, please visit: https://www.selenium.dev/documentation/webdriver/troubleshooting/errors#no-such-element-exception
Build info: version: '4.10.0', revision: 'c14d967899'
System info: os.name: 'Windows 10', os.arch: 'amd64', os.version: '10.0', java.version: '19.0.1'
Driver info: org.openqa.selenium.edge.EdgeDriver
Command: [be921dc367f0a075be2106245ded9cc9, findElement {using=xpath, value=//*[@src='/assets/images/view.svg']}]
Capabilities {acceptInsecureCerts: false, browserName: msedge, browserVersion: 120.0.2210.91, fedcm:accounts: true, javascriptEnabled: true, ms:edgeOptions: {debuggerAddress: localhost:59409}, msedge: {msedgedriverVersion: 119.0.2151.44 (44557a29097a..., userDataDir: C:\Users\NITEIN~1.KUR\AppDa...}, networkConnectionEnabled: false, pageLoadStrategy: normal, platform: windows, platformName: windows, proxy: Proxy(), se:cdp: ws://localhost:59409/devtoo..., se:cdpVersion: 120.0.2210.91, setWindowRect: true, strictFileInteractability: false, timeouts: {implicit: 0, pageLoad: 300000, script: 30000}, unhandledPromptBehavior: dismiss and notify, webauthn:extension:credBlob: true, webauthn:extension:largeBlob: true, webauthn:extension:minPinLength: true, webauthn:extension:prf: true, webauthn:virtualAuthenticators: true}
Session ID: be921dc367f0a075be2106245ded9cc9
at org.openqa.selenium.remote.codec.w3c.W3CHttpResponseCodec.createException(W3CHttpResponseCodec.java:200)
at org.openqa.selenium.remote.codec.w3c.W3CHttpResponseCodec.decode(W3CHttpResponseCodec.java:133)
at org.openqa.selenium.remote.codec.w3c.W3CHttpResponseCodec.decode(W3CHttpResponseCodec.java:53)
at org.openqa.selenium.remote.HttpCommandExecutor.execute(HttpCommandExecutor.java:184)
at org.openqa.selenium.remote.service.DriverCommandExecutor.invokeExecute(DriverCommandExecutor.java:164)
at org.openqa.selenium.remote.service.DriverCommandExecutor.execute(DriverCommandExecutor.java:139)
at org.openqa.selenium.remote.RemoteWebDriver.execute(RemoteWebDriver.java:559)
at org.openqa.selenium.remote.ElementLocation$ElementFinder$2.findElement(ElementLocation.java:162)
at org.openqa.selenium.remote.ElementLocation.findElement(ElementLocation.java:60)
at org.openqa.selenium.remote.RemoteWebDriver.findElement(RemoteWebDriver.java:383)
at org.openqa.selenium.remote.RemoteWebDriver.findElement(RemoteWebDriver.java:375)
at org.openqa.selenium.support.pagefactory.DefaultElementLocator.findElement(DefaultElementLocator.java:70)
at org.openqa.selenium.support.pagefactory.internal.LocatingElementHandler.invoke(LocatingElementHandler.java:39)
at jdk.proxy2/jdk.proxy2.$Proxy18.isDisplayed(Unknown Source)
at org.openqa.selenium.support.ui.ExpectedConditions.elementIfVisible(ExpectedConditions.java:307)
at org.openqa.selenium.support.ui.ExpectedConditions.access$000(ExpectedConditions.java:40)
at org.openqa.selenium.support.ui.ExpectedConditions$10.apply(ExpectedConditions.java:293)
at org.openqa.selenium.support.ui.ExpectedConditions$10.apply(ExpectedConditions.java:290)
at org.openqa.selenium.support.ui.FluentWait.until(FluentWait.java:208)
... 29 more
... Removed 28 stack frames]]>
    </failure>
  </testcase> <!-- UW5_verify_underwriting_proposal_decision_with_accept -->
  <testcase classname="com.amt.testBase.TestBase" name="@BeforeTest start_info" time="0.0">
    <ignored/>
  </testcase> <!-- @BeforeTest start_info -->
</testsuite> <!-- Broker Business purchase LOU accept flow -->
