<?xml version="1.0" encoding="UTF-8"?>
<!-- Generated by org.testng.reporters.JUnitXMLReporter -->
<testsuite ignored="1" hostname="DSK-4052" failures="0" tests="19" name="Broker Business hire LOU accept flow" time="592.503" errors="0" timestamp="2024-01-03T19:48:17 IST">
  <testcase classname="com.amt.test.broker.Acquisition_Quotes_Broker_BCH_without_maintenance_Test" name="aquisition_quotes_user_flow_broker_bch_OTR_calculation_without_maintenance_test" time="107.496"/>
  <testcase classname="com.amt.test.broker.Acquisition_Quotes_Broker_BCH_without_maintenance_Test" name="aquisition_quotes_user_flow_broker_bch_after_discount_calculation_without_maintenance_test" time="5.134"/>
  <testcase classname="com.amt.test.broker.Acquisition_Quotes_Broker_BCH_without_maintenance_Test" name="aquisition_quotes_user_flow_broker_bch_funder_quote_addition_without_maintenance_test" time="16.583"/>
  <testcase classname="com.amt.test.broker.Acquisition_Quotes_Broker_BCH_without_maintenance_Test" name="aquisition_quotes_user_flow_broker_bch_quote_summary_values_verification_without_maintenance_test" time="22.34"/>
  <testcase classname="com.amt.test.LOU.LOU_broker_business_hire_accept_flow_Test" name="L1_create_lead_for_broker_business" time="129.663"/>
  <testcase classname="com.amt.test.LOU.LOU_broker_business_hire_accept_flow_Test" name="L2_broker_business_current_status_before_sending_to_proposal" time="13.671"/>
  <testcase classname="com.amt.test.LOU.LOU_broker_business_hire_accept_flow_Test" name="L3_verify_table_values_on_opportunity_page_before_sending_proposal" time="4.099"/>
  <testcase classname="com.amt.test.LOU.LOU_broker_business_hire_accept_flow_Test" name="L4_verify_current_status_on_opportunity_page_before_sending_to_proposal_for_broker_business_flow" time="0.121"/>
  <testcase classname="com.amt.test.LOU.LOU_broker_business_hire_accept_flow_Test" name="L5_adding_proposal_on_opportunity_page_broker_business_flow" time="65.785"/>
  <testcase classname="com.amt.test.LOU.LOU_broker_business_hire_accept_flow_Test" name="L6_verify_current_status_on_opportunity_page_after_sending_to_proposal_for_broker_business_flow" time="20.857"/>
  <testcase classname="com.amt.test.LOU.LOU_broker_business_hire_accept_flow_Test" name="broker_business_sending_contract" time="20.791"/>
  <testcase classname="com.amt.test.LOU.LOU_broker_business_hire_accept_flow_Test" name="L8_verify_current_status_on_opportunity_page_after_sending_contract_for_broker_business_flow" time="4.225"/>
  <testcase classname="com.amt.test.LOU.LOU_broker_business_hire_accept_flow_Test" name="L9_verify_signed_contract_status_with_api_call" time="22.479"/>
  <testcase classname="com.amt.test.LOU.LOU_broker_business_hire_accept_flow_Test" name="L10_verify_status_after_contract_signed" time="8.123"/>
  <testcase classname="com.amt.test.LOU.LOU_broker_business_hire_accept_flow_Test" name="UW1_verify_underwriting_flow_ownbook_with_status" time="21.993"/>
  <testcase classname="com.amt.test.LOU.LOU_broker_business_hire_accept_flow_Test" name="UW2_verify_status_after_sending_to_underwriting" time="1.108"/>
  <testcase classname="com.amt.test.LOU.LOU_broker_business_hire_accept_flow_Test" name="UW3_verify_underwriting_lisitig_page" time="13.116"/>
  <testcase classname="com.amt.test.LOU.LOU_broker_business_hire_accept_flow_Test" name="UW4_verify_underwriting_proposal_page_flow" time="26.284"/>
  <testcase classname="com.amt.test.LOU.LOU_broker_business_hire_accept_flow_Test" name="UW5_verify_underwriting_proposal_decision_with_accept" time="26.69"/>
  <testcase classname="com.amt.testBase.TestBase" name="@BeforeTest start_info" time="0.0">
    <ignored/>
  </testcase> <!-- @BeforeTest start_info -->
</testsuite> <!-- Broker Business hire LOU accept flow -->
