<?xml version="1.0" encoding="UTF-8"?>
<!-- Generated by org.testng.reporters.JUnitXMLReporter -->
<testsuite ignored="1" hostname="DSK-4052" failures="0" tests="26" name="Ownbook individual purchase flow with additional term and mileage - Accept Flow" time="1342.461" errors="0" timestamp="2024-01-03T19:34:52 IST">
  <testcase classname="com.amt.test.HPNR.Acquisition_Quotes_HPNR_PCP_without_maintenance_with_add_term_mileage_Test" name="aquisition_quotes_HPNR_PCP_OTR_calculation_without_maintenance_test" time="85.728"/>
  <testcase classname="com.amt.test.HPNR.Acquisition_Quotes_HPNR_PCP_without_maintenance_with_add_term_mileage_Test" name="aquisition_quotes_HPNR_PCP_after_discount_calculations_without_maintenance_test" time="5.35"/>
  <testcase classname="com.amt.test.HPNR.Acquisition_Quotes_HPNR_PCP_without_maintenance_with_add_term_mileage_Test" name="aquisition_quotes_HPNR_PCP_holding_cost_calculations_without_maintenance_test" time="58.078"/>
  <testcase classname="com.amt.test.HPNR.Acquisition_Quotes_HPNR_PCP_without_maintenance_with_add_term_mileage_Test" name="aquisition_quotes_HPNR_PCP_customer_quote_calculations_check_monthly_finance_payment_without_maintenance_test" time="85.13"/>
  <testcase classname="com.amt.test.HPNR.Acquisition_Quotes_HPNR_PCP_without_maintenance_with_add_term_mileage_Test" name="aquisition_quotes_HPNR_PCP_customer_quote_vehicle_profit_edit_check_without_maintenance_test" time="68.359"/>
  <testcase classname="com.amt.test.HPNR.Acquisition_Quotes_HPNR_PCP_without_maintenance_with_add_term_mileage_Test" name="aquisition_quotes_HPNR_PCP_customer_quote_part_exchange_value_edit_check_without_maintenance_test" time="65.459"/>
  <testcase classname="com.amt.test.HPNR.Acquisition_Quotes_HPNR_PCP_without_maintenance_with_add_term_mileage_Test" name="aquisition_quotes_HPNR_PCP_quote_summary_values_verification_without_maintenance_test" time="201.161"/>
  <testcase classname="com.amt.test.LOU.LOU_ownbook_individual_purchase_accept_with_changes_Test" name="L1_create_lead_convert_to_lead_for_ownbook_individual_flow" time="154.983"/>
  <testcase classname="com.amt.test.LOU.LOU_ownbook_individual_purchase_accept_with_changes_Test" name="L2_ownbook_individual_current_status_before_sending_to_proposal" time="28.58"/>
  <testcase classname="com.amt.test.LOU.LOU_ownbook_individual_purchase_accept_with_changes_Test" name="L3_verify_table_values_on_opportunity_page_before_sending_proposal" time="4.079"/>
  <testcase classname="com.amt.test.LOU.LOU_ownbook_individual_purchase_accept_with_changes_Test" name="L4_fill_up_the_required_fields_for_sending_a_proposal" time="43.792"/>
  <testcase classname="com.amt.test.LOU.LOU_ownbook_individual_purchase_accept_with_changes_Test" name="L5_ownbook_create_opportunity_individual_currentstatus_after_sending_to_proposal" time="7.826"/>
  <testcase classname="com.amt.test.LOU.LOU_ownbook_individual_purchase_accept_with_changes_Test" name="L6_ownbook_sending_contract" time="28.396"/>
  <testcase classname="com.amt.test.LOU.LOU_ownbook_individual_purchase_accept_with_changes_Test" name="L7_verify_current_status_on_opportunity_page_after_sending_contract_for_ownbook_individual_flow" time="4.277"/>
  <testcase classname="com.amt.test.LOU.LOU_ownbook_individual_purchase_accept_with_changes_Test" name="L8_ownbook_signed_contract_status_with_api_call" time="28.488"/>
  <testcase classname="com.amt.test.LOU.LOU_ownbook_individual_purchase_accept_with_changes_Test" name="L9_ownbook_status_after_contract_signed" time="8.159"/>
  <testcase classname="com.amt.test.LOU.LOU_ownbook_individual_purchase_accept_with_changes_Test" name="UW1_verify_underwriting_flow_ownbook_with_status" time="65.599"/>
  <testcase classname="com.amt.test.LOU.LOU_ownbook_individual_purchase_accept_with_changes_Test" name="UW2_verify_status_after_sending_to_underwriting" time="1.131"/>
  <testcase classname="com.amt.test.LOU.LOU_ownbook_individual_purchase_accept_with_changes_Test" name="UW3_verify_underwriting_lisitig_page" time="13.179"/>
  <testcase classname="com.amt.test.LOU.LOU_ownbook_individual_purchase_accept_with_changes_Test" name="UW4_verify_ownbook_underwriting_proposal_page_flow" time="98.852"/>
  <testcase classname="com.amt.test.LOU.LOU_ownbook_individual_purchase_accept_with_changes_Test" name="UW5_verify_ownbook_underwriting_proposal_decision_with_accept" time="28.254"/>
  <testcase classname="com.amt.test.LOU.LOU_ownbook_individual_purchase_accept_with_changes_Test" name="UW6_verify_ownbook_opportunity_search_text_box_accept_with_changes" time="25.277"/>
  <testcase classname="com.amt.test.LOU.LOU_ownbook_individual_purchase_accept_with_changes_Test" name="UW7_verify_ownbook_opportunity_accept_with_changes_underwriting_pop_up" time="85.207"/>
  <testcase classname="com.amt.test.LOU.LOU_ownbook_individual_purchase_accept_with_changes_Test" name="UW8_verify_ownbook_opportunity_underwriting_accept_with_changes_cancel_flow_verification" time="13.386"/>
  <testcase classname="com.amt.test.LOU.LOU_ownbook_individual_purchase_accept_with_changes_Test" name="UW9_ownbook_after_opportunity_underwriting_accept_with_changes_signed_contract_status_with_api_call" time="71.521"/>
  <testcase classname="com.amt.test.LOU.LOU_ownbook_individual_purchase_accept_with_changes_Test" name="OP1_ownbook_after_Underwriting_accepted_mothlty_payment_price" time="2.72"/>
  <testcase classname="com.amt.testBase.TestBase" name="@BeforeTest start_info" time="0.0">
    <ignored/>
  </testcase> <!-- @BeforeTest start_info -->
</testsuite> <!-- Ownbook individual purchase flow with additional term and mileage - Accept Flow -->
