<?xml version="1.0" encoding="UTF-8"?>
<!-- Generated by org.testng.reporters.JUnitXMLReporter -->
<testsuite ignored="1" hostname="DSK-4052" failures="1" tests="26" name="Ownbook individual purchase flow with additional term and mileage - Accept Flow" time="1088.444" errors="0" timestamp="2024-01-24T20:06:21 IST">
  <testcase classname="com.amt.test.HPNR.Acquisition_Quotes_HPNR_PCP_without_maintenance_with_add_term_mileage_Test" name="aquisition_quotes_HPNR_PCP_OTR_calculation_without_maintenance_test" time="106.668"/>
  <testcase classname="com.amt.test.HPNR.Acquisition_Quotes_HPNR_PCP_without_maintenance_with_add_term_mileage_Test" name="aquisition_quotes_HPNR_PCP_after_discount_calculations_without_maintenance_test" time="5.167"/>
  <testcase classname="com.amt.test.HPNR.Acquisition_Quotes_HPNR_PCP_without_maintenance_with_add_term_mileage_Test" name="aquisition_quotes_HPNR_PCP_holding_cost_calculations_without_maintenance_test" time="48.942"/>
  <testcase classname="com.amt.test.HPNR.Acquisition_Quotes_HPNR_PCP_without_maintenance_with_add_term_mileage_Test" name="aquisition_quotes_HPNR_PCP_customer_quote_calculations_check_monthly_finance_payment_without_maintenance_test" time="76.463"/>
  <testcase classname="com.amt.test.HPNR.Acquisition_Quotes_HPNR_PCP_without_maintenance_with_add_term_mileage_Test" name="aquisition_quotes_HPNR_PCP_customer_quote_vehicle_profit_edit_check_without_maintenance_test" time="42.084"/>
  <testcase classname="com.amt.test.HPNR.Acquisition_Quotes_HPNR_PCP_without_maintenance_with_add_term_mileage_Test" name="aquisition_quotes_HPNR_PCP_customer_quote_part_exchange_value_edit_check_without_maintenance_test" time="60.677"/>
  <testcase classname="com.amt.test.HPNR.Acquisition_Quotes_HPNR_PCP_without_maintenance_with_add_term_mileage_Test" name="aquisition_quotes_HPNR_PCP_quote_summary_values_verification_without_maintenance_test" time="179.748"/>
  <testcase classname="com.amt.test.LOU.LOU_ownbook_individual_purchase_accept_with_changes_Test" name="L1_create_lead_convert_to_lead_for_ownbook_individual_flow" time="162.949"/>
  <testcase classname="com.amt.test.LOU.LOU_ownbook_individual_purchase_accept_with_changes_Test" name="L2_ownbook_individual_current_status_before_sending_to_proposal" time="20.241"/>
  <testcase classname="com.amt.test.LOU.LOU_ownbook_individual_purchase_accept_with_changes_Test" name="L3_verify_table_values_on_opportunity_page_before_sending_proposal" time="3.967"/>
  <testcase classname="com.amt.test.LOU.LOU_ownbook_individual_purchase_accept_with_changes_Test" name="L4_fill_up_the_required_fields_for_sending_a_proposal" time="97.133"/>
  <testcase classname="com.amt.test.LOU.LOU_ownbook_individual_purchase_accept_with_changes_Test" name="L5_ownbook_create_opportunity_individual_currentstatus_after_sending_to_proposal" time="0.196"/>
  <testcase classname="com.amt.test.LOU.LOU_ownbook_individual_purchase_accept_with_changes_Test" name="L6_ownbook_sending_contract" time="23.878"/>
  <testcase classname="com.amt.test.LOU.LOU_ownbook_individual_purchase_accept_with_changes_Test" name="L7_verify_current_status_on_opportunity_page_after_sending_contract_for_ownbook_individual_flow" time="4.26"/>
  <testcase classname="com.amt.test.LOU.LOU_ownbook_individual_purchase_accept_with_changes_Test" name="L8_ownbook_signed_contract_status_with_api_call" time="28.603"/>
  <testcase classname="com.amt.test.LOU.LOU_ownbook_individual_purchase_accept_with_changes_Test" name="L9_ownbook_status_after_contract_signed" time="10.129"/>
  <testcase classname="com.amt.test.LOU.LOU_ownbook_individual_purchase_accept_with_changes_Test" name="UW1_verify_underwriting_flow_ownbook_with_status" time="65.82"/>
  <testcase classname="com.amt.test.LOU.LOU_ownbook_individual_purchase_accept_with_changes_Test" name="UW2_verify_status_after_sending_to_underwriting" time="1.12"/>
  <testcase classname="com.amt.test.LOU.LOU_ownbook_individual_purchase_accept_with_changes_Test" name="UW3_verify_underwriting_lisitig_page" time="15.619"/>
  <testcase classname="com.amt.test.LOU.LOU_ownbook_individual_purchase_accept_with_changes_Test" name="UW4_verify_ownbook_underwriting_proposal_page_flow" time="76.298">
    <failure type="org.openqa.selenium.ElementClickInterceptedException" message="element click intercepted: Element &amp;lt;p _ngcontent-mbo-c26=&amp;quot;&amp;quot;&amp;gt;...&amp;lt;/p&amp;gt; is not clickable at point (155, 98). Other element would receive the click: &amp;lt;div _ngcontent-mbo-c0=&amp;quot;&amp;quot; class=&amp;quot;loader_div&amp;quot;&amp;gt;...&amp;lt;/div&amp;gt;
  (Session info: chrome=120.0.6099.225)
Build info: version: &amp;apos;4.10.0&amp;apos;, revision: &amp;apos;c14d967899&amp;apos;
System info: os.name: &amp;apos;Windows 10&amp;apos;, os.arch: &amp;apos;amd64&amp;apos;, os.version: &amp;apos;10.0&amp;apos;, java.version: &amp;apos;19.0.1&amp;apos;
Driver info: org.openqa.selenium.chrome.ChromeDriver
Command: [1a06ee27076d50d5d617c01ea79618ce, clickElement {id=B4038265BF06ABDE4D920B1AC106D795_element_4211}]
Capabilities {acceptInsecureCerts: false, browserName: chrome, browserVersion: 120.0.6099.225, chrome: {chromedriverVersion: 119.0.6045.105 (38c72552c5e..., userDataDir: C:\Users\NITEIN~1.KUR\AppDa...}, fedcm:accounts: true, goog:chromeOptions: {debuggerAddress: localhost:50211}, javascriptEnabled: true, networkConnectionEnabled: false, pageLoadStrategy: normal, platform: windows, platformName: windows, proxy: Proxy(), se:cdp: ws://localhost:50211/devtoo..., se:cdpVersion: 120.0.6099.225, setWindowRect: true, strictFileInteractability: false, timeouts: {implicit: 0, pageLoad: 300000, script: 30000}, unhandledPromptBehavior: dismiss and notify, webauthn:extension:credBlob: true, webauthn:extension:largeBlob: true, webauthn:extension:minPinLength: true, webauthn:extension:prf: true, webauthn:virtualAuthenticators: true}
Element: [[ChromeDriver: chrome on windows (1a06ee27076d50d5d617c01ea79618ce)] -&amp;gt; xpath: //p[contains(text(),&amp;apos;Proposal&amp;apos;)]]
Session ID: 1a06ee27076d50d5d617c01ea79618ce">
      <![CDATA[org.openqa.selenium.ElementClickInterceptedException: element click intercepted: Element <p _ngcontent-mbo-c26="">...</p> is not clickable at point (155, 98). Other element would receive the click: <div _ngcontent-mbo-c0="" class="loader_div">...</div>
  (Session info: chrome=120.0.6099.225)
Build info: version: '4.10.0', revision: 'c14d967899'
System info: os.name: 'Windows 10', os.arch: 'amd64', os.version: '10.0', java.version: '19.0.1'
Driver info: org.openqa.selenium.chrome.ChromeDriver
Command: [1a06ee27076d50d5d617c01ea79618ce, clickElement {id=B4038265BF06ABDE4D920B1AC106D795_element_4211}]
Capabilities {acceptInsecureCerts: false, browserName: chrome, browserVersion: 120.0.6099.225, chrome: {chromedriverVersion: 119.0.6045.105 (38c72552c5e..., userDataDir: C:\Users\NITEIN~1.KUR\AppDa...}, fedcm:accounts: true, goog:chromeOptions: {debuggerAddress: localhost:50211}, javascriptEnabled: true, networkConnectionEnabled: false, pageLoadStrategy: normal, platform: windows, platformName: windows, proxy: Proxy(), se:cdp: ws://localhost:50211/devtoo..., se:cdpVersion: 120.0.6099.225, setWindowRect: true, strictFileInteractability: false, timeouts: {implicit: 0, pageLoad: 300000, script: 30000}, unhandledPromptBehavior: dismiss and notify, webauthn:extension:credBlob: true, webauthn:extension:largeBlob: true, webauthn:extension:minPinLength: true, webauthn:extension:prf: true, webauthn:virtualAuthenticators: true}
Element: [[ChromeDriver: chrome on windows (1a06ee27076d50d5d617c01ea79618ce)] -> xpath: //p[contains(text(),'Proposal')]]
Session ID: 1a06ee27076d50d5d617c01ea79618ce
at org.openqa.selenium.remote.codec.w3c.W3CHttpResponseCodec.createException(W3CHttpResponseCodec.java:200)
at org.openqa.selenium.remote.codec.w3c.W3CHttpResponseCodec.decode(W3CHttpResponseCodec.java:133)
at org.openqa.selenium.remote.codec.w3c.W3CHttpResponseCodec.decode(W3CHttpResponseCodec.java:53)
at org.openqa.selenium.remote.HttpCommandExecutor.execute(HttpCommandExecutor.java:184)
at org.openqa.selenium.remote.service.DriverCommandExecutor.invokeExecute(DriverCommandExecutor.java:164)
at org.openqa.selenium.remote.service.DriverCommandExecutor.execute(DriverCommandExecutor.java:139)
at org.openqa.selenium.remote.RemoteWebDriver.execute(RemoteWebDriver.java:559)
at org.openqa.selenium.remote.RemoteWebElement.execute(RemoteWebElement.java:251)
at org.openqa.selenium.remote.RemoteWebElement.click(RemoteWebElement.java:77)
at org.openqa.selenium.support.pagefactory.internal.LocatingElementHandler.invoke(LocatingElementHandler.java:52)
at jdk.proxy2/jdk.proxy2.$Proxy18.click(Unknown Source)
at com.amt.testUtil.Click.on(Click.java:18)
at com.amt.pages.Underwriting.verify_quote_tab_on_underwriting_page_for_ownbook_individual_purchase_flow(Underwriting.java:6233)
at com.amt.test.LOU.LOU_ownbook_individual_purchase_accept_with_changes_Test.UW4_verify_ownbook_underwriting_proposal_page_flow(LOU_ownbook_individual_purchase_accept_with_changes_Test.java:320)
at java.base/java.util.ArrayList.forEach(ArrayList.java:1511)
... Removed 30 stack frames]]>
    </failure>
  </testcase> <!-- UW4_verify_ownbook_underwriting_proposal_page_flow -->
  <testcase classname="com.amt.test.LOU.LOU_ownbook_individual_purchase_accept_with_changes_Test" name="UW5_verify_ownbook_underwriting_proposal_decision_with_accept" time="0.0">
    <skipped/>
  </testcase> <!-- UW5_verify_ownbook_underwriting_proposal_decision_with_accept -->
  <testcase classname="com.amt.test.LOU.LOU_ownbook_individual_purchase_accept_with_changes_Test" name="UW6_verify_ownbook_opportunity_search_text_box_accept_with_changes" time="0.0">
    <skipped/>
  </testcase> <!-- UW6_verify_ownbook_opportunity_search_text_box_accept_with_changes -->
  <testcase classname="com.amt.test.LOU.LOU_ownbook_individual_purchase_accept_with_changes_Test" name="UW7_verify_ownbook_opportunity_accept_with_changes_underwriting_pop_up" time="0.0">
    <skipped/>
  </testcase> <!-- UW7_verify_ownbook_opportunity_accept_with_changes_underwriting_pop_up -->
  <testcase classname="com.amt.test.LOU.LOU_ownbook_individual_purchase_accept_with_changes_Test" name="UW8_verify_ownbook_opportunity_underwriting_accept_with_changes_cancel_flow_verification" time="0.0">
    <skipped/>
  </testcase> <!-- UW8_verify_ownbook_opportunity_underwriting_accept_with_changes_cancel_flow_verification -->
  <testcase classname="com.amt.test.LOU.LOU_ownbook_individual_purchase_accept_with_changes_Test" name="UW9_ownbook_after_opportunity_underwriting_accept_with_changes_signed_contract_status_with_api_call" time="0.0">
    <skipped/>
  </testcase> <!-- UW9_ownbook_after_opportunity_underwriting_accept_with_changes_signed_contract_status_with_api_call -->
  <testcase classname="com.amt.test.LOU.LOU_ownbook_individual_purchase_accept_with_changes_Test" name="OP1_ownbook_after_Underwriting_accepted_mothlty_payment_price" time="0.0">
    <skipped/>
  </testcase> <!-- OP1_ownbook_after_Underwriting_accepted_mothlty_payment_price -->
  <testcase classname="com.amt.testBase.TestBase" name="@BeforeTest start_info" time="0.0">
    <ignored/>
  </testcase> <!-- @BeforeTest start_info -->
</testsuite> <!-- Ownbook individual purchase flow with additional term and mileage - Accept Flow -->
