<?xml version="1.0" encoding="UTF-8"?>
<!-- Generated by org.testng.reporters.JUnitXMLReporter -->
<testsuite ignored="1" hostname="DSK-4052" failures="0" tests="26" name="Ownbook individual purchase flow with additional term and mileage - Accept Flow" time="1145.813" errors="0" timestamp="2023-12-01T12:08:27 IST">
  <testcase classname="com.amt.test.HPNR.Acquisition_Quotes_HPNR_PCP_without_maintenance_with_add_term_mileage_Test" name="aquisition_quotes_HPNR_PCP_OTR_calculation_without_maintenance_test" time="107.037"/>
  <testcase classname="com.amt.test.HPNR.Acquisition_Quotes_HPNR_PCP_without_maintenance_with_add_term_mileage_Test" name="aquisition_quotes_HPNR_PCP_after_discount_calculations_without_maintenance_test" time="5.004"/>
  <testcase classname="com.amt.test.HPNR.Acquisition_Quotes_HPNR_PCP_without_maintenance_with_add_term_mileage_Test" name="aquisition_quotes_HPNR_PCP_holding_cost_calculations_without_maintenance_test" time="38.496"/>
  <testcase classname="com.amt.test.HPNR.Acquisition_Quotes_HPNR_PCP_without_maintenance_with_add_term_mileage_Test" name="aquisition_quotes_HPNR_PCP_customer_quote_calculations_check_monthly_finance_payment_without_maintenance_test" time="74.157"/>
  <testcase classname="com.amt.test.HPNR.Acquisition_Quotes_HPNR_PCP_without_maintenance_with_add_term_mileage_Test" name="aquisition_quotes_HPNR_PCP_customer_quote_vehicle_profit_edit_check_without_maintenance_test" time="41.663"/>
  <testcase classname="com.amt.test.HPNR.Acquisition_Quotes_HPNR_PCP_without_maintenance_with_add_term_mileage_Test" name="aquisition_quotes_HPNR_PCP_customer_quote_part_exchange_value_edit_check_without_maintenance_test" time="73.93"/>
  <testcase classname="com.amt.test.HPNR.Acquisition_Quotes_HPNR_PCP_without_maintenance_with_add_term_mileage_Test" name="aquisition_quotes_HPNR_PCP_quote_summary_values_verification_without_maintenance_test" time="175.468"/>
  <testcase classname="com.amt.test.LOU.LOU_ownbook_individual_purchase_accept_with_changes_Test" name="L1_create_lead_convert_to_lead_for_ownbook_individual_flow" time="119.55"/>
  <testcase classname="com.amt.test.LOU.LOU_ownbook_individual_purchase_accept_with_changes_Test" name="L2_ownbook_individual_current_status_before_sending_to_proposal" time="14.242"/>
  <testcase classname="com.amt.test.LOU.LOU_ownbook_individual_purchase_accept_with_changes_Test" name="L3_verify_table_values_on_opportunity_page_before_sending_proposal" time="4.111"/>
  <testcase classname="com.amt.test.LOU.LOU_ownbook_individual_purchase_accept_with_changes_Test" name="L4_fill_up_the_required_fields_for_sending_a_proposal" time="44.876"/>
  <testcase classname="com.amt.test.LOU.LOU_ownbook_individual_purchase_accept_with_changes_Test" name="L5_ownbook_create_opportunity_individual_currentstatus_after_sending_to_proposal" time="0.169"/>
  <testcase classname="com.amt.test.LOU.LOU_ownbook_individual_purchase_accept_with_changes_Test" name="L6_ownbook_sending_contract" time="23.99"/>
  <testcase classname="com.amt.test.LOU.LOU_ownbook_individual_purchase_accept_with_changes_Test" name="L7_verify_current_status_on_opportunity_page_after_sending_contract_for_ownbook_individual_flow" time="4.179"/>
  <testcase classname="com.amt.test.LOU.LOU_ownbook_individual_purchase_accept_with_changes_Test" name="L8_ownbook_signed_contract_status_with_api_call" time="30.604"/>
  <testcase classname="com.amt.test.LOU.LOU_ownbook_individual_purchase_accept_with_changes_Test" name="L9_ownbook_status_after_contract_signed" time="8.132"/>
  <testcase classname="com.amt.test.LOU.LOU_ownbook_individual_purchase_accept_with_changes_Test" name="UW1_verify_underwriting_flow_ownbook_with_status" time="63.742"/>
  <testcase classname="com.amt.test.LOU.LOU_ownbook_individual_purchase_accept_with_changes_Test" name="UW2_verify_status_after_sending_to_underwriting" time="1.121"/>
  <testcase classname="com.amt.test.LOU.LOU_ownbook_individual_purchase_accept_with_changes_Test" name="UW3_verify_underwriting_lisitig_page" time="13.164"/>
  <testcase classname="com.amt.test.LOU.LOU_ownbook_individual_purchase_accept_with_changes_Test" name="UW4_verify_ownbook_underwriting_proposal_page_flow" time="97.072"/>
  <testcase classname="com.amt.test.LOU.LOU_ownbook_individual_purchase_accept_with_changes_Test" name="UW5_verify_ownbook_underwriting_proposal_decision_with_accept" time="26.833"/>
  <testcase classname="com.amt.test.LOU.LOU_ownbook_individual_purchase_accept_with_changes_Test" name="UW6_verify_ownbook_opportunity_search_text_box_accept_with_changes" time="16.55"/>
  <testcase classname="com.amt.test.LOU.LOU_ownbook_individual_purchase_accept_with_changes_Test" name="UW7_verify_ownbook_opportunity_accept_with_changes_underwriting_pop_up" time="53.145"/>
  <testcase classname="com.amt.test.LOU.LOU_ownbook_individual_purchase_accept_with_changes_Test" name="UW8_verify_ownbook_opportunity_underwriting_accept_with_changes_cancel_flow_verification" time="13.325"/>
  <testcase classname="com.amt.test.LOU.LOU_ownbook_individual_purchase_accept_with_changes_Test" name="UW9_ownbook_after_opportunity_underwriting_accept_with_changes_signed_contract_status_with_api_call" time="24.169"/>
  <testcase classname="com.amt.test.LOU.LOU_ownbook_individual_purchase_accept_with_changes_Test" name="OP1_ownbook_after_Underwriting_accepted_mothlty_payment_price" time="2.676"/>
  <testcase classname="com.amt.testBase.TestBase" name="@BeforeTest start_info" time="0.0">
    <ignored/>
  </testcase> <!-- @BeforeTest start_info -->
</testsuite> <!-- Ownbook individual purchase flow with additional term and mileage - Accept Flow -->
