<html>
<head>
<title>TestNG:  Test</title>
<link href="../testng.css" rel="stylesheet" type="text/css" />
<link href="../my-testng.css" rel="stylesheet" type="text/css" />

<style type="text/css">
.log { display: none;} 
.stack-trace { display: none;} 
</style>
<script type="text/javascript">
<!--
function flip(e) {
  current = e.style.display;
  if (current == 'block') {
    e.style.display = 'none';
    return 0;
  }
  else {
    e.style.display = 'block';
    return 1;
  }
}

function toggleBox(szDivId, elem, msg1, msg2)
{
  var res = -1;  if (document.getElementById) {
    res = flip(document.getElementById(szDivId));
  }
  else if (document.all) {
    // this is the way old msie versions work
    res = flip(document.all[szDivId]);
  }
  if(elem) {
    if(res == 0) elem.innerHTML = msg1; else elem.innerHTML = msg2;
  }

}

function toggleAllBoxes() {
  if (document.getElementsByTagName) {
    d = document.getElementsByTagName('div');
    for (i = 0; i < d.length; i++) {
      if (d[i].className == 'log') {
        flip(d[i]);
      }
    }
  }
}

// -->
</script>

</head>
<body>
<h2 align='center'>Test</h2><table border='1' align="center">
<tr>
<td>Tests passed/Failed/Skipped:</td><td>19/1/6</td>
</tr><tr>
<td>Started on:</td><td>Fri Jul 14 16:23:53 IST 2023</td>
</tr>
<tr><td>Total time:</td><td>1070 seconds (1070963 ms)</td>
</tr><tr>
<td>Included groups:</td><td></td>
</tr><tr>
<td>Excluded groups:</td><td></td>
</tr>
</table><p/>
<small><i>(Hover the method name to see the test class name)</i></small><p/>
<table width='100%' border='1' class='invocation-failed'>
<tr><td colspan='4' align='center'><b>FAILED TESTS</b></td></tr>
<tr><td><b>Test method</b></td>
<td width="30%"><b>Exception</b></td>
<td width="10%"><b>Time (seconds)</b></td>
<td><b>Instance</b></td>
</tr>
<tr>
<td title='com.amt.test.LOU.LOU_ownbook_individual_purchase_accept_with_changes_Test.UW4_verify_ownbook_underwriting_proposal_page_flow()'><b>UW4_verify_ownbook_underwriting_proposal_page_flow</b><br>Test class: com.amt.test.LOU.LOU_ownbook_individual_purchase_accept_with_changes_Test<br/>
<a href="#Output-610038359" onClick='toggleBox("Output-610038359", this, "Show output", "Hide output");'>Show output</a>

<a href="#Output-610038359" onClick="toggleAllBoxes();">Show all outputs</a>
<div class='log' id="Output-610038359">
<b>Click on Underwriting detail page for proposal</b> <br /><br/>
<b>Clicked on Underwriting quote page</b> <br /><br/>
<b></b> <br /><br/>
<b>58525.0 = 58525.0</b> <br /><br/>
<b>Cost Otr Price compared and found ok</b> <br /><br/>
<b></b> <br /><br/>
<b>48237.5 = 48237.5</b> <br /><br/>
<b>Cost Otr Price compared and found ok</b> <br /><br/>
<b></b> <br /><br/>
<b>9647.5 = 9647.5</b> <br /><br/>
<b>Otr Vat compared and found ok</b> <br /><br/>
<b></b> <br /><br/>
<b>640.0 = 640.0</b> <br /><br/>
<b>Otr Rfl And Frf compared and found ok</b> <br /><br/>
<b></b> <br /><br/>
<b>OJB17220 = OJB17220</b> <br /><br/>
<b>Quote no. compared and found ok</b> <br /><br/>
<b></b> <br /><br/>
<b>AUDI A7 DIESEL SPORTBACK (2018 - Current) 40 TDI Quattro Black Edition 5dr S Tronic = AUDI A7 DIESEL SPORTBACK (2018 - Current) 40 TDI Quattro Black Edition 5dr S Tronic</b> <br /><br/>
<b>Vehicle name compared and found ok</b> <br /><br/>
<b></b> <br /><br/>
<b>Personal Contract Purchase = Personal Contract Purchase</b> <br /><br/>
<b>Contract type compared and found ok</b> <br /><br/>
<b></b> <br /><br/>
<b>36.0 = 36.0</b> <br /><br/>
<b>Terms compared and found ok</b> <br /><br/>
<b></b> <br /><br/>
<b>10000.0 = 10000.0</b> <br /><br/>
<b>Mileage compared and found ok</b> <br /><br/>
<b></b> <br /><br/>
<b>57991.67 = 57991.67</b> <br /><br/>
<b>Basic Cash Price found OK</b> <br /><br/>
<b></b> <br /><br/>
<b>11598.33 = 11598.334</b> <br /><br/>
<b>VAT found OK</b> <br /><br/>
<b></b> <br /><br/>
<b>640.0 = 640.0</b> <br /><br/>
<b>Non VAT Items Value found OK</b> <br /><br/>
<b></b> <br /><br/>
<b>70230.0 = 70230.004</b> <br /><br/>
<b>Total Cash Price found OK</b> <br /><br/>
<b></b> <br /><br/>
<b>1000.0 = 1000.0</b> <br /><br/>
<b>Order Deposit found OK</b> <br /><br/>
<b></b> <br /><br/>
<b>1000.0 = 1000.0</b> <br /><br/>
<b>Finance Deposit found OK</b> <br /><br/>
<b></b> <br /><br/>
<b>2000.0 = 2000.0</b> <br /><br/>
<b>Total Deposit found OK</b> <br /><br/>
<b></b> <br /><br/>
<b>500.0 = 500.0</b> <br /><br/>
<b>Part Exchange Value - found OK</b> <br /><br/>
<b></b> <br /><br/>
<b>67730.0 = 67730.004</b> <br /><br/>
<b>Balance to Finance found OK</b> <br /><br/>
<b></b> <br /><br/>
<b>15546.5 = 15546.610657863945</b> <br /><br/>
<b>Finance Charges - found OK</b> <br /><br/>
<b></b> <br /><br/>
<b>239.99 = 239.99</b> <br /><br/>
<b>Document Fee - found OK</b> <br /><br/>
<b></b> <br /><br/>
<b>83526.49 = 83526.60465786395</b> <br /><br/>
<b>Balance Payable - found OK</b> <br /><br/>
<b></b> <br /><br/>
<b>10.0 = 10.0</b> <br /><br/>
<b>Option To Purchase Fee - found OK</b> <br /><br/>
<b></b> <br /><br/>
<b>2239.99 = 2239.99</b> <br /><br/>
<b>Initial Cash Payment - found OK</b> <br /><br/>
<b></b> <br /><br/>
<b>35.0 = 35.0</b> <br /><br/>
<b>Followed By months - found OK</b> <br /><br/>
<b></b> <br /><br/>
<b>1807.9 = 1807.9032759389713</b> <br /><br/>
<b>Monthly Finance Payment - found OK</b> <br /><br/>
<b></b> <br /><br/>
<b>20000.0 = 20000.0</b> <br /><br/>
<b>Balloon Value - found OK</b> <br /><br/>
<b></b> <br /><br/>
<b>20010.0 = 20010.0</b> <br /><br/>
<b>Final Payment - found OK</b> <br /><br/>
<b></b> <br /><br/>
<b>41.6 = 41.6772</b> <br /><br/>
<b>Pence Per Excess Mile Finance - found OK</b> <br /><br/>
<b></b> <br /><br/>
<b>9754.17 = 9754.17</b> <br /><br/>
<b>Vehicle Commission - found OK</b> <br /><br/>
<b></b> <br /><br/>
<b>564.42 = 564.4167</b> <br /><br/>
<b>Default Finance Commission - found OK</b> <br /><br/>
<b></b> <br /><br/>
<b>99.99 = 99.99166666666667</b> <br /><br/>
<b>Document Fee Commission - found OK</b> <br /><br/>
<b></b> <br /><br/>
<b>10418.58 = 10418.578366666667</b> <br /><br/>
<b>Total Commission - found OK</b> <br /><br/>
<b></b> <br /><br/>
<b>6.5 = 6.5</b> <br /><br/>
<b>Base Interest Rate found OK</b> <br /><br/>
<b></b> <br /><br/>
<b>6870.7 = 6870.814657863943</b> <br /><br/>
<b>Finance Margin found OK</b> <br /><br/>
<b></b> <br /><br/>
<b>677.3 = 677.30004</b> <br /><br/>
<b>Deductions found OK</b> <br /><br/>
<b></b> <br /><br/>
<b>99.99 = 99.99166666666667</b> <br /><br/>
<b>Additional Margin found OK</b> <br /><br/>
<b></b> <br /><br/>
<b>6293.39 = 6293.506284530609</b> <br /><br/>
<b>Total Margin found OK</b> <br /><br/>
<b></b> <br /><br/>
<b>1.0 = 1.0</b> <br /><br/>
<b>Default Broker Margin percentage found OK</b> <br /><br/>
<b></b> <br /><br/>
<b>11.5 = 11.5</b> <br /><br/>
<b>Customer Interest Rate found OK</b> <br /><br/>
<b></b> <br /><br/>
<b>99.99 = 99.99166666666667</b> <br /><br/>
<b>Document Fee Margin found OK</b> <br /><br/>
<b></b> <br /><br/>
<b>677.3 = 677.30004</b> <br /><br/>
<b>Default Broker Margin found OK</b> <br /><br/>
<b></b> <br /><br/>
<b>[32mAll values on underwriting quote tab verified successfully[0m</b> <br /><br/>
<b></b> <br /><br/>
<br>----------Screenshot---------<br><br/>
<img src="D:\LOU\AMT_LOU\target\surefire-reports\html\failure_screenshots\UW4_verify_ownbook_underwriting_proposal_page_flow_14_07_2023_04_41_43.png" height="800" width="1000"><br/>
</div>
</td>
<td><div><pre>org.openqa.selenium.ElementClickInterceptedException: element click intercepted: Element &lt;p _ngcontent-nxy-c27=&quot;&quot; style=&quot; border: 1px solid white;&quot;&gt;...&lt;/p&gt; is not clickable at point (484, 99). Other element would receive the click: &lt;ul _ngcontent-nxy-c27=&quot;&quot; class=&quot;nav nav-pills&quot;&gt;...&lt;/ul&gt;
  (Session info: chrome=114.0.5735.199)
Build info: version: &apos;4.0.0&apos;, revision: &apos;3a21814679&apos;
System info: host: &apos;DSK-4052&apos;, ip: &apos;172.16.1.80&apos;, os.name: &apos;Windows 10&apos;, os.arch: &apos;amd64&apos;, os.version: &apos;10.0&apos;, java.version: &apos;19.0.1&apos;
Driver info: org.openqa.selenium.chrome.ChromeDriver
Command: [298bf4fd6de57b4a861255b84cc13289, clickElement {id=F105829B5EF8D334EB99E6514EEB3AC9_element_1886}]
Capabilities {acceptInsecureCerts: false, browserName: chrome, browserVersion: 114.0.5735.199, chrome: {chromedriverVersion: 114.0.5735.90 (386bc09e8f4f..., userDataDir: C:\Users\NITEIN~1.KUR\AppDa...}, goog:chromeOptions: {debuggerAddress: localhost:53260}, javascriptEnabled: true, networkConnectionEnabled: false, pageLoadStrategy: none, platform: WINDOWS, platformName: WINDOWS, proxy: Proxy(), se:cdp: ws://localhost:53260/devtoo..., se:cdpVersion: 114.0.5735.199, setWindowRect: true, strictFileInteractability: false, timeouts: {implicit: 0, pageLoad: 300000, script: 30000}, unhandledPromptBehavior: dismiss and notify, webauthn:extension:credBlob: true, webauthn:extension:largeBlob: true, webauthn:extension:minPinLength: true, webauthn:extension:prf: true, webauthn:virtualAuthenticators: true}
Element: [[ChromeDriver: chrome on WINDOWS (298bf4fd6de57b4a861255b84cc13289)] -&gt; xpath: (//p[normalize-space()=&apos;Decision&apos;])[1]]
Session ID: 298bf4fd6de57b4a861255b84cc13289
	at org.openqa.selenium.remote.codec.w3c.W3CHttpResponseCodec.createException(W3CHttpResponseCodec.java:200)
	at org.openqa.selenium.remote.codec.w3c.W3CHttpResponseCodec.decode(W3CHttpResponseCodec.java:133)
	at org.openqa.selenium.remote.codec.w3c.W3CHttpResponseCodec.decode(W3CHttpResponseCodec.java:53)
	at org.openqa.selenium.remote.HttpCommandExecutor.execute(HttpCommandExecutor.java:184)
	at org.openqa.selenium.remote.service.DriverCommandExecutor.invokeExecute(DriverCommandExecutor.java:164)
	at org.openqa.selenium.remote.service.DriverCommandExecutor.execute(DriverCommandExecutor.java:139)
	at org.openqa.selenium.remote.RemoteWebDriver.execute(RemoteWebDriver.java:559)
	at org.openqa.selenium.remote.RemoteWebElement.execute(RemoteWebElement.java:251)
	at org.openqa.selenium.remote.RemoteWebElement.click(RemoteWebElement.java:77)
	at org.openqa.selenium.support.pagefactory.internal.LocatingElementHandler.invoke(LocatingElementHandler.java:52)
	at jdk.proxy2/jdk.proxy2.$Proxy17.click(Unknown Source)
	at com.amt.testUtil.Click.on(Click.java:18)
	at com.amt.pages.Underwriting.find_underwriting_tab_decision_page(Underwriting.java:7664)
	at com.amt.test.LOU.LOU_ownbook_individual_purchase_accept_with_changes_Test.UW4_verify_ownbook_underwriting_proposal_page_flow(LOU_ownbook_individual_purchase_accept_with_changes_Test.java:324)
	at java.base/java.util.ArrayList.forEach(ArrayList.java:1511)
... Removed 30 stack frames</pre></div><a href='#' onClick='toggleBox("stack-trace610038359", this, "Click to show all stack frames", "Click to hide stack frames")'>Click to show all stack frames</a>
<div class='stack-trace' id='stack-trace610038359'><pre>org.openqa.selenium.ElementClickInterceptedException: element click intercepted: Element &lt;p _ngcontent-nxy-c27=&quot;&quot; style=&quot; border: 1px solid white;&quot;&gt;...&lt;/p&gt; is not clickable at point (484, 99). Other element would receive the click: &lt;ul _ngcontent-nxy-c27=&quot;&quot; class=&quot;nav nav-pills&quot;&gt;...&lt;/ul&gt;
  (Session info: chrome=114.0.5735.199)
Build info: version: &apos;4.0.0&apos;, revision: &apos;3a21814679&apos;
System info: host: &apos;DSK-4052&apos;, ip: &apos;172.16.1.80&apos;, os.name: &apos;Windows 10&apos;, os.arch: &apos;amd64&apos;, os.version: &apos;10.0&apos;, java.version: &apos;19.0.1&apos;
Driver info: org.openqa.selenium.chrome.ChromeDriver
Command: [298bf4fd6de57b4a861255b84cc13289, clickElement {id=F105829B5EF8D334EB99E6514EEB3AC9_element_1886}]
Capabilities {acceptInsecureCerts: false, browserName: chrome, browserVersion: 114.0.5735.199, chrome: {chromedriverVersion: 114.0.5735.90 (386bc09e8f4f..., userDataDir: C:\Users\NITEIN~1.KUR\AppDa...}, goog:chromeOptions: {debuggerAddress: localhost:53260}, javascriptEnabled: true, networkConnectionEnabled: false, pageLoadStrategy: none, platform: WINDOWS, platformName: WINDOWS, proxy: Proxy(), se:cdp: ws://localhost:53260/devtoo..., se:cdpVersion: 114.0.5735.199, setWindowRect: true, strictFileInteractability: false, timeouts: {implicit: 0, pageLoad: 300000, script: 30000}, unhandledPromptBehavior: dismiss and notify, webauthn:extension:credBlob: true, webauthn:extension:largeBlob: true, webauthn:extension:minPinLength: true, webauthn:extension:prf: true, webauthn:virtualAuthenticators: true}
Element: [[ChromeDriver: chrome on WINDOWS (298bf4fd6de57b4a861255b84cc13289)] -&gt; xpath: (//p[normalize-space()=&apos;Decision&apos;])[1]]
Session ID: 298bf4fd6de57b4a861255b84cc13289
	at java.base/jdk.internal.reflect.DirectConstructorHandleAccessor.newInstance(DirectConstructorHandleAccessor.java:67)
	at java.base/java.lang.reflect.Constructor.newInstanceWithCaller(Constructor.java:500)
	at java.base/java.lang.reflect.Constructor.newInstance(Constructor.java:484)
	at org.openqa.selenium.remote.codec.w3c.W3CHttpResponseCodec.createException(W3CHttpResponseCodec.java:200)
	at org.openqa.selenium.remote.codec.w3c.W3CHttpResponseCodec.decode(W3CHttpResponseCodec.java:133)
	at org.openqa.selenium.remote.codec.w3c.W3CHttpResponseCodec.decode(W3CHttpResponseCodec.java:53)
	at org.openqa.selenium.remote.HttpCommandExecutor.execute(HttpCommandExecutor.java:184)
	at org.openqa.selenium.remote.service.DriverCommandExecutor.invokeExecute(DriverCommandExecutor.java:164)
	at org.openqa.selenium.remote.service.DriverCommandExecutor.execute(DriverCommandExecutor.java:139)
	at org.openqa.selenium.remote.RemoteWebDriver.execute(RemoteWebDriver.java:559)
	at org.openqa.selenium.remote.RemoteWebElement.execute(RemoteWebElement.java:251)
	at org.openqa.selenium.remote.RemoteWebElement.click(RemoteWebElement.java:77)
	at java.base/jdk.internal.reflect.DirectMethodHandleAccessor.invoke(DirectMethodHandleAccessor.java:104)
	at java.base/java.lang.reflect.Method.invoke(Method.java:578)
	at org.openqa.selenium.support.pagefactory.internal.LocatingElementHandler.invoke(LocatingElementHandler.java:52)
	at jdk.proxy2/jdk.proxy2.$Proxy17.click(Unknown Source)
	at com.amt.testUtil.Click.on(Click.java:18)
	at com.amt.pages.Underwriting.find_underwriting_tab_decision_page(Underwriting.java:7664)
	at com.amt.test.LOU.LOU_ownbook_individual_purchase_accept_with_changes_Test.UW4_verify_ownbook_underwriting_proposal_page_flow(LOU_ownbook_individual_purchase_accept_with_changes_Test.java:324)
	at java.base/jdk.internal.reflect.DirectMethodHandleAccessor.invoke(DirectMethodHandleAccessor.java:104)
	at java.base/java.lang.reflect.Method.invoke(Method.java:578)
	at org.testng.internal.MethodInvocationHelper.invokeMethod(MethodInvocationHelper.java:133)
	at org.testng.internal.TestInvoker.invokeMethod(TestInvoker.java:598)
	at org.testng.internal.TestInvoker.invokeTestMethod(TestInvoker.java:173)
	at org.testng.internal.MethodRunner.runInSequence(MethodRunner.java:46)
	at org.testng.internal.TestInvoker$MethodInvocationAgent.invoke(TestInvoker.java:824)
	at org.testng.internal.TestInvoker.invokeTestMethods(TestInvoker.java:146)
	at org.testng.internal.TestMethodWorker.invokeTestMethods(TestMethodWorker.java:146)
	at org.testng.internal.TestMethodWorker.run(TestMethodWorker.java:128)
	at java.base/java.util.ArrayList.forEach(ArrayList.java:1511)
	at org.testng.TestRunner.privateRun(TestRunner.java:794)
	at org.testng.TestRunner.run(TestRunner.java:596)
	at org.testng.SuiteRunner.runTest(SuiteRunner.java:377)
	at org.testng.SuiteRunner.runSequentially(SuiteRunner.java:371)
	at org.testng.SuiteRunner.privateRun(SuiteRunner.java:332)
	at org.testng.SuiteRunner.run(SuiteRunner.java:276)
	at org.testng.SuiteRunnerWorker.runSuite(SuiteRunnerWorker.java:53)
	at org.testng.SuiteRunnerWorker.run(SuiteRunnerWorker.java:96)
	at org.testng.TestNG.runSuitesSequentially(TestNG.java:1212)
	at org.testng.TestNG.runSuitesLocally(TestNG.java:1134)
	at org.testng.TestNG.runSuites(TestNG.java:1063)
	at org.testng.TestNG.run(TestNG.java:1031)
	at org.testng.remote.AbstractRemoteTestNG.run(AbstractRemoteTestNG.java:115)
	at org.testng.remote.RemoteTestNG.initAndRun(RemoteTestNG.java:251)
	at org.testng.remote.RemoteTestNG.main(RemoteTestNG.java:77)
</pre></div></td>
<td>145</td>
<td>com.amt.test.LOU.LOU_ownbook_individual_purchase_accept_with_changes_Test@4145bad8</td></tr>
</table><p>
<table width='100%' border='1' class='invocation-passed'>
<tr><td colspan='4' align='center'><b>PASSED TESTS</b></td></tr>
<tr><td><b>Test method</b></td>
<td width="30%"><b>Exception</b></td>
<td width="10%"><b>Time (seconds)</b></td>
<td><b>Instance</b></td>
</tr>
<tr>
<td title='com.amt.test.LOU.LOU_ownbook_individual_purchase_accept_with_changes_Test.L9_ownbook_status_after_contract_signed()'><b>L9_ownbook_status_after_contract_signed</b><br>Test class: com.amt.test.LOU.LOU_ownbook_individual_purchase_accept_with_changes_Test<br/>
<a href="#Output-948678859" onClick='toggleBox("Output-948678859", this, "Show output", "Hide output");'>Show output</a>

<a href="#Output-948678859" onClick="toggleAllBoxes();">Show all outputs</a>
<div class='log' id="Output-948678859">
<b>Current Status of Proposal value is = Proposal Received</b> <br /><br/>
<b>Current Status of Channel value is =  Contract signed</b> <br /><br/>
<b>Current Status of  Quote ref is = Contract signed</b> <br /><br/>
<b>Status Verified : Contract Signed </b> <br /><br/>
</div>
</td>
<td></td>
<td>6</td>
<td>com.amt.test.LOU.LOU_ownbook_individual_purchase_accept_with_changes_Test@4145bad8</td></tr>
<tr>
<td title='com.amt.test.LOU.LOU_ownbook_individual_purchase_accept_with_changes_Test.UW1_verify_underwriting_flow_ownbook_with_status()'><b>UW1_verify_underwriting_flow_ownbook_with_status</b><br>Test class: com.amt.test.LOU.LOU_ownbook_individual_purchase_accept_with_changes_Test<br/>
<a href="#Output-1897539611" onClick='toggleBox("Output-1897539611", this, "Show output", "Hide output");'>Show output</a>

<a href="#Output-1897539611" onClick="toggleAllBoxes();">Show all outputs</a>
<div class='log' id="Output-1897539611">
<b> Underwriting icon is available </b> <br /><br/>
<b>Underwriting pop up -quote ref no => Quote reference no.:
OJB17220</b> <br /><br/>
<b>Underwriting Popup Proposal Id is =MNB3352</b> <br /><br/>
<b></b> <br /><br/>
<b>Started Verifying Summary values</b> <br /><br/>
<b></b> <br /><br/>
<b>Quote reference no.:
OJB17220 != OJB17220</b> <br /><br/>
<b>Quote no. compared but found not ok</b> <br /><br/>
<b></b> <br /><br/>
<b>AUDI A7 DIESEL SPORTBACK (2018 - Current) 40 TDI Quattro Black Edition 5dr S Tronic = AUDI A7 DIESEL SPORTBACK (2018 - Current) 40 TDI Quattro Black Edition 5dr S Tronic</b> <br /><br/>
<b>Vehicle name compared and found ok</b> <br /><br/>
<b></b> <br /><br/>
<b>Personal Contract Purchase = Personal Contract Purchase</b> <br /><br/>
<b>Contract type compared and found ok</b> <br /><br/>
<b></b> <br /><br/>
<b>36.0 = 36.0</b> <br /><br/>
<b>Terms compared and found ok</b> <br /><br/>
<b></b> <br /><br/>
<b>10000.0 = 10000.0</b> <br /><br/>
<b>Mileage compared and found ok</b> <br /><br/>
<b></b> <br /><br/>
<b>57991.67 = 57991.67</b> <br /><br/>
<b>Basic Cash Price found OK</b> <br /><br/>
<b></b> <br /><br/>
<b>11598.33 = 11598.334</b> <br /><br/>
<b>VAT found OK</b> <br /><br/>
<b></b> <br /><br/>
<b>640.0 = 640.0</b> <br /><br/>
<b>Non VAT Items Value found OK</b> <br /><br/>
<b></b> <br /><br/>
<b>70230.0 = 70230.004</b> <br /><br/>
<b>Total Cash Price found OK</b> <br /><br/>
<b></b> <br /><br/>
<b>1000.0 = 1000.0</b> <br /><br/>
<b>Order Deposit found OK</b> <br /><br/>
<b></b> <br /><br/>
<b>1000.0 = 1000.0</b> <br /><br/>
<b>Finance Deposit found OK</b> <br /><br/>
<b></b> <br /><br/>
<b>2000.0 = 2000.0</b> <br /><br/>
<b>Total Deposit found OK</b> <br /><br/>
<b></b> <br /><br/>
<b>500.0 = 500.0</b> <br /><br/>
<b>Part Exchange Value - found OK</b> <br /><br/>
<b></b> <br /><br/>
<b>67730.0 = 67730.004</b> <br /><br/>
<b>Balance to Finance found OK</b> <br /><br/>
<b></b> <br /><br/>
<b>15546.5 = 15546.610657863945</b> <br /><br/>
<b>Finance Charges - found OK</b> <br /><br/>
<b></b> <br /><br/>
<b>239.99 = 239.99</b> <br /><br/>
<b>Document Fee - found OK</b> <br /><br/>
<b></b> <br /><br/>
<b>83526.49 = 83526.60465786395</b> <br /><br/>
<b>Balance Payable - found OK</b> <br /><br/>
<b></b> <br /><br/>
<b>10.0 = 10.0</b> <br /><br/>
<b>Option To Purchase Fee - found OK</b> <br /><br/>
<b></b> <br /><br/>
<b>2239.99 = 2239.99</b> <br /><br/>
<b>Initial Cash Payment - found OK</b> <br /><br/>
<b></b> <br /><br/>
<b>35.0 = 35.0</b> <br /><br/>
<b>Followed By months - found OK</b> <br /><br/>
<b></b> <br /><br/>
<b>1807.9 = 1807.9032759389713</b> <br /><br/>
<b>Monthly Finance Payment - found OK</b> <br /><br/>
<b></b> <br /><br/>
<b>20000.0 = 20000.0</b> <br /><br/>
<b>Balloon Value - found OK</b> <br /><br/>
<b></b> <br /><br/>
<b>20010.0 = 20010.0</b> <br /><br/>
<b>Final Payment - found OK</b> <br /><br/>
<b></b> <br /><br/>
<b>41.6 = 41.6772</b> <br /><br/>
<b>Pence Per Excess Mile Finance - found OK</b> <br /><br/>
<b></b> <br /><br/>
<b>9754.17 = 9754.17</b> <br /><br/>
<b>Vehicle Commission - found OK</b> <br /><br/>
<b></b> <br /><br/>
<b>564.42 = 564.4167</b> <br /><br/>
<b>Default Finance Commission - found OK</b> <br /><br/>
<b></b> <br /><br/>
<b>99.99 = 99.99166666666667</b> <br /><br/>
<b>Document Fee Commission - found OK</b> <br /><br/>
<b></b> <br /><br/>
<b>10418.58 = 10418.578366666667</b> <br /><br/>
<b>Total Commission - found OK</b> <br /><br/>
<b></b> <br /><br/>
<b>One or More than One values on underwriting pop up may be wrong , please check all above values printed on console</b> <br /><br/>
<b></b> <br /><br/>
<b>click on underwriting_send_for_underwriting  button </b> <br /><br/>
<b>Values on Underwriting pop up are verified succcessfully and opportunity sent for underwriting</b> <br /><br/>
</div>
</td>
<td></td>
<td>66</td>
<td>com.amt.test.LOU.LOU_ownbook_individual_purchase_accept_with_changes_Test@4145bad8</td></tr>
<tr>
<td title='com.amt.test.HPNR.Acquisition_Quotes_HPNR_PCP_without_maintenance_with_add_term_mileage_Test.aquisition_quotes_HPNR_PCP_customer_quote_calculations_check_monthly_finance_payment_without_maintenance_test()'><b>aquisition_quotes_HPNR_PCP_customer_quote_calculations_check_monthly_finance_payment_without_maintenance_test</b><br>Test class: com.amt.test.HPNR.Acquisition_Quotes_HPNR_PCP_without_maintenance_with_add_term_mileage_Test<br>Parameters: AUDI, A7, 50000, 630, 30, 20000, 35, 35000, 1000, 20, NO, Limited Credit, 100, YES, 2000, 1000, 500, 1000, 1000, 199.99, PersonalContractPurchase<br/>
<a href="#Output-780873897" onClick='toggleBox("Output-780873897", this, "Show output", "Hide output");'>Show output</a>

<a href="#Output-780873897" onClick="toggleAllBoxes();">Show all outputs</a>
<div class='log' id="Output-780873897">
<b>***********Entered in Customer Quote page ***********</b> <br /><br/>
<b>Matrix credit type Limited Credit has been selected</b> <br /><br/>
<b>Writing configuration values from property file to Excel for customer quote calculation -started</b> <br /><br/>
<b>Writing configuration values from property file to Excel for customer quote calculation -completed</b> <br /><br/>
<b>Actual Monthly Finance Payment from screen is 1575.04</b> <br /><br/>
<b>Writing screen values to Excel for customer quote calculation -started</b> <br /><br/>
<b>Writing screen values to Excel for customer quote calculation -completed</b> <br /><br/>
<b>Expected Monthly Finannce Rental from excel is 1575.0403482669285</b> <br /><br/>
<b></b> <br /><br/>
<b>Started Verifying Sales price discount not to be greater than cost price discount</b> <br /><br/>
<b>Sales discount price entered greater than Cost discount prices and verified that sales discount input field doesn't accept greater values than cost discount prices</b> <br /><br/>
<b></b> <br /><br/>
<b>Started Updating Sales price discount</b> <br /><br/>
<b>Actual Sales Total Price from screen (on updating sales discount prices) is 58525.0</b> <br /><br/>
<b>Expected Sales Total Price from excel (on updating sales discount prices) is 58525.0</b> <br /><br/>
<b>Actual Vehicle Profit from screen (on updating sales discount prices) is 0.0</b> <br /><br/>
<b>Expected Vehicle Profit from excel (on updating sales discount prices) is 0.0</b> <br /><br/>
<b>Actual Monthly Finance Payment from screen is 1575.04</b> <br /><br/>
<b>Expected Monthly Finance Payment from excel is 1575.0403482669285</b> <br /><br/>
<b>1. Sales Total Price , 2.Vehicel Profit , 3.Monthly Finance Rental , Verified on updating sales discount and found OK</b> <br /><br/>
</div>
</td>
<td></td>
<td>74</td>
<td>com.amt.test.HPNR.Acquisition_Quotes_HPNR_PCP_without_maintenance_with_add_term_mileage_Test@1e6a3214</td></tr>
<tr>
<td title='com.amt.test.LOU.LOU_ownbook_individual_purchase_accept_with_changes_Test.L4_fill_up_the_required_fields_for_sending_a_proposal()'><b>L4_fill_up_the_required_fields_for_sending_a_proposal</b><br>Test class: com.amt.test.LOU.LOU_ownbook_individual_purchase_accept_with_changes_Test<br/>
<a href="#Output-141873846" onClick='toggleBox("Output-141873846", this, "Show output", "Hide output");'>Show output</a>

<a href="#Output-141873846" onClick="toggleAllBoxes();">Show all outputs</a>
<div class='log' id="Output-141873846">
<b>click on Proposal icon</b> <br /><br/>
<b>Send proposal to customer pop up  will open</b> <br /><br/>
<b>Click on Manual fill radio button - Yes</b> <br /><br/>
<b>Click on manually submit behalf of customer link</b> <br /><br/>
<b></b> <br /><br/>
<b>Proposal Received Successfully</b> <br /><br/>
</div>
</td>
<td></td>
<td>55</td>
<td>com.amt.test.LOU.LOU_ownbook_individual_purchase_accept_with_changes_Test@4145bad8</td></tr>
<tr>
<td title='com.amt.test.HPNR.Acquisition_Quotes_HPNR_PCP_without_maintenance_with_add_term_mileage_Test.aquisition_quotes_HPNR_PCP_after_discount_calculations_without_maintenance_test()'><b>aquisition_quotes_HPNR_PCP_after_discount_calculations_without_maintenance_test</b><br>Test class: com.amt.test.HPNR.Acquisition_Quotes_HPNR_PCP_without_maintenance_with_add_term_mileage_Test<br>Parameters: AUDI, A7, 50000, 630, 30, 20000, 35, 35000, 1000, 20, NO, Limited Credit, 100, YES, 2000, 1000, 500, 1000, 1000, 199.99, PersonalContractPurchase<br/>
<a href="#Output-1437389480" onClick='toggleBox("Output-1437389480", this, "Show output", "Hide output");'>Show output</a>

<a href="#Output-1437389480" onClick="toggleAllBoxes();">Show all outputs</a>
<div class='log' id="Output-1437389480">
<b>*********Calculations for On Road Price has been started***********</b> <br /><br/>
<b>Started getting On screen values from after discount table </b> <br /><br/>
<b>Manufacture_delivery_charges =550.00</b> <br /><br/>
<b>Road_tax_first_year =585.00</b> <br /><br/>
<b>First_registration_fee =55.00</b> <br /><br/>
<b>Rebate =0.00</b> <br /><br/>
<b>Writing After discount values to excel has been started</b> <br /><br/>
<b>Writing After discount values to excel has been completed</b> <br /><br/>
<b>Reading On Road Price for invoice from excel has been Started</b> <br /><br/>
<b>Reading On Road Price for invoice from excel has been completed</b> <br /><br/>
<b>Expected on the road price from excel is =58525.0</b> <br /><br/>
<b>Actual on the road price from screen is =58525.00</b> <br /><br/>
</div>
</td>
<td></td>
<td>4</td>
<td>com.amt.test.HPNR.Acquisition_Quotes_HPNR_PCP_without_maintenance_with_add_term_mileage_Test@1e6a3214</td></tr>
<tr>
<td title='com.amt.test.LOU.LOU_ownbook_individual_purchase_accept_with_changes_Test.L1_create_lead_convert_to_lead_for_ownbook_individual_flow()'><b>L1_create_lead_convert_to_lead_for_ownbook_individual_flow</b><br>Test class: com.amt.test.LOU.LOU_ownbook_individual_purchase_accept_with_changes_Test<br/>
<a href="#Output-394051865" onClick='toggleBox("Output-394051865", this, "Show output", "Hide output");'>Show output</a>

<a href="#Output-394051865" onClick="toggleAllBoxes();">Show all outputs</a>
<div class='log' id="Output-394051865">
<b>Clicked on Leads on Side Menu</b> <br /><br/>
<b>Clicked on add lead</b> <br /><br/>
<b>Lead is assigned</b> <br /><br/>
<b>Added data in General Notes</b> <br /><br/>
<b>Customer type - Individual selected</b> <br /><br/>
<b>Clicked on Add new vehicle request</b> <br /><br/>
<b>Clicked on ownbook channel</b> <br /><br/>
<b>Vehicle request for broker has been saved</b> <br /><br/>
<b>Click on Map New Quote icon</b> <br /><br/>
<b>Click on acquisition contract type icon</b> <br /><br/>
<b>Click on customer contract type icon</b> <br /><br/>
<b>Click on search button</b> <br /><br/>
<b>Click on created date button 1st </b> <br /><br/>
<b>Click on created date button 2nd</b> <br /><br/>
<b>New Quote has been mapped with lead</b> <br /><br/>
<b>click ok button on Map  new quote </b> <br /><br/>
<b></b> <br /><br/>
<b>Started Verifying Table values</b> <br /><br/>
<b></b> <br /><br/>
<b>OJB17220 = OJB17220</b> <br /><br/>
<b>Quote no. compared and found ok</b> <br /><br/>
<b></b> <br /><br/>
<b>AUDI A7 DIESEL SPORTBACK (2018 - Current) 40 TDI Quattro Black Edition 5dr S Tronic = AUDI A7 DIESEL SPORTBACK (2018 - Current) 40 TDI Quattro Black Edition 5dr S Tronic</b> <br /><br/>
<b>Vehicle name compared and found ok</b> <br /><br/>
<b></b> <br /><br/>
<b>Personal Contract Purchase = Personal Contract Purchase</b> <br /><br/>
<b>Contract type compared and found ok</b> <br /><br/>
<b></b> <br /><br/>
<b>1807.9 = 1807.9</b> <br /><br/>
<b>Monthly finance rental compared and found ok</b> <br /><br/>
<b></b> <br /><br/>
<b>10000.0 = 10000.0</b> <br /><br/>
<b>Mileage compared and found ok</b> <br /><br/>
<b></b> <br /><br/>
<b>36.0 = 36.0</b> <br /><br/>
<b>Terms compared and found ok</b> <br /><br/>
<b></b> <br /><br/>
<b>13/08/2023 != 14/08/2023</b> <br /><br/>
<b>Expiry date compared but found not ok</b> <br /><br/>
<b>Click on Lead save and Convert button</b> <br /><br/>
<b></b> <br /><br/>
<b>Started Verifying Table values</b> <br /><br/>
<b></b> <br /><br/>
<b>OJB17220 = OJB17220</b> <br /><br/>
<b>Quote no. compared and found ok</b> <br /><br/>
<b></b> <br /><br/>
<b>AUDI A7 DIESEL SPORTBACK (2018 - Current) 40 TDI Quattro Black Edition 5dr S Tronic = AUDI A7 DIESEL SPORTBACK (2018 - Current) 40 TDI Quattro Black Edition 5dr S Tronic</b> <br /><br/>
<b>Vehicle name compared and found ok</b> <br /><br/>
<b></b> <br /><br/>
<b>Personal Contract Purchase = Personal Contract Purchase</b> <br /><br/>
<b>Contract type compared and found ok</b> <br /><br/>
<b></b> <br /><br/>
<b>1807.9 = 1807.9</b> <br /><br/>
<b>Monthly finance rental compared and found ok</b> <br /><br/>
<b></b> <br /><br/>
<b>10000.0 = 10000.0</b> <br /><br/>
<b>Mileage compared and found ok</b> <br /><br/>
<b></b> <br /><br/>
<b>36.0 = 36.0</b> <br /><br/>
<b>Terms compared and found ok</b> <br /><br/>
<b></b> <br /><br/>
<b>13/08/2023 != 14/08/2023</b> <br /><br/>
<b>Expiry date compared but found not ok</b> <br /><br/>
<b></b> <br /><br/>
<b>In Lead created Opportunity Id is =KV-6762</b> <br /><br/>
<b></b> <br /><br/>
</div>
</td>
<td></td>
<td>88</td>
<td>com.amt.test.LOU.LOU_ownbook_individual_purchase_accept_with_changes_Test@4145bad8</td></tr>
<tr>
<td title='com.amt.test.LOU.LOU_ownbook_individual_purchase_accept_with_changes_Test.L8_ownbook_signed_contract_status_with_api_call()'><b>L8_ownbook_signed_contract_status_with_api_call</b><br>Test class: com.amt.test.LOU.LOU_ownbook_individual_purchase_accept_with_changes_Test<br/>
<a href="#Output-536481439" onClick='toggleBox("Output-536481439", this, "Show output", "Hide output");'>Show output</a>

<a href="#Output-536481439" onClick="toggleAllBoxes();">Show all outputs</a>
<div class='log' id="Output-536481439">
<b>Status code 200 received </b> <br /><br/>
<b>Enter the Opportunity id in Search Text box</b> <br /><br/>
</div>
</td>
<td></td>
<td>22</td>
<td>com.amt.test.LOU.LOU_ownbook_individual_purchase_accept_with_changes_Test@4145bad8</td></tr>
<tr>
<td title='com.amt.test.LOU.LOU_ownbook_individual_purchase_accept_with_changes_Test.UW2_verify_status_after_sending_to_underwriting()'><b>UW2_verify_status_after_sending_to_underwriting</b><br>Test class: com.amt.test.LOU.LOU_ownbook_individual_purchase_accept_with_changes_Test<br/>
<a href="#Output-217062230" onClick='toggleBox("Output-217062230", this, "Show output", "Hide output");'>Show output</a>

<a href="#Output-217062230" onClick="toggleAllBoxes();">Show all outputs</a>
<div class='log' id="Output-217062230">
<b>Current Status of Proposal value is = Proposal Received</b> <br /><br/>
<b>Current Status of Channel value is =  Awaiting underwriting</b> <br /><br/>
<b>Current Status of  Quote ref is = Awaiting underwriting</b> <br /><br/>
<b>Status Verified : Awaiting Underwriting </b> <br /><br/>
</div>
</td>
<td></td>
<td>1</td>
<td>com.amt.test.LOU.LOU_ownbook_individual_purchase_accept_with_changes_Test@4145bad8</td></tr>
<tr>
<td title='com.amt.test.HPNR.Acquisition_Quotes_HPNR_PCP_without_maintenance_with_add_term_mileage_Test.aquisition_quotes_HPNR_PCP_OTR_calculation_without_maintenance_test()'><b>aquisition_quotes_HPNR_PCP_OTR_calculation_without_maintenance_test</b><br>Test class: com.amt.test.HPNR.Acquisition_Quotes_HPNR_PCP_without_maintenance_with_add_term_mileage_Test<br>Parameters: AUDI, A7, 50000, 630, 30, 20000, 35, 35000, 1000, 20, NO, Limited Credit, 100, YES, 2000, 1000, 500, 1000, 1000, 199.99, PersonalContractPurchase<br/>
<a href="#Output-1755514347" onClick='toggleBox("Output-1755514347", this, "Show output", "Hide output");'>Show output</a>

<a href="#Output-1755514347" onClick="toggleAllBoxes();">Show all outputs</a>
<div class='log' id="Output-1755514347">
<b>Clicked on Quote button </b> <br /><br/>
<b>Manufacture =AUDI has been selected</b> <br /><br/>
<b>Model range =A7 has been selected</b> <br /><br/>
<b>Vehicle has been selected</b> <br /><br/>
<b>Paint option has been selected</b> <br /><br/>
<b>Interior option has been selected</b> <br /><br/>
<b> Acquisition Contract type option = HPNR has been selected</b> <br /><br/>
<b> Customer Contract type option = Personal Contract Purchase (PCP) has been selected</b> <br /><br/>
<b>Getting Basic Price- Vehicle value is  =46854.17</b> <br /><br/>
<b>Getting Basic Price - Paint  value is  =0.00</b> <br /><br/>
<b>Getting  Basic Price - Options value is   =833.33</b> <br /><br/>
<b>Getting Discount- Vehicle value is  =0.00</b> <br /><br/>
<b>Getting   Discount - Paint value is   =0.00</b> <br /><br/>
<b>Getting  Discount- Options value is   =0.00</b> <br /><br/>
<b>Getting Additional Discount- Vehicle value is  =0.00</b> <br /><br/>
<b>Getting  Additional Discount - paint value is  =0.00</b> <br /><br/>
<b>Getting  Additional Discount - Options value is  =0.00</b> <br /><br/>
<b>Writing OTR table values to excel sheet -Started </b> <br /><br/>
<b>Writing OTR table values to excel sheet -Completed </b> <br /><br/>
<b>Reading Subtotal After Discount from excel sheet -Started </b> <br /><br/>
<b>Reading Subtotal After Discount from excel sheet -Started </b> <br /><br/>
<b>Subtotal After Discount from excel sheet is =47687.5</b> <br /><br/>
<b>Subtotal after discount actual value from screen =Â£ 47,687.50</b> <br /><br/>
</div>
</td>
<td></td>
<td>57</td>
<td>com.amt.test.HPNR.Acquisition_Quotes_HPNR_PCP_without_maintenance_with_add_term_mileage_Test@1e6a3214</td></tr>
<tr>
<td title='com.amt.test.LOU.LOU_ownbook_individual_purchase_accept_with_changes_Test.UW3_verify_underwriting_lisitig_page()'><b>UW3_verify_underwriting_lisitig_page</b><br>Test class: com.amt.test.LOU.LOU_ownbook_individual_purchase_accept_with_changes_Test<br/>
<a href="#Output-295107070" onClick='toggleBox("Output-295107070", this, "Show output", "Hide output");'>Show output</a>

<a href="#Output-295107070" onClick="toggleAllBoxes();">Show all outputs</a>
<div class='log' id="Output-295107070">
<b>Click on Underwriting menu_link </b> <br /><br/>
<b>Click on Underwriting - ownbook tab </b> <br /><br/>
<b>Click on Search text box - broker tab</b> <br /><br/>
<b>Getting the  proposal id from excel sheet =MNB3352</b> <br /><br/>
<b>Enter the proposal in search text box =MNB3352</b> <br /><br/>
</div>
</td>
<td></td>
<td>14</td>
<td>com.amt.test.LOU.LOU_ownbook_individual_purchase_accept_with_changes_Test@4145bad8</td></tr>
<tr>
<td title='com.amt.test.LOU.LOU_ownbook_individual_purchase_accept_with_changes_Test.L3_verify_table_values_on_opportunity_page_before_sending_proposal()'><b>L3_verify_table_values_on_opportunity_page_before_sending_proposal</b><br>Test class: com.amt.test.LOU.LOU_ownbook_individual_purchase_accept_with_changes_Test<br/>
<a href="#Output-632871697" onClick='toggleBox("Output-632871697", this, "Show output", "Hide output");'>Show output</a>

<a href="#Output-632871697" onClick="toggleAllBoxes();">Show all outputs</a>
<div class='log' id="Output-632871697">
<b></b> <br /><br/>
<b>Started Verifying Table values</b> <br /><br/>
<b></b> <br /><br/>
<b>OJB17220 = OJB17220</b> <br /><br/>
<b>Quote no. compared and found ok</b> <br /><br/>
<b></b> <br /><br/>
<b>AUDI A7 DIESEL SPORTBACK (2018 - Current) 40 TDI Quattro Black Edition 5dr S Tronic = AUDI A7 DIESEL SPORTBACK (2018 - Current) 40 TDI Quattro Black Edition 5dr S Tronic</b> <br /><br/>
<b>Vehicle name compared and found ok</b> <br /><br/>
<b></b> <br /><br/>
<b>Personal Contract Purchase = Personal Contract Purchase</b> <br /><br/>
<b>Contract type compared and found ok</b> <br /><br/>
<b></b> <br /><br/>
<b>1807.9 = 1807.9</b> <br /><br/>
<b>Monthly finance rental compared and found ok</b> <br /><br/>
<b></b> <br /><br/>
<b>10000.0 = 10000.0</b> <br /><br/>
<b>Mileage compared and found ok</b> <br /><br/>
<b></b> <br /><br/>
<b>36.0 = 36.0</b> <br /><br/>
<b>Terms compared and found ok</b> <br /><br/>
<b></b> <br /><br/>
<b>13/08/2023 != 14/08/2023</b> <br /><br/>
<b>Expiry date compared but found not ok</b> <br /><br/>
<b></b> <br /><br/>
<b>Table values verified Successfully</b> <br /><br/>
</div>
</td>
<td></td>
<td>4</td>
<td>com.amt.test.LOU.LOU_ownbook_individual_purchase_accept_with_changes_Test@4145bad8</td></tr>
<tr>
<td title='com.amt.test.HPNR.Acquisition_Quotes_HPNR_PCP_without_maintenance_with_add_term_mileage_Test.aquisition_quotes_HPNR_PCP_holding_cost_calculations_without_maintenance_test()'><b>aquisition_quotes_HPNR_PCP_holding_cost_calculations_without_maintenance_test</b><br>Test class: com.amt.test.HPNR.Acquisition_Quotes_HPNR_PCP_without_maintenance_with_add_term_mileage_Test<br>Parameters: AUDI, A7, 50000, 630, 30, 20000, 35, 35000, 1000, 20, NO, Limited Credit, 100, YES, 2000, 1000, 500, 1000, 1000, 199.99, PersonalContractPurchase<br/>
<a href="#Output-262650348" onClick='toggleBox("Output-262650348", this, "Show output", "Hide output");'>Show output</a>

<a href="#Output-262650348" onClick="toggleAllBoxes();">Show all outputs</a>
<div class='log' id="Output-262650348">
<b>***********Entered in holding cost page ***********</b> <br /><br/>
<b>Clicked on holding cost summary</b> <br /><br/>
<b></b> <br /><br/>
<b>Verifying Holding Cost Based on CAP data</b> <br /><br/>
<b>Getting on screen values from Holding Cost Page</b> <br /><br/>
<b>Duration(Terms) =36.0</b> <br /><br/>
<b>Annual_mileage =10000.0</b> <br /><br/>
<b>Cap_residual_value_from_screen =28575.0</b> <br /><br/>
<b>Writing Holding Cost Summary values to excel has been started</b> <br /><br/>
<b>Writing Holding Cost Summary values to excel has been completed</b> <br /><br/>
<b>Reading Monthly Holding Cost value from excel has been started</b> <br /><br/>
<b>Reading Monthly Holding Cost value from excel has been completed</b> <br /><br/>
<b>Total_monthly_holding_cost_from_screen =900.44</b> <br /><br/>
<b>Total_monthly_holding_cost_from_excel =900.4386752319125</b> <br /><br/>
<b>Total Monthly Holding Cost based on CAP data is Verified and Found OK</b> <br /><br/>
<b></b> <br /><br/>
<b>Editing % CAP Residual Value used</b> <br /><br/>
<b>Changing % CAP Residual Value (from test  data) to 30</b> <br /><br/>
<b>Writing Holding Cost Summary values to excel has been started</b> <br /><br/>
<b>Writing Holding Cost Summary values to excel has been completed</b> <br /><br/>
<b>Reading Monthly Holding Cost value from excel has been started</b> <br /><br/>
<b>Reading Monthly Holding Cost value from excel has been completed</b> <br /><br/>
<b>Total_monthly_holding_cost_from_screen =1318.76</b> <br /><br/>
<b>Total_monthly_holding_cost_from_excel =1318.764249237215</b> <br /><br/>
<b>Total Monthly Holding Cost After Editing % Residual Value is Verified and Found OK</b> <br /><br/>
<b></b> <br /><br/>
<b>Editing Residual value used</b> <br /><br/>
<b>Changing Residual value used to =20000</b> <br /><br/>
<b>Writing Holding Cost Summary values to excel has been started</b> <br /><br/>
<b>Writing Holding Cost Summary values to excel has been completed</b> <br /><br/>
<b>Reading Monthly Holding Cost value from excel has been started</b> <br /><br/>
<b>Reading Monthly Holding Cost value from excel has been completed</b> <br /><br/>
<b>Total_monthly_holding_cost_from_screen =1079.77</b> <br /><br/>
<b>Total_monthly_holding_cost_from_excel =1079.7733482525582</b> <br /><br/>
<b>Total Monthly Holding Cost After Editing Residual Value is Verified and Found OK</b> <br /><br/>
</div>
</td>
<td></td>
<td>39</td>
<td>com.amt.test.HPNR.Acquisition_Quotes_HPNR_PCP_without_maintenance_with_add_term_mileage_Test@1e6a3214</td></tr>
<tr>
<td title='com.amt.test.HPNR.Acquisition_Quotes_HPNR_PCP_without_maintenance_with_add_term_mileage_Test.aquisition_quotes_HPNR_PCP_customer_quote_part_exchange_value_edit_check_without_maintenance_test()'><b>aquisition_quotes_HPNR_PCP_customer_quote_part_exchange_value_edit_check_without_maintenance_test</b><br>Test class: com.amt.test.HPNR.Acquisition_Quotes_HPNR_PCP_without_maintenance_with_add_term_mileage_Test<br>Parameters: AUDI, A7, 50000, 630, 30, 20000, 35, 35000, 1000, 20, NO, Limited Credit, 100, YES, 2000, 1000, 500, 1000, 1000, 199.99, PersonalContractPurchase<br/>
<a href="#Output-831280871" onClick='toggleBox("Output-831280871", this, "Show output", "Hide output");'>Show output</a>

<a href="#Output-831280871" onClick="toggleAllBoxes();">Show all outputs</a>
<div class='log' id="Output-831280871">
<b>Clicked on Part Exchange panel</b> <br /><br/>
<b></b> <br /><br/>
<b>Balance To Finance Expected is 67730.004</b> <br /><br/>
<b>Balance To Finance Actual is 67730.0</b> <br /><br/>
<b></b> <br /><br/>
<b>Monthly Finance Payment Expected is 1895.5545666697715</b> <br /><br/>
<b>Monthly Finance Payment Actual is 1895.55</b> <br /><br/>
<b></b> <br /><br/>
<b>Monthly Finance Payment verified after editing part exchange values and deposit values</b> <br /><br/>
</div>
</td>
<td></td>
<td>33</td>
<td>com.amt.test.HPNR.Acquisition_Quotes_HPNR_PCP_without_maintenance_with_add_term_mileage_Test@1e6a3214</td></tr>
<tr>
<td title='com.amt.test.LOU.LOU_ownbook_individual_purchase_accept_with_changes_Test.L6_ownbook_sending_contract()'><b>L6_ownbook_sending_contract</b><br>Test class: com.amt.test.LOU.LOU_ownbook_individual_purchase_accept_with_changes_Test<br/>
<a href="#Output-292320384" onClick='toggleBox("Output-292320384", this, "Show output", "Hide output");'>Show output</a>

<a href="#Output-292320384" onClick="toggleAllBoxes();">Show all outputs</a>
<div class='log' id="Output-292320384">
<b>click on Send_Contract icon</b> <br /><br/>
<b>Contract Sent Successfully</b> <br /><br/>
</div>
</td>
<td></td>
<td>91</td>
<td>com.amt.test.LOU.LOU_ownbook_individual_purchase_accept_with_changes_Test@4145bad8</td></tr>
<tr>
<td title='com.amt.test.LOU.LOU_ownbook_individual_purchase_accept_with_changes_Test.L5_ownbook_create_opportunity_individual_currentstatus_after_sending_to_proposal()'><b>L5_ownbook_create_opportunity_individual_currentstatus_after_sending_to_proposal</b><br>Test class: com.amt.test.LOU.LOU_ownbook_individual_purchase_accept_with_changes_Test<br/>
<a href="#Output-2078444301" onClick='toggleBox("Output-2078444301", this, "Show output", "Hide output");'>Show output</a>

<a href="#Output-2078444301" onClick="toggleAllBoxes();">Show all outputs</a>
<div class='log' id="Output-2078444301">
<b>Current Status of Opportunity Status value is = Open</b> <br /><br/>
<b>Current Status of Proposal value is = Proposal Received</b> <br /><br/>
<b>Current Status of Channel value is =  Draft</b> <br /><br/>
<b>Current Status of  Quote ref is = Draft</b> <br /><br/>
<b>Status Verified : After sending the proposal</b> <br /><br/>
</div>
</td>
<td></td>
<td>0</td>
<td>com.amt.test.LOU.LOU_ownbook_individual_purchase_accept_with_changes_Test@4145bad8</td></tr>
<tr>
<td title='com.amt.test.HPNR.Acquisition_Quotes_HPNR_PCP_without_maintenance_with_add_term_mileage_Test.aquisition_quotes_HPNR_PCP_customer_quote_vehicle_profit_edit_check_without_maintenance_test()'><b>aquisition_quotes_HPNR_PCP_customer_quote_vehicle_profit_edit_check_without_maintenance_test</b><br>Test class: com.amt.test.HPNR.Acquisition_Quotes_HPNR_PCP_without_maintenance_with_add_term_mileage_Test<br>Parameters: AUDI, A7, 50000, 630, 30, 20000, 35, 35000, 1000, 20, NO, Limited Credit, 100, YES, 2000, 1000, 500, 1000, 1000, 199.99, PersonalContractPurchase<br/>
<a href="#Output-1614986839" onClick='toggleBox("Output-1614986839", this, "Show output", "Hide output");'>Show output</a>

<a href="#Output-1614986839" onClick="toggleAllBoxes();">Show all outputs</a>
<div class='log' id="Output-1614986839">
<b></b> <br /><br/>
<b>Actual Monthly Finance Payment after editing vehicle profit = 1616.82</b> <br /><br/>
<b>Expected  Monthly Finance Payment after editing vehicle profit = 1616.8238240898</b> <br /><br/>
<b></b> <br /><br/>
<b>Monthly Finance Payment verified after editing vehicle profit</b> <br /><br/>
<b></b> <br /><br/>
<b>Verifying Vehicle profit and Total Monthly Payment on editing Vehicle Sales Price</b> <br /><br/>
<b>Sending 70230.0 to sales total input field</b> <br /><br/>
<b></b> <br /><br/>
<b>Vehicle Profit Expected is 9754.166666666668</b> <br /><br/>
<b>Vehicle Profit Actual is 9754.17</b> <br /><br/>
<b></b> <br /><br/>
<b>Monthly Total Payment Expected is 1982.6034746340715</b> <br /><br/>
<b>Monthly Total Payment Actual is 1982.6</b> <br /><br/>
<b></b> <br /><br/>
<b>Vehicle profit and Total Monthly Payment verified on editing Vehicle Sales Price</b> <br /><br/>
</div>
</td>
<td></td>
<td>60</td>
<td>com.amt.test.HPNR.Acquisition_Quotes_HPNR_PCP_without_maintenance_with_add_term_mileage_Test@1e6a3214</td></tr>
<tr>
<td title='com.amt.test.LOU.LOU_ownbook_individual_purchase_accept_with_changes_Test.L7_verify_current_status_on_opportunity_page_after_sending_contract_for_ownbook_individual_flow()'><b>L7_verify_current_status_on_opportunity_page_after_sending_contract_for_ownbook_individual_flow</b><br>Test class: com.amt.test.LOU.LOU_ownbook_individual_purchase_accept_with_changes_Test<br/>
<a href="#Output-2016807779" onClick='toggleBox("Output-2016807779", this, "Show output", "Hide output");'>Show output</a>

<a href="#Output-2016807779" onClick="toggleAllBoxes();">Show all outputs</a>
<div class='log' id="Output-2016807779">
<b>Current Status of Proposal value is = Proposal Received</b> <br /><br/>
<b>Current Status of Channel value is =  Sent to customer</b> <br /><br/>
<b>Current Status of  Quote ref is = Sent to customer</b> <br /><br/>
<b>Status Verified : Sent to customer</b> <br /><br/>
</div>
</td>
<td></td>
<td>4</td>
<td>com.amt.test.LOU.LOU_ownbook_individual_purchase_accept_with_changes_Test@4145bad8</td></tr>
<tr>
<td title='com.amt.test.LOU.LOU_ownbook_individual_purchase_accept_with_changes_Test.L2_ownbook_individual_current_status_before_sending_to_proposal()'><b>L2_ownbook_individual_current_status_before_sending_to_proposal</b><br>Test class: com.amt.test.LOU.LOU_ownbook_individual_purchase_accept_with_changes_Test<br/>
<a href="#Output-316779517" onClick='toggleBox("Output-316779517", this, "Show output", "Hide output");'>Show output</a>

<a href="#Output-316779517" onClick="toggleAllBoxes();">Show all outputs</a>
<div class='log' id="Output-316779517">
<b>Clicked on Opportunity link from Menu </b> <br /><br/>
<b>listing_proposal_status is = Proposal Required</b> <br /><br/>
<b>Enter the Opportunity id in Search Text box</b> <br /><br/>
<b>Current Status of Opportunity Status value is = Open</b> <br /><br/>
<b>Current Status of Proposal value is = Proposal Required</b> <br /><br/>
<b>Current Status of Channel value is =  Draft</b> <br /><br/>
<b>Current Status of  Quote ref is = Draft</b> <br /><br/>
<b>Status Verified : Before sending the proposal</b> <br /><br/>
</div>
</td>
<td></td>
<td>19</td>
<td>com.amt.test.LOU.LOU_ownbook_individual_purchase_accept_with_changes_Test@4145bad8</td></tr>
<tr>
<td title='com.amt.test.HPNR.Acquisition_Quotes_HPNR_PCP_without_maintenance_with_add_term_mileage_Test.aquisition_quotes_HPNR_PCP_quote_summary_values_verification_without_maintenance_test()'><b>aquisition_quotes_HPNR_PCP_quote_summary_values_verification_without_maintenance_test</b><br>Test class: com.amt.test.HPNR.Acquisition_Quotes_HPNR_PCP_without_maintenance_with_add_term_mileage_Test<br>Parameters: AUDI, A7, 50000, 630, 30, 20000, 35, 35000, 1000, 20, NO, Limited Credit, 100, YES, 2000, 1000, 500, 1000, 1000, 199.99, PersonalContractPurchase<br/>
<a href="#Output-1049422834" onClick='toggleBox("Output-1049422834", this, "Show output", "Hide output");'>Show output</a>

<a href="#Output-1049422834" onClick="toggleAllBoxes();">Show all outputs</a>
<div class='log' id="Output-1049422834">
<b>*************OTR Calulation on quote summary page has been started************</b> <br /><br/>
<b>Reading values from OTR calculation -Quote Summary Page</b> <br /><br/>
<b></b> <br /><br/>
<b>Cost otr price from screen is 58525.0</b> <br /><br/>
<b>Cost price ex vat and rfl from screen is 48237.5</b> <br /><br/>
<b>Otr Vat from screen is 9647.5</b> <br /><br/>
<b>Otr rfl and frf from screen is 640.0</b> <br /><br/>
<b></b> <br /><br/>
<b></b> <br /><br/>
<b>Cost otr price from excel is 58525.0</b> <br /><br/>
<b>Cost price ex vat and rfl from excel is 48237.5</b> <br /><br/>
<b>Otr Vat from excel is 9647.5</b> <br /><br/>
<b>Otr rfl and frf from excel is 640.0</b> <br /><br/>
<b></b> <br /><br/>
<b>OTR price compared</b> <br /><br/>
<b>Cost price ex vat and rfl compared</b> <br /><br/>
<b>VAT compared</b> <br /><br/>
<b>RFL & FRF compared</b> <br /><br/>
<b>*************Holding Cost Calulation on quote summary page has been started************</b> <br /><br/>
<b>Reading values from Holding Cost summary -Quote Summary Page</b> <br /><br/>
<b></b> <br /><br/>
<b>Holding cost Terms from screen36.0</b> <br /><br/>
<b>Holding cost miles per annum from screen is 10000.0</b> <br /><br/>
<b>Holding cost monthly finance cost from screen is 1079.77</b> <br /><br/>
<b>Holding cost total monthly holding cost from screen is 1079.77</b> <br /><br/>
<b></b> <br /><br/>
<b>Holding cost Terms from excel is 36.0</b> <br /><br/>
<b>Holding cost miles per annum from excel is 10000.0</b> <br /><br/>
<b>Holding cost monthly finance cost from excel is 1079.7733482525582</b> <br /><br/>
<b>Holding cost total monthly holding cost from excel is 1079.7733482525582</b> <br /><br/>
<b>terms compared</b> <br /><br/>
<b>Miles per annum compared</b> <br /><br/>
<b>Finance cost compared</b> <br /><br/>
<b>Total Monthly Holding Cost compared</b> <br /><br/>
<b>*************Customer Quote Calulation on quote summary page has been started************</b> <br /><br/>
<b>Terms found OK</b> <br /><br/>
<b>miles found OK</b> <br /><br/>
<b>Basic Cash Price found OK</b> <br /><br/>
<b>VAT found OK</b> <br /><br/>
<b>Non VAT Items Value found OK</b> <br /><br/>
<b>Total Cash Price found OK</b> <br /><br/>
<b>Order Deposit found OK</b> <br /><br/>
<b>Finance Deposit found OK</b> <br /><br/>
<b>Total Deposit found OK</b> <br /><br/>
<b>Part Exchange Value - found OK</b> <br /><br/>
<b>Balance to Finance found OK</b> <br /><br/>
<b>Finance Charges - found OK</b> <br /><br/>
<b>Document Fee - found OK</b> <br /><br/>
<b>Balance Payable - found OK</b> <br /><br/>
<b>Option To Purchase Fee - found OK</b> <br /><br/>
<b>Initial Cash Payment - found OK</b> <br /><br/>
<b>Followed By months - found OK</b> <br /><br/>
<b>Monthly Finance Payment - found OK</b> <br /><br/>
<b>Guaranteed Future Value - found OK</b> <br /><br/>
<b>Optional Final Payment - found OK</b> <br /><br/>
<b>Pence Per Excess Mile Finance - found OK</b> <br /><br/>
<b>Vehicle Commission - found OK</b> <br /><br/>
<b>Default Finance Commission - found OK</b> <br /><br/>
<b>Document Fee Commission - found OK</b> <br /><br/>
<b>Total Commission - found OK</b> <br /><br/>
<b>*************Configuration Values Verification on quote summary page has been started************</b> <br /><br/>
<b>Base Interest Rate found OK</b> <br /><br/>
<b>Finance Margin found OK</b> <br /><br/>
<b>Deductions found OK</b> <br /><br/>
<b>Additional Margin found OK</b> <br /><br/>
<b>Total Margin found OK</b> <br /><br/>
<b>Default Broker Margin percentage found OK</b> <br /><br/>
<b>Customer Interest Rate found OK</b> <br /><br/>
<b>Document Fee Margin found OK</b> <br /><br/>
<b>Default Broker Margin found OK</b> <br /><br/>
<b>*********Customer Quote generated successfully and Quote_ref_no is=OJB17220</b> <br /><br/>
<b>*************OTR Calulation on quote summary page has been started************</b> <br /><br/>
<b>Reading values from OTR calculation -Quote Summary Page</b> <br /><br/>
<b></b> <br /><br/>
<b>Cost otr price from screen is 58525.0</b> <br /><br/>
<b>Cost price ex vat and rfl from screen is 48237.5</b> <br /><br/>
<b>Otr Vat from screen is 9647.5</b> <br /><br/>
<b>Otr rfl and frf from screen is 640.0</b> <br /><br/>
<b></b> <br /><br/>
<b></b> <br /><br/>
<b>Cost otr price from excel is 58525.0</b> <br /><br/>
<b>Cost price ex vat and rfl from excel is 48237.5</b> <br /><br/>
<b>Otr Vat from excel is 9647.5</b> <br /><br/>
<b>Otr rfl and frf from excel is 640.0</b> <br /><br/>
<b></b> <br /><br/>
<b>OTR price compared</b> <br /><br/>
<b>Cost price ex vat and rfl compared</b> <br /><br/>
<b>VAT compared</b> <br /><br/>
<b>RFL & FRF compared</b> <br /><br/>
<b>*************Holding Cost Calulation on quote summary page has been started************</b> <br /><br/>
<b>Reading values from Holding Cost summary -Quote Summary Page</b> <br /><br/>
<b></b> <br /><br/>
<b>Holding cost Terms from screen36.0</b> <br /><br/>
<b>Holding cost miles per annum from screen is 10000.0</b> <br /><br/>
<b>Holding cost monthly finance cost from screen is 1079.77</b> <br /><br/>
<b>Holding cost total monthly holding cost from screen is 1079.77</b> <br /><br/>
<b></b> <br /><br/>
<b>Holding cost Terms from excel is 36.0</b> <br /><br/>
<b>Holding cost miles per annum from excel is 10000.0</b> <br /><br/>
<b>Holding cost monthly finance cost from excel is 1079.7733482525582</b> <br /><br/>
<b>Holding cost total monthly holding cost from excel is 1079.7733482525582</b> <br /><br/>
<b>terms compared</b> <br /><br/>
<b>Miles per annum compared</b> <br /><br/>
<b>Finance cost compared</b> <br /><br/>
<b>Total Monthly Holding Cost compared</b> <br /><br/>
<b>*************Customer Quote Calulation on quote summary page has been started************</b> <br /><br/>
<b>Terms found OK</b> <br /><br/>
<b>miles found OK</b> <br /><br/>
<b>Basic Cash Price found OK</b> <br /><br/>
<b>VAT found OK</b> <br /><br/>
<b>Non VAT Items Value found OK</b> <br /><br/>
<b>Total Cash Price found OK</b> <br /><br/>
<b>Order Deposit found OK</b> <br /><br/>
<b>Finance Deposit found OK</b> <br /><br/>
<b>Total Deposit found OK</b> <br /><br/>
<b>Part Exchange Value - found OK</b> <br /><br/>
<b>Balance to Finance found OK</b> <br /><br/>
<b>Finance Charges - found OK</b> <br /><br/>
<b>Document Fee - found OK</b> <br /><br/>
<b>Balance Payable - found OK</b> <br /><br/>
<b>Option To Purchase Fee - found OK</b> <br /><br/>
<b>Initial Cash Payment - found OK</b> <br /><br/>
<b>Followed By months - found OK</b> <br /><br/>
<b>Monthly Finance Payment - found OK</b> <br /><br/>
<b>Guaranteed Future Value - found OK</b> <br /><br/>
<b>Optional Final Payment - found OK</b> <br /><br/>
<b>Pence Per Excess Mile Finance - found OK</b> <br /><br/>
<b>Vehicle Commission - found OK</b> <br /><br/>
<b>Default Finance Commission - found OK</b> <br /><br/>
<b>Document Fee Commission - found OK</b> <br /><br/>
<b>Total Commission - found OK</b> <br /><br/>
<b>*************Configuration Values Verification on quote summary page has been started************</b> <br /><br/>
<b>Base Interest Rate found OK</b> <br /><br/>
<b>Finance Margin found OK</b> <br /><br/>
<b>Deductions found OK</b> <br /><br/>
<b>Additional Margin found OK</b> <br /><br/>
<b>Total Margin found OK</b> <br /><br/>
<b>Default Broker Margin percentage found OK</b> <br /><br/>
<b>Customer Interest Rate found OK</b> <br /><br/>
<b>Document Fee Margin found OK</b> <br /><br/>
<b>Default Broker Margin found OK</b> <br /><br/>
<b>*************Editing and Verifying Configuration Values on quote summary page has been started************</b> <br /><br/>
<b>Base Interest Rate changed to 7.0 %</b> <br /><br/>
<b>Holding Cost after changing Base Int. Rate -  found OK</b> <br /><br/>
<b>Monthly Finance Rental after changing Base Int. Rate -  found OK</b> <br /><br/>
<b>Finance Charges - found OK</b> <br /><br/>
<b>Balance Payable - found OK</b> <br /><br/>
<b>Base Interest Rate changed to 6.5 %</b> <br /><br/>
<b>*************Editing Customer Rate Over Base and Verifying Values on quote summary page has been started************</b> <br /><br/>
<b>Customer Base Over Rate changed to 5.0 %</b> <br /><br/>
<b>Monthly Finance Rental after changing Customer Base Over Rate -  found OK</b> <br /><br/>
<b>Finance Charges - found OK</b> <br /><br/>
<b>Balance Payable - found OK</b> <br /><br/>
<b>*************Calculations for Quote Summary page gas been started************</b> <br /><br/>
<b>Reading values from OTR calculation -Quote Summary Page</b> <br /><br/>
<b>Writing completed for some of the important required values to quote save excel sheet in the sheet HPNRPCPQuoteNo</b> <br /><br/>
</div>
</td>
<td></td>
<td>259</td>
<td>com.amt.test.HPNR.Acquisition_Quotes_HPNR_PCP_without_maintenance_with_add_term_mileage_Test@1e6a3214</td></tr>
</table><p>
<table width='100%' border='1' class='invocation-skipped'>
<tr><td colspan='4' align='center'><b>SKIPPED TESTS</b></td></tr>
<tr><td><b>Test method</b></td>
<td width="30%"><b>Exception</b></td>
<td width="10%"><b>Time (seconds)</b></td>
<td><b>Instance</b></td>
</tr>
<tr>
<td title='com.amt.test.LOU.LOU_ownbook_individual_purchase_accept_with_changes_Test.UW7_verify_ownbook_opportunity_accept_with_changes_underwriting_pop_up()'><b>UW7_verify_ownbook_opportunity_accept_with_changes_underwriting_pop_up</b><br>Test class: com.amt.test.LOU.LOU_ownbook_individual_purchase_accept_with_changes_Test</td>
<td><div><pre>java.lang.Throwable: Method LOU_ownbook_individual_purchase_accept_with_changes_Test.UW7_verify_ownbook_opportunity_accept_with_changes_underwriting_pop_up()[pri:16, instance:com.amt.test.LOU.LOU_ownbook_individual_purchase_accept_with_changes_Test@4145bad8] depends on not successfully finished methods
	at java.base/java.util.ArrayList.forEach(ArrayList.java:1511)
... Removed 18 stack frames</pre></div><a href='#' onClick='toggleBox("stack-trace685218246", this, "Click to show all stack frames", "Click to hide stack frames")'>Click to show all stack frames</a>
<div class='stack-trace' id='stack-trace685218246'><pre>java.lang.Throwable: Method LOU_ownbook_individual_purchase_accept_with_changes_Test.UW7_verify_ownbook_opportunity_accept_with_changes_underwriting_pop_up()[pri:16, instance:com.amt.test.LOU.LOU_ownbook_individual_purchase_accept_with_changes_Test@4145bad8] depends on not successfully finished methods
	at org.testng.internal.TestInvoker.invokeTestMethods(TestInvoker.java:102)
	at org.testng.internal.TestMethodWorker.invokeTestMethods(TestMethodWorker.java:146)
	at org.testng.internal.TestMethodWorker.run(TestMethodWorker.java:128)
	at java.base/java.util.ArrayList.forEach(ArrayList.java:1511)
	at org.testng.TestRunner.privateRun(TestRunner.java:794)
	at org.testng.TestRunner.run(TestRunner.java:596)
	at org.testng.SuiteRunner.runTest(SuiteRunner.java:377)
	at org.testng.SuiteRunner.runSequentially(SuiteRunner.java:371)
	at org.testng.SuiteRunner.privateRun(SuiteRunner.java:332)
	at org.testng.SuiteRunner.run(SuiteRunner.java:276)
	at org.testng.SuiteRunnerWorker.runSuite(SuiteRunnerWorker.java:53)
	at org.testng.SuiteRunnerWorker.run(SuiteRunnerWorker.java:96)
	at org.testng.TestNG.runSuitesSequentially(TestNG.java:1212)
	at org.testng.TestNG.runSuitesLocally(TestNG.java:1134)
	at org.testng.TestNG.runSuites(TestNG.java:1063)
	at org.testng.TestNG.run(TestNG.java:1031)
	at org.testng.remote.AbstractRemoteTestNG.run(AbstractRemoteTestNG.java:115)
	at org.testng.remote.RemoteTestNG.initAndRun(RemoteTestNG.java:251)
	at org.testng.remote.RemoteTestNG.main(RemoteTestNG.java:77)
</pre></div></td>
<td>0</td>
<td>com.amt.test.LOU.LOU_ownbook_individual_purchase_accept_with_changes_Test@4145bad8</td></tr>
<tr>
<td title='com.amt.test.LOU.LOU_ownbook_individual_purchase_accept_with_changes_Test.UW6_verify_ownbook_opportunity_search_text_box_accept_with_changes()'><b>UW6_verify_ownbook_opportunity_search_text_box_accept_with_changes</b><br>Test class: com.amt.test.LOU.LOU_ownbook_individual_purchase_accept_with_changes_Test</td>
<td><div><pre>java.lang.Throwable: Method LOU_ownbook_individual_purchase_accept_with_changes_Test.UW6_verify_ownbook_opportunity_search_text_box_accept_with_changes()[pri:15, instance:com.amt.test.LOU.LOU_ownbook_individual_purchase_accept_with_changes_Test@4145bad8] depends on not successfully finished methods
	at java.base/java.util.ArrayList.forEach(ArrayList.java:1511)
... Removed 18 stack frames</pre></div><a href='#' onClick='toggleBox("stack-trace941620553", this, "Click to show all stack frames", "Click to hide stack frames")'>Click to show all stack frames</a>
<div class='stack-trace' id='stack-trace941620553'><pre>java.lang.Throwable: Method LOU_ownbook_individual_purchase_accept_with_changes_Test.UW6_verify_ownbook_opportunity_search_text_box_accept_with_changes()[pri:15, instance:com.amt.test.LOU.LOU_ownbook_individual_purchase_accept_with_changes_Test@4145bad8] depends on not successfully finished methods
	at org.testng.internal.TestInvoker.invokeTestMethods(TestInvoker.java:102)
	at org.testng.internal.TestMethodWorker.invokeTestMethods(TestMethodWorker.java:146)
	at org.testng.internal.TestMethodWorker.run(TestMethodWorker.java:128)
	at java.base/java.util.ArrayList.forEach(ArrayList.java:1511)
	at org.testng.TestRunner.privateRun(TestRunner.java:794)
	at org.testng.TestRunner.run(TestRunner.java:596)
	at org.testng.SuiteRunner.runTest(SuiteRunner.java:377)
	at org.testng.SuiteRunner.runSequentially(SuiteRunner.java:371)
	at org.testng.SuiteRunner.privateRun(SuiteRunner.java:332)
	at org.testng.SuiteRunner.run(SuiteRunner.java:276)
	at org.testng.SuiteRunnerWorker.runSuite(SuiteRunnerWorker.java:53)
	at org.testng.SuiteRunnerWorker.run(SuiteRunnerWorker.java:96)
	at org.testng.TestNG.runSuitesSequentially(TestNG.java:1212)
	at org.testng.TestNG.runSuitesLocally(TestNG.java:1134)
	at org.testng.TestNG.runSuites(TestNG.java:1063)
	at org.testng.TestNG.run(TestNG.java:1031)
	at org.testng.remote.AbstractRemoteTestNG.run(AbstractRemoteTestNG.java:115)
	at org.testng.remote.RemoteTestNG.initAndRun(RemoteTestNG.java:251)
	at org.testng.remote.RemoteTestNG.main(RemoteTestNG.java:77)
</pre></div></td>
<td>0</td>
<td>com.amt.test.LOU.LOU_ownbook_individual_purchase_accept_with_changes_Test@4145bad8</td></tr>
<tr>
<td title='com.amt.test.LOU.LOU_ownbook_individual_purchase_accept_with_changes_Test.OP1_ownbook_after_Underwriting_accepted_mothlty_payment_price()'><b>OP1_ownbook_after_Underwriting_accepted_mothlty_payment_price</b><br>Test class: com.amt.test.LOU.LOU_ownbook_individual_purchase_accept_with_changes_Test</td>
<td><div><pre>java.lang.Throwable: Method LOU_ownbook_individual_purchase_accept_with_changes_Test.OP1_ownbook_after_Underwriting_accepted_mothlty_payment_price()[pri:19, instance:com.amt.test.LOU.LOU_ownbook_individual_purchase_accept_with_changes_Test@4145bad8] depends on not successfully finished methods
	at java.base/java.util.ArrayList.forEach(ArrayList.java:1511)
... Removed 18 stack frames</pre></div><a href='#' onClick='toggleBox("stack-trace1497951504", this, "Click to show all stack frames", "Click to hide stack frames")'>Click to show all stack frames</a>
<div class='stack-trace' id='stack-trace1497951504'><pre>java.lang.Throwable: Method LOU_ownbook_individual_purchase_accept_with_changes_Test.OP1_ownbook_after_Underwriting_accepted_mothlty_payment_price()[pri:19, instance:com.amt.test.LOU.LOU_ownbook_individual_purchase_accept_with_changes_Test@4145bad8] depends on not successfully finished methods
	at org.testng.internal.TestInvoker.invokeTestMethods(TestInvoker.java:102)
	at org.testng.internal.TestMethodWorker.invokeTestMethods(TestMethodWorker.java:146)
	at org.testng.internal.TestMethodWorker.run(TestMethodWorker.java:128)
	at java.base/java.util.ArrayList.forEach(ArrayList.java:1511)
	at org.testng.TestRunner.privateRun(TestRunner.java:794)
	at org.testng.TestRunner.run(TestRunner.java:596)
	at org.testng.SuiteRunner.runTest(SuiteRunner.java:377)
	at org.testng.SuiteRunner.runSequentially(SuiteRunner.java:371)
	at org.testng.SuiteRunner.privateRun(SuiteRunner.java:332)
	at org.testng.SuiteRunner.run(SuiteRunner.java:276)
	at org.testng.SuiteRunnerWorker.runSuite(SuiteRunnerWorker.java:53)
	at org.testng.SuiteRunnerWorker.run(SuiteRunnerWorker.java:96)
	at org.testng.TestNG.runSuitesSequentially(TestNG.java:1212)
	at org.testng.TestNG.runSuitesLocally(TestNG.java:1134)
	at org.testng.TestNG.runSuites(TestNG.java:1063)
	at org.testng.TestNG.run(TestNG.java:1031)
	at org.testng.remote.AbstractRemoteTestNG.run(AbstractRemoteTestNG.java:115)
	at org.testng.remote.RemoteTestNG.initAndRun(RemoteTestNG.java:251)
	at org.testng.remote.RemoteTestNG.main(RemoteTestNG.java:77)
</pre></div></td>
<td>0</td>
<td>com.amt.test.LOU.LOU_ownbook_individual_purchase_accept_with_changes_Test@4145bad8</td></tr>
<tr>
<td title='com.amt.test.LOU.LOU_ownbook_individual_purchase_accept_with_changes_Test.UW5_verify_ownbook_underwriting_proposal_decision_with_accept()'><b>UW5_verify_ownbook_underwriting_proposal_decision_with_accept</b><br>Test class: com.amt.test.LOU.LOU_ownbook_individual_purchase_accept_with_changes_Test</td>
<td><div><pre>java.lang.Throwable: Method LOU_ownbook_individual_purchase_accept_with_changes_Test.UW5_verify_ownbook_underwriting_proposal_decision_with_accept()[pri:14, instance:com.amt.test.LOU.LOU_ownbook_individual_purchase_accept_with_changes_Test@4145bad8] depends on not successfully finished methods
	at java.base/java.util.ArrayList.forEach(ArrayList.java:1511)
... Removed 18 stack frames</pre></div><a href='#' onClick='toggleBox("stack-trace1238950406", this, "Click to show all stack frames", "Click to hide stack frames")'>Click to show all stack frames</a>
<div class='stack-trace' id='stack-trace1238950406'><pre>java.lang.Throwable: Method LOU_ownbook_individual_purchase_accept_with_changes_Test.UW5_verify_ownbook_underwriting_proposal_decision_with_accept()[pri:14, instance:com.amt.test.LOU.LOU_ownbook_individual_purchase_accept_with_changes_Test@4145bad8] depends on not successfully finished methods
	at org.testng.internal.TestInvoker.invokeTestMethods(TestInvoker.java:102)
	at org.testng.internal.TestMethodWorker.invokeTestMethods(TestMethodWorker.java:146)
	at org.testng.internal.TestMethodWorker.run(TestMethodWorker.java:128)
	at java.base/java.util.ArrayList.forEach(ArrayList.java:1511)
	at org.testng.TestRunner.privateRun(TestRunner.java:794)
	at org.testng.TestRunner.run(TestRunner.java:596)
	at org.testng.SuiteRunner.runTest(SuiteRunner.java:377)
	at org.testng.SuiteRunner.runSequentially(SuiteRunner.java:371)
	at org.testng.SuiteRunner.privateRun(SuiteRunner.java:332)
	at org.testng.SuiteRunner.run(SuiteRunner.java:276)
	at org.testng.SuiteRunnerWorker.runSuite(SuiteRunnerWorker.java:53)
	at org.testng.SuiteRunnerWorker.run(SuiteRunnerWorker.java:96)
	at org.testng.TestNG.runSuitesSequentially(TestNG.java:1212)
	at org.testng.TestNG.runSuitesLocally(TestNG.java:1134)
	at org.testng.TestNG.runSuites(TestNG.java:1063)
	at org.testng.TestNG.run(TestNG.java:1031)
	at org.testng.remote.AbstractRemoteTestNG.run(AbstractRemoteTestNG.java:115)
	at org.testng.remote.RemoteTestNG.initAndRun(RemoteTestNG.java:251)
	at org.testng.remote.RemoteTestNG.main(RemoteTestNG.java:77)
</pre></div></td>
<td>0</td>
<td>com.amt.test.LOU.LOU_ownbook_individual_purchase_accept_with_changes_Test@4145bad8</td></tr>
<tr>
<td title='com.amt.test.LOU.LOU_ownbook_individual_purchase_accept_with_changes_Test.UW8_verify_ownbook_opportunity_underwriting_accept_with_changes_cancel_flow_verification()'><b>UW8_verify_ownbook_opportunity_underwriting_accept_with_changes_cancel_flow_verification</b><br>Test class: com.amt.test.LOU.LOU_ownbook_individual_purchase_accept_with_changes_Test</td>
<td><div><pre>java.lang.Throwable: Method LOU_ownbook_individual_purchase_accept_with_changes_Test.UW8_verify_ownbook_opportunity_underwriting_accept_with_changes_cancel_flow_verification()[pri:17, instance:com.amt.test.LOU.LOU_ownbook_individual_purchase_accept_with_changes_Test@4145bad8] depends on not successfully finished methods
	at java.base/java.util.ArrayList.forEach(ArrayList.java:1511)
... Removed 18 stack frames</pre></div><a href='#' onClick='toggleBox("stack-trace844490602", this, "Click to show all stack frames", "Click to hide stack frames")'>Click to show all stack frames</a>
<div class='stack-trace' id='stack-trace844490602'><pre>java.lang.Throwable: Method LOU_ownbook_individual_purchase_accept_with_changes_Test.UW8_verify_ownbook_opportunity_underwriting_accept_with_changes_cancel_flow_verification()[pri:17, instance:com.amt.test.LOU.LOU_ownbook_individual_purchase_accept_with_changes_Test@4145bad8] depends on not successfully finished methods
	at org.testng.internal.TestInvoker.invokeTestMethods(TestInvoker.java:102)
	at org.testng.internal.TestMethodWorker.invokeTestMethods(TestMethodWorker.java:146)
	at org.testng.internal.TestMethodWorker.run(TestMethodWorker.java:128)
	at java.base/java.util.ArrayList.forEach(ArrayList.java:1511)
	at org.testng.TestRunner.privateRun(TestRunner.java:794)
	at org.testng.TestRunner.run(TestRunner.java:596)
	at org.testng.SuiteRunner.runTest(SuiteRunner.java:377)
	at org.testng.SuiteRunner.runSequentially(SuiteRunner.java:371)
	at org.testng.SuiteRunner.privateRun(SuiteRunner.java:332)
	at org.testng.SuiteRunner.run(SuiteRunner.java:276)
	at org.testng.SuiteRunnerWorker.runSuite(SuiteRunnerWorker.java:53)
	at org.testng.SuiteRunnerWorker.run(SuiteRunnerWorker.java:96)
	at org.testng.TestNG.runSuitesSequentially(TestNG.java:1212)
	at org.testng.TestNG.runSuitesLocally(TestNG.java:1134)
	at org.testng.TestNG.runSuites(TestNG.java:1063)
	at org.testng.TestNG.run(TestNG.java:1031)
	at org.testng.remote.AbstractRemoteTestNG.run(AbstractRemoteTestNG.java:115)
	at org.testng.remote.RemoteTestNG.initAndRun(RemoteTestNG.java:251)
	at org.testng.remote.RemoteTestNG.main(RemoteTestNG.java:77)
</pre></div></td>
<td>0</td>
<td>com.amt.test.LOU.LOU_ownbook_individual_purchase_accept_with_changes_Test@4145bad8</td></tr>
<tr>
<td title='com.amt.test.LOU.LOU_ownbook_individual_purchase_accept_with_changes_Test.UW9_ownbook_after_opportunity_underwriting_accept_with_changes_signed_contract_status_with_api_call()'><b>UW9_ownbook_after_opportunity_underwriting_accept_with_changes_signed_contract_status_with_api_call</b><br>Test class: com.amt.test.LOU.LOU_ownbook_individual_purchase_accept_with_changes_Test</td>
<td><div><pre>java.lang.Throwable: Method LOU_ownbook_individual_purchase_accept_with_changes_Test.UW9_ownbook_after_opportunity_underwriting_accept_with_changes_signed_contract_status_with_api_call()[pri:18, instance:com.amt.test.LOU.LOU_ownbook_individual_purchase_accept_with_changes_Test@4145bad8] depends on not successfully finished methods
	at java.base/java.util.ArrayList.forEach(ArrayList.java:1511)
... Removed 18 stack frames</pre></div><a href='#' onClick='toggleBox("stack-trace207448706", this, "Click to show all stack frames", "Click to hide stack frames")'>Click to show all stack frames</a>
<div class='stack-trace' id='stack-trace207448706'><pre>java.lang.Throwable: Method LOU_ownbook_individual_purchase_accept_with_changes_Test.UW9_ownbook_after_opportunity_underwriting_accept_with_changes_signed_contract_status_with_api_call()[pri:18, instance:com.amt.test.LOU.LOU_ownbook_individual_purchase_accept_with_changes_Test@4145bad8] depends on not successfully finished methods
	at org.testng.internal.TestInvoker.invokeTestMethods(TestInvoker.java:102)
	at org.testng.internal.TestMethodWorker.invokeTestMethods(TestMethodWorker.java:146)
	at org.testng.internal.TestMethodWorker.run(TestMethodWorker.java:128)
	at java.base/java.util.ArrayList.forEach(ArrayList.java:1511)
	at org.testng.TestRunner.privateRun(TestRunner.java:794)
	at org.testng.TestRunner.run(TestRunner.java:596)
	at org.testng.SuiteRunner.runTest(SuiteRunner.java:377)
	at org.testng.SuiteRunner.runSequentially(SuiteRunner.java:371)
	at org.testng.SuiteRunner.privateRun(SuiteRunner.java:332)
	at org.testng.SuiteRunner.run(SuiteRunner.java:276)
	at org.testng.SuiteRunnerWorker.runSuite(SuiteRunnerWorker.java:53)
	at org.testng.SuiteRunnerWorker.run(SuiteRunnerWorker.java:96)
	at org.testng.TestNG.runSuitesSequentially(TestNG.java:1212)
	at org.testng.TestNG.runSuitesLocally(TestNG.java:1134)
	at org.testng.TestNG.runSuites(TestNG.java:1063)
	at org.testng.TestNG.run(TestNG.java:1031)
	at org.testng.remote.AbstractRemoteTestNG.run(AbstractRemoteTestNG.java:115)
	at org.testng.remote.RemoteTestNG.initAndRun(RemoteTestNG.java:251)
	at org.testng.remote.RemoteTestNG.main(RemoteTestNG.java:77)
</pre></div></td>
<td>0</td>
<td>com.amt.test.LOU.LOU_ownbook_individual_purchase_accept_with_changes_Test@4145bad8</td></tr>
</table><p>
</body>
</html>