<?xml version="1.0" encoding="UTF-8"?>
<!-- Generated by org.testng.reporters.JUnitXMLReporter -->
<testsuite ignored="1" hostname="DSK-4052" failures="0" tests="25" name="Used Car Ownbook Business Hire" time="916.639" errors="0" timestamp="2024-06-10T15:54:17 IST">
  <testcase classname="com.amt.test.HPNR.Acquisition_Quotes_HPNR_BCH_used_car_without_maintenance_Test" name="aquisition_quotes_used_car_OTR_calculation_without_maintenance_test" time="71.262"/>
  <testcase classname="com.amt.test.HPNR.Acquisition_Quotes_HPNR_BCH_used_car_without_maintenance_Test" name="aquisition_quotes_used_car_edit_cost_price_and_check_OTR_without_maintenance_test" time="0.001"/>
  <testcase classname="com.amt.test.HPNR.Acquisition_Quotes_HPNR_BCH_used_car_without_maintenance_Test" name="aquisition_quotes_used_car_holding_cost_calculations_without_maintenance_test" time="23.375"/>
  <testcase classname="com.amt.test.HPNR.Acquisition_Quotes_HPNR_BCH_used_car_without_maintenance_Test" name="aquisition_quotes_customer_quote_payment_profile_calculations_without_maintenance_test" time="55.301"/>
  <testcase classname="com.amt.test.HPNR.Acquisition_Quotes_HPNR_BCH_used_car_without_maintenance_Test" name="aquisition_quotes_quote_summary_values_verification_without_maintenance_test" time="152.9"/>
  <testcase classname="com.amt.test.LOU.LOU_used_car_ownbook_business_hire_accept_with_changes_Test" name="L1_create_lead_convert_to_lead_for_ownbook_business_flow" time="109.867"/>
  <testcase classname="com.amt.test.LOU.LOU_used_car_ownbook_business_hire_accept_with_changes_Test" name="L2_ownbook_business_current_status_before_sending_to_proposal" time="12.946"/>
  <testcase classname="com.amt.test.LOU.LOU_used_car_ownbook_business_hire_accept_with_changes_Test" name="L3_verify_table_values_on_opportunity_page_before_sending_proposal" time="3.981"/>
  <testcase classname="com.amt.test.LOU.LOU_used_car_ownbook_business_hire_accept_with_changes_Test" name="L4_fill_up_the_required_fields_for_sending_a_proposal" time="67.951"/>
  <testcase classname="com.amt.test.LOU.LOU_used_car_ownbook_business_hire_accept_with_changes_Test" name="L5_ownbook_create_opportunity_business_current_status_after_sending_to_proposal" time="8.619"/>
  <testcase classname="com.amt.test.LOU.LOU_used_car_ownbook_business_hire_accept_with_changes_Test" name="L6_ownbook_sending_contract" time="27.499"/>
  <testcase classname="com.amt.test.LOU.LOU_used_car_ownbook_business_hire_accept_with_changes_Test" name="L7_verify_current_status_on_opportunity_page_after_sending_contract_for_ownbook_business_flow" time="4.127"/>
  <testcase classname="com.amt.test.LOU.LOU_used_car_ownbook_business_hire_accept_with_changes_Test" name="L8_ownbook_signed_contract_status_with_api_call" time="20.631"/>
  <testcase classname="com.amt.test.LOU.LOU_used_car_ownbook_business_hire_accept_with_changes_Test" name="UW1_verify_status_after_contract_signed" time="10.105"/>
  <testcase classname="com.amt.test.LOU.LOU_used_car_ownbook_business_hire_accept_with_changes_Test" name="UW2_verify_underwriting_pop_up_summary_values_for_ownbook_business_flow" time="46.414"/>
  <testcase classname="com.amt.test.LOU.LOU_used_car_ownbook_business_hire_accept_with_changes_Test" name="UW2_verify_status_after_sending_to_underwriting" time="1.123"/>
  <testcase classname="com.amt.test.LOU.LOU_used_car_ownbook_business_hire_accept_with_changes_Test" name="UW3_verify_underwriting_lisitig_page" time="11.575"/>
  <testcase classname="com.amt.test.LOU.LOU_used_car_ownbook_business_hire_accept_with_changes_Test" name="UW4_verify_values_on_underwriting_quote_tab_for_ownbook_business_flow" time="92.276"/>
  <testcase classname="com.amt.test.LOU.LOU_used_car_ownbook_business_hire_accept_with_changes_Test" name="UW5_ownbook_underwriting_decision_accept_with_changes" time="36.244"/>
  <testcase classname="com.amt.test.LOU.LOU_used_car_ownbook_business_hire_accept_with_changes_Test" name="UW6_verify_ownbook_opportunity_search_text_box_accept_with_changes" time="10.353"/>
  <testcase classname="com.amt.test.LOU.LOU_used_car_ownbook_business_hire_accept_with_changes_Test" name="UW7_verify_ownbook_opportunity_accept_with_changes_underwriting_pop_up" time="40.298"/>
  <testcase classname="com.amt.test.LOU.LOU_used_car_ownbook_business_hire_accept_with_changes_Test" name="UW8_verify_ownbook_opportunity_underwriting_accept_with_changes_cancel_flow_verification" time="6.19"/>
  <testcase classname="com.amt.test.LOU.LOU_used_car_ownbook_business_hire_accept_with_changes_Test" name="UW9_verify_ownbook_opportunity_underwriting_accept_with_changes_underwriting_pop_up" time="7.076"/>
  <testcase classname="com.amt.test.LOU.LOU_used_car_ownbook_business_hire_accept_with_changes_Test" name="UW10_ownbook_after_opportunity_underwriting_accept_with_changes_signed_contract_status_with_api_call" time="36.801"/>
  <testcase classname="com.amt.test.LOU.LOU_used_car_ownbook_business_hire_accept_with_changes_Test" name="OP1_ownbook_after_Underwriting_accepted_mothlty_payment_price" time="2.67"/>
  <testcase classname="com.amt.testBase.TestBase" name="@BeforeTest start_info" time="0.0">
    <ignored/>
  </testcase> <!-- @BeforeTest start_info -->
</testsuite> <!-- Used Car Ownbook Business Hire -->
