<?xml version="1.0" encoding="UTF-8"?>
<!-- Generated by org.testng.reporters.JUnitXMLReporter -->
<testsuite ignored="1" hostname="DSK-4052" failures="1" tests="24" name="Used Car Ownbook Individual Purchase with funder" time="406.342" errors="0" timestamp="2024-01-30T00:30:09 IST">
  <testcase classname="com.amt.test.HPNR.Acquisition_Quotes_HPNR_PCP_used_car_with_funder_quote_addition_without_maintenance_Test" name="aquisition_quotes_OTR_calculation_without_maintenance_test" time="60.6"/>
  <testcase classname="com.amt.test.HPNR.Acquisition_Quotes_HPNR_PCP_used_car_with_funder_quote_addition_without_maintenance_Test" name="aquisition_quotes_used_car_edit_cost_price_and_check_OTR_without_maintenance_test" time="0.001"/>
  <testcase classname="com.amt.test.HPNR.Acquisition_Quotes_HPNR_PCP_used_car_with_funder_quote_addition_without_maintenance_Test" name="aquisition_quotes_holding_cost_calculations_without_maintenance_test" time="39.384"/>
  <testcase classname="com.amt.test.HPNR.Acquisition_Quotes_HPNR_PCP_used_car_with_funder_quote_addition_without_maintenance_Test" name="aquisition_quotes_customer_quote_calculations_check_monthly_finance_payment_without_maintenance_test" time="41.288"/>
  <testcase classname="com.amt.test.HPNR.Acquisition_Quotes_HPNR_PCP_used_car_with_funder_quote_addition_without_maintenance_Test" name="aquisition_quotes_quote_summary_values_verification_without_maintenance_test" time="161.265"/>
  <testcase classname="com.amt.test.LOU.LOU_used_car_ownbook_individual_purchase_funder_accept_with_changes_Test" name="L1_create_lead_convert_to_lead_for_ownbook_individual_flow" time="50.228">
    <failure type="org.openqa.selenium.ElementClickInterceptedException" message="element click intercepted: Element &amp;lt;span _ngcontent-xdt-c14=&amp;quot;&amp;quot; class=&amp;quot;ng-star-inserted&amp;quot;&amp;gt;...&amp;lt;/span&amp;gt; is not clickable at point (474, 394). Other element would receive the click: &amp;lt;div _ngcontent-xdt-c0=&amp;quot;&amp;quot; class=&amp;quot;loader_div&amp;quot;&amp;gt;...&amp;lt;/div&amp;gt;
  (Session info: chrome=120.0.6099.225)
Build info: version: &amp;apos;4.10.0&amp;apos;, revision: &amp;apos;c14d967899&amp;apos;
System info: os.name: &amp;apos;Windows 10&amp;apos;, os.arch: &amp;apos;amd64&amp;apos;, os.version: &amp;apos;10.0&amp;apos;, java.version: &amp;apos;19.0.1&amp;apos;
Driver info: org.openqa.selenium.chrome.ChromeDriver
Command: [d366bd0b057fd3d52b7e6680fcb21058, clickElement {id=F51D5D25FC2DD7A43DE8C2070FD95316_element_783}]
Capabilities {acceptInsecureCerts: false, browserName: chrome, browserVersion: 120.0.6099.225, chrome: {chromedriverVersion: 119.0.6045.105 (38c72552c5e..., userDataDir: C:\Users\NITEIN~1.KUR\AppDa...}, fedcm:accounts: true, goog:chromeOptions: {debuggerAddress: localhost:53003}, javascriptEnabled: true, networkConnectionEnabled: false, pageLoadStrategy: normal, platform: windows, platformName: windows, proxy: Proxy(), se:cdp: ws://localhost:53003/devtoo..., se:cdpVersion: 120.0.6099.225, setWindowRect: true, strictFileInteractability: false, timeouts: {implicit: 0, pageLoad: 300000, script: 30000}, unhandledPromptBehavior: dismiss and notify, webauthn:extension:credBlob: true, webauthn:extension:largeBlob: true, webauthn:extension:minPinLength: true, webauthn:extension:prf: true, webauthn:virtualAuthenticators: true}
Element: [[ChromeDriver: chrome on windows (d366bd0b057fd3d52b7e6680fcb21058)] -&amp;gt; xpath: //*[@placeholder=&amp;apos;Select Acquisition contract&amp;apos;]//span//span[1]]
Session ID: d366bd0b057fd3d52b7e6680fcb21058">
      <![CDATA[org.openqa.selenium.ElementClickInterceptedException: element click intercepted: Element <span _ngcontent-xdt-c14="" class="ng-star-inserted">...</span> is not clickable at point (474, 394). Other element would receive the click: <div _ngcontent-xdt-c0="" class="loader_div">...</div>
  (Session info: chrome=120.0.6099.225)
Build info: version: '4.10.0', revision: 'c14d967899'
System info: os.name: 'Windows 10', os.arch: 'amd64', os.version: '10.0', java.version: '19.0.1'
Driver info: org.openqa.selenium.chrome.ChromeDriver
Command: [d366bd0b057fd3d52b7e6680fcb21058, clickElement {id=F51D5D25FC2DD7A43DE8C2070FD95316_element_783}]
Capabilities {acceptInsecureCerts: false, browserName: chrome, browserVersion: 120.0.6099.225, chrome: {chromedriverVersion: 119.0.6045.105 (38c72552c5e..., userDataDir: C:\Users\NITEIN~1.KUR\AppDa...}, fedcm:accounts: true, goog:chromeOptions: {debuggerAddress: localhost:53003}, javascriptEnabled: true, networkConnectionEnabled: false, pageLoadStrategy: normal, platform: windows, platformName: windows, proxy: Proxy(), se:cdp: ws://localhost:53003/devtoo..., se:cdpVersion: 120.0.6099.225, setWindowRect: true, strictFileInteractability: false, timeouts: {implicit: 0, pageLoad: 300000, script: 30000}, unhandledPromptBehavior: dismiss and notify, webauthn:extension:credBlob: true, webauthn:extension:largeBlob: true, webauthn:extension:minPinLength: true, webauthn:extension:prf: true, webauthn:virtualAuthenticators: true}
Element: [[ChromeDriver: chrome on windows (d366bd0b057fd3d52b7e6680fcb21058)] -> xpath: //*[@placeholder='Select Acquisition contract']//span//span[1]]
Session ID: d366bd0b057fd3d52b7e6680fcb21058
at org.openqa.selenium.remote.codec.w3c.W3CHttpResponseCodec.createException(W3CHttpResponseCodec.java:200)
at org.openqa.selenium.remote.codec.w3c.W3CHttpResponseCodec.decode(W3CHttpResponseCodec.java:133)
at org.openqa.selenium.remote.codec.w3c.W3CHttpResponseCodec.decode(W3CHttpResponseCodec.java:53)
at org.openqa.selenium.remote.HttpCommandExecutor.execute(HttpCommandExecutor.java:184)
at org.openqa.selenium.remote.service.DriverCommandExecutor.invokeExecute(DriverCommandExecutor.java:164)
at org.openqa.selenium.remote.service.DriverCommandExecutor.execute(DriverCommandExecutor.java:139)
at org.openqa.selenium.remote.RemoteWebDriver.execute(RemoteWebDriver.java:559)
at org.openqa.selenium.remote.RemoteWebElement.execute(RemoteWebElement.java:251)
at org.openqa.selenium.remote.RemoteWebElement.click(RemoteWebElement.java:77)
at org.openqa.selenium.support.pagefactory.internal.LocatingElementHandler.invoke(LocatingElementHandler.java:52)
at jdk.proxy2/jdk.proxy2.$Proxy18.click(Unknown Source)
at com.amt.testUtil.Click.on(Click.java:18)
at com.amt.pages.Leads.lead_map_new_quote(Leads.java:1034)
at com.amt.test.LOU.LOU_used_car_ownbook_individual_purchase_funder_accept_with_changes_Test.L1_create_lead_convert_to_lead_for_ownbook_individual_flow(LOU_used_car_ownbook_individual_purchase_funder_accept_with_changes_Test.java:45)
at java.base/java.util.ArrayList.forEach(ArrayList.java:1511)
... Removed 31 stack frames]]>
    </failure>
  </testcase> <!-- L1_create_lead_convert_to_lead_for_ownbook_individual_flow -->
  <testcase classname="com.amt.test.LOU.LOU_used_car_ownbook_individual_purchase_funder_accept_with_changes_Test" name="L2_ownbook_individual_current_status_before_sending_to_proposal" time="0.0">
    <skipped/>
  </testcase> <!-- L2_ownbook_individual_current_status_before_sending_to_proposal -->
  <testcase classname="com.amt.test.LOU.LOU_used_car_ownbook_individual_purchase_funder_accept_with_changes_Test" name="L3_verify_table_values_on_opportunity_page_before_sending_proposal" time="0.0">
    <skipped/>
  </testcase> <!-- L3_verify_table_values_on_opportunity_page_before_sending_proposal -->
  <testcase classname="com.amt.test.LOU.LOU_used_car_ownbook_individual_purchase_funder_accept_with_changes_Test" name="L4_fill_up_the_required_fields_for_sending_a_proposal" time="0.0">
    <skipped/>
  </testcase> <!-- L4_fill_up_the_required_fields_for_sending_a_proposal -->
  <testcase classname="com.amt.test.LOU.LOU_used_car_ownbook_individual_purchase_funder_accept_with_changes_Test" name="L5_ownbook_create_opportunity_individual_currentstatus_after_sending_to_proposal" time="0.0">
    <skipped/>
  </testcase> <!-- L5_ownbook_create_opportunity_individual_currentstatus_after_sending_to_proposal -->
  <testcase classname="com.amt.test.LOU.LOU_used_car_ownbook_individual_purchase_funder_accept_with_changes_Test" name="L6_ownbook_sending_contract" time="0.0">
    <skipped/>
  </testcase> <!-- L6_ownbook_sending_contract -->
  <testcase classname="com.amt.test.LOU.LOU_used_car_ownbook_individual_purchase_funder_accept_with_changes_Test" name="L7_verify_current_status_on_opportunity_page_after_sending_contract_for_ownbook_individual_flow" time="0.0">
    <skipped/>
  </testcase> <!-- L7_verify_current_status_on_opportunity_page_after_sending_contract_for_ownbook_individual_flow -->
  <testcase classname="com.amt.test.LOU.LOU_used_car_ownbook_individual_purchase_funder_accept_with_changes_Test" name="L8_ownbook_signed_contract_status_with_api_call" time="0.0">
    <skipped/>
  </testcase> <!-- L8_ownbook_signed_contract_status_with_api_call -->
  <testcase classname="com.amt.test.LOU.LOU_used_car_ownbook_individual_purchase_funder_accept_with_changes_Test" name="L9_ownbook_status_after_contract_signed" time="0.0">
    <skipped/>
  </testcase> <!-- L9_ownbook_status_after_contract_signed -->
  <testcase classname="com.amt.test.LOU.LOU_used_car_ownbook_individual_purchase_funder_accept_with_changes_Test" name="UW1_verify_underwriting_flow_ownbook_with_status" time="0.0">
    <skipped/>
  </testcase> <!-- UW1_verify_underwriting_flow_ownbook_with_status -->
  <testcase classname="com.amt.test.LOU.LOU_used_car_ownbook_individual_purchase_funder_accept_with_changes_Test" name="UW2_verify_status_after_sending_to_underwriting" time="0.0">
    <skipped/>
  </testcase> <!-- UW2_verify_status_after_sending_to_underwriting -->
  <testcase classname="com.amt.test.LOU.LOU_used_car_ownbook_individual_purchase_funder_accept_with_changes_Test" name="UW3_verify_underwriting_lisitig_page" time="0.0">
    <skipped/>
  </testcase> <!-- UW3_verify_underwriting_lisitig_page -->
  <testcase classname="com.amt.test.LOU.LOU_used_car_ownbook_individual_purchase_funder_accept_with_changes_Test" name="UW4_verify_ownbook_underwriting_proposal_page_flow" time="0.0">
    <skipped/>
  </testcase> <!-- UW4_verify_ownbook_underwriting_proposal_page_flow -->
  <testcase classname="com.amt.test.LOU.LOU_used_car_ownbook_individual_purchase_funder_accept_with_changes_Test" name="UW5_verify_ownbook_underwriting_proposal_decision_with_accept" time="0.0">
    <skipped/>
  </testcase> <!-- UW5_verify_ownbook_underwriting_proposal_decision_with_accept -->
  <testcase classname="com.amt.test.LOU.LOU_used_car_ownbook_individual_purchase_funder_accept_with_changes_Test" name="UW6_verify_ownbook_opportunity_search_text_box_accept_with_changes" time="0.0">
    <skipped/>
  </testcase> <!-- UW6_verify_ownbook_opportunity_search_text_box_accept_with_changes -->
  <testcase classname="com.amt.test.LOU.LOU_used_car_ownbook_individual_purchase_funder_accept_with_changes_Test" name="UW7_verify_ownbook_opportunity_accept_with_changes_underwriting_pop_up" time="0.0">
    <skipped/>
  </testcase> <!-- UW7_verify_ownbook_opportunity_accept_with_changes_underwriting_pop_up -->
  <testcase classname="com.amt.test.LOU.LOU_used_car_ownbook_individual_purchase_funder_accept_with_changes_Test" name="UW8_verify_ownbook_opportunity_underwriting_accept_with_changes_cancel_flow_verification" time="0.0">
    <skipped/>
  </testcase> <!-- UW8_verify_ownbook_opportunity_underwriting_accept_with_changes_cancel_flow_verification -->
  <testcase classname="com.amt.test.LOU.LOU_used_car_ownbook_individual_purchase_funder_accept_with_changes_Test" name="UW9_ownbook_after_opportunity_underwriting_accept_with_changes_signed_contract_status_with_api_call" time="0.0">
    <skipped/>
  </testcase> <!-- UW9_ownbook_after_opportunity_underwriting_accept_with_changes_signed_contract_status_with_api_call -->
  <testcase classname="com.amt.test.LOU.LOU_used_car_ownbook_individual_purchase_funder_accept_with_changes_Test" name="OP1_ownbook_after_Underwriting_accepted_mothlty_payment_price" time="0.0">
    <skipped/>
  </testcase> <!-- OP1_ownbook_after_Underwriting_accepted_mothlty_payment_price -->
  <testcase classname="com.amt.testBase.TestBase" name="@BeforeTest start_info" time="0.0">
    <ignored/>
  </testcase> <!-- @BeforeTest start_info -->
</testsuite> <!-- Used Car Ownbook Individual Purchase with funder -->
