<html>
<head>
<title>TestNG:  Broker Business purchase LOU accept flow</title>
<link href="../testng.css" rel="stylesheet" type="text/css" />
<link href="../my-testng.css" rel="stylesheet" type="text/css" />

<style type="text/css">
.log { display: none;} 
.stack-trace { display: none;} 
</style>
<script type="text/javascript">
<!--
function flip(e) {
  current = e.style.display;
  if (current == 'block') {
    e.style.display = 'none';
    return 0;
  }
  else {
    e.style.display = 'block';
    return 1;
  }
}

function toggleBox(szDivId, elem, msg1, msg2)
{
  var res = -1;  if (document.getElementById) {
    res = flip(document.getElementById(szDivId));
  }
  else if (document.all) {
    // this is the way old msie versions work
    res = flip(document.all[szDivId]);
  }
  if(elem) {
    if(res == 0) elem.innerHTML = msg1; else elem.innerHTML = msg2;
  }

}

function toggleAllBoxes() {
  if (document.getElementsByTagName) {
    d = document.getElementsByTagName('div');
    for (i = 0; i < d.length; i++) {
      if (d[i].className == 'log') {
        flip(d[i]);
      }
    }
  }
}

// -->
</script>

</head>
<body>
<h2 align='center'>Broker Business purchase LOU accept flow</h2><table border='1' align="center">
<tr>
<td>Tests passed/Failed/Skipped:</td><td>13/1/5</td>
</tr><tr>
<td>Started on:</td><td>Tue Mar 05 21:50:36 IST 2024</td>
</tr>
<tr><td>Total time:</td><td>500 seconds (500572 ms)</td>
</tr><tr>
<td>Included groups:</td><td></td>
</tr><tr>
<td>Excluded groups:</td><td></td>
</tr>
</table><p/>
<small><i>(Hover the method name to see the test class name)</i></small><p/>
<table width='100%' border='1' class='invocation-failed'>
<tr><td colspan='4' align='center'><b>FAILED TESTS</b></td></tr>
<tr><td><b>Test method</b></td>
<td width="30%"><b>Exception</b></td>
<td width="10%"><b>Time (seconds)</b></td>
<td><b>Instance</b></td>
</tr>
<tr>
<td title='com.amt.test.LOU.LOU_broker_business_purchase_accept_flow_Test.L9_verify_status_after_contract_signed()'><b>L9_verify_status_after_contract_signed</b><br>Test class: com.amt.test.LOU.LOU_broker_business_purchase_accept_flow_Test<br/>
<a href="#Output-2070687344" onClick='toggleBox("Output-2070687344", this, "Show output", "Hide output");'>Show output</a>

<a href="#Output-2070687344" onClick="toggleAllBoxes();">Show all outputs</a>
<div class='log' id="Output-2070687344">
<b>Current Status of Proposal value is = Proposal Received</b> <br /><br/>
<b>Current Status of Channel value is =  Draft</b> <br /><br/>
<b>Current Status of  Quote ref is = Draft</b> <br /><br/>
<br>----------Screenshot---------<br><br/>
<img src="D:\LOU\AMT_LOU\target\surefire-reports\html\failure_screenshots\L9_verify_status_after_contract_signed_05_03_2024_09_58_56.png" height="800" width="1000"><br/>
</div>
</td>
<td><div><pre>java.lang.AssertionError: expected [true] but found [false]
	at com.amt.test.LOU.LOU_broker_business_purchase_accept_flow_Test.L9_verify_status_after_contract_signed(LOU_broker_business_purchase_accept_flow_Test.java:237)
	at java.base/java.util.ArrayList.forEach(ArrayList.java:1511)
... Removed 30 stack frames</pre></div><a href='#' onClick='toggleBox("stack-trace2070687344", this, "Click to show all stack frames", "Click to hide stack frames")'>Click to show all stack frames</a>
<div class='stack-trace' id='stack-trace2070687344'><pre>java.lang.AssertionError: expected [true] but found [false]
	at org.testng.Assert.fail(Assert.java:99)
	at org.testng.Assert.failNotEquals(Assert.java:1037)
	at org.testng.Assert.assertTrue(Assert.java:45)
	at org.testng.Assert.assertTrue(Assert.java:55)
	at com.amt.test.LOU.LOU_broker_business_purchase_accept_flow_Test.L9_verify_status_after_contract_signed(LOU_broker_business_purchase_accept_flow_Test.java:237)
	at java.base/jdk.internal.reflect.DirectMethodHandleAccessor.invoke(DirectMethodHandleAccessor.java:104)
	at java.base/java.lang.reflect.Method.invoke(Method.java:578)
	at org.testng.internal.MethodInvocationHelper.invokeMethod(MethodInvocationHelper.java:133)
	at org.testng.internal.TestInvoker.invokeMethod(TestInvoker.java:598)
	at org.testng.internal.TestInvoker.invokeTestMethod(TestInvoker.java:173)
	at org.testng.internal.MethodRunner.runInSequence(MethodRunner.java:46)
	at org.testng.internal.TestInvoker$MethodInvocationAgent.invoke(TestInvoker.java:824)
	at org.testng.internal.TestInvoker.invokeTestMethods(TestInvoker.java:146)
	at org.testng.internal.TestMethodWorker.invokeTestMethods(TestMethodWorker.java:146)
	at org.testng.internal.TestMethodWorker.run(TestMethodWorker.java:128)
	at java.base/java.util.ArrayList.forEach(ArrayList.java:1511)
	at org.testng.TestRunner.privateRun(TestRunner.java:794)
	at org.testng.TestRunner.run(TestRunner.java:596)
	at org.testng.SuiteRunner.runTest(SuiteRunner.java:377)
	at org.testng.SuiteRunner.runSequentially(SuiteRunner.java:371)
	at org.testng.SuiteRunner.privateRun(SuiteRunner.java:332)
	at org.testng.SuiteRunner.run(SuiteRunner.java:276)
	at org.testng.SuiteRunnerWorker.runSuite(SuiteRunnerWorker.java:53)
	at org.testng.SuiteRunnerWorker.run(SuiteRunnerWorker.java:96)
	at org.testng.TestNG.runSuitesSequentially(TestNG.java:1212)
	at org.testng.TestNG.runSuitesSequentially(TestNG.java:1207)
	at org.testng.TestNG.runSuitesLocally(TestNG.java:1134)
	at org.testng.TestNG.runSuites(TestNG.java:1063)
	at org.testng.TestNG.run(TestNG.java:1031)
	at org.testng.remote.AbstractRemoteTestNG.run(AbstractRemoteTestNG.java:115)
	at org.testng.remote.RemoteTestNG.initAndRun(RemoteTestNG.java:251)
	at org.testng.remote.RemoteTestNG.main(RemoteTestNG.java:77)
</pre></div></td>
<td>10</td>
<td>com.amt.test.LOU.LOU_broker_business_purchase_accept_flow_Test@6caf0677</td></tr>
</table><p>
<table width='100%' border='1' class='invocation-passed'>
<tr><td colspan='4' align='center'><b>PASSED TESTS</b></td></tr>
<tr><td><b>Test method</b></td>
<td width="30%"><b>Exception</b></td>
<td width="10%"><b>Time (seconds)</b></td>
<td><b>Instance</b></td>
</tr>
<tr>
<td title='com.amt.test.LOU.LOU_broker_business_purchase_accept_flow_Test.L1_broker_create_lead_business()'><b>L1_broker_create_lead_business</b><br>Test class: com.amt.test.LOU.LOU_broker_business_purchase_accept_flow_Test<br/>
<a href="#Output-2016085775" onClick='toggleBox("Output-2016085775", this, "Show output", "Hide output");'>Show output</a>

<a href="#Output-2016085775" onClick="toggleAllBoxes();">Show all outputs</a>
<div class='log' id="Output-2016085775">
<b>Clicked on Leads on Side Menu</b> <br /><br/>
<b>Clicked on add lead</b> <br /><br/>
<b>Lead is assigned</b> <br /><br/>
<b>Added data in General Notes</b> <br /><br/>
<b>Customer type - Business selected</b> <br /><br/>
<b>Clicked on Add new vehicle request</b> <br /><br/>
<b>Clicked on broker channel</b> <br /><br/>
<b>Vehicle request for broker has been saved</b> <br /><br/>
<b>Click on Map New Quote icon</b> <br /><br/>
<b>Click on acquisition contract type icon</b> <br /><br/>
<b>Click on customer contract type icon</b> <br /><br/>
<b>Click on search button</b> <br /><br/>
<b>Click on created date button 1st </b> <br /><br/>
<b>Click on created date button 2nd</b> <br /><br/>
<b>New Quote has been mapped with lead</b> <br /><br/>
<b>click ok button on Map  new quote </b> <br /><br/>
<b>Click on Lead save and Convert button</b> <br /><br/>
<b></b> <br /><br/>
<b>In Lead created Opportunity Id is =AG-0493</b> <br /><br/>
<b></b> <br /><br/>
</div>
</td>
<td></td>
<td>132</td>
<td>com.amt.test.LOU.LOU_broker_business_purchase_accept_flow_Test@6caf0677</td></tr>
<tr>
<td title='com.amt.test.LOU.LOU_broker_business_purchase_accept_flow_Test.L3_verify_table_values_on_opportunity_page_before_sending_proposal()'><b>L3_verify_table_values_on_opportunity_page_before_sending_proposal</b><br>Test class: com.amt.test.LOU.LOU_broker_business_purchase_accept_flow_Test<br/>
<a href="#Output-1134254195" onClick='toggleBox("Output-1134254195", this, "Show output", "Hide output");'>Show output</a>

<a href="#Output-1134254195" onClick="toggleAllBoxes();">Show all outputs</a>
<div class='log' id="Output-1134254195">
<b></b> <br /><br/>
<b>Started Verifying Table values</b> <br /><br/>
<b></b> <br /><br/>
<b>KWR66663 = KWR66663</b> <br /><br/>
<b>Quote no. compared and found ok</b> <br /><br/>
<b></b> <br /><br/>
<b>AUDI A7 DIESEL SPORTBACK (2018 - Current) 40 TDI Quattro Black Edition 5dr S Tronic = AUDI A7 DIESEL SPORTBACK (2018 - Current) 40 TDI Quattro Black Edition 5dr S Tronic</b> <br /><br/>
<b>Vehicle name compared and found ok</b> <br /><br/>
<b></b> <br /><br/>
<b>Hire Purchase Non-Regulated = Hire Purchase Non-Regulated</b> <br /><br/>
<b>Contract type compared and found ok</b> <br /><br/>
<b></b> <br /><br/>
<b>2000.0 = 2000.0</b> <br /><br/>
<b>Monthly finance rental compared and found ok</b> <br /><br/>
<b></b> <br /><br/>
<b>5000.0 = 5000.0</b> <br /><br/>
<b>Mileage compared and found ok</b> <br /><br/>
<b></b> <br /><br/>
<b>12.0 = 12.0</b> <br /><br/>
<b>Terms compared and found ok</b> <br /><br/>
<b></b> <br /><br/>
<b>05/12/2024 != 04/12/2024</b> <br /><br/>
<b>Expiry date compared but found not ok</b> <br /><br/>
<b></b> <br /><br/>
<b>Table values verified Successfully</b> <br /><br/>
</div>
</td>
<td></td>
<td>4</td>
<td>com.amt.test.LOU.LOU_broker_business_purchase_accept_flow_Test@6caf0677</td></tr>
<tr>
<td title='com.amt.test.broker.Acquisition_Quotes_Broker_HPNR_Test.aquisition_quotes_user_flow_broker_HPNR_balance_to_finance_check_test()'><b>aquisition_quotes_user_flow_broker_HPNR_balance_to_finance_check_test</b><br>Test class: com.amt.test.broker.Acquisition_Quotes_Broker_HPNR_Test<br>Parameters: AUDI, A7, 1200, 20, REF001, 05/12/24, 12, 5000, 3000, 900, 20, , 2000, 1000, 100, Yes, 1, 5, 1000, 600, 200, Formula1-BCH<br/>
<a href="#Output-907364316" onClick='toggleBox("Output-907364316", this, "Show output", "Hide output");'>Show output</a>

<a href="#Output-907364316" onClick="toggleAllBoxes();">Show all outputs</a>
<div class='log' id="Output-907364316">
<b></b> <br /><br/>
<b>Adding Funder Quote Values to Screen</b> <br /><br/>
<b>Funder Quote Added Successfully</b> <br /><br/>
<b></b> <br /><br/>
<b>Entering Part Exchange Values to screen</b> <br /><br/>
<b></b> <br /><br/>
<b>Started verifying Balance To Finance Value</b> <br /><br/>
<b>Clicked on Part Exchange panel</b> <br /><br/>
<b></b> <br /><br/>
<b>Started verifying Balance To Finance</b> <br /><br/>
<b>Balance To Finance Expected is =58675.0</b> <br /><br/>
<b>Balance To Finance Actual From Screen is =58675.0</b> <br /><br/>
<b>Balance to finance value from customer quote summary - verified</b> <br /><br/>
</div>
</td>
<td></td>
<td>34</td>
<td>com.amt.test.broker.Acquisition_Quotes_Broker_HPNR_Test@645aa696</td></tr>
<tr>
<td title='com.amt.test.broker.Acquisition_Quotes_Broker_HPNR_Test.aquisition_quotes_user_flow_broker_HPNR_OTR_calculation_test()'><b>aquisition_quotes_user_flow_broker_HPNR_OTR_calculation_test</b><br>Test class: com.amt.test.broker.Acquisition_Quotes_Broker_HPNR_Test<br>Parameters: AUDI, A7, 1200, 20, REF001, 05/12/24, 12, 5000, 3000, 900, 20, , 2000, 1000, 100, Yes, 1, 5, 1000, 600, 200, Formula1-BCH<br/>
<a href="#Output-1707760384" onClick='toggleBox("Output-1707760384", this, "Show output", "Hide output");'>Show output</a>

<a href="#Output-1707760384" onClick="toggleAllBoxes();">Show all outputs</a>
<div class='log' id="Output-1707760384">
<b>Clicked on Quote button </b> <br /><br/>
<b>Manufacture =AUDI has been selected</b> <br /><br/>
<b>Model range =A7 has been selected</b> <br /><br/>
<b>Vehicle has been selected</b> <br /><br/>
<b>Paint option has been selected</b> <br /><br/>
<b>Interior option has been selected</b> <br /><br/>
<b>Acquisition Contract type option selected = Broker </b> <br /><br/>
<b>Customer Contract type option selected =  Hire Purchase Non Regulated(HPNR)</b> <br /><br/>
<b>Getting Basic Price- Vehicle value is  =46854.17</b> <br /><br/>
<b>Getting Basic Price - Paint  value is  =0.00</b> <br /><br/>
<b>Getting  Basic Price - Options value is   =833.33</b> <br /><br/>
<b>Getting Discount- Vehicle value is  =0.00</b> <br /><br/>
<b>Getting   Discount - Paint value is   =0.00</b> <br /><br/>
<b>Getting  Discount- Options value is   =0.00</b> <br /><br/>
<b>Getting Additional Discount- Vehicle value is  =0.00</b> <br /><br/>
<b>Getting  Additional Discount - paint value is  =0.00</b> <br /><br/>
<b>Getting  Additional Discount - Options value is  =0.00</b> <br /><br/>
<b>Writing OTR table values to excel sheet -Started </b> <br /><br/>
<b>Writing OTR table values to excel sheet -Completed </b> <br /><br/>
<b>Reading Subtotal After Discount from excel sheet -Started </b> <br /><br/>
<b>Reading Subtotal After Discount from excel sheet -Started </b> <br /><br/>
<b>Subtotal After Discount from excel sheet is =47687.5</b> <br /><br/>
<b>Subtotal after discount actual value from screen =Â£ 47,687.50</b> <br /><br/>
</div>
</td>
<td></td>
<td>85</td>
<td>com.amt.test.broker.Acquisition_Quotes_Broker_HPNR_Test@645aa696</td></tr>
<tr>
<td title='com.amt.test.LOU.LOU_broker_business_purchase_accept_flow_Test.L8_verify_signed_contract_status_with_api_call()'><b>L8_verify_signed_contract_status_with_api_call</b><br>Test class: com.amt.test.LOU.LOU_broker_business_purchase_accept_flow_Test<br/>
<a href="#Output-694853120" onClick='toggleBox("Output-694853120", this, "Show output", "Hide output");'>Show output</a>

<a href="#Output-694853120" onClick="toggleAllBoxes();">Show all outputs</a>
<div class='log' id="Output-694853120">
<b>Status code 200 received </b> <br /><br/>
<b>Enter the Opportunity id in Search Text box</b> <br /><br/>
</div>
</td>
<td></td>
<td>58</td>
<td>com.amt.test.LOU.LOU_broker_business_purchase_accept_flow_Test@6caf0677</td></tr>
<tr>
<td title='com.amt.test.LOU.LOU_broker_business_purchase_accept_flow_Test.L2_broker_business_current_status_before_sending_to_proposal()'><b>L2_broker_business_current_status_before_sending_to_proposal</b><br>Test class: com.amt.test.LOU.LOU_broker_business_purchase_accept_flow_Test<br/>
<a href="#Output-275985150" onClick='toggleBox("Output-275985150", this, "Show output", "Hide output");'>Show output</a>

<a href="#Output-275985150" onClick="toggleAllBoxes();">Show all outputs</a>
<div class='log' id="Output-275985150">
<b>Clicked on Opportunity link from Menu </b> <br /><br/>
<b>Enter the Opportunity id in Search Text box</b> <br /><br/>
<b>Current Status of Opportunity Status value is = Open</b> <br /><br/>
<b>Current Status of Proposal value is = Proposal Required</b> <br /><br/>
<b>Current Status of Channel value is =  Draft</b> <br /><br/>
<b>Current Status of  Quote ref is = Draft</b> <br /><br/>
<b>Status Verified : Before sending the proposal</b> <br /><br/>
</div>
</td>
<td></td>
<td>18</td>
<td>com.amt.test.LOU.LOU_broker_business_purchase_accept_flow_Test@6caf0677</td></tr>
<tr>
<td title='com.amt.test.broker.Acquisition_Quotes_Broker_HPNR_Test.aquisition_quotes_user_flow_broker_HPNR_quote_summary_values_verification_test()'><b>aquisition_quotes_user_flow_broker_HPNR_quote_summary_values_verification_test</b><br>Test class: com.amt.test.broker.Acquisition_Quotes_Broker_HPNR_Test<br>Parameters: AUDI, A7, 1200, 20, REF001, 05/12/24, 12, 5000, 3000, 900, 20, , 2000, 1000, 100, Yes, 1, 5, 1000, 600, 200, Formula1-BCH<br/>
<a href="#Output-87518627" onClick='toggleBox("Output-87518627", this, "Show output", "Hide output");'>Show output</a>

<a href="#Output-87518627" onClick="toggleAllBoxes();">Show all outputs</a>
<div class='log' id="Output-87518627">
<b>*************Calculations for Quote Summary page gas been started************</b> <br /><br/>
<b>Quote Summary Data collected and sent to Quote save Excel</b> <br /><br/>
</div>
</td>
<td></td>
<td>14</td>
<td>com.amt.test.broker.Acquisition_Quotes_Broker_HPNR_Test@645aa696</td></tr>
<tr>
<td title='com.amt.test.LOU.LOU_broker_business_purchase_accept_flow_Test.L5_verify_current_status_on_opportunity_page_after_sending_to_proposal_for_broker_business_flow()'><b>L5_verify_current_status_on_opportunity_page_after_sending_to_proposal_for_broker_business_flow</b><br>Test class: com.amt.test.LOU.LOU_broker_business_purchase_accept_flow_Test<br/>
<a href="#Output-1224631720" onClick='toggleBox("Output-1224631720", this, "Show output", "Hide output");'>Show output</a>

<a href="#Output-1224631720" onClick="toggleAllBoxes();">Show all outputs</a>
<div class='log' id="Output-1224631720">
<b>Current Status of Opportunity Status value is = Open</b> <br /><br/>
<b>Current Status of Proposal value is = Proposal Received</b> <br /><br/>
<b>Current Status of Channel value is =  Draft</b> <br /><br/>
<b>Current Status of  Quote ref is = Draft</b> <br /><br/>
<b>Status Verified : After sending the proposal</b> <br /><br/>
</div>
</td>
<td></td>
<td>7</td>
<td>com.amt.test.LOU.LOU_broker_business_purchase_accept_flow_Test@6caf0677</td></tr>
<tr>
<td title='com.amt.test.LOU.LOU_broker_business_purchase_accept_flow_Test.L6_broker_create_opportunity_business_sending_to_contract()'><b>L6_broker_create_opportunity_business_sending_to_contract</b><br>Test class: com.amt.test.LOU.LOU_broker_business_purchase_accept_flow_Test<br/>
<a href="#Output-118532166" onClick='toggleBox("Output-118532166", this, "Show output", "Hide output");'>Show output</a>

<a href="#Output-118532166" onClick="toggleAllBoxes();">Show all outputs</a>
<div class='log' id="Output-118532166">
<b>click on Send_Contract icon</b> <br /><br/>
</div>
</td>
<td></td>
<td>10</td>
<td>com.amt.test.LOU.LOU_broker_business_purchase_accept_flow_Test@6caf0677</td></tr>
<tr>
<td title='com.amt.test.LOU.LOU_broker_business_purchase_accept_flow_Test.L7_verify_current_status_on_opportunity_page_after_sending_contract_for_broker_business_flow()'><b>L7_verify_current_status_on_opportunity_page_after_sending_contract_for_broker_business_flow</b><br>Test class: com.amt.test.LOU.LOU_broker_business_purchase_accept_flow_Test<br/>
<a href="#Output-862764378" onClick='toggleBox("Output-862764378", this, "Show output", "Hide output");'>Show output</a>

<a href="#Output-862764378" onClick="toggleAllBoxes();">Show all outputs</a>
<div class='log' id="Output-862764378">
<b>Current Status of Proposal value is = Proposal Received</b> <br /><br/>
<b>Current Status of Channel value is =  Sent to customer</b> <br /><br/>
<b>Current Status of  Quote ref is = Sent to customer</b> <br /><br/>
<b>Status Verified : Status Verified : Sent to customer</b> <br /><br/>
</div>
</td>
<td></td>
<td>4</td>
<td>com.amt.test.LOU.LOU_broker_business_purchase_accept_flow_Test@6caf0677</td></tr>
<tr>
<td title='com.amt.test.broker.Acquisition_Quotes_Broker_HPNR_Test.aquisition_quotes_user_flow_broker_HPNR_after_discount_calculations_test()'><b>aquisition_quotes_user_flow_broker_HPNR_after_discount_calculations_test</b><br>Test class: com.amt.test.broker.Acquisition_Quotes_Broker_HPNR_Test<br>Parameters: AUDI, A7, 1200, 20, REF001, 05/12/24, 12, 5000, 3000, 900, 20, , 2000, 1000, 100, Yes, 1, 5, 1000, 600, 200, Formula1-BCH<br/>
<a href="#Output-661016926" onClick='toggleBox("Output-661016926", this, "Show output", "Hide output");'>Show output</a>

<a href="#Output-661016926" onClick="toggleAllBoxes();">Show all outputs</a>
<div class='log' id="Output-661016926">
<b>*********Calculations for On Road Price has been started***********</b> <br /><br/>
<b>Started getting On screen values from after discount table </b> <br /><br/>
<b>Manufacture_delivery_charges =550.0</b> <br /><br/>
<b>Road_tax_first_year =585.0</b> <br /><br/>
<b>First_registration_fee =65.0</b> <br /><br/>
<b>Rebate =0.0</b> <br /><br/>
<b>Writing After discount values to excel has been started</b> <br /><br/>
<b>Writing After discount values to excel has been completed</b> <br /><br/>
<b>Reading On Road Price for invoice from excel has been Started</b> <br /><br/>
<b>Reading On Road Price for invoice from excel has been completed</b> <br /><br/>
<b>Expected on the road price from excel is =58535.0</b> <br /><br/>
<b>Actual on the road price from screen is =58535.00</b> <br /><br/>
</div>
</td>
<td></td>
<td>4</td>
<td>com.amt.test.broker.Acquisition_Quotes_Broker_HPNR_Test@645aa696</td></tr>
<tr>
<td title='com.amt.test.broker.Acquisition_Quotes_Broker_HPNR_Test.aquisition_quotes_user_flow_broker_HPNR_vehicle_profit_check_test()'><b>aquisition_quotes_user_flow_broker_HPNR_vehicle_profit_check_test</b><br>Test class: com.amt.test.broker.Acquisition_Quotes_Broker_HPNR_Test<br>Parameters: AUDI, A7, 1200, 20, REF001, 05/12/24, 12, 5000, 3000, 900, 20, , 2000, 1000, 100, Yes, 1, 5, 1000, 600, 200, Formula1-BCH<br/>
<a href="#Output-378897673" onClick='toggleBox("Output-378897673", this, "Show output", "Hide output");'>Show output</a>

<a href="#Output-378897673" onClick="toggleAllBoxes();">Show all outputs</a>
<div class='log' id="Output-378897673">
<b>Vehicle profit from test data 1200.0 added to otr cost price 58535.0</b> <br /><br/>
<b>After adding profit to cost price 58535.0 sales price is shown as (considering VAT%) 59975.0</b> <br /><br/>
<b>Vehicle profit verified</b> <br /><br/>
</div>
</td>
<td></td>
<td>9</td>
<td>com.amt.test.broker.Acquisition_Quotes_Broker_HPNR_Test@645aa696</td></tr>
<tr>
<td title='com.amt.test.LOU.LOU_broker_business_purchase_accept_flow_Test.L4_adding_proposal_on_opportunity_page_broker_business_flow()'><b>L4_adding_proposal_on_opportunity_page_broker_business_flow</b><br>Test class: com.amt.test.LOU.LOU_broker_business_purchase_accept_flow_Test<br/>
<a href="#Output-474857875" onClick='toggleBox("Output-474857875", this, "Show output", "Hide output");'>Show output</a>

<a href="#Output-474857875" onClick="toggleAllBoxes();">Show all outputs</a>
<div class='log' id="Output-474857875">
<b>click on Proposal icon</b> <br /><br/>
<b>click on Proposal icon</b> <br /><br/>
<b>Proposal page will display </b> <br /><br/>
<b>Send proposal to customer pop up  will open</b> <br /><br/>
<b>Click on Manual fill radio button - Yes</b> <br /><br/>
<b>Click on manually submit behalf of customer link</b> <br /><br/>
<b></b> <br /><br/>
<b>Proposal Received Successfully</b> <br /><br/>
</div>
</td>
<td></td>
<td>50</td>
<td>com.amt.test.LOU.LOU_broker_business_purchase_accept_flow_Test@6caf0677</td></tr>
</table><p>
<table width='100%' border='1' class='invocation-skipped'>
<tr><td colspan='4' align='center'><b>SKIPPED TESTS</b></td></tr>
<tr><td><b>Test method</b></td>
<td width="30%"><b>Exception</b></td>
<td width="10%"><b>Time (seconds)</b></td>
<td><b>Instance</b></td>
</tr>
<tr>
<td title='com.amt.test.LOU.LOU_broker_business_purchase_accept_flow_Test.UW1_verify_underwriting_flow_ownbook_with_status()'><b>UW1_verify_underwriting_flow_ownbook_with_status</b><br>Test class: com.amt.test.LOU.LOU_broker_business_purchase_accept_flow_Test</td>
<td><div><pre>java.lang.Throwable: Method LOU_broker_business_purchase_accept_flow_Test.UW1_verify_underwriting_flow_ownbook_with_status()[pri:10, instance:com.amt.test.LOU.LOU_broker_business_purchase_accept_flow_Test@6caf0677] depends on not successfully finished methods
	at java.base/java.util.ArrayList.forEach(ArrayList.java:1511)
... Removed 19 stack frames</pre></div><a href='#' onClick='toggleBox("stack-trace1531290790", this, "Click to show all stack frames", "Click to hide stack frames")'>Click to show all stack frames</a>
<div class='stack-trace' id='stack-trace1531290790'><pre>java.lang.Throwable: Method LOU_broker_business_purchase_accept_flow_Test.UW1_verify_underwriting_flow_ownbook_with_status()[pri:10, instance:com.amt.test.LOU.LOU_broker_business_purchase_accept_flow_Test@6caf0677] depends on not successfully finished methods
	at org.testng.internal.TestInvoker.invokeTestMethods(TestInvoker.java:102)
	at org.testng.internal.TestMethodWorker.invokeTestMethods(TestMethodWorker.java:146)
	at org.testng.internal.TestMethodWorker.run(TestMethodWorker.java:128)
	at java.base/java.util.ArrayList.forEach(ArrayList.java:1511)
	at org.testng.TestRunner.privateRun(TestRunner.java:794)
	at org.testng.TestRunner.run(TestRunner.java:596)
	at org.testng.SuiteRunner.runTest(SuiteRunner.java:377)
	at org.testng.SuiteRunner.runSequentially(SuiteRunner.java:371)
	at org.testng.SuiteRunner.privateRun(SuiteRunner.java:332)
	at org.testng.SuiteRunner.run(SuiteRunner.java:276)
	at org.testng.SuiteRunnerWorker.runSuite(SuiteRunnerWorker.java:53)
	at org.testng.SuiteRunnerWorker.run(SuiteRunnerWorker.java:96)
	at org.testng.TestNG.runSuitesSequentially(TestNG.java:1212)
	at org.testng.TestNG.runSuitesSequentially(TestNG.java:1207)
	at org.testng.TestNG.runSuitesLocally(TestNG.java:1134)
	at org.testng.TestNG.runSuites(TestNG.java:1063)
	at org.testng.TestNG.run(TestNG.java:1031)
	at org.testng.remote.AbstractRemoteTestNG.run(AbstractRemoteTestNG.java:115)
	at org.testng.remote.RemoteTestNG.initAndRun(RemoteTestNG.java:251)
	at org.testng.remote.RemoteTestNG.main(RemoteTestNG.java:77)
</pre></div></td>
<td>0</td>
<td>com.amt.test.LOU.LOU_broker_business_purchase_accept_flow_Test@6caf0677</td></tr>
<tr>
<td title='com.amt.test.LOU.LOU_broker_business_purchase_accept_flow_Test.UW4_verify_underwriting_proposal_page_flow()'><b>UW4_verify_underwriting_proposal_page_flow</b><br>Test class: com.amt.test.LOU.LOU_broker_business_purchase_accept_flow_Test</td>
<td><div><pre>java.lang.Throwable: Method LOU_broker_business_purchase_accept_flow_Test.UW4_verify_underwriting_proposal_page_flow()[pri:13, instance:com.amt.test.LOU.LOU_broker_business_purchase_accept_flow_Test@6caf0677] depends on not successfully finished methods
	at java.base/java.util.ArrayList.forEach(ArrayList.java:1511)
... Removed 19 stack frames</pre></div><a href='#' onClick='toggleBox("stack-trace1588577499", this, "Click to show all stack frames", "Click to hide stack frames")'>Click to show all stack frames</a>
<div class='stack-trace' id='stack-trace1588577499'><pre>java.lang.Throwable: Method LOU_broker_business_purchase_accept_flow_Test.UW4_verify_underwriting_proposal_page_flow()[pri:13, instance:com.amt.test.LOU.LOU_broker_business_purchase_accept_flow_Test@6caf0677] depends on not successfully finished methods
	at org.testng.internal.TestInvoker.invokeTestMethods(TestInvoker.java:102)
	at org.testng.internal.TestMethodWorker.invokeTestMethods(TestMethodWorker.java:146)
	at org.testng.internal.TestMethodWorker.run(TestMethodWorker.java:128)
	at java.base/java.util.ArrayList.forEach(ArrayList.java:1511)
	at org.testng.TestRunner.privateRun(TestRunner.java:794)
	at org.testng.TestRunner.run(TestRunner.java:596)
	at org.testng.SuiteRunner.runTest(SuiteRunner.java:377)
	at org.testng.SuiteRunner.runSequentially(SuiteRunner.java:371)
	at org.testng.SuiteRunner.privateRun(SuiteRunner.java:332)
	at org.testng.SuiteRunner.run(SuiteRunner.java:276)
	at org.testng.SuiteRunnerWorker.runSuite(SuiteRunnerWorker.java:53)
	at org.testng.SuiteRunnerWorker.run(SuiteRunnerWorker.java:96)
	at org.testng.TestNG.runSuitesSequentially(TestNG.java:1212)
	at org.testng.TestNG.runSuitesSequentially(TestNG.java:1207)
	at org.testng.TestNG.runSuitesLocally(TestNG.java:1134)
	at org.testng.TestNG.runSuites(TestNG.java:1063)
	at org.testng.TestNG.run(TestNG.java:1031)
	at org.testng.remote.AbstractRemoteTestNG.run(AbstractRemoteTestNG.java:115)
	at org.testng.remote.RemoteTestNG.initAndRun(RemoteTestNG.java:251)
	at org.testng.remote.RemoteTestNG.main(RemoteTestNG.java:77)
</pre></div></td>
<td>0</td>
<td>com.amt.test.LOU.LOU_broker_business_purchase_accept_flow_Test@6caf0677</td></tr>
<tr>
<td title='com.amt.test.LOU.LOU_broker_business_purchase_accept_flow_Test.UW3_verify_underwriting_lisitig_page()'><b>UW3_verify_underwriting_lisitig_page</b><br>Test class: com.amt.test.LOU.LOU_broker_business_purchase_accept_flow_Test</td>
<td><div><pre>java.lang.Throwable: Method LOU_broker_business_purchase_accept_flow_Test.UW3_verify_underwriting_lisitig_page()[pri:12, instance:com.amt.test.LOU.LOU_broker_business_purchase_accept_flow_Test@6caf0677] depends on not successfully finished methods
	at java.base/java.util.ArrayList.forEach(ArrayList.java:1511)
... Removed 19 stack frames</pre></div><a href='#' onClick='toggleBox("stack-trace1598544753", this, "Click to show all stack frames", "Click to hide stack frames")'>Click to show all stack frames</a>
<div class='stack-trace' id='stack-trace1598544753'><pre>java.lang.Throwable: Method LOU_broker_business_purchase_accept_flow_Test.UW3_verify_underwriting_lisitig_page()[pri:12, instance:com.amt.test.LOU.LOU_broker_business_purchase_accept_flow_Test@6caf0677] depends on not successfully finished methods
	at org.testng.internal.TestInvoker.invokeTestMethods(TestInvoker.java:102)
	at org.testng.internal.TestMethodWorker.invokeTestMethods(TestMethodWorker.java:146)
	at org.testng.internal.TestMethodWorker.run(TestMethodWorker.java:128)
	at java.base/java.util.ArrayList.forEach(ArrayList.java:1511)
	at org.testng.TestRunner.privateRun(TestRunner.java:794)
	at org.testng.TestRunner.run(TestRunner.java:596)
	at org.testng.SuiteRunner.runTest(SuiteRunner.java:377)
	at org.testng.SuiteRunner.runSequentially(SuiteRunner.java:371)
	at org.testng.SuiteRunner.privateRun(SuiteRunner.java:332)
	at org.testng.SuiteRunner.run(SuiteRunner.java:276)
	at org.testng.SuiteRunnerWorker.runSuite(SuiteRunnerWorker.java:53)
	at org.testng.SuiteRunnerWorker.run(SuiteRunnerWorker.java:96)
	at org.testng.TestNG.runSuitesSequentially(TestNG.java:1212)
	at org.testng.TestNG.runSuitesSequentially(TestNG.java:1207)
	at org.testng.TestNG.runSuitesLocally(TestNG.java:1134)
	at org.testng.TestNG.runSuites(TestNG.java:1063)
	at org.testng.TestNG.run(TestNG.java:1031)
	at org.testng.remote.AbstractRemoteTestNG.run(AbstractRemoteTestNG.java:115)
	at org.testng.remote.RemoteTestNG.initAndRun(RemoteTestNG.java:251)
	at org.testng.remote.RemoteTestNG.main(RemoteTestNG.java:77)
</pre></div></td>
<td>0</td>
<td>com.amt.test.LOU.LOU_broker_business_purchase_accept_flow_Test@6caf0677</td></tr>
<tr>
<td title='com.amt.test.LOU.LOU_broker_business_purchase_accept_flow_Test.UW5_verify_underwriting_proposal_decision_with_accept()'><b>UW5_verify_underwriting_proposal_decision_with_accept</b><br>Test class: com.amt.test.LOU.LOU_broker_business_purchase_accept_flow_Test</td>
<td><div><pre>java.lang.Throwable: Method LOU_broker_business_purchase_accept_flow_Test.UW5_verify_underwriting_proposal_decision_with_accept()[pri:14, instance:com.amt.test.LOU.LOU_broker_business_purchase_accept_flow_Test@6caf0677] depends on not successfully finished methods
	at java.base/java.util.ArrayList.forEach(ArrayList.java:1511)
... Removed 19 stack frames</pre></div><a href='#' onClick='toggleBox("stack-trace527499254", this, "Click to show all stack frames", "Click to hide stack frames")'>Click to show all stack frames</a>
<div class='stack-trace' id='stack-trace527499254'><pre>java.lang.Throwable: Method LOU_broker_business_purchase_accept_flow_Test.UW5_verify_underwriting_proposal_decision_with_accept()[pri:14, instance:com.amt.test.LOU.LOU_broker_business_purchase_accept_flow_Test@6caf0677] depends on not successfully finished methods
	at org.testng.internal.TestInvoker.invokeTestMethods(TestInvoker.java:102)
	at org.testng.internal.TestMethodWorker.invokeTestMethods(TestMethodWorker.java:146)
	at org.testng.internal.TestMethodWorker.run(TestMethodWorker.java:128)
	at java.base/java.util.ArrayList.forEach(ArrayList.java:1511)
	at org.testng.TestRunner.privateRun(TestRunner.java:794)
	at org.testng.TestRunner.run(TestRunner.java:596)
	at org.testng.SuiteRunner.runTest(SuiteRunner.java:377)
	at org.testng.SuiteRunner.runSequentially(SuiteRunner.java:371)
	at org.testng.SuiteRunner.privateRun(SuiteRunner.java:332)
	at org.testng.SuiteRunner.run(SuiteRunner.java:276)
	at org.testng.SuiteRunnerWorker.runSuite(SuiteRunnerWorker.java:53)
	at org.testng.SuiteRunnerWorker.run(SuiteRunnerWorker.java:96)
	at org.testng.TestNG.runSuitesSequentially(TestNG.java:1212)
	at org.testng.TestNG.runSuitesSequentially(TestNG.java:1207)
	at org.testng.TestNG.runSuitesLocally(TestNG.java:1134)
	at org.testng.TestNG.runSuites(TestNG.java:1063)
	at org.testng.TestNG.run(TestNG.java:1031)
	at org.testng.remote.AbstractRemoteTestNG.run(AbstractRemoteTestNG.java:115)
	at org.testng.remote.RemoteTestNG.initAndRun(RemoteTestNG.java:251)
	at org.testng.remote.RemoteTestNG.main(RemoteTestNG.java:77)
</pre></div></td>
<td>0</td>
<td>com.amt.test.LOU.LOU_broker_business_purchase_accept_flow_Test@6caf0677</td></tr>
<tr>
<td title='com.amt.test.LOU.LOU_broker_business_purchase_accept_flow_Test.UW2_verify_status_after_sending_to_underwriting()'><b>UW2_verify_status_after_sending_to_underwriting</b><br>Test class: com.amt.test.LOU.LOU_broker_business_purchase_accept_flow_Test</td>
<td><div><pre>java.lang.Throwable: Method LOU_broker_business_purchase_accept_flow_Test.UW2_verify_status_after_sending_to_underwriting()[pri:11, instance:com.amt.test.LOU.LOU_broker_business_purchase_accept_flow_Test@6caf0677] depends on not successfully finished methods
	at java.base/java.util.ArrayList.forEach(ArrayList.java:1511)
... Removed 19 stack frames</pre></div><a href='#' onClick='toggleBox("stack-trace1149621371", this, "Click to show all stack frames", "Click to hide stack frames")'>Click to show all stack frames</a>
<div class='stack-trace' id='stack-trace1149621371'><pre>java.lang.Throwable: Method LOU_broker_business_purchase_accept_flow_Test.UW2_verify_status_after_sending_to_underwriting()[pri:11, instance:com.amt.test.LOU.LOU_broker_business_purchase_accept_flow_Test@6caf0677] depends on not successfully finished methods
	at org.testng.internal.TestInvoker.invokeTestMethods(TestInvoker.java:102)
	at org.testng.internal.TestMethodWorker.invokeTestMethods(TestMethodWorker.java:146)
	at org.testng.internal.TestMethodWorker.run(TestMethodWorker.java:128)
	at java.base/java.util.ArrayList.forEach(ArrayList.java:1511)
	at org.testng.TestRunner.privateRun(TestRunner.java:794)
	at org.testng.TestRunner.run(TestRunner.java:596)
	at org.testng.SuiteRunner.runTest(SuiteRunner.java:377)
	at org.testng.SuiteRunner.runSequentially(SuiteRunner.java:371)
	at org.testng.SuiteRunner.privateRun(SuiteRunner.java:332)
	at org.testng.SuiteRunner.run(SuiteRunner.java:276)
	at org.testng.SuiteRunnerWorker.runSuite(SuiteRunnerWorker.java:53)
	at org.testng.SuiteRunnerWorker.run(SuiteRunnerWorker.java:96)
	at org.testng.TestNG.runSuitesSequentially(TestNG.java:1212)
	at org.testng.TestNG.runSuitesSequentially(TestNG.java:1207)
	at org.testng.TestNG.runSuitesLocally(TestNG.java:1134)
	at org.testng.TestNG.runSuites(TestNG.java:1063)
	at org.testng.TestNG.run(TestNG.java:1031)
	at org.testng.remote.AbstractRemoteTestNG.run(AbstractRemoteTestNG.java:115)
	at org.testng.remote.RemoteTestNG.initAndRun(RemoteTestNG.java:251)
	at org.testng.remote.RemoteTestNG.main(RemoteTestNG.java:77)
</pre></div></td>
<td>0</td>
<td>com.amt.test.LOU.LOU_broker_business_purchase_accept_flow_Test@6caf0677</td></tr>
</table><p>
</body>
</html>