<?xml version="1.0" encoding="UTF-8"?>
<testng-results ignored="0" total="20" passed="19" failed="1" skipped="0">
  <reporter-output>
    <line>
      <![CDATA[<b>Clicked on Quote button </b> <br />]]>
    </line>
    <line>
      <![CDATA[<b>Manufacture =AUDI has been selected</b> <br />]]>
    </line>
    <line>
      <![CDATA[<b>Model range =A7 has been selected</b> <br />]]>
    </line>
    <line>
      <![CDATA[<b>Vehicle has been selected</b> <br />]]>
    </line>
    <line>
      <![CDATA[<b>Paint option has been selected</b> <br />]]>
    </line>
    <line>
      <![CDATA[<b>Interior option has been selected</b> <br />]]>
    </line>
    <line>
      <![CDATA[<b>Acquisition Contract type option selected = Broker </b> <br />]]>
    </line>
    <line>
      <![CDATA[<b>Customer Contract type option selected =  Hire Purchase Non Regulated(HPNR)</b> <br />]]>
    </line>
    <line>
      <![CDATA[<b>Getting Basic Price- Vehicle value is  =44854.17</b> <br />]]>
    </line>
    <line>
      <![CDATA[<b>Getting Basic Price - Paint  value is  =0.00</b> <br />]]>
    </line>
    <line>
      <![CDATA[<b>Getting  Basic Price - Options value is   =833.33</b> <br />]]>
    </line>
    <line>
      <![CDATA[<b>Getting Discount- Vehicle value is  =0.00</b> <br />]]>
    </line>
    <line>
      <![CDATA[<b>Getting   Discount - Paint value is   =0.00</b> <br />]]>
    </line>
    <line>
      <![CDATA[<b>Getting  Discount- Options value is   =0.00</b> <br />]]>
    </line>
    <line>
      <![CDATA[<b>Getting Additional Discount- Vehicle value is  =0.00</b> <br />]]>
    </line>
    <line>
      <![CDATA[<b>Getting  Additional Discount - paint value is  =0.00</b> <br />]]>
    </line>
    <line>
      <![CDATA[<b>Getting  Additional Discount - Options value is  =0.00</b> <br />]]>
    </line>
    <line>
      <![CDATA[<b>Writing OTR table values to excel sheet -Started </b> <br />]]>
    </line>
    <line>
      <![CDATA[<b>Writing OTR table values to excel sheet -Completed </b> <br />]]>
    </line>
    <line>
      <![CDATA[<b>Reading Subtotal After Discount from excel sheet -Started </b> <br />]]>
    </line>
    <line>
      <![CDATA[<b>Reading Subtotal After Discount from excel sheet -Started </b> <br />]]>
    </line>
    <line>
      <![CDATA[<b>Subtotal After Discount from excel sheet is =45687.5</b> <br />]]>
    </line>
    <line>
      <![CDATA[<b>Subtotal after discount actual value from screen =£ 45,687.50</b> <br />]]>
    </line>
    <line>
      <![CDATA[<b>*********Calculations for On Road Price has been started***********</b> <br />]]>
    </line>
    <line>
      <![CDATA[<b>Started getting On screen values from after discount table </b> <br />]]>
    </line>
    <line>
      <![CDATA[<b>Manufacture_delivery_charges =550.0</b> <br />]]>
    </line>
    <line>
      <![CDATA[<b>Road_tax_first_year =585.0</b> <br />]]>
    </line>
    <line>
      <![CDATA[<b>First_registration_fee =55.0</b> <br />]]>
    </line>
    <line>
      <![CDATA[<b>Rebate =0.0</b> <br />]]>
    </line>
    <line>
      <![CDATA[<b>Writing After discount values to excel has been started</b> <br />]]>
    </line>
    <line>
      <![CDATA[<b>Writing After discount values to excel has been completed</b> <br />]]>
    </line>
    <line>
      <![CDATA[<b>Reading On Road Price for invoice from excel has been Started</b> <br />]]>
    </line>
    <line>
      <![CDATA[<b>Reading On Road Price for invoice from excel has been completed</b> <br />]]>
    </line>
    <line>
      <![CDATA[<b>Expected on the road price from excel is =56125.0</b> <br />]]>
    </line>
    <line>
      <![CDATA[<b>Actual on the road price from screen is =56125.00</b> <br />]]>
    </line>
    <line>
      <![CDATA[<b>Vehicle profit from test data 1200.0 added to otr cost price 56125.0</b> <br />]]>
    </line>
    <line>
      <![CDATA[<b>After adding profit to cost price 56125.0 sales price is shown as (considering VAT%) 57565.0</b> <br />]]>
    </line>
    <line>
      <![CDATA[<b>Vehicle profit verified</b> <br />]]>
    </line>
    <line>
      <![CDATA[<b></b> <br />]]>
    </line>
    <line>
      <![CDATA[<b>Adding Funder Quote Values to Screen</b> <br />]]>
    </line>
    <line>
      <![CDATA[<b>Funder Quote Added Successfully</b> <br />]]>
    </line>
    <line>
      <![CDATA[<b></b> <br />]]>
    </line>
    <line>
      <![CDATA[<b>Entering Part Exchange Values to screen</b> <br />]]>
    </line>
    <line>
      <![CDATA[<b></b> <br />]]>
    </line>
    <line>
      <![CDATA[<b>Started verifying Balance To Finance Value</b> <br />]]>
    </line>
    <line>
      <![CDATA[<b>Clicked on Part Exchange panel</b> <br />]]>
    </line>
    <line>
      <![CDATA[<b></b> <br />]]>
    </line>
    <line>
      <![CDATA[<b>Started verifying Balance To Finance</b> <br />]]>
    </line>
    <line>
      <![CDATA[<b>Balance To Finance Expected is =56265.0</b> <br />]]>
    </line>
    <line>
      <![CDATA[<b>Balance To Finance Actual From Screen is =56265.0</b> <br />]]>
    </line>
    <line>
      <![CDATA[<b>Balance to finance value from customer quote summary - verified</b> <br />]]>
    </line>
    <line>
      <![CDATA[<b>*************Calculations for Quote Summary page gas been started************</b> <br />]]>
    </line>
    <line>
      <![CDATA[<b>Clicked on Leads on Side Menu</b> <br />]]>
    </line>
    <line>
      <![CDATA[<b>Clicked on add lead</b> <br />]]>
    </line>
    <line>
      <![CDATA[<b>Lead is assigned</b> <br />]]>
    </line>
    <line>
      <![CDATA[<b>Added data in General Notes</b> <br />]]>
    </line>
    <line>
      <![CDATA[<b>Customer type - Business selected</b> <br />]]>
    </line>
    <line>
      <![CDATA[<b>Clicked on Add new vehicle request</b> <br />]]>
    </line>
    <line>
      <![CDATA[<b>Clicked on broker channel</b> <br />]]>
    </line>
    <line>
      <![CDATA[<b>Vehicle request for broker has been saved</b> <br />]]>
    </line>
    <line>
      <![CDATA[<b>Click on Map New Quote icon</b> <br />]]>
    </line>
    <line>
      <![CDATA[<b>Click on acquisition contract type icon</b> <br />]]>
    </line>
    <line>
      <![CDATA[<b>Click on customer contract type icon</b> <br />]]>
    </line>
    <line>
      <![CDATA[<b>Click on search button</b> <br />]]>
    </line>
    <line>
      <![CDATA[<b>Click on created date button 1st </b> <br />]]>
    </line>
    <line>
      <![CDATA[<b>Click on created date button 2nd</b> <br />]]>
    </line>
    <line>
      <![CDATA[<b>New Quote has been mapped with lead</b> <br />]]>
    </line>
    <line>
      <![CDATA[<b>click ok button on Map  new quote </b> <br />]]>
    </line>
    <line>
      <![CDATA[<b>Click on Lead save and Convert button</b> <br />]]>
    </line>
    <line>
      <![CDATA[<b></b> <br />]]>
    </line>
    <line>
      <![CDATA[<b>In Lead created Opportunity Id is =WW-6018</b> <br />]]>
    </line>
    <line>
      <![CDATA[<b></b> <br />]]>
    </line>
    <line>
      <![CDATA[<b>Clicked on Opportunity link from Menu </b> <br />]]>
    </line>
    <line>
      <![CDATA[<b>Enter the Opportunity id in Search Text box</b> <br />]]>
    </line>
    <line>
      <![CDATA[<b>Current Status of Opportunity Status value is = Open</b> <br />]]>
    </line>
    <line>
      <![CDATA[<b>Current Status of Proposal value is = Proposal Required</b> <br />]]>
    </line>
    <line>
      <![CDATA[<b>Current Status of Channel value is =  Draft</b> <br />]]>
    </line>
    <line>
      <![CDATA[<b>Current Status of  Quote ref is = Draft</b> <br />]]>
    </line>
    <line>
      <![CDATA[<b>Status Verified : Before sending the proposal</b> <br />]]>
    </line>
    <line>
      <![CDATA[<b></b> <br />]]>
    </line>
    <line>
      <![CDATA[<b>Started Verifying Table values</b> <br />]]>
    </line>
    <line>
      <![CDATA[<b></b> <br />]]>
    </line>
    <line>
      <![CDATA[<b>RQI40503 = RQI40503</b> <br />]]>
    </line>
    <line>
      <![CDATA[<b>Quote no. compared and found ok</b> <br />]]>
    </line>
    <line>
      <![CDATA[<b></b> <br />]]>
    </line>
    <line>
      <![CDATA[<b>AUDI A7 DIESEL SPORTBACK (2018 - Current) 40 TDI Quattro S Line 5dr S Tronic = AUDI A7 DIESEL SPORTBACK (2018 - Current) 40 TDI Quattro S Line 5dr S Tronic</b> <br />]]>
    </line>
    <line>
      <![CDATA[<b>Vehicle name compared and found ok</b> <br />]]>
    </line>
    <line>
      <![CDATA[<b></b> <br />]]>
    </line>
    <line>
      <![CDATA[<b>Hire Purchase Non-Regulated = Hire Purchase Non-Regulated</b> <br />]]>
    </line>
    <line>
      <![CDATA[<b>Contract type compared and found ok</b> <br />]]>
    </line>
    <line>
      <![CDATA[<b></b> <br />]]>
    </line>
    <line>
      <![CDATA[<b>2000.0 = 2000.0</b> <br />]]>
    </line>
    <line>
      <![CDATA[<b>Monthly finance rental compared and found ok</b> <br />]]>
    </line>
    <line>
      <![CDATA[<b></b> <br />]]>
    </line>
    <line>
      <![CDATA[<b>5000.0 = 5000.0</b> <br />]]>
    </line>
    <line>
      <![CDATA[<b>Mileage compared and found ok</b> <br />]]>
    </line>
    <line>
      <![CDATA[<b></b> <br />]]>
    </line>
    <line>
      <![CDATA[<b>12.0 = 12.0</b> <br />]]>
    </line>
    <line>
      <![CDATA[<b>Terms compared and found ok</b> <br />]]>
    </line>
    <line>
      <![CDATA[<b></b> <br />]]>
    </line>
    <line>
      <![CDATA[<b>05/12/2023 != 04/12/2023</b> <br />]]>
    </line>
    <line>
      <![CDATA[<b>Expiry date compared but found not ok</b> <br />]]>
    </line>
    <line>
      <![CDATA[<b></b> <br />]]>
    </line>
    <line>
      <![CDATA[<b>Table values verified Successfully</b> <br />]]>
    </line>
    <line>
      <![CDATA[<b>Current Status of Opportunity Status value is = Open</b> <br />]]>
    </line>
    <line>
      <![CDATA[<b>Current Status of Proposal value is = Proposal Required</b> <br />]]>
    </line>
    <line>
      <![CDATA[<b>Current Status of Channel value is =  Draft</b> <br />]]>
    </line>
    <line>
      <![CDATA[<b>Current Status of  Quote ref is = Draft</b> <br />]]>
    </line>
    <line>
      <![CDATA[<b>Status Verified : Before sending the proposal</b> <br />]]>
    </line>
    <line>
      <![CDATA[<b>click on Proposal icon</b> <br />]]>
    </line>
    <line>
      <![CDATA[<b>Proposal page will display </b> <br />]]>
    </line>
    <line>
      <![CDATA[<b>Send proposal to customer pop up  will open</b> <br />]]>
    </line>
    <line>
      <![CDATA[<b>Click on Manual fill radio button - Yes</b> <br />]]>
    </line>
    <line>
      <![CDATA[<b>Click on manually submit behalf of customer link</b> <br />]]>
    </line>
    <line>
      <![CDATA[<b></b> <br />]]>
    </line>
    <line>
      <![CDATA[<b>Proposal Received Successfully</b> <br />]]>
    </line>
    <line>
      <![CDATA[<b>Current Status of Opportunity Status value is = Open</b> <br />]]>
    </line>
    <line>
      <![CDATA[<b>Current Status of Proposal value is = Proposal Received</b> <br />]]>
    </line>
    <line>
      <![CDATA[<b>Current Status of Channel value is =  Draft</b> <br />]]>
    </line>
    <line>
      <![CDATA[<b>Current Status of  Quote ref is = Draft</b> <br />]]>
    </line>
    <line>
      <![CDATA[<b>Status Verified : After sending the proposal</b> <br />]]>
    </line>
    <line>
      <![CDATA[<b>click on Send_Contract icon</b> <br />]]>
    </line>
    <line>
      <![CDATA[<b>Current Status of Proposal value is = Proposal Received</b> <br />]]>
    </line>
    <line>
      <![CDATA[<b>Current Status of Channel value is =  Sent to customer</b> <br />]]>
    </line>
    <line>
      <![CDATA[<b>Current Status of  Quote ref is = Sent to customer</b> <br />]]>
    </line>
    <line>
      <![CDATA[<b>Status Verified : Status Verified : Sent to customer</b> <br />]]>
    </line>
    <line>
      <![CDATA[<b>Status code 200 received </b> <br />]]>
    </line>
    <line>
      <![CDATA[<b>Enter the Opportunity id in Search Text box</b> <br />]]>
    </line>
    <line>
      <![CDATA[<b>Current Status of Proposal value is = Proposal Received</b> <br />]]>
    </line>
    <line>
      <![CDATA[<b>Current Status of Channel value is =  Contract signed</b> <br />]]>
    </line>
    <line>
      <![CDATA[<b>Current Status of  Quote ref is = Contract signed</b> <br />]]>
    </line>
    <line>
      <![CDATA[<b>Status Verified : Contract Signed </b> <br />]]>
    </line>
    <line>
      <![CDATA[<b> Underwriting icon is available </b> <br />]]>
    </line>
    <line>
      <![CDATA[<b>Underwriting pop up - quote ref no  =>Quote reference no.:
RQI40503</b> <br />]]>
    </line>
    <line>
      <![CDATA[<b>Underwriting Popup Proposal Id is =JSA4943</b> <br />]]>
    </line>
    <line>
      <![CDATA[<b></b> <br />]]>
    </line>
    <line>
      <![CDATA[<b>Started Verifying Summary values</b> <br />]]>
    </line>
    <line>
      <![CDATA[<b></b> <br />]]>
    </line>
    <line>
      <![CDATA[<b>Quote reference no.:
RQI40503 != RQI40503</b> <br />]]>
    </line>
    <line>
      <![CDATA[<b>Quote no. compared but found not ok</b> <br />]]>
    </line>
    <line>
      <![CDATA[<b></b> <br />]]>
    </line>
    <line>
      <![CDATA[<b>AUDI A7 DIESEL SPORTBACK (2018 - Current) 40 TDI Quattro S Line 5dr S Tronic = AUDI A7 DIESEL SPORTBACK (2018 - Current) 40 TDI Quattro S Line 5dr S Tronic</b> <br />]]>
    </line>
    <line>
      <![CDATA[<b>Vehicle name compared and found ok</b> <br />]]>
    </line>
    <line>
      <![CDATA[<b></b> <br />]]>
    </line>
    <line>
      <![CDATA[<b>Hire Purchase Non-Regulated = Hire Purchase Non-Regulated</b> <br />]]>
    </line>
    <line>
      <![CDATA[<b>Contract type compared and found ok</b> <br />]]>
    </line>
    <line>
      <![CDATA[<b></b> <br />]]>
    </line>
    <line>
      <![CDATA[<b>2000.0 = 2000.0</b> <br />]]>
    </line>
    <line>
      <![CDATA[<b>Monthly finance rental compared and found ok</b> <br />]]>
    </line>
    <line>
      <![CDATA[<b></b> <br />]]>
    </line>
    <line>
      <![CDATA[<b>5000.0 = 5000.0</b> <br />]]>
    </line>
    <line>
      <![CDATA[<b>Mileage compared and found ok</b> <br />]]>
    </line>
    <line>
      <![CDATA[<b></b> <br />]]>
    </line>
    <line>
      <![CDATA[<b>12.0 = 12.0</b> <br />]]>
    </line>
    <line>
      <![CDATA[<b>Terms compared and found ok</b> <br />]]>
    </line>
    <line>
      <![CDATA[<b></b> <br />]]>
    </line>
    <line>
      <![CDATA[<b>Popular Fiat = Popular Fiat</b> <br />]]>
    </line>
    <line>
      <![CDATA[<b>Funder name compared and found ok</b> <br />]]>
    </line>
    <line>
      <![CDATA[<b></b> <br />]]>
    </line>
    <line>
      <![CDATA[<b>REF001 = REF001</b> <br />]]>
    </line>
    <line>
      <![CDATA[<b>Funder quote ref no. compared and found ok</b> <br />]]>
    </line>
    <line>
      <![CDATA[<b></b> <br />]]>
    </line>
    <line>
      <![CDATA[<b>04/12/2023 = 04/12/2023</b> <br />]]>
    </line>
    <line>
      <![CDATA[<b>Expiry Date compared and found ok</b> <br />]]>
    </line>
    <line>
      <![CDATA[<b></b> <br />]]>
    </line>
    <line>
      <![CDATA[<b>5000.0 = 5000.0</b> <br />]]>
    </line>
    <line>
      <![CDATA[<b>Contract mileage compared and found ok</b> <br />]]>
    </line>
    <line>
      <![CDATA[<b></b> <br />]]>
    </line>
    <line>
      <![CDATA[<b>56125.0 = 56125.0</b> <br />]]>
    </line>
    <line>
      <![CDATA[<b>Total Cash Price compared and found ok</b> <br />]]>
    </line>
    <line>
      <![CDATA[<b></b> <br />]]>
    </line>
    <line>
      <![CDATA[<b>900.0 = 900.0</b> <br />]]>
    </line>
    <line>
      <![CDATA[<b>Cash Deposit compared and found ok</b> <br />]]>
    </line>
    <line>
      <![CDATA[<b></b> <br />]]>
    </line>
    <line>
      <![CDATA[<b>56265.0 != 57165.0</b> <br />]]>
    </line>
    <line>
      <![CDATA[<b>Balance To Finance compared but found not ok</b> <br />]]>
    </line>
    <line>
      <![CDATA[<b></b> <br />]]>
    </line>
    <line>
      <![CDATA[<b>20.0 = 20.0</b> <br />]]>
    </line>
    <line>
      <![CDATA[<b>Finance Charges compared and found ok</b> <br />]]>
    </line>
    <line>
      <![CDATA[<b></b> <br />]]>
    </line>
    <line>
      <![CDATA[<b>56984.99 = 56984.99</b> <br />]]>
    </line>
    <line>
      <![CDATA[<b>Balance Payable compared and found ok</b> <br />]]>
    </line>
    <line>
      <![CDATA[<b></b> <br />]]>
    </line>
    <line>
      <![CDATA[<b>1139.99 = 1139.99</b> <br />]]>
    </line>
    <line>
      <![CDATA[<b>Initial Cash Payment Inc Document Fee compared and found ok</b> <br />]]>
    </line>
    <line>
      <![CDATA[<b></b> <br />]]>
    </line>
    <line>
      <![CDATA[<b>11.0 = 11.0</b> <br />]]>
    </line>
    <line>
      <![CDATA[<b>No. of Monthly Payments compared and found ok</b> <br />]]>
    </line>
    <line>
      <![CDATA[<b></b> <br />]]>
    </line>
    <line>
      <![CDATA[<b>1000.0 = 1000.0</b> <br />]]>
    </line>
    <line>
      <![CDATA[<b>Final Balloon Payment compared and found ok</b> <br />]]>
    </line>
    <line>
      <![CDATA[<b></b> <br />]]>
    </line>
    <line>
      <![CDATA[<b>100.0 = 100.0</b> <br />]]>
    </line>
    <line>
      <![CDATA[<b>Option To Purchase Fee compared and found ok</b> <br />]]>
    </line>
    <line>
      <![CDATA[<b></b> <br />]]>
    </line>
    <line>
      <![CDATA[<b>Yes = Yes</b> <br />]]>
    </line>
    <line>
      <![CDATA[<b>RFL included ? - compared and found ok</b> <br />]]>
    </line>
    <line>
      <![CDATA[<b></b> <br />]]>
    </line>
    <line>
      <![CDATA[<b>1.00 != 1.0</b> <br />]]>
    </line>
    <line>
      <![CDATA[<b>APR compared but found not ok</b> <br />]]>
    </line>
    <line>
      <![CDATA[<b></b> <br />]]>
    </line>
    <line>
      <![CDATA[<b>5.0 = 5.0</b> <br />]]>
    </line>
    <line>
      <![CDATA[<b>commission compared and found ok</b> <br />]]>
    </line>
    <line>
      <![CDATA[<b>click on underwriting_send_for_underwriting  button </b> <br />]]>
    </line>
    <line>
      <![CDATA[<b>Current Status of Proposal value is = Proposal Received</b> <br />]]>
    </line>
    <line>
      <![CDATA[<b>Current Status of Channel value is =  Awaiting underwriting</b> <br />]]>
    </line>
    <line>
      <![CDATA[<b>Current Status of  Quote ref is = Awaiting underwriting</b> <br />]]>
    </line>
    <line>
      <![CDATA[<b>Status Verified : Awaiting Underwriting </b> <br />]]>
    </line>
    <line>
      <![CDATA[<b>Click on Underwriting menu_link </b> <br />]]>
    </line>
    <line>
      <![CDATA[<b>Click on Underwriting - broker tab </b> <br />]]>
    </line>
    <line>
      <![CDATA[<b>Click on Search text box - broker tab</b> <br />]]>
    </line>
    <line>
      <![CDATA[<b>Getting the  proposal id from excel sheet =JSA4943</b> <br />]]>
    </line>
    <line>
      <![CDATA[<b>Enter the proposal in search text box =JSA4943</b> <br />]]>
    </line>
    <line>
      <![CDATA[<b>Click on Underwriting detail page for proposal</b> <br />]]>
    </line>
    <line>
      <![CDATA[<b>Clicked on Underwriting quote page</b> <br />]]>
    </line>
    <line>
      <![CDATA[<b></b> <br />]]>
    </line>
    <line>
      <![CDATA[<b>Quote reference no.:
RQI40503 != RQI40503</b> <br />]]>
    </line>
    <line>
      <![CDATA[<b>Quote no. compared but found not ok</b> <br />]]>
    </line>
    <line>
      <![CDATA[<b></b> <br />]]>
    </line>
    <line>
      <![CDATA[<b>AUDI A7 DIESEL SPORTBACK (2018 - Current) 40 TDI Quattro S Line 5dr S Tronic = AUDI A7 DIESEL SPORTBACK (2018 - Current) 40 TDI Quattro S Line 5dr S Tronic</b> <br />]]>
    </line>
    <line>
      <![CDATA[<b>Vehicle name compared and found ok</b> <br />]]>
    </line>
    <line>
      <![CDATA[<b></b> <br />]]>
    </line>
    <line>
      <![CDATA[<b>Hire Purchase Non-Regulated = Hire Purchase Non-Regulated</b> <br />]]>
    </line>
    <line>
      <![CDATA[<b>Contract type compared and found ok</b> <br />]]>
    </line>
    <line>
      <![CDATA[<b></b> <br />]]>
    </line>
    <line>
      <![CDATA[<b>2000.0 = 2000.0</b> <br />]]>
    </line>
    <line>
      <![CDATA[<b>Monthly finance rental compared and found ok</b> <br />]]>
    </line>
    <line>
      <![CDATA[<b></b> <br />]]>
    </line>
    <line>
      <![CDATA[<b>5000.0 = 5000.0</b> <br />]]>
    </line>
    <line>
      <![CDATA[<b>Mileage compared and found ok</b> <br />]]>
    </line>
    <line>
      <![CDATA[<b></b> <br />]]>
    </line>
    <line>
      <![CDATA[<b>12.0 = 12.0</b> <br />]]>
    </line>
    <line>
      <![CDATA[<b>Terms compared and found ok</b> <br />]]>
    </line>
    <line>
      <![CDATA[<b></b> <br />]]>
    </line>
    <line>
      <![CDATA[<b>Popular Fiat = Popular Fiat</b> <br />]]>
    </line>
    <line>
      <![CDATA[<b>Funder name compared and found ok</b> <br />]]>
    </line>
    <line>
      <![CDATA[<b></b> <br />]]>
    </line>
    <line>
      <![CDATA[<b>REF001 = REF001</b> <br />]]>
    </line>
    <line>
      <![CDATA[<b>Funder quote ref no. compared and found ok</b> <br />]]>
    </line>
    <line>
      <![CDATA[<b></b> <br />]]>
    </line>
    <line>
      <![CDATA[<b>04/12/2023 = 04/12/2023</b> <br />]]>
    </line>
    <line>
      <![CDATA[<b>Expiry Date compared and found ok</b> <br />]]>
    </line>
    <line>
      <![CDATA[<b></b> <br />]]>
    </line>
    <line>
      <![CDATA[<b>5000.0 = 5000.0</b> <br />]]>
    </line>
    <line>
      <![CDATA[<b>Contract mileage compared and found ok</b> <br />]]>
    </line>
    <line>
      <![CDATA[<b></b> <br />]]>
    </line>
    <line>
      <![CDATA[<b>56125.0 = 56125.0</b> <br />]]>
    </line>
    <line>
      <![CDATA[<b>Total Cash Price compared and found ok</b> <br />]]>
    </line>
    <line>
      <![CDATA[<b></b> <br />]]>
    </line>
    <line>
      <![CDATA[<b>900.0 = 900.0</b> <br />]]>
    </line>
    <line>
      <![CDATA[<b>Cash Deposit compared and found ok</b> <br />]]>
    </line>
    <line>
      <![CDATA[<b></b> <br />]]>
    </line>
    <line>
      <![CDATA[<b>56265.0 != 57165.0</b> <br />]]>
    </line>
    <line>
      <![CDATA[<b>Balance To Finance compared but found not ok</b> <br />]]>
    </line>
    <line>
      <![CDATA[<b></b> <br />]]>
    </line>
    <line>
      <![CDATA[<b>20.0 = 20.0</b> <br />]]>
    </line>
    <line>
      <![CDATA[<b>Finance Charges compared and found ok</b> <br />]]>
    </line>
    <line>
      <![CDATA[<b></b> <br />]]>
    </line>
    <line>
      <![CDATA[<b>56984.99 = 56984.99</b> <br />]]>
    </line>
    <line>
      <![CDATA[<b>Balance Payable compared and found ok</b> <br />]]>
    </line>
    <line>
      <![CDATA[<b></b> <br />]]>
    </line>
    <line>
      <![CDATA[<b>1139.99 = 1139.99</b> <br />]]>
    </line>
    <line>
      <![CDATA[<b>Initial Cash Payment Inc Document Fee compared and found ok</b> <br />]]>
    </line>
    <line>
      <![CDATA[<b></b> <br />]]>
    </line>
    <line>
      <![CDATA[<b>11.0 = 11.0</b> <br />]]>
    </line>
    <line>
      <![CDATA[<b>No. of Monthly Payments compared and found ok</b> <br />]]>
    </line>
    <line>
      <![CDATA[<b></b> <br />]]>
    </line>
    <line>
      <![CDATA[<b>1000.0 = 1000.0</b> <br />]]>
    </line>
    <line>
      <![CDATA[<b>Final Balloon Payment compared and found ok</b> <br />]]>
    </line>
    <line>
      <![CDATA[<b></b> <br />]]>
    </line>
    <line>
      <![CDATA[<b>100.0 = 100.0</b> <br />]]>
    </line>
    <line>
      <![CDATA[<b>Option To Purchase Fee compared and found ok</b> <br />]]>
    </line>
    <line>
      <![CDATA[<b></b> <br />]]>
    </line>
    <line>
      <![CDATA[<b>Yes = Yes</b> <br />]]>
    </line>
    <line>
      <![CDATA[<b>RFL included ? - compared and found ok</b> <br />]]>
    </line>
    <line>
      <![CDATA[<b></b> <br />]]>
    </line>
    <line>
      <![CDATA[<b>1.00 != 1.0</b> <br />]]>
    </line>
    <line>
      <![CDATA[<b>APR compared but found not ok</b> <br />]]>
    </line>
    <line>
      <![CDATA[<b></b> <br />]]>
    </line>
    <line>
      <![CDATA[<b>5.0 = 5.0</b> <br />]]>
    </line>
    <line>
      <![CDATA[<b>commission compared and found ok</b> <br />]]>
    </line>
    <line>
      <![CDATA[<b></b> <br />]]>
    </line>
    <line>
      <![CDATA[<b>56125.0 = 56125.0</b> <br />]]>
    </line>
    <line>
      <![CDATA[<b>Cost Otr Price compared and found ok</b> <br />]]>
    </line>
    <line>
      <![CDATA[<b></b> <br />]]>
    </line>
    <line>
      <![CDATA[<b>46237.5 = 46237.5</b> <br />]]>
    </line>
    <line>
      <![CDATA[<b>Cost Otr Price compared and found ok</b> <br />]]>
    </line>
    <line>
      <![CDATA[<b></b> <br />]]>
    </line>
    <line>
      <![CDATA[<b>9247.5 = 9247.5</b> <br />]]>
    </line>
    <line>
      <![CDATA[<b>Otr Vat compared and found ok</b> <br />]]>
    </line>
    <line>
      <![CDATA[<b></b> <br />]]>
    </line>
    <line>
      <![CDATA[<b>640.0 = 640.0</b> <br />]]>
    </line>
    <line>
      <![CDATA[<b>Otr Rfl And Frf compared and found ok</b> <br />]]>
    </line>
    <line>
      <![CDATA[<b>Click on decision tab page</b> <br />]]>
    </line>
    <line>
      <![CDATA[<b>Click on decision Accept button</b> <br />]]>
    </line>
    <line>
      <![CDATA[<b>Click on Search text box - broker tab</b> <br />]]>
    </line>
    <line>
      <![CDATA[<b>Getting the  proposal id from excel sheet =JSA4943</b> <br />]]>
    </line>
    <line>
      <![CDATA[<b>Enter the proposal in search text box =JSA4943</b> <br />]]>
    </line>
    <line>
      <![CDATA[<b>Click on Underwriting detail page for proposal</b> <br />]]>
    </line>
    <line>
      <![CDATA[<b>Click on decision tab page</b> <br />]]>
    </line>
    <line>
      <![CDATA[<br>----------Screenshot---------<br>]]>
    </line>
    <line>
      <![CDATA[<img src="D:\LOU\AMT_LOU\target\surefire-reports\html\failure_screenshots\UW5_verify_underwriting_proposal_decision_with_accept_21_06_2023_07_48_34.png" height="800" width="1000">]]>
    </line>
  </reporter-output>
  <suite started-at="2023-06-21T19:38:32 IST" name="AMT Automation Lead Opportunity Underwriting " finished-at="2023-06-21T19:48:34 IST" duration-ms="602164">
    <groups>
    </groups>
    <test started-at="2023-06-21T19:38:32 IST" name="Broker - Business - Hire - (Accept-Refer-Decline)" finished-at="2023-06-21T19:48:34 IST" duration-ms="602164">
      <class name="com.amt.test.broker.Acquisition_Quotes_Broker_HPNR_Test">
        <test-method is-config="true" signature="setup()[pri:0, instance:com.amt.test.broker.Acquisition_Quotes_Broker_HPNR_Test@6574a52c]" started-at="2023-06-21T19:38:32 IST" name="setup" finished-at="2023-06-21T19:38:40 IST" duration-ms="7854" status="PASS">
          <reporter-output>
          </reporter-output>
        </test-method> <!-- setup -->
        <test-method signature="aquisition_quotes_user_flow_broker_HPNR_OTR_calculation_test(java.lang.String,java.lang.String,java.lang.String,java.lang.String,java.lang.String,java.lang.String,java.lang.String,java.lang.String,java.lang.String,java.lang.String,java.lang.String,java.lang.String,java.lang.String,java.lang.String,java.lang.String,java.lang.String,java.lang.String,java.lang.String,java.lang.String,java.lang.String,java.lang.String,java.lang.String)[pri:1, instance:com.amt.test.broker.Acquisition_Quotes_Broker_HPNR_Test@6574a52c]" started-at="2023-06-21T19:38:42 IST" name="aquisition_quotes_user_flow_broker_HPNR_OTR_calculation_test" data-provider="testData" finished-at="2023-06-21T19:39:29 IST" duration-ms="47169" status="PASS">
          <params>
            <param index="0">
              <value>
                <![CDATA[AUDI]]>
              </value>
            </param>
            <param index="1">
              <value>
                <![CDATA[A7]]>
              </value>
            </param>
            <param index="2">
              <value>
                <![CDATA[1200]]>
              </value>
            </param>
            <param index="3">
              <value>
                <![CDATA[20]]>
              </value>
            </param>
            <param index="4">
              <value>
                <![CDATA[REF001]]>
              </value>
            </param>
            <param index="5">
              <value>
                <![CDATA[05/12/23]]>
              </value>
            </param>
            <param index="6">
              <value>
                <![CDATA[12]]>
              </value>
            </param>
            <param index="7">
              <value>
                <![CDATA[5000]]>
              </value>
            </param>
            <param index="8">
              <value>
                <![CDATA[3000]]>
              </value>
            </param>
            <param index="9">
              <value>
                <![CDATA[900]]>
              </value>
            </param>
            <param index="10">
              <value>
                <![CDATA[20]]>
              </value>
            </param>
            <param index="11">
              <value>
                <![CDATA[]]>
              </value>
            </param>
            <param index="12">
              <value>
                <![CDATA[2000]]>
              </value>
            </param>
            <param index="13">
              <value>
                <![CDATA[1000]]>
              </value>
            </param>
            <param index="14">
              <value>
                <![CDATA[100]]>
              </value>
            </param>
            <param index="15">
              <value>
                <![CDATA[Yes]]>
              </value>
            </param>
            <param index="16">
              <value>
                <![CDATA[1]]>
              </value>
            </param>
            <param index="17">
              <value>
                <![CDATA[5]]>
              </value>
            </param>
            <param index="18">
              <value>
                <![CDATA[1000]]>
              </value>
            </param>
            <param index="19">
              <value>
                <![CDATA[600]]>
              </value>
            </param>
            <param index="20">
              <value>
                <![CDATA[200]]>
              </value>
            </param>
            <param index="21">
              <value>
                <![CDATA[Formula1-BCH]]>
              </value>
            </param>
          </params>
          <reporter-output>
            <line>
              <![CDATA[<b>Clicked on Quote button </b> <br />]]>
            </line>
            <line>
              <![CDATA[<b>Manufacture =AUDI has been selected</b> <br />]]>
            </line>
            <line>
              <![CDATA[<b>Model range =A7 has been selected</b> <br />]]>
            </line>
            <line>
              <![CDATA[<b>Vehicle has been selected</b> <br />]]>
            </line>
            <line>
              <![CDATA[<b>Paint option has been selected</b> <br />]]>
            </line>
            <line>
              <![CDATA[<b>Interior option has been selected</b> <br />]]>
            </line>
            <line>
              <![CDATA[<b>Acquisition Contract type option selected = Broker </b> <br />]]>
            </line>
            <line>
              <![CDATA[<b>Customer Contract type option selected =  Hire Purchase Non Regulated(HPNR)</b> <br />]]>
            </line>
            <line>
              <![CDATA[<b>Getting Basic Price- Vehicle value is  =44854.17</b> <br />]]>
            </line>
            <line>
              <![CDATA[<b>Getting Basic Price - Paint  value is  =0.00</b> <br />]]>
            </line>
            <line>
              <![CDATA[<b>Getting  Basic Price - Options value is   =833.33</b> <br />]]>
            </line>
            <line>
              <![CDATA[<b>Getting Discount- Vehicle value is  =0.00</b> <br />]]>
            </line>
            <line>
              <![CDATA[<b>Getting   Discount - Paint value is   =0.00</b> <br />]]>
            </line>
            <line>
              <![CDATA[<b>Getting  Discount- Options value is   =0.00</b> <br />]]>
            </line>
            <line>
              <![CDATA[<b>Getting Additional Discount- Vehicle value is  =0.00</b> <br />]]>
            </line>
            <line>
              <![CDATA[<b>Getting  Additional Discount - paint value is  =0.00</b> <br />]]>
            </line>
            <line>
              <![CDATA[<b>Getting  Additional Discount - Options value is  =0.00</b> <br />]]>
            </line>
            <line>
              <![CDATA[<b>Writing OTR table values to excel sheet -Started </b> <br />]]>
            </line>
            <line>
              <![CDATA[<b>Writing OTR table values to excel sheet -Completed </b> <br />]]>
            </line>
            <line>
              <![CDATA[<b>Reading Subtotal After Discount from excel sheet -Started </b> <br />]]>
            </line>
            <line>
              <![CDATA[<b>Reading Subtotal After Discount from excel sheet -Started </b> <br />]]>
            </line>
            <line>
              <![CDATA[<b>Subtotal After Discount from excel sheet is =45687.5</b> <br />]]>
            </line>
            <line>
              <![CDATA[<b>Subtotal after discount actual value from screen =£ 45,687.50</b> <br />]]>
            </line>
          </reporter-output>
        </test-method> <!-- aquisition_quotes_user_flow_broker_HPNR_OTR_calculation_test -->
        <test-method signature="aquisition_quotes_user_flow_broker_HPNR_after_discount_calculations_test(java.lang.String,java.lang.String,java.lang.String,java.lang.String,java.lang.String,java.lang.String,java.lang.String,java.lang.String,java.lang.String,java.lang.String,java.lang.String,java.lang.String,java.lang.String,java.lang.String,java.lang.String,java.lang.String,java.lang.String,java.lang.String,java.lang.String,java.lang.String,java.lang.String,java.lang.String)[pri:2, instance:com.amt.test.broker.Acquisition_Quotes_Broker_HPNR_Test@6574a52c]" started-at="2023-06-21T19:39:29 IST" name="aquisition_quotes_user_flow_broker_HPNR_after_discount_calculations_test" data-provider="testData" finished-at="2023-06-21T19:39:31 IST" depends-on-methods="com.amt.test.broker.Acquisition_Quotes_Broker_HPNR_Test.aquisition_quotes_user_flow_broker_HPNR_OTR_calculation_test" duration-ms="1529" status="PASS">
          <params>
            <param index="0">
              <value>
                <![CDATA[AUDI]]>
              </value>
            </param>
            <param index="1">
              <value>
                <![CDATA[A7]]>
              </value>
            </param>
            <param index="2">
              <value>
                <![CDATA[1200]]>
              </value>
            </param>
            <param index="3">
              <value>
                <![CDATA[20]]>
              </value>
            </param>
            <param index="4">
              <value>
                <![CDATA[REF001]]>
              </value>
            </param>
            <param index="5">
              <value>
                <![CDATA[05/12/23]]>
              </value>
            </param>
            <param index="6">
              <value>
                <![CDATA[12]]>
              </value>
            </param>
            <param index="7">
              <value>
                <![CDATA[5000]]>
              </value>
            </param>
            <param index="8">
              <value>
                <![CDATA[3000]]>
              </value>
            </param>
            <param index="9">
              <value>
                <![CDATA[900]]>
              </value>
            </param>
            <param index="10">
              <value>
                <![CDATA[20]]>
              </value>
            </param>
            <param index="11">
              <value>
                <![CDATA[]]>
              </value>
            </param>
            <param index="12">
              <value>
                <![CDATA[2000]]>
              </value>
            </param>
            <param index="13">
              <value>
                <![CDATA[1000]]>
              </value>
            </param>
            <param index="14">
              <value>
                <![CDATA[100]]>
              </value>
            </param>
            <param index="15">
              <value>
                <![CDATA[Yes]]>
              </value>
            </param>
            <param index="16">
              <value>
                <![CDATA[1]]>
              </value>
            </param>
            <param index="17">
              <value>
                <![CDATA[5]]>
              </value>
            </param>
            <param index="18">
              <value>
                <![CDATA[1000]]>
              </value>
            </param>
            <param index="19">
              <value>
                <![CDATA[600]]>
              </value>
            </param>
            <param index="20">
              <value>
                <![CDATA[200]]>
              </value>
            </param>
            <param index="21">
              <value>
                <![CDATA[Formula1-BCH]]>
              </value>
            </param>
          </params>
          <reporter-output>
            <line>
              <![CDATA[<b>*********Calculations for On Road Price has been started***********</b> <br />]]>
            </line>
            <line>
              <![CDATA[<b>Started getting On screen values from after discount table </b> <br />]]>
            </line>
            <line>
              <![CDATA[<b>Manufacture_delivery_charges =550.0</b> <br />]]>
            </line>
            <line>
              <![CDATA[<b>Road_tax_first_year =585.0</b> <br />]]>
            </line>
            <line>
              <![CDATA[<b>First_registration_fee =55.0</b> <br />]]>
            </line>
            <line>
              <![CDATA[<b>Rebate =0.0</b> <br />]]>
            </line>
            <line>
              <![CDATA[<b>Writing After discount values to excel has been started</b> <br />]]>
            </line>
            <line>
              <![CDATA[<b>Writing After discount values to excel has been completed</b> <br />]]>
            </line>
            <line>
              <![CDATA[<b>Reading On Road Price for invoice from excel has been Started</b> <br />]]>
            </line>
            <line>
              <![CDATA[<b>Reading On Road Price for invoice from excel has been completed</b> <br />]]>
            </line>
            <line>
              <![CDATA[<b>Expected on the road price from excel is =56125.0</b> <br />]]>
            </line>
            <line>
              <![CDATA[<b>Actual on the road price from screen is =56125.00</b> <br />]]>
            </line>
          </reporter-output>
        </test-method> <!-- aquisition_quotes_user_flow_broker_HPNR_after_discount_calculations_test -->
        <test-method signature="aquisition_quotes_user_flow_broker_HPNR_vehicle_profit_check_test(java.lang.String,java.lang.String,java.lang.String,java.lang.String,java.lang.String,java.lang.String,java.lang.String,java.lang.String,java.lang.String,java.lang.String,java.lang.String,java.lang.String,java.lang.String,java.lang.String,java.lang.String,java.lang.String,java.lang.String,java.lang.String,java.lang.String,java.lang.String,java.lang.String,java.lang.String)[pri:3, instance:com.amt.test.broker.Acquisition_Quotes_Broker_HPNR_Test@6574a52c]" started-at="2023-06-21T19:39:31 IST" name="aquisition_quotes_user_flow_broker_HPNR_vehicle_profit_check_test" data-provider="testData" finished-at="2023-06-21T19:39:39 IST" depends-on-methods="com.amt.test.broker.Acquisition_Quotes_Broker_HPNR_Test.aquisition_quotes_user_flow_broker_HPNR_after_discount_calculations_test" duration-ms="7966" status="PASS">
          <params>
            <param index="0">
              <value>
                <![CDATA[AUDI]]>
              </value>
            </param>
            <param index="1">
              <value>
                <![CDATA[A7]]>
              </value>
            </param>
            <param index="2">
              <value>
                <![CDATA[1200]]>
              </value>
            </param>
            <param index="3">
              <value>
                <![CDATA[20]]>
              </value>
            </param>
            <param index="4">
              <value>
                <![CDATA[REF001]]>
              </value>
            </param>
            <param index="5">
              <value>
                <![CDATA[05/12/23]]>
              </value>
            </param>
            <param index="6">
              <value>
                <![CDATA[12]]>
              </value>
            </param>
            <param index="7">
              <value>
                <![CDATA[5000]]>
              </value>
            </param>
            <param index="8">
              <value>
                <![CDATA[3000]]>
              </value>
            </param>
            <param index="9">
              <value>
                <![CDATA[900]]>
              </value>
            </param>
            <param index="10">
              <value>
                <![CDATA[20]]>
              </value>
            </param>
            <param index="11">
              <value>
                <![CDATA[]]>
              </value>
            </param>
            <param index="12">
              <value>
                <![CDATA[2000]]>
              </value>
            </param>
            <param index="13">
              <value>
                <![CDATA[1000]]>
              </value>
            </param>
            <param index="14">
              <value>
                <![CDATA[100]]>
              </value>
            </param>
            <param index="15">
              <value>
                <![CDATA[Yes]]>
              </value>
            </param>
            <param index="16">
              <value>
                <![CDATA[1]]>
              </value>
            </param>
            <param index="17">
              <value>
                <![CDATA[5]]>
              </value>
            </param>
            <param index="18">
              <value>
                <![CDATA[1000]]>
              </value>
            </param>
            <param index="19">
              <value>
                <![CDATA[600]]>
              </value>
            </param>
            <param index="20">
              <value>
                <![CDATA[200]]>
              </value>
            </param>
            <param index="21">
              <value>
                <![CDATA[Formula1-BCH]]>
              </value>
            </param>
          </params>
          <reporter-output>
            <line>
              <![CDATA[<b>Vehicle profit from test data 1200.0 added to otr cost price 56125.0</b> <br />]]>
            </line>
            <line>
              <![CDATA[<b>After adding profit to cost price 56125.0 sales price is shown as (considering VAT%) 57565.0</b> <br />]]>
            </line>
            <line>
              <![CDATA[<b>Vehicle profit verified</b> <br />]]>
            </line>
          </reporter-output>
        </test-method> <!-- aquisition_quotes_user_flow_broker_HPNR_vehicle_profit_check_test -->
        <test-method signature="aquisition_quotes_user_flow_broker_HPNR_balance_to_finance_check_test(java.lang.String,java.lang.String,java.lang.String,java.lang.String,java.lang.String,java.lang.String,java.lang.String,java.lang.String,java.lang.String,java.lang.String,java.lang.String,java.lang.String,java.lang.String,java.lang.String,java.lang.String,java.lang.String,java.lang.String,java.lang.String,java.lang.String,java.lang.String,java.lang.String,java.lang.String)[pri:4, instance:com.amt.test.broker.Acquisition_Quotes_Broker_HPNR_Test@6574a52c]" started-at="2023-06-21T19:39:39 IST" name="aquisition_quotes_user_flow_broker_HPNR_balance_to_finance_check_test" data-provider="testData" finished-at="2023-06-21T19:40:09 IST" depends-on-methods="com.amt.test.broker.Acquisition_Quotes_Broker_HPNR_Test.aquisition_quotes_user_flow_broker_HPNR_vehicle_profit_check_test" duration-ms="30035" status="PASS">
          <params>
            <param index="0">
              <value>
                <![CDATA[AUDI]]>
              </value>
            </param>
            <param index="1">
              <value>
                <![CDATA[A7]]>
              </value>
            </param>
            <param index="2">
              <value>
                <![CDATA[1200]]>
              </value>
            </param>
            <param index="3">
              <value>
                <![CDATA[20]]>
              </value>
            </param>
            <param index="4">
              <value>
                <![CDATA[REF001]]>
              </value>
            </param>
            <param index="5">
              <value>
                <![CDATA[05/12/23]]>
              </value>
            </param>
            <param index="6">
              <value>
                <![CDATA[12]]>
              </value>
            </param>
            <param index="7">
              <value>
                <![CDATA[5000]]>
              </value>
            </param>
            <param index="8">
              <value>
                <![CDATA[3000]]>
              </value>
            </param>
            <param index="9">
              <value>
                <![CDATA[900]]>
              </value>
            </param>
            <param index="10">
              <value>
                <![CDATA[20]]>
              </value>
            </param>
            <param index="11">
              <value>
                <![CDATA[]]>
              </value>
            </param>
            <param index="12">
              <value>
                <![CDATA[2000]]>
              </value>
            </param>
            <param index="13">
              <value>
                <![CDATA[1000]]>
              </value>
            </param>
            <param index="14">
              <value>
                <![CDATA[100]]>
              </value>
            </param>
            <param index="15">
              <value>
                <![CDATA[Yes]]>
              </value>
            </param>
            <param index="16">
              <value>
                <![CDATA[1]]>
              </value>
            </param>
            <param index="17">
              <value>
                <![CDATA[5]]>
              </value>
            </param>
            <param index="18">
              <value>
                <![CDATA[1000]]>
              </value>
            </param>
            <param index="19">
              <value>
                <![CDATA[600]]>
              </value>
            </param>
            <param index="20">
              <value>
                <![CDATA[200]]>
              </value>
            </param>
            <param index="21">
              <value>
                <![CDATA[Formula1-BCH]]>
              </value>
            </param>
          </params>
          <reporter-output>
            <line>
              <![CDATA[<b></b> <br />]]>
            </line>
            <line>
              <![CDATA[<b>Adding Funder Quote Values to Screen</b> <br />]]>
            </line>
            <line>
              <![CDATA[<b>Funder Quote Added Successfully</b> <br />]]>
            </line>
            <line>
              <![CDATA[<b></b> <br />]]>
            </line>
            <line>
              <![CDATA[<b>Entering Part Exchange Values to screen</b> <br />]]>
            </line>
            <line>
              <![CDATA[<b></b> <br />]]>
            </line>
            <line>
              <![CDATA[<b>Started verifying Balance To Finance Value</b> <br />]]>
            </line>
            <line>
              <![CDATA[<b>Clicked on Part Exchange panel</b> <br />]]>
            </line>
            <line>
              <![CDATA[<b></b> <br />]]>
            </line>
            <line>
              <![CDATA[<b>Started verifying Balance To Finance</b> <br />]]>
            </line>
            <line>
              <![CDATA[<b>Balance To Finance Expected is =56265.0</b> <br />]]>
            </line>
            <line>
              <![CDATA[<b>Balance To Finance Actual From Screen is =56265.0</b> <br />]]>
            </line>
            <line>
              <![CDATA[<b>Balance to finance value from customer quote summary - verified</b> <br />]]>
            </line>
          </reporter-output>
        </test-method> <!-- aquisition_quotes_user_flow_broker_HPNR_balance_to_finance_check_test -->
        <test-method signature="aquisition_quotes_user_flow_broker_HPNR_quote_summary_values_verification_test(java.lang.String,java.lang.String,java.lang.String,java.lang.String,java.lang.String,java.lang.String,java.lang.String,java.lang.String,java.lang.String,java.lang.String,java.lang.String,java.lang.String,java.lang.String,java.lang.String,java.lang.String,java.lang.String,java.lang.String,java.lang.String,java.lang.String,java.lang.String,java.lang.String,java.lang.String)[pri:5, instance:com.amt.test.broker.Acquisition_Quotes_Broker_HPNR_Test@6574a52c]" started-at="2023-06-21T19:40:10 IST" name="aquisition_quotes_user_flow_broker_HPNR_quote_summary_values_verification_test" data-provider="testData" finished-at="2023-06-21T19:40:41 IST" depends-on-methods="com.amt.test.broker.Acquisition_Quotes_Broker_HPNR_Test.aquisition_quotes_user_flow_broker_HPNR_balance_to_finance_check_test" duration-ms="30695" status="PASS">
          <params>
            <param index="0">
              <value>
                <![CDATA[AUDI]]>
              </value>
            </param>
            <param index="1">
              <value>
                <![CDATA[A7]]>
              </value>
            </param>
            <param index="2">
              <value>
                <![CDATA[1200]]>
              </value>
            </param>
            <param index="3">
              <value>
                <![CDATA[20]]>
              </value>
            </param>
            <param index="4">
              <value>
                <![CDATA[REF001]]>
              </value>
            </param>
            <param index="5">
              <value>
                <![CDATA[05/12/23]]>
              </value>
            </param>
            <param index="6">
              <value>
                <![CDATA[12]]>
              </value>
            </param>
            <param index="7">
              <value>
                <![CDATA[5000]]>
              </value>
            </param>
            <param index="8">
              <value>
                <![CDATA[3000]]>
              </value>
            </param>
            <param index="9">
              <value>
                <![CDATA[900]]>
              </value>
            </param>
            <param index="10">
              <value>
                <![CDATA[20]]>
              </value>
            </param>
            <param index="11">
              <value>
                <![CDATA[]]>
              </value>
            </param>
            <param index="12">
              <value>
                <![CDATA[2000]]>
              </value>
            </param>
            <param index="13">
              <value>
                <![CDATA[1000]]>
              </value>
            </param>
            <param index="14">
              <value>
                <![CDATA[100]]>
              </value>
            </param>
            <param index="15">
              <value>
                <![CDATA[Yes]]>
              </value>
            </param>
            <param index="16">
              <value>
                <![CDATA[1]]>
              </value>
            </param>
            <param index="17">
              <value>
                <![CDATA[5]]>
              </value>
            </param>
            <param index="18">
              <value>
                <![CDATA[1000]]>
              </value>
            </param>
            <param index="19">
              <value>
                <![CDATA[600]]>
              </value>
            </param>
            <param index="20">
              <value>
                <![CDATA[200]]>
              </value>
            </param>
            <param index="21">
              <value>
                <![CDATA[Formula1-BCH]]>
              </value>
            </param>
          </params>
          <reporter-output>
            <line>
              <![CDATA[<b>*************Calculations for Quote Summary page gas been started************</b> <br />]]>
            </line>
          </reporter-output>
        </test-method> <!-- aquisition_quotes_user_flow_broker_HPNR_quote_summary_values_verification_test -->
      </class> <!-- com.amt.test.broker.Acquisition_Quotes_Broker_HPNR_Test -->
      <class name="com.amt.test.LOU.LOU_Lead_broker_business_purchase_accept_flow_Test">
        <test-method is-config="true" signature="setup()[pri:0, instance:com.amt.test.LOU.LOU_Lead_broker_business_purchase_accept_flow_Test@55a147cc]" started-at="2023-06-21T19:40:41 IST" name="setup" finished-at="2023-06-21T19:40:50 IST" duration-ms="9058" status="PASS">
          <reporter-output>
          </reporter-output>
        </test-method> <!-- setup -->
        <test-method signature="L1_broker_create_lead_business()[pri:1, instance:com.amt.test.LOU.LOU_Lead_broker_business_purchase_accept_flow_Test@55a147cc]" started-at="2023-06-21T19:40:50 IST" name="L1_broker_create_lead_business" finished-at="2023-06-21T19:42:02 IST" duration-ms="72026" status="PASS">
          <reporter-output>
            <line>
              <![CDATA[<b>Clicked on Leads on Side Menu</b> <br />]]>
            </line>
            <line>
              <![CDATA[<b>Clicked on add lead</b> <br />]]>
            </line>
            <line>
              <![CDATA[<b>Lead is assigned</b> <br />]]>
            </line>
            <line>
              <![CDATA[<b>Added data in General Notes</b> <br />]]>
            </line>
            <line>
              <![CDATA[<b>Customer type - Business selected</b> <br />]]>
            </line>
            <line>
              <![CDATA[<b>Clicked on Add new vehicle request</b> <br />]]>
            </line>
            <line>
              <![CDATA[<b>Clicked on broker channel</b> <br />]]>
            </line>
            <line>
              <![CDATA[<b>Vehicle request for broker has been saved</b> <br />]]>
            </line>
            <line>
              <![CDATA[<b>Click on Map New Quote icon</b> <br />]]>
            </line>
            <line>
              <![CDATA[<b>Click on acquisition contract type icon</b> <br />]]>
            </line>
            <line>
              <![CDATA[<b>Click on customer contract type icon</b> <br />]]>
            </line>
            <line>
              <![CDATA[<b>Click on search button</b> <br />]]>
            </line>
            <line>
              <![CDATA[<b>Click on created date button 1st </b> <br />]]>
            </line>
            <line>
              <![CDATA[<b>Click on created date button 2nd</b> <br />]]>
            </line>
            <line>
              <![CDATA[<b>New Quote has been mapped with lead</b> <br />]]>
            </line>
            <line>
              <![CDATA[<b>click ok button on Map  new quote </b> <br />]]>
            </line>
            <line>
              <![CDATA[<b>Click on Lead save and Convert button</b> <br />]]>
            </line>
            <line>
              <![CDATA[<b></b> <br />]]>
            </line>
            <line>
              <![CDATA[<b>In Lead created Opportunity Id is =WW-6018</b> <br />]]>
            </line>
            <line>
              <![CDATA[<b></b> <br />]]>
            </line>
          </reporter-output>
        </test-method> <!-- L1_broker_create_lead_business -->
        <test-method signature="L2_broker_business_current_status_before_sending_to_proposal()[pri:2, instance:com.amt.test.LOU.LOU_Lead_broker_business_purchase_accept_flow_Test@55a147cc]" started-at="2023-06-21T19:42:02 IST" name="L2_broker_business_current_status_before_sending_to_proposal" finished-at="2023-06-21T19:42:14 IST" depends-on-methods="com.amt.test.LOU.LOU_Lead_broker_business_purchase_accept_flow_Test.L1_broker_create_lead_business" duration-ms="12019" status="PASS">
          <reporter-output>
            <line>
              <![CDATA[<b>Clicked on Opportunity link from Menu </b> <br />]]>
            </line>
            <line>
              <![CDATA[<b>Enter the Opportunity id in Search Text box</b> <br />]]>
            </line>
            <line>
              <![CDATA[<b>Current Status of Opportunity Status value is = Open</b> <br />]]>
            </line>
            <line>
              <![CDATA[<b>Current Status of Proposal value is = Proposal Required</b> <br />]]>
            </line>
            <line>
              <![CDATA[<b>Current Status of Channel value is =  Draft</b> <br />]]>
            </line>
            <line>
              <![CDATA[<b>Current Status of  Quote ref is = Draft</b> <br />]]>
            </line>
            <line>
              <![CDATA[<b>Status Verified : Before sending the proposal</b> <br />]]>
            </line>
          </reporter-output>
        </test-method> <!-- L2_broker_business_current_status_before_sending_to_proposal -->
        <test-method signature="L3_verify_table_values_on_opportunity_page_before_sending_proposal()[pri:3, instance:com.amt.test.LOU.LOU_Lead_broker_business_purchase_accept_flow_Test@55a147cc]" started-at="2023-06-21T19:42:14 IST" name="L3_verify_table_values_on_opportunity_page_before_sending_proposal" finished-at="2023-06-21T19:42:18 IST" depends-on-methods="com.amt.test.LOU.LOU_Lead_broker_business_purchase_accept_flow_Test.L2_broker_business_current_status_before_sending_to_proposal" duration-ms="3931" status="PASS">
          <reporter-output>
            <line>
              <![CDATA[<b></b> <br />]]>
            </line>
            <line>
              <![CDATA[<b>Started Verifying Table values</b> <br />]]>
            </line>
            <line>
              <![CDATA[<b></b> <br />]]>
            </line>
            <line>
              <![CDATA[<b>RQI40503 = RQI40503</b> <br />]]>
            </line>
            <line>
              <![CDATA[<b>Quote no. compared and found ok</b> <br />]]>
            </line>
            <line>
              <![CDATA[<b></b> <br />]]>
            </line>
            <line>
              <![CDATA[<b>AUDI A7 DIESEL SPORTBACK (2018 - Current) 40 TDI Quattro S Line 5dr S Tronic = AUDI A7 DIESEL SPORTBACK (2018 - Current) 40 TDI Quattro S Line 5dr S Tronic</b> <br />]]>
            </line>
            <line>
              <![CDATA[<b>Vehicle name compared and found ok</b> <br />]]>
            </line>
            <line>
              <![CDATA[<b></b> <br />]]>
            </line>
            <line>
              <![CDATA[<b>Hire Purchase Non-Regulated = Hire Purchase Non-Regulated</b> <br />]]>
            </line>
            <line>
              <![CDATA[<b>Contract type compared and found ok</b> <br />]]>
            </line>
            <line>
              <![CDATA[<b></b> <br />]]>
            </line>
            <line>
              <![CDATA[<b>2000.0 = 2000.0</b> <br />]]>
            </line>
            <line>
              <![CDATA[<b>Monthly finance rental compared and found ok</b> <br />]]>
            </line>
            <line>
              <![CDATA[<b></b> <br />]]>
            </line>
            <line>
              <![CDATA[<b>5000.0 = 5000.0</b> <br />]]>
            </line>
            <line>
              <![CDATA[<b>Mileage compared and found ok</b> <br />]]>
            </line>
            <line>
              <![CDATA[<b></b> <br />]]>
            </line>
            <line>
              <![CDATA[<b>12.0 = 12.0</b> <br />]]>
            </line>
            <line>
              <![CDATA[<b>Terms compared and found ok</b> <br />]]>
            </line>
            <line>
              <![CDATA[<b></b> <br />]]>
            </line>
            <line>
              <![CDATA[<b>05/12/2023 != 04/12/2023</b> <br />]]>
            </line>
            <line>
              <![CDATA[<b>Expiry date compared but found not ok</b> <br />]]>
            </line>
            <line>
              <![CDATA[<b></b> <br />]]>
            </line>
            <line>
              <![CDATA[<b>Table values verified Successfully</b> <br />]]>
            </line>
          </reporter-output>
        </test-method> <!-- L3_verify_table_values_on_opportunity_page_before_sending_proposal -->
        <test-method signature="L4_verify_current_status_on_opportunity_page_before_sending_to_proposal_for_broker_business_flow()[pri:4, instance:com.amt.test.LOU.LOU_Lead_broker_business_purchase_accept_flow_Test@55a147cc]" started-at="2023-06-21T19:42:18 IST" name="L4_verify_current_status_on_opportunity_page_before_sending_to_proposal_for_broker_business_flow" finished-at="2023-06-21T19:42:18 IST" depends-on-methods="com.amt.test.LOU.LOU_Lead_broker_business_purchase_accept_flow_Test.L3_verify_table_values_on_opportunity_page_before_sending_proposal" duration-ms="100" status="PASS">
          <reporter-output>
            <line>
              <![CDATA[<b>Current Status of Opportunity Status value is = Open</b> <br />]]>
            </line>
            <line>
              <![CDATA[<b>Current Status of Proposal value is = Proposal Required</b> <br />]]>
            </line>
            <line>
              <![CDATA[<b>Current Status of Channel value is =  Draft</b> <br />]]>
            </line>
            <line>
              <![CDATA[<b>Current Status of  Quote ref is = Draft</b> <br />]]>
            </line>
            <line>
              <![CDATA[<b>Status Verified : Before sending the proposal</b> <br />]]>
            </line>
          </reporter-output>
        </test-method> <!-- L4_verify_current_status_on_opportunity_page_before_sending_to_proposal_for_broker_business_flow -->
        <test-method signature="L5_adding_proposal_on_opportunity_page_broker_business_flow()[pri:5, instance:com.amt.test.LOU.LOU_Lead_broker_business_purchase_accept_flow_Test@55a147cc]" started-at="2023-06-21T19:42:18 IST" name="L5_adding_proposal_on_opportunity_page_broker_business_flow" finished-at="2023-06-21T19:43:00 IST" depends-on-methods="com.amt.test.LOU.LOU_Lead_broker_business_purchase_accept_flow_Test.L4_verify_current_status_on_opportunity_page_before_sending_to_proposal_for_broker_business_flow" duration-ms="42356" status="PASS">
          <reporter-output>
            <line>
              <![CDATA[<b>click on Proposal icon</b> <br />]]>
            </line>
            <line>
              <![CDATA[<b>Proposal page will display </b> <br />]]>
            </line>
            <line>
              <![CDATA[<b>Send proposal to customer pop up  will open</b> <br />]]>
            </line>
            <line>
              <![CDATA[<b>Click on Manual fill radio button - Yes</b> <br />]]>
            </line>
            <line>
              <![CDATA[<b>Click on manually submit behalf of customer link</b> <br />]]>
            </line>
            <line>
              <![CDATA[<b></b> <br />]]>
            </line>
            <line>
              <![CDATA[<b>Proposal Received Successfully</b> <br />]]>
            </line>
          </reporter-output>
        </test-method> <!-- L5_adding_proposal_on_opportunity_page_broker_business_flow -->
        <test-method signature="L6_verify_current_status_on_opportunity_page_after_sending_to_proposal_for_broker_business_flow()[pri:6, instance:com.amt.test.LOU.LOU_Lead_broker_business_purchase_accept_flow_Test@55a147cc]" started-at="2023-06-21T19:43:00 IST" name="L6_verify_current_status_on_opportunity_page_after_sending_to_proposal_for_broker_business_flow" finished-at="2023-06-21T19:43:00 IST" depends-on-methods="com.amt.test.LOU.LOU_Lead_broker_business_purchase_accept_flow_Test.L5_adding_proposal_on_opportunity_page_broker_business_flow" duration-ms="174" status="PASS">
          <reporter-output>
            <line>
              <![CDATA[<b>Current Status of Opportunity Status value is = Open</b> <br />]]>
            </line>
            <line>
              <![CDATA[<b>Current Status of Proposal value is = Proposal Received</b> <br />]]>
            </line>
            <line>
              <![CDATA[<b>Current Status of Channel value is =  Draft</b> <br />]]>
            </line>
            <line>
              <![CDATA[<b>Current Status of  Quote ref is = Draft</b> <br />]]>
            </line>
            <line>
              <![CDATA[<b>Status Verified : After sending the proposal</b> <br />]]>
            </line>
          </reporter-output>
        </test-method> <!-- L6_verify_current_status_on_opportunity_page_after_sending_to_proposal_for_broker_business_flow -->
        <test-method signature="L7_broker_create_opportunity_business_sending_to_contract()[pri:7, instance:com.amt.test.LOU.LOU_Lead_broker_business_purchase_accept_flow_Test@55a147cc]" started-at="2023-06-21T19:43:00 IST" name="L7_broker_create_opportunity_business_sending_to_contract" finished-at="2023-06-21T19:44:42 IST" depends-on-methods="com.amt.test.LOU.LOU_Lead_broker_business_purchase_accept_flow_Test.L6_verify_current_status_on_opportunity_page_after_sending_to_proposal_for_broker_business_flow" duration-ms="101904" status="PASS">
          <reporter-output>
            <line>
              <![CDATA[<b>click on Send_Contract icon</b> <br />]]>
            </line>
          </reporter-output>
        </test-method> <!-- L7_broker_create_opportunity_business_sending_to_contract -->
        <test-method signature="L8_verify_current_status_on_opportunity_page_after_sending_contract_for_broker_business_flow()[pri:8, instance:com.amt.test.LOU.LOU_Lead_broker_business_purchase_accept_flow_Test@55a147cc]" started-at="2023-06-21T19:44:42 IST" name="L8_verify_current_status_on_opportunity_page_after_sending_contract_for_broker_business_flow" finished-at="2023-06-21T19:44:43 IST" depends-on-methods="com.amt.test.LOU.LOU_Lead_broker_business_purchase_accept_flow_Test.L7_broker_create_opportunity_business_sending_to_contract" duration-ms="1213" status="PASS">
          <reporter-output>
            <line>
              <![CDATA[<b>Current Status of Proposal value is = Proposal Received</b> <br />]]>
            </line>
            <line>
              <![CDATA[<b>Current Status of Channel value is =  Sent to customer</b> <br />]]>
            </line>
            <line>
              <![CDATA[<b>Current Status of  Quote ref is = Sent to customer</b> <br />]]>
            </line>
            <line>
              <![CDATA[<b>Status Verified : Status Verified : Sent to customer</b> <br />]]>
            </line>
          </reporter-output>
        </test-method> <!-- L8_verify_current_status_on_opportunity_page_after_sending_contract_for_broker_business_flow -->
        <test-method signature="L9_verify_signed_contract_status_with_api_call()[pri:9, instance:com.amt.test.LOU.LOU_Lead_broker_business_purchase_accept_flow_Test@55a147cc]" started-at="2023-06-21T19:44:43 IST" name="L9_verify_signed_contract_status_with_api_call" finished-at="2023-06-21T19:45:04 IST" depends-on-methods="com.amt.test.LOU.LOU_Lead_broker_business_purchase_accept_flow_Test.L8_verify_current_status_on_opportunity_page_after_sending_contract_for_broker_business_flow" duration-ms="20991" status="PASS">
          <reporter-output>
            <line>
              <![CDATA[<b>Status code 200 received </b> <br />]]>
            </line>
            <line>
              <![CDATA[<b>Enter the Opportunity id in Search Text box</b> <br />]]>
            </line>
          </reporter-output>
        </test-method> <!-- L9_verify_signed_contract_status_with_api_call -->
        <test-method signature="L10_verify_status_after_contract_signed()[pri:10, instance:com.amt.test.LOU.LOU_Lead_broker_business_purchase_accept_flow_Test@55a147cc]" started-at="2023-06-21T19:45:04 IST" name="L10_verify_status_after_contract_signed" finished-at="2023-06-21T19:45:08 IST" depends-on-methods="com.amt.test.LOU.LOU_Lead_broker_business_purchase_accept_flow_Test.L9_verify_signed_contract_status_with_api_call" duration-ms="4143" status="PASS">
          <reporter-output>
            <line>
              <![CDATA[<b>Current Status of Proposal value is = Proposal Received</b> <br />]]>
            </line>
            <line>
              <![CDATA[<b>Current Status of Channel value is =  Contract signed</b> <br />]]>
            </line>
            <line>
              <![CDATA[<b>Current Status of  Quote ref is = Contract signed</b> <br />]]>
            </line>
            <line>
              <![CDATA[<b>Status Verified : Contract Signed </b> <br />]]>
            </line>
          </reporter-output>
        </test-method> <!-- L10_verify_status_after_contract_signed -->
        <test-method signature="UW1_verify_underwriting_flow_ownbook_with_status()[pri:11, instance:com.amt.test.LOU.LOU_Lead_broker_business_purchase_accept_flow_Test@55a147cc]" started-at="2023-06-21T19:45:08 IST" name="UW1_verify_underwriting_flow_ownbook_with_status" finished-at="2023-06-21T19:45:44 IST" depends-on-methods="com.amt.test.LOU.LOU_Lead_broker_business_purchase_accept_flow_Test.L10_verify_status_after_contract_signed" duration-ms="36003" status="PASS">
          <reporter-output>
            <line>
              <![CDATA[<b> Underwriting icon is available </b> <br />]]>
            </line>
            <line>
              <![CDATA[<b>Underwriting pop up - quote ref no  =>Quote reference no.:
RQI40503</b> <br />]]>
            </line>
            <line>
              <![CDATA[<b>Underwriting Popup Proposal Id is =JSA4943</b> <br />]]>
            </line>
            <line>
              <![CDATA[<b></b> <br />]]>
            </line>
            <line>
              <![CDATA[<b>Started Verifying Summary values</b> <br />]]>
            </line>
            <line>
              <![CDATA[<b></b> <br />]]>
            </line>
            <line>
              <![CDATA[<b>Quote reference no.:
RQI40503 != RQI40503</b> <br />]]>
            </line>
            <line>
              <![CDATA[<b>Quote no. compared but found not ok</b> <br />]]>
            </line>
            <line>
              <![CDATA[<b></b> <br />]]>
            </line>
            <line>
              <![CDATA[<b>AUDI A7 DIESEL SPORTBACK (2018 - Current) 40 TDI Quattro S Line 5dr S Tronic = AUDI A7 DIESEL SPORTBACK (2018 - Current) 40 TDI Quattro S Line 5dr S Tronic</b> <br />]]>
            </line>
            <line>
              <![CDATA[<b>Vehicle name compared and found ok</b> <br />]]>
            </line>
            <line>
              <![CDATA[<b></b> <br />]]>
            </line>
            <line>
              <![CDATA[<b>Hire Purchase Non-Regulated = Hire Purchase Non-Regulated</b> <br />]]>
            </line>
            <line>
              <![CDATA[<b>Contract type compared and found ok</b> <br />]]>
            </line>
            <line>
              <![CDATA[<b></b> <br />]]>
            </line>
            <line>
              <![CDATA[<b>2000.0 = 2000.0</b> <br />]]>
            </line>
            <line>
              <![CDATA[<b>Monthly finance rental compared and found ok</b> <br />]]>
            </line>
            <line>
              <![CDATA[<b></b> <br />]]>
            </line>
            <line>
              <![CDATA[<b>5000.0 = 5000.0</b> <br />]]>
            </line>
            <line>
              <![CDATA[<b>Mileage compared and found ok</b> <br />]]>
            </line>
            <line>
              <![CDATA[<b></b> <br />]]>
            </line>
            <line>
              <![CDATA[<b>12.0 = 12.0</b> <br />]]>
            </line>
            <line>
              <![CDATA[<b>Terms compared and found ok</b> <br />]]>
            </line>
            <line>
              <![CDATA[<b></b> <br />]]>
            </line>
            <line>
              <![CDATA[<b>Popular Fiat = Popular Fiat</b> <br />]]>
            </line>
            <line>
              <![CDATA[<b>Funder name compared and found ok</b> <br />]]>
            </line>
            <line>
              <![CDATA[<b></b> <br />]]>
            </line>
            <line>
              <![CDATA[<b>REF001 = REF001</b> <br />]]>
            </line>
            <line>
              <![CDATA[<b>Funder quote ref no. compared and found ok</b> <br />]]>
            </line>
            <line>
              <![CDATA[<b></b> <br />]]>
            </line>
            <line>
              <![CDATA[<b>04/12/2023 = 04/12/2023</b> <br />]]>
            </line>
            <line>
              <![CDATA[<b>Expiry Date compared and found ok</b> <br />]]>
            </line>
            <line>
              <![CDATA[<b></b> <br />]]>
            </line>
            <line>
              <![CDATA[<b>5000.0 = 5000.0</b> <br />]]>
            </line>
            <line>
              <![CDATA[<b>Contract mileage compared and found ok</b> <br />]]>
            </line>
            <line>
              <![CDATA[<b></b> <br />]]>
            </line>
            <line>
              <![CDATA[<b>56125.0 = 56125.0</b> <br />]]>
            </line>
            <line>
              <![CDATA[<b>Total Cash Price compared and found ok</b> <br />]]>
            </line>
            <line>
              <![CDATA[<b></b> <br />]]>
            </line>
            <line>
              <![CDATA[<b>900.0 = 900.0</b> <br />]]>
            </line>
            <line>
              <![CDATA[<b>Cash Deposit compared and found ok</b> <br />]]>
            </line>
            <line>
              <![CDATA[<b></b> <br />]]>
            </line>
            <line>
              <![CDATA[<b>56265.0 != 57165.0</b> <br />]]>
            </line>
            <line>
              <![CDATA[<b>Balance To Finance compared but found not ok</b> <br />]]>
            </line>
            <line>
              <![CDATA[<b></b> <br />]]>
            </line>
            <line>
              <![CDATA[<b>20.0 = 20.0</b> <br />]]>
            </line>
            <line>
              <![CDATA[<b>Finance Charges compared and found ok</b> <br />]]>
            </line>
            <line>
              <![CDATA[<b></b> <br />]]>
            </line>
            <line>
              <![CDATA[<b>56984.99 = 56984.99</b> <br />]]>
            </line>
            <line>
              <![CDATA[<b>Balance Payable compared and found ok</b> <br />]]>
            </line>
            <line>
              <![CDATA[<b></b> <br />]]>
            </line>
            <line>
              <![CDATA[<b>1139.99 = 1139.99</b> <br />]]>
            </line>
            <line>
              <![CDATA[<b>Initial Cash Payment Inc Document Fee compared and found ok</b> <br />]]>
            </line>
            <line>
              <![CDATA[<b></b> <br />]]>
            </line>
            <line>
              <![CDATA[<b>11.0 = 11.0</b> <br />]]>
            </line>
            <line>
              <![CDATA[<b>No. of Monthly Payments compared and found ok</b> <br />]]>
            </line>
            <line>
              <![CDATA[<b></b> <br />]]>
            </line>
            <line>
              <![CDATA[<b>1000.0 = 1000.0</b> <br />]]>
            </line>
            <line>
              <![CDATA[<b>Final Balloon Payment compared and found ok</b> <br />]]>
            </line>
            <line>
              <![CDATA[<b></b> <br />]]>
            </line>
            <line>
              <![CDATA[<b>100.0 = 100.0</b> <br />]]>
            </line>
            <line>
              <![CDATA[<b>Option To Purchase Fee compared and found ok</b> <br />]]>
            </line>
            <line>
              <![CDATA[<b></b> <br />]]>
            </line>
            <line>
              <![CDATA[<b>Yes = Yes</b> <br />]]>
            </line>
            <line>
              <![CDATA[<b>RFL included ? - compared and found ok</b> <br />]]>
            </line>
            <line>
              <![CDATA[<b></b> <br />]]>
            </line>
            <line>
              <![CDATA[<b>1.00 != 1.0</b> <br />]]>
            </line>
            <line>
              <![CDATA[<b>APR compared but found not ok</b> <br />]]>
            </line>
            <line>
              <![CDATA[<b></b> <br />]]>
            </line>
            <line>
              <![CDATA[<b>5.0 = 5.0</b> <br />]]>
            </line>
            <line>
              <![CDATA[<b>commission compared and found ok</b> <br />]]>
            </line>
            <line>
              <![CDATA[<b>click on underwriting_send_for_underwriting  button </b> <br />]]>
            </line>
          </reporter-output>
        </test-method> <!-- UW1_verify_underwriting_flow_ownbook_with_status -->
        <test-method signature="UW2_verify_status_after_sending_to_underwriting()[pri:12, instance:com.amt.test.LOU.LOU_Lead_broker_business_purchase_accept_flow_Test@55a147cc]" started-at="2023-06-21T19:45:44 IST" name="UW2_verify_status_after_sending_to_underwriting" finished-at="2023-06-21T19:45:46 IST" depends-on-methods="com.amt.test.LOU.LOU_Lead_broker_business_purchase_accept_flow_Test.UW1_verify_underwriting_flow_ownbook_with_status" duration-ms="1147" status="PASS">
          <reporter-output>
            <line>
              <![CDATA[<b>Current Status of Proposal value is = Proposal Received</b> <br />]]>
            </line>
            <line>
              <![CDATA[<b>Current Status of Channel value is =  Awaiting underwriting</b> <br />]]>
            </line>
            <line>
              <![CDATA[<b>Current Status of  Quote ref is = Awaiting underwriting</b> <br />]]>
            </line>
            <line>
              <![CDATA[<b>Status Verified : Awaiting Underwriting </b> <br />]]>
            </line>
          </reporter-output>
        </test-method> <!-- UW2_verify_status_after_sending_to_underwriting -->
        <test-method signature="UW3_verify_underwriting_lisitig_page()[pri:13, instance:com.amt.test.LOU.LOU_Lead_broker_business_purchase_accept_flow_Test@55a147cc]" started-at="2023-06-21T19:45:46 IST" name="UW3_verify_underwriting_lisitig_page" finished-at="2023-06-21T19:45:56 IST" depends-on-methods="com.amt.test.LOU.LOU_Lead_broker_business_purchase_accept_flow_Test.UW2_verify_status_after_sending_to_underwriting" duration-ms="10077" status="PASS">
          <reporter-output>
            <line>
              <![CDATA[<b>Click on Underwriting menu_link </b> <br />]]>
            </line>
            <line>
              <![CDATA[<b>Click on Underwriting - broker tab </b> <br />]]>
            </line>
            <line>
              <![CDATA[<b>Click on Search text box - broker tab</b> <br />]]>
            </line>
            <line>
              <![CDATA[<b>Getting the  proposal id from excel sheet =JSA4943</b> <br />]]>
            </line>
            <line>
              <![CDATA[<b>Enter the proposal in search text box =JSA4943</b> <br />]]>
            </line>
          </reporter-output>
        </test-method> <!-- UW3_verify_underwriting_lisitig_page -->
        <test-method signature="UW4_verify_underwriting_proposal_page_flow()[pri:14, instance:com.amt.test.LOU.LOU_Lead_broker_business_purchase_accept_flow_Test@55a147cc]" started-at="2023-06-21T19:45:56 IST" name="UW4_verify_underwriting_proposal_page_flow" finished-at="2023-06-21T19:46:47 IST" depends-on-methods="com.amt.test.LOU.LOU_Lead_broker_business_purchase_accept_flow_Test.UW3_verify_underwriting_lisitig_page" duration-ms="51246" status="PASS">
          <reporter-output>
            <line>
              <![CDATA[<b>Click on Underwriting detail page for proposal</b> <br />]]>
            </line>
            <line>
              <![CDATA[<b>Clicked on Underwriting quote page</b> <br />]]>
            </line>
            <line>
              <![CDATA[<b></b> <br />]]>
            </line>
            <line>
              <![CDATA[<b>Quote reference no.:
RQI40503 != RQI40503</b> <br />]]>
            </line>
            <line>
              <![CDATA[<b>Quote no. compared but found not ok</b> <br />]]>
            </line>
            <line>
              <![CDATA[<b></b> <br />]]>
            </line>
            <line>
              <![CDATA[<b>AUDI A7 DIESEL SPORTBACK (2018 - Current) 40 TDI Quattro S Line 5dr S Tronic = AUDI A7 DIESEL SPORTBACK (2018 - Current) 40 TDI Quattro S Line 5dr S Tronic</b> <br />]]>
            </line>
            <line>
              <![CDATA[<b>Vehicle name compared and found ok</b> <br />]]>
            </line>
            <line>
              <![CDATA[<b></b> <br />]]>
            </line>
            <line>
              <![CDATA[<b>Hire Purchase Non-Regulated = Hire Purchase Non-Regulated</b> <br />]]>
            </line>
            <line>
              <![CDATA[<b>Contract type compared and found ok</b> <br />]]>
            </line>
            <line>
              <![CDATA[<b></b> <br />]]>
            </line>
            <line>
              <![CDATA[<b>2000.0 = 2000.0</b> <br />]]>
            </line>
            <line>
              <![CDATA[<b>Monthly finance rental compared and found ok</b> <br />]]>
            </line>
            <line>
              <![CDATA[<b></b> <br />]]>
            </line>
            <line>
              <![CDATA[<b>5000.0 = 5000.0</b> <br />]]>
            </line>
            <line>
              <![CDATA[<b>Mileage compared and found ok</b> <br />]]>
            </line>
            <line>
              <![CDATA[<b></b> <br />]]>
            </line>
            <line>
              <![CDATA[<b>12.0 = 12.0</b> <br />]]>
            </line>
            <line>
              <![CDATA[<b>Terms compared and found ok</b> <br />]]>
            </line>
            <line>
              <![CDATA[<b></b> <br />]]>
            </line>
            <line>
              <![CDATA[<b>Popular Fiat = Popular Fiat</b> <br />]]>
            </line>
            <line>
              <![CDATA[<b>Funder name compared and found ok</b> <br />]]>
            </line>
            <line>
              <![CDATA[<b></b> <br />]]>
            </line>
            <line>
              <![CDATA[<b>REF001 = REF001</b> <br />]]>
            </line>
            <line>
              <![CDATA[<b>Funder quote ref no. compared and found ok</b> <br />]]>
            </line>
            <line>
              <![CDATA[<b></b> <br />]]>
            </line>
            <line>
              <![CDATA[<b>04/12/2023 = 04/12/2023</b> <br />]]>
            </line>
            <line>
              <![CDATA[<b>Expiry Date compared and found ok</b> <br />]]>
            </line>
            <line>
              <![CDATA[<b></b> <br />]]>
            </line>
            <line>
              <![CDATA[<b>5000.0 = 5000.0</b> <br />]]>
            </line>
            <line>
              <![CDATA[<b>Contract mileage compared and found ok</b> <br />]]>
            </line>
            <line>
              <![CDATA[<b></b> <br />]]>
            </line>
            <line>
              <![CDATA[<b>56125.0 = 56125.0</b> <br />]]>
            </line>
            <line>
              <![CDATA[<b>Total Cash Price compared and found ok</b> <br />]]>
            </line>
            <line>
              <![CDATA[<b></b> <br />]]>
            </line>
            <line>
              <![CDATA[<b>900.0 = 900.0</b> <br />]]>
            </line>
            <line>
              <![CDATA[<b>Cash Deposit compared and found ok</b> <br />]]>
            </line>
            <line>
              <![CDATA[<b></b> <br />]]>
            </line>
            <line>
              <![CDATA[<b>56265.0 != 57165.0</b> <br />]]>
            </line>
            <line>
              <![CDATA[<b>Balance To Finance compared but found not ok</b> <br />]]>
            </line>
            <line>
              <![CDATA[<b></b> <br />]]>
            </line>
            <line>
              <![CDATA[<b>20.0 = 20.0</b> <br />]]>
            </line>
            <line>
              <![CDATA[<b>Finance Charges compared and found ok</b> <br />]]>
            </line>
            <line>
              <![CDATA[<b></b> <br />]]>
            </line>
            <line>
              <![CDATA[<b>56984.99 = 56984.99</b> <br />]]>
            </line>
            <line>
              <![CDATA[<b>Balance Payable compared and found ok</b> <br />]]>
            </line>
            <line>
              <![CDATA[<b></b> <br />]]>
            </line>
            <line>
              <![CDATA[<b>1139.99 = 1139.99</b> <br />]]>
            </line>
            <line>
              <![CDATA[<b>Initial Cash Payment Inc Document Fee compared and found ok</b> <br />]]>
            </line>
            <line>
              <![CDATA[<b></b> <br />]]>
            </line>
            <line>
              <![CDATA[<b>11.0 = 11.0</b> <br />]]>
            </line>
            <line>
              <![CDATA[<b>No. of Monthly Payments compared and found ok</b> <br />]]>
            </line>
            <line>
              <![CDATA[<b></b> <br />]]>
            </line>
            <line>
              <![CDATA[<b>1000.0 = 1000.0</b> <br />]]>
            </line>
            <line>
              <![CDATA[<b>Final Balloon Payment compared and found ok</b> <br />]]>
            </line>
            <line>
              <![CDATA[<b></b> <br />]]>
            </line>
            <line>
              <![CDATA[<b>100.0 = 100.0</b> <br />]]>
            </line>
            <line>
              <![CDATA[<b>Option To Purchase Fee compared and found ok</b> <br />]]>
            </line>
            <line>
              <![CDATA[<b></b> <br />]]>
            </line>
            <line>
              <![CDATA[<b>Yes = Yes</b> <br />]]>
            </line>
            <line>
              <![CDATA[<b>RFL included ? - compared and found ok</b> <br />]]>
            </line>
            <line>
              <![CDATA[<b></b> <br />]]>
            </line>
            <line>
              <![CDATA[<b>1.00 != 1.0</b> <br />]]>
            </line>
            <line>
              <![CDATA[<b>APR compared but found not ok</b> <br />]]>
            </line>
            <line>
              <![CDATA[<b></b> <br />]]>
            </line>
            <line>
              <![CDATA[<b>5.0 = 5.0</b> <br />]]>
            </line>
            <line>
              <![CDATA[<b>commission compared and found ok</b> <br />]]>
            </line>
            <line>
              <![CDATA[<b></b> <br />]]>
            </line>
            <line>
              <![CDATA[<b>56125.0 = 56125.0</b> <br />]]>
            </line>
            <line>
              <![CDATA[<b>Cost Otr Price compared and found ok</b> <br />]]>
            </line>
            <line>
              <![CDATA[<b></b> <br />]]>
            </line>
            <line>
              <![CDATA[<b>46237.5 = 46237.5</b> <br />]]>
            </line>
            <line>
              <![CDATA[<b>Cost Otr Price compared and found ok</b> <br />]]>
            </line>
            <line>
              <![CDATA[<b></b> <br />]]>
            </line>
            <line>
              <![CDATA[<b>9247.5 = 9247.5</b> <br />]]>
            </line>
            <line>
              <![CDATA[<b>Otr Vat compared and found ok</b> <br />]]>
            </line>
            <line>
              <![CDATA[<b></b> <br />]]>
            </line>
            <line>
              <![CDATA[<b>640.0 = 640.0</b> <br />]]>
            </line>
            <line>
              <![CDATA[<b>Otr Rfl And Frf compared and found ok</b> <br />]]>
            </line>
            <line>
              <![CDATA[<b>Click on decision tab page</b> <br />]]>
            </line>
          </reporter-output>
        </test-method> <!-- UW4_verify_underwriting_proposal_page_flow -->
        <test-method signature="UW5_verify_underwriting_proposal_decision_with_accept()[pri:15, instance:com.amt.test.LOU.LOU_Lead_broker_business_purchase_accept_flow_Test@55a147cc]" started-at="2023-06-21T19:46:47 IST" name="UW5_verify_underwriting_proposal_decision_with_accept" finished-at="2023-06-21T19:48:34 IST" depends-on-methods="com.amt.test.LOU.LOU_Lead_broker_business_purchase_accept_flow_Test.UW4_verify_underwriting_proposal_page_flow" duration-ms="107172" status="FAIL">
          <exception class="org.openqa.selenium.TimeoutException">
            <message>
              <![CDATA[Expected condition failed: waiting for visibility of Proxy element for: DefaultElementLocator 'By.xpath: (//td[@class='ng-star-inserted'])[9]' (tried for 30 second(s) with 500 milliseconds interval)]]>
            </message>
            <full-stacktrace>
              <![CDATA[org.openqa.selenium.TimeoutException: Expected condition failed: waiting for visibility of Proxy element for: DefaultElementLocator 'By.xpath: (//td[@class='ng-star-inserted'])[9]' (tried for 30 second(s) with 500 milliseconds interval)
at org.openqa.selenium.support.ui.WebDriverWait.timeoutException(WebDriverWait.java:138)
at org.openqa.selenium.support.ui.FluentWait.until(FluentWait.java:231)
at com.amt.testUtil.ExplicitWait.visibleElement(ExplicitWait.java:24)
at com.amt.pages.Underwriting.verify_current_status_of_underwriting_after_sending_to_accept(Underwriting.java:3042)
at com.amt.test.LOU.LOU_Lead_broker_business_purchase_accept_flow_Test.UW5_verify_underwriting_proposal_decision_with_accept(LOU_Lead_broker_business_purchase_accept_flow_Test.java:399)
at java.base/jdk.internal.reflect.DirectMethodHandleAccessor.invoke(DirectMethodHandleAccessor.java:104)
at java.base/java.lang.reflect.Method.invoke(Method.java:578)
at org.testng.internal.MethodInvocationHelper.invokeMethod(MethodInvocationHelper.java:133)
at org.testng.internal.TestInvoker.invokeMethod(TestInvoker.java:598)
at org.testng.internal.TestInvoker.invokeTestMethod(TestInvoker.java:173)
at org.testng.internal.MethodRunner.runInSequence(MethodRunner.java:46)
at org.testng.internal.TestInvoker$MethodInvocationAgent.invoke(TestInvoker.java:824)
at org.testng.internal.TestInvoker.invokeTestMethods(TestInvoker.java:146)
at org.testng.internal.TestMethodWorker.invokeTestMethods(TestMethodWorker.java:146)
at org.testng.internal.TestMethodWorker.run(TestMethodWorker.java:128)
at java.base/java.util.ArrayList.forEach(ArrayList.java:1511)
at org.testng.TestRunner.privateRun(TestRunner.java:794)
at org.testng.TestRunner.run(TestRunner.java:596)
at org.testng.SuiteRunner.runTest(SuiteRunner.java:377)
at org.testng.SuiteRunner.runSequentially(SuiteRunner.java:371)
at org.testng.SuiteRunner.privateRun(SuiteRunner.java:332)
at org.testng.SuiteRunner.run(SuiteRunner.java:276)
at org.testng.SuiteRunnerWorker.runSuite(SuiteRunnerWorker.java:53)
at org.testng.SuiteRunnerWorker.run(SuiteRunnerWorker.java:96)
at org.testng.TestNG.runSuitesSequentially(TestNG.java:1212)
at org.testng.TestNG.runSuitesLocally(TestNG.java:1134)
at org.testng.TestNG.runSuites(TestNG.java:1063)
at org.testng.TestNG.run(TestNG.java:1031)
at org.testng.remote.AbstractRemoteTestNG.run(AbstractRemoteTestNG.java:115)
at org.testng.remote.RemoteTestNG.initAndRun(RemoteTestNG.java:251)
at org.testng.remote.RemoteTestNG.main(RemoteTestNG.java:77)
Caused by: org.openqa.selenium.NoSuchElementException: no such element: Unable to locate element: {"method":"xpath","selector":"(//td[@class='ng-star-inserted'])[9]"}
  (Session info: chrome=114.0.5735.134)
For documentation on this error, please visit: https://selenium.dev/exceptions/#no_such_element
Build info: version: '4.0.0', revision: '3a21814679'
System info: host: 'DSK-4052', ip: '172.16.1.80', os.name: 'Windows 10', os.arch: 'amd64', os.version: '10.0', java.version: '19.0.1'
Driver info: org.openqa.selenium.chrome.ChromeDriver
Command: [a67a4eb61a47e05e4ad7bc13ff92e43a, findElement {using=xpath, value=(//td[@class='ng-star-inserted'])[9]}]
Capabilities {acceptInsecureCerts: false, browserName: chrome, browserVersion: 114.0.5735.134, chrome: {chromedriverVersion: 114.0.5735.90 (386bc09e8f4f..., userDataDir: C:\Users\NITEIN~1.KUR\AppDa...}, goog:chromeOptions: {debuggerAddress: localhost:51255}, javascriptEnabled: true, networkConnectionEnabled: false, pageLoadStrategy: none, platform: WINDOWS, platformName: WINDOWS, proxy: Proxy(), se:cdp: ws://localhost:51255/devtoo..., se:cdpVersion: 114.0.5735.134, setWindowRect: true, strictFileInteractability: false, timeouts: {implicit: 0, pageLoad: 300000, script: 30000}, unhandledPromptBehavior: dismiss and notify, webauthn:extension:credBlob: true, webauthn:extension:largeBlob: true, webauthn:extension:minPinLength: true, webauthn:extension:prf: true, webauthn:virtualAuthenticators: true}
Session ID: a67a4eb61a47e05e4ad7bc13ff92e43a
at java.base/jdk.internal.reflect.DirectConstructorHandleAccessor.newInstance(DirectConstructorHandleAccessor.java:67)
at java.base/java.lang.reflect.Constructor.newInstanceWithCaller(Constructor.java:500)
at java.base/java.lang.reflect.Constructor.newInstance(Constructor.java:484)
at org.openqa.selenium.remote.codec.w3c.W3CHttpResponseCodec.createException(W3CHttpResponseCodec.java:200)
at org.openqa.selenium.remote.codec.w3c.W3CHttpResponseCodec.decode(W3CHttpResponseCodec.java:133)
at org.openqa.selenium.remote.codec.w3c.W3CHttpResponseCodec.decode(W3CHttpResponseCodec.java:53)
at org.openqa.selenium.remote.HttpCommandExecutor.execute(HttpCommandExecutor.java:184)
at org.openqa.selenium.remote.service.DriverCommandExecutor.invokeExecute(DriverCommandExecutor.java:164)
at org.openqa.selenium.remote.service.DriverCommandExecutor.execute(DriverCommandExecutor.java:139)
at org.openqa.selenium.remote.RemoteWebDriver.execute(RemoteWebDriver.java:559)
at org.openqa.selenium.remote.ElementLocation$ElementFinder$2.findElement(ElementLocation.java:162)
at org.openqa.selenium.remote.ElementLocation.findElement(ElementLocation.java:60)
at org.openqa.selenium.remote.RemoteWebDriver.findElement(RemoteWebDriver.java:383)
at org.openqa.selenium.remote.RemoteWebDriver.findElement(RemoteWebDriver.java:375)
at org.openqa.selenium.support.pagefactory.DefaultElementLocator.findElement(DefaultElementLocator.java:70)
at org.openqa.selenium.support.pagefactory.internal.LocatingElementHandler.invoke(LocatingElementHandler.java:39)
at jdk.proxy2/jdk.proxy2.$Proxy17.isDisplayed(Unknown Source)
at org.openqa.selenium.support.ui.ExpectedConditions.elementIfVisible(ExpectedConditions.java:307)
at org.openqa.selenium.support.ui.ExpectedConditions.access$000(ExpectedConditions.java:40)
at org.openqa.selenium.support.ui.ExpectedConditions$10.apply(ExpectedConditions.java:293)
at org.openqa.selenium.support.ui.ExpectedConditions$10.apply(ExpectedConditions.java:290)
at org.openqa.selenium.support.ui.FluentWait.until(FluentWait.java:208)
... 29 more
]]>
            </full-stacktrace>
          </exception> <!-- org.openqa.selenium.TimeoutException -->
          <reporter-output>
            <line>
              <![CDATA[<b>Click on decision Accept button</b> <br />]]>
            </line>
            <line>
              <![CDATA[<b>Click on Search text box - broker tab</b> <br />]]>
            </line>
            <line>
              <![CDATA[<b>Getting the  proposal id from excel sheet =JSA4943</b> <br />]]>
            </line>
            <line>
              <![CDATA[<b>Enter the proposal in search text box =JSA4943</b> <br />]]>
            </line>
            <line>
              <![CDATA[<b>Click on Underwriting detail page for proposal</b> <br />]]>
            </line>
            <line>
              <![CDATA[<b>Click on decision tab page</b> <br />]]>
            </line>
            <line>
              <![CDATA[<br>----------Screenshot---------<br>]]>
            </line>
            <line>
              <![CDATA[<img src="D:\LOU\AMT_LOU\target\surefire-reports\html\failure_screenshots\UW5_verify_underwriting_proposal_decision_with_accept_21_06_2023_07_48_34.png" height="800" width="1000">]]>
            </line>
          </reporter-output>
        </test-method> <!-- UW5_verify_underwriting_proposal_decision_with_accept -->
      </class> <!-- com.amt.test.LOU.LOU_Lead_broker_business_purchase_accept_flow_Test -->
    </test> <!-- Broker - Business - Hire - (Accept-Refer-Decline) -->
  </suite> <!-- AMT Automation Lead Opportunity Underwriting  -->
</testng-results>
