<?xml version="1.0" encoding="UTF-8"?>
<!-- Generated by org.testng.reporters.JUnitReportReporter -->
<testsuite hostname="DSK-4052" failures="0" tests="1" name="com.amt.test.LOU.Lead_broker_business_flow_Test" time="26.498" errors="0" timestamp="2023-06-16T15:13:19 IST" skipped="0">
  <testcase classname="com.amt.test.LOU.Lead_broker_business_flow_Test" name="broker_create_opportunity_business" time="26.498"/>
  <system-out>
    <![CDATA[<b>Clicked on Opportunity link from Menu </b> <br />
<b>Enter the Opportunity id in Search Text box</b> <br />
<b>Quote Ref => KQM44121</b> <br />
<b>Vehicle => AUDI A7 DIESEL SPORTBACK (2018 - Current) 40 TDI Quattro S Line 5dr S Tronic</b> <br />
<b>Contract type => Business Contract Hire</b> <br />
<b>Mothly Payment => £ 2,000.00 ex. VAT</b> <br />
<b>Term/Mileage =>Mileage: 5000
Term: 13</b> <br />
<b>Expiry Date =>05/12/2023, 12:00 AM</b> <br />
<b>Status =>Draft</b> <br />]]>
  </system-out>
</testsuite> <!-- com.amt.test.LOU.Lead_broker_business_flow_Test -->
